{"/home/runner/work/Service-Canada-Labs/Service-Canada-Labs/components/index.js": {"path":"/home/runner/work/Service-Canada-Labs/Service-Canada-Labs/components/index.js","statementMap":{},"fnMap":{},"branchMap":{},"s":{},"f":{},"b":{}}
,"/home/runner/work/Service-Canada-Labs/Service-Canada-Labs/components/atoms/ActionButton.js": {"path":"/home/runner/work/Service-Canada-Labs/Service-Canada-Labs/components/atoms/ActionButton.js","statementMap":{"0":{"start":{"line":11,"column":4},"end":{"line":11,"column":63}},"1":{"start":{"line":13,"column":4},"end":{"line":13,"column":131}},"2":{"start":{"line":15,"column":4},"end":{"line":15,"column":114}},"3":{"start":{"line":17,"column":4},"end":{"line":17,"column":85}},"4":{"start":{"line":19,"column":4},"end":{"line":19,"column":65}},"5":{"start":{"line":22,"column":2},"end":{"line":32,"column":5}},"6":{"start":{"line":23,"column":15},"end":{"line":23,"column":48}},"7":{"start":{"line":24,"column":4},"end":{"line":31,"column":5}},"8":{"start":{"line":25,"column":6},"end":{"line":30,"column":9}},"9":{"start":{"line":26,"column":8},"end":{"line":29,"column":9}},"10":{"start":{"line":27,"column":10},"end":{"line":27,"column":33}},"11":{"start":{"line":28,"column":10},"end":{"line":28,"column":23}},"12":{"start":{"line":34,"column":2},"end":{"line":114,"column":4}},"13":{"start":{"line":117,"column":0},"end":{"line":233,"column":2}}},"fnMap":{"0":{"name":"ActionButton","decl":{"start":{"line":8,"column":16},"end":{"line":8,"column":28}},"loc":{"start":{"line":8,"column":36},"end":{"line":115,"column":1}},"line":8},"1":{"name":"(anonymous_1)","decl":{"start":{"line":22,"column":12},"end":{"line":22,"column":13}},"loc":{"start":{"line":22,"column":18},"end":{"line":32,"column":3}},"line":22},"2":{"name":"(anonymous_2)","decl":{"start":{"line":25,"column":39},"end":{"line":25,"column":40}},"loc":{"start":{"line":25,"column":50},"end":{"line":30,"column":7}},"line":25}},"branchMap":{"0":{"loc":{"start":{"line":24,"column":4},"end":{"line":31,"column":5}},"type":"if","locations":[{"start":{"line":24,"column":4},"end":{"line":31,"column":5}},{"start":{},"end":{}}],"line":24},"1":{"loc":{"start":{"line":26,"column":8},"end":{"line":29,"column":9}},"type":"if","locations":[{"start":{"line":26,"column":8},"end":{"line":29,"column":9}},{"start":{},"end":{}}],"line":26},"2":{"loc":{"start":{"line":26,"column":12},"end":{"line":26,"column":57}},"type":"binary-expr","locations":[{"start":{"line":26,"column":12},"end":{"line":26,"column":36}},{"start":{"line":26,"column":40},"end":{"line":26,"column":57}}],"line":26},"3":{"loc":{"start":{"line":34,"column":9},"end":{"line":114,"column":3}},"type":"cond-expr","locations":[{"start":{"line":35,"column":4},"end":{"line":70,"column":11}},{"start":{"line":72,"column":4},"end":{"line":113,"column":13}}],"line":34},"4":{"loc":{"start":{"line":37,"column":23},"end":{"line":37,"column":68}},"type":"cond-expr","locations":[{"start":{"line":37,"column":41},"end":{"line":37,"column":56}},{"start":{"line":37,"column":59},"end":{"line":37,"column":68}}],"line":37},"5":{"loc":{"start":{"line":40,"column":10},"end":{"line":45,"column":29}},"type":"cond-expr","locations":[{"start":{"line":44,"column":14},"end":{"line":44,"column":26}},{"start":{"line":45,"column":14},"end":{"line":45,"column":29}}],"line":40},"6":{"loc":{"start":{"line":40,"column":10},"end":{"line":43,"column":23}},"type":"binary-expr","locations":[{"start":{"line":40,"column":10},"end":{"line":40,"column":26}},{"start":{"line":41,"column":10},"end":{"line":41,"column":25}},{"start":{"line":42,"column":10},"end":{"line":42,"column":25}},{"start":{"line":43,"column":10},"end":{"line":43,"column":23}}],"line":40},"7":{"loc":{"start":{"line":47,"column":10},"end":{"line":47,"column":79}},"type":"cond-expr","locations":[{"start":{"line":47,"column":47},"end":{"line":47,"column":61}},{"start":{"line":47,"column":64},"end":{"line":47,"column":79}}],"line":47},"8":{"loc":{"start":{"line":47,"column":10},"end":{"line":47,"column":44}},"type":"binary-expr","locations":[{"start":{"line":47,"column":10},"end":{"line":47,"column":25}},{"start":{"line":47,"column":29},"end":{"line":47,"column":44}}],"line":47},"9":{"loc":{"start":{"line":48,"column":10},"end":{"line":48,"column":77}},"type":"cond-expr","locations":[{"start":{"line":48,"column":46},"end":{"line":48,"column":59}},{"start":{"line":48,"column":62},"end":{"line":48,"column":77}}],"line":48},"10":{"loc":{"start":{"line":48,"column":10},"end":{"line":48,"column":43}},"type":"binary-expr","locations":[{"start":{"line":48,"column":10},"end":{"line":48,"column":24}},{"start":{"line":48,"column":28},"end":{"line":48,"column":43}}],"line":48},"11":{"loc":{"start":{"line":49,"column":10},"end":{"line":49,"column":61}},"type":"cond-expr","locations":[{"start":{"line":49,"column":44},"end":{"line":49,"column":56}},{"start":{"line":49,"column":59},"end":{"line":49,"column":61}}],"line":49},"12":{"loc":{"start":{"line":49,"column":10},"end":{"line":49,"column":41}},"type":"binary-expr","locations":[{"start":{"line":49,"column":10},"end":{"line":49,"column":22}},{"start":{"line":49,"column":26},"end":{"line":49,"column":41}}],"line":49},"13":{"loc":{"start":{"line":50,"column":10},"end":{"line":50,"column":58}},"type":"cond-expr","locations":[{"start":{"line":50,"column":27},"end":{"line":50,"column":40}},{"start":{"line":50,"column":43},"end":{"line":50,"column":58}}],"line":50},"14":{"loc":{"start":{"line":54,"column":17},"end":{"line":54,"column":41}},"type":"binary-expr","locations":[{"start":{"line":54,"column":17},"end":{"line":54,"column":29}},{"start":{"line":54,"column":33},"end":{"line":54,"column":41}}],"line":54},"15":{"loc":{"start":{"line":61,"column":9},"end":{"line":63,"column":21}},"type":"cond-expr","locations":[{"start":{"line":62,"column":10},"end":{"line":62,"column":72}},{"start":{"line":63,"column":12},"end":{"line":63,"column":21}}],"line":61},"16":{"loc":{"start":{"line":61,"column":9},"end":{"line":61,"column":37}},"type":"binary-expr","locations":[{"start":{"line":61,"column":9},"end":{"line":61,"column":19}},{"start":{"line":61,"column":23},"end":{"line":61,"column":37}}],"line":61},"17":{"loc":{"start":{"line":66,"column":9},"end":{"line":68,"column":21}},"type":"cond-expr","locations":[{"start":{"line":67,"column":10},"end":{"line":67,"column":72}},{"start":{"line":68,"column":12},"end":{"line":68,"column":21}}],"line":66},"18":{"loc":{"start":{"line":66,"column":9},"end":{"line":66,"column":36}},"type":"binary-expr","locations":[{"start":{"line":66,"column":9},"end":{"line":66,"column":19}},{"start":{"line":66,"column":23},"end":{"line":66,"column":36}}],"line":66},"19":{"loc":{"start":{"line":73,"column":24},"end":{"line":73,"column":75}},"type":"cond-expr","locations":[{"start":{"line":73,"column":45},"end":{"line":73,"column":63}},{"start":{"line":73,"column":66},"end":{"line":73,"column":75}}],"line":73},"20":{"loc":{"start":{"line":74,"column":21},"end":{"line":74,"column":66}},"type":"cond-expr","locations":[{"start":{"line":74,"column":39},"end":{"line":74,"column":54}},{"start":{"line":74,"column":57},"end":{"line":74,"column":66}}],"line":74},"21":{"loc":{"start":{"line":77,"column":8},"end":{"line":79,"column":27}},"type":"cond-expr","locations":[{"start":{"line":78,"column":12},"end":{"line":78,"column":24}},{"start":{"line":79,"column":12},"end":{"line":79,"column":27}}],"line":77},"22":{"loc":{"start":{"line":77,"column":8},"end":{"line":77,"column":79}},"type":"binary-expr","locations":[{"start":{"line":77,"column":8},"end":{"line":77,"column":24}},{"start":{"line":77,"column":28},"end":{"line":77,"column":43}},{"start":{"line":77,"column":47},"end":{"line":77,"column":62}},{"start":{"line":77,"column":66},"end":{"line":77,"column":79}}],"line":77},"23":{"loc":{"start":{"line":81,"column":8},"end":{"line":81,"column":77}},"type":"cond-expr","locations":[{"start":{"line":81,"column":45},"end":{"line":81,"column":59}},{"start":{"line":81,"column":62},"end":{"line":81,"column":77}}],"line":81},"24":{"loc":{"start":{"line":81,"column":8},"end":{"line":81,"column":42}},"type":"binary-expr","locations":[{"start":{"line":81,"column":8},"end":{"line":81,"column":23}},{"start":{"line":81,"column":27},"end":{"line":81,"column":42}}],"line":81},"25":{"loc":{"start":{"line":82,"column":8},"end":{"line":82,"column":75}},"type":"cond-expr","locations":[{"start":{"line":82,"column":44},"end":{"line":82,"column":57}},{"start":{"line":82,"column":60},"end":{"line":82,"column":75}}],"line":82},"26":{"loc":{"start":{"line":82,"column":8},"end":{"line":82,"column":41}},"type":"binary-expr","locations":[{"start":{"line":82,"column":8},"end":{"line":82,"column":22}},{"start":{"line":82,"column":26},"end":{"line":82,"column":41}}],"line":82},"27":{"loc":{"start":{"line":83,"column":8},"end":{"line":83,"column":59}},"type":"cond-expr","locations":[{"start":{"line":83,"column":42},"end":{"line":83,"column":54}},{"start":{"line":83,"column":57},"end":{"line":83,"column":59}}],"line":83},"28":{"loc":{"start":{"line":83,"column":8},"end":{"line":83,"column":39}},"type":"binary-expr","locations":[{"start":{"line":83,"column":8},"end":{"line":83,"column":20}},{"start":{"line":83,"column":24},"end":{"line":83,"column":39}}],"line":83},"29":{"loc":{"start":{"line":84,"column":8},"end":{"line":84,"column":56}},"type":"cond-expr","locations":[{"start":{"line":84,"column":25},"end":{"line":84,"column":38}},{"start":{"line":84,"column":41},"end":{"line":84,"column":56}}],"line":84},"30":{"loc":{"start":{"line":89,"column":15},"end":{"line":89,"column":39}},"type":"binary-expr","locations":[{"start":{"line":89,"column":15},"end":{"line":89,"column":27}},{"start":{"line":89,"column":31},"end":{"line":89,"column":39}}],"line":89},"31":{"loc":{"start":{"line":92,"column":32},"end":{"line":92,"column":78}},"type":"cond-expr","locations":[{"start":{"line":92,"column":58},"end":{"line":92,"column":66}},{"start":{"line":92,"column":69},"end":{"line":92,"column":78}}],"line":92},"32":{"loc":{"start":{"line":94,"column":7},"end":{"line":96,"column":19}},"type":"cond-expr","locations":[{"start":{"line":95,"column":8},"end":{"line":95,"column":70}},{"start":{"line":96,"column":10},"end":{"line":96,"column":19}}],"line":94},"33":{"loc":{"start":{"line":94,"column":7},"end":{"line":94,"column":35}},"type":"binary-expr","locations":[{"start":{"line":94,"column":7},"end":{"line":94,"column":17}},{"start":{"line":94,"column":21},"end":{"line":94,"column":35}}],"line":94},"34":{"loc":{"start":{"line":97,"column":7},"end":{"line":104,"column":19}},"type":"cond-expr","locations":[{"start":{"line":98,"column":8},"end":{"line":103,"column":11}},{"start":{"line":104,"column":10},"end":{"line":104,"column":19}}],"line":97},"35":{"loc":{"start":{"line":97,"column":7},"end":{"line":97,"column":42}},"type":"binary-expr","locations":[{"start":{"line":97,"column":7},"end":{"line":97,"column":24}},{"start":{"line":97,"column":28},"end":{"line":97,"column":42}}],"line":97},"36":{"loc":{"start":{"line":110,"column":7},"end":{"line":112,"column":19}},"type":"cond-expr","locations":[{"start":{"line":111,"column":8},"end":{"line":111,"column":70}},{"start":{"line":112,"column":10},"end":{"line":112,"column":19}}],"line":110},"37":{"loc":{"start":{"line":110,"column":7},"end":{"line":110,"column":34}},"type":"binary-expr","locations":[{"start":{"line":110,"column":7},"end":{"line":110,"column":17}},{"start":{"line":110,"column":21},"end":{"line":110,"column":34}}],"line":110}},"s":{"0":122,"1":122,"2":122,"3":122,"4":122,"5":122,"6":121,"7":121,"8":121,"9":1,"10":1,"11":1,"12":121,"13":27},"f":{"0":122,"1":121,"2":1},"b":{"0":[121,0],"1":[1,0],"2":[1,0],"3":[49,72],"4":[6,43],"5":[6,43],"6":[49,48,48,48],"7":[1,48],"8":[49,1],"9":[0,49],"10":[49,0],"11":[42,7],"12":[49,42],"13":[0,49],"14":[49,39],"15":[0,49],"16":[49,23],"17":[23,26],"18":[49,23],"19":[0,72],"20":[12,60],"21":[43,29],"22":[72,68,67,66],"23":[3,69],"24":[72,4],"25":[1,71],"26":[72,1],"27":[23,49],"28":[72,23],"29":[2,70],"30":[72,17],"31":[40,32],"32":[0,72],"33":[72,0],"34":[6,66],"35":[72,6],"36":[0,72],"37":[72,0]},"_coverageSchema":"1a1c01bbd47fc00a2c39e90264f33305004495a9","hash":"e26d177bd5a4a7e81109d27dd71ca5e6ae471e20"}
,"/home/runner/work/Service-Canada-Labs/Service-Canada-Labs/components/atoms/ActionButton.stories.js": {"path":"/home/runner/work/Service-Canada-Labs/Service-Canada-Labs/components/atoms/ActionButton.stories.js","statementMap":{"0":{"start":{"line":8,"column":17},"end":{"line":8,"column":53}},"1":{"start":{"line":8,"column":27},"end":{"line":8,"column":53}},"2":{"start":{"line":10,"column":23},"end":{"line":10,"column":40}},"3":{"start":{"line":11,"column":25},"end":{"line":11,"column":42}},"4":{"start":{"line":12,"column":24},"end":{"line":12,"column":41}},"5":{"start":{"line":13,"column":24},"end":{"line":13,"column":41}},"6":{"start":{"line":14,"column":20},"end":{"line":14,"column":37}},"7":{"start":{"line":16,"column":0},"end":{"line":21,"column":2}},"8":{"start":{"line":23,"column":0},"end":{"line":29,"column":2}},"9":{"start":{"line":31,"column":0},"end":{"line":37,"column":2}},"10":{"start":{"line":39,"column":0},"end":{"line":44,"column":2}},"11":{"start":{"line":46,"column":0},"end":{"line":52,"column":2}}},"fnMap":{"0":{"name":"(anonymous_0)","decl":{"start":{"line":8,"column":17},"end":{"line":8,"column":18}},"loc":{"start":{"line":8,"column":27},"end":{"line":8,"column":53}},"line":8}},"branchMap":{},"s":{"0":1,"1":7,"2":1,"3":1,"4":1,"5":1,"6":1,"7":1,"8":1,"9":1,"10":1,"11":1},"f":{"0":7},"b":{},"_coverageSchema":"1a1c01bbd47fc00a2c39e90264f33305004495a9","hash":"db553d7212b332b4c7c60ae8fb98bb593908f685"}
,"/home/runner/work/Service-Canada-Labs/Service-Canada-Labs/components/atoms/Alert.js": {"path":"/home/runner/work/Service-Canada-Labs/Service-Canada-Labs/components/atoms/Alert.js","statementMap":{"0":{"start":{"line":12,"column":2},"end":{"line":38,"column":4}},"1":{"start":{"line":41,"column":0},"end":{"line":50,"column":2}}},"fnMap":{"0":{"name":"Alert","decl":{"start":{"line":11,"column":16},"end":{"line":11,"column":21}},"loc":{"start":{"line":11,"column":29},"end":{"line":39,"column":1}},"line":11}},"branchMap":{"0":{"loc":{"start":{"line":16,"column":10},"end":{"line":16,"column":66}},"type":"cond-expr","locations":[{"start":{"line":16,"column":27},"end":{"line":16,"column":45}},{"start":{"line":16,"column":48},"end":{"line":16,"column":66}}],"line":16},"1":{"loc":{"start":{"line":20,"column":11},"end":{"line":28,"column":11}},"type":"cond-expr","locations":[{"start":{"line":21,"column":12},"end":{"line":25,"column":14}},{"start":{"line":27,"column":12},"end":{"line":27,"column":79}}],"line":20}},"s":{"0":7,"1":5},"f":{"0":7},"b":{"0":[1,6],"1":[1,6]},"_coverageSchema":"1a1c01bbd47fc00a2c39e90264f33305004495a9","hash":"7bd61701a7b80a1a915241faa1e6ff92412d63eb"}
,"/home/runner/work/Service-Canada-Labs/Service-Canada-Labs/components/atoms/Alert.stories.js": {"path":"/home/runner/work/Service-Canada-Labs/Service-Canada-Labs/components/atoms/Alert.stories.js","statementMap":{"0":{"start":{"line":8,"column":17},"end":{"line":8,"column":46}},"1":{"start":{"line":8,"column":27},"end":{"line":8,"column":46}},"2":{"start":{"line":10,"column":23},"end":{"line":10,"column":40}},"3":{"start":{"line":12,"column":0},"end":{"line":15,"column":2}}},"fnMap":{"0":{"name":"(anonymous_0)","decl":{"start":{"line":8,"column":17},"end":{"line":8,"column":18}},"loc":{"start":{"line":8,"column":27},"end":{"line":8,"column":46}},"line":8}},"branchMap":{},"s":{"0":1,"1":2,"2":1,"3":1},"f":{"0":2},"b":{},"_coverageSchema":"1a1c01bbd47fc00a2c39e90264f33305004495a9","hash":"f28f2e4857c791b2b1e5eb333dbe17b97d54877d"}
,"/home/runner/work/Service-Canada-Labs/Service-Canada-Labs/components/atoms/Banner.js": {"path":"/home/runner/work/Service-Canada-Labs/Service-Canada-Labs/components/atoms/Banner.js","statementMap":{"0":{"start":{"line":8,"column":22},"end":{"line":26,"column":1}},"1":{"start":{"line":9,"column":2},"end":{"line":25,"column":4}},"2":{"start":{"line":28,"column":0},"end":{"line":38,"column":2}}},"fnMap":{"0":{"name":"(anonymous_0)","decl":{"start":{"line":8,"column":22},"end":{"line":8,"column":23}},"loc":{"start":{"line":8,"column":51},"end":{"line":26,"column":1}},"line":8}},"branchMap":{},"s":{"0":14,"1":4,"2":14},"f":{"0":4},"b":{},"_coverageSchema":"1a1c01bbd47fc00a2c39e90264f33305004495a9","hash":"b0bd9d01708f094cf2dd1bc4d7ccbc8467b0f5f8"}
,"/home/runner/work/Service-Canada-Labs/Service-Canada-Labs/components/atoms/Banner.stories.js": {"path":"/home/runner/work/Service-Canada-Labs/Service-Canada-Labs/components/atoms/Banner.stories.js","statementMap":{"0":{"start":{"line":9,"column":17},"end":{"line":9,"column":47}},"1":{"start":{"line":9,"column":27},"end":{"line":9,"column":47}},"2":{"start":{"line":11,"column":23},"end":{"line":11,"column":40}},"3":{"start":{"line":13,"column":0},"end":{"line":16,"column":2}}},"fnMap":{"0":{"name":"(anonymous_0)","decl":{"start":{"line":9,"column":17},"end":{"line":9,"column":18}},"loc":{"start":{"line":9,"column":27},"end":{"line":9,"column":47}},"line":9}},"branchMap":{},"s":{"0":1,"1":2,"2":1,"3":1},"f":{"0":2},"b":{},"_coverageSchema":"1a1c01bbd47fc00a2c39e90264f33305004495a9","hash":"e5d2172c491ed23a79bcec2411ec811097a3fab7"}
,"/home/runner/work/Service-Canada-Labs/Service-Canada-Labs/components/atoms/Breadcrumb.js": {"path":"/home/runner/work/Service-Canada-Labs/Service-Canada-Labs/components/atoms/Breadcrumb.js","statementMap":{"0":{"start":{"line":8,"column":2},"end":{"line":38,"column":4}},"1":{"start":{"line":21,"column":14},"end":{"line":33,"column":16}},"2":{"start":{"line":41,"column":0},"end":{"line":58,"column":2}}},"fnMap":{"0":{"name":"Breadcrumb","decl":{"start":{"line":7,"column":16},"end":{"line":7,"column":26}},"loc":{"start":{"line":7,"column":34},"end":{"line":39,"column":1}},"line":7},"1":{"name":"(anonymous_1)","decl":{"start":{"line":20,"column":28},"end":{"line":20,"column":29}},"loc":{"start":{"line":20,"column":43},"end":{"line":34,"column":13}},"line":20}},"branchMap":{"0":{"loc":{"start":{"line":19,"column":9},"end":{"line":35,"column":16}},"type":"cond-expr","locations":[{"start":{"line":20,"column":12},"end":{"line":34,"column":14}},{"start":{"line":35,"column":12},"end":{"line":35,"column":16}}],"line":19}},"s":{"0":22,"1":24,"2":14},"f":{"0":22,"1":24},"b":{"0":[14,8]},"_coverageSchema":"1a1c01bbd47fc00a2c39e90264f33305004495a9","hash":"a6bcf770868f554ec8f4b4485d8d14ab065bf108"}
,"/home/runner/work/Service-Canada-Labs/Service-Canada-Labs/components/atoms/Breadcrumb.stories.js": {"path":"/home/runner/work/Service-Canada-Labs/Service-Canada-Labs/components/atoms/Breadcrumb.stories.js","statementMap":{"0":{"start":{"line":8,"column":17},"end":{"line":8,"column":51}},"1":{"start":{"line":8,"column":27},"end":{"line":8,"column":51}},"2":{"start":{"line":10,"column":23},"end":{"line":10,"column":40}},"3":{"start":{"line":11,"column":25},"end":{"line":11,"column":42}},"4":{"start":{"line":13,"column":0},"end":{"line":19,"column":2}}},"fnMap":{"0":{"name":"(anonymous_0)","decl":{"start":{"line":8,"column":17},"end":{"line":8,"column":18}},"loc":{"start":{"line":8,"column":27},"end":{"line":8,"column":51}},"line":8}},"branchMap":{},"s":{"0":1,"1":3,"2":1,"3":1,"4":1},"f":{"0":3},"b":{},"_coverageSchema":"1a1c01bbd47fc00a2c39e90264f33305004495a9","hash":"ba06e78454c0637cf7f825a0cc5c42688a4b6850"}
,"/home/runner/work/Service-Canada-Labs/Service-Canada-Labs/components/atoms/CheckBox.js": {"path":"/home/runner/work/Service-Canada-Labs/Service-Canada-Labs/components/atoms/CheckBox.js","statementMap":{"0":{"start":{"line":7,"column":28},"end":{"line":11,"column":8}},"1":{"start":{"line":12,"column":2},"end":{"line":51,"column":4}},"2":{"start":{"line":25,"column":10},"end":{"line":29,"column":11}},"3":{"start":{"line":54,"column":0},"end":{"line":58,"column":2}},"4":{"start":{"line":60,"column":0},"end":{"line":129,"column":2}}},"fnMap":{"0":{"name":"CheckBox","decl":{"start":{"line":6,"column":16},"end":{"line":6,"column":24}},"loc":{"start":{"line":6,"column":32},"end":{"line":52,"column":1}},"line":6},"1":{"name":"(anonymous_1)","decl":{"start":{"line":24,"column":18},"end":{"line":24,"column":19}},"loc":{"start":{"line":25,"column":10},"end":{"line":29,"column":11}},"line":25}},"branchMap":{"0":{"loc":{"start":{"line":7,"column":28},"end":{"line":11,"column":8}},"type":"cond-expr","locations":[{"start":{"line":8,"column":6},"end":{"line":10,"column":7}},{"start":{"line":11,"column":6},"end":{"line":11,"column":8}}],"line":7},"1":{"loc":{"start":{"line":15,"column":8},"end":{"line":15,"column":57}},"type":"cond-expr","locations":[{"start":{"line":15,"column":26},"end":{"line":15,"column":47}},{"start":{"line":15,"column":50},"end":{"line":15,"column":57}}],"line":15},"2":{"loc":{"start":{"line":26,"column":12},"end":{"line":26,"column":73}},"type":"cond-expr","locations":[{"start":{"line":26,"column":33},"end":{"line":26,"column":57}},{"start":{"line":26,"column":60},"end":{"line":26,"column":73}}],"line":26},"3":{"loc":{"start":{"line":32,"column":22},"end":{"line":32,"column":54}},"type":"cond-expr","locations":[{"start":{"line":32,"column":36},"end":{"line":32,"column":42}},{"start":{"line":32,"column":45},"end":{"line":32,"column":54}}],"line":32},"4":{"loc":{"start":{"line":39,"column":10},"end":{"line":39,"column":56}},"type":"cond-expr","locations":[{"start":{"line":39,"column":25},"end":{"line":39,"column":40}},{"start":{"line":39,"column":43},"end":{"line":39,"column":56}}],"line":39},"5":{"loc":{"start":{"line":40,"column":21},"end":{"line":40,"column":71}},"type":"cond-expr","locations":[{"start":{"line":40,"column":35},"end":{"line":40,"column":59}},{"start":{"line":40,"column":62},"end":{"line":40,"column":71}}],"line":40},"6":{"loc":{"start":{"line":43,"column":9},"end":{"line":47,"column":21}},"type":"cond-expr","locations":[{"start":{"line":44,"column":10},"end":{"line":46,"column":14}},{"start":{"line":47,"column":12},"end":{"line":47,"column":21}}],"line":43}},"s":{"0":230,"1":230,"2":6,"3":19,"4":19},"f":{"0":230,"1":6},"b":{"0":[13,217],"1":[212,18],"2":[4,2],"3":[0,230],"4":[1,229],"5":[0,230],"6":[1,229]},"_coverageSchema":"1a1c01bbd47fc00a2c39e90264f33305004495a9","hash":"2361dbe58b2cd89fa17306405dbe671c148d3068"}
,"/home/runner/work/Service-Canada-Labs/Service-Canada-Labs/components/atoms/CheckBox.stories.js": {"path":"/home/runner/work/Service-Canada-Labs/Service-Canada-Labs/components/atoms/CheckBox.stories.js","statementMap":{"0":{"start":{"line":9,"column":6},"end":{"line":13,"column":12}},"1":{"start":{"line":18,"column":17},"end":{"line":18,"column":49}},"2":{"start":{"line":18,"column":27},"end":{"line":18,"column":49}},"3":{"start":{"line":20,"column":25},"end":{"line":20,"column":42}},"4":{"start":{"line":21,"column":0},"end":{"line":27,"column":2}},"5":{"start":{"line":29,"column":23},"end":{"line":29,"column":40}},"6":{"start":{"line":30,"column":0},"end":{"line":37,"column":2}},"7":{"start":{"line":39,"column":28},"end":{"line":39,"column":45}},"8":{"start":{"line":40,"column":0},"end":{"line":47,"column":2}},"9":{"start":{"line":49,"column":24},"end":{"line":49,"column":41}},"10":{"start":{"line":50,"column":0},"end":{"line":57,"column":2}}},"fnMap":{"0":{"name":"(anonymous_0)","decl":{"start":{"line":8,"column":4},"end":{"line":8,"column":5}},"loc":{"start":{"line":9,"column":6},"end":{"line":13,"column":12}},"line":9},"1":{"name":"(anonymous_1)","decl":{"start":{"line":18,"column":17},"end":{"line":18,"column":18}},"loc":{"start":{"line":18,"column":27},"end":{"line":18,"column":49}},"line":18}},"branchMap":{},"s":{"0":0,"1":1,"2":4,"3":1,"4":1,"5":1,"6":1,"7":1,"8":1,"9":1,"10":1},"f":{"0":0,"1":4},"b":{},"_coverageSchema":"1a1c01bbd47fc00a2c39e90264f33305004495a9","hash":"1f10911fb44eb38d7804db00dc612e847bfe0862"}
,"/home/runner/work/Service-Canada-Labs/Service-Canada-Labs/components/atoms/DateModified.js": {"path":"/home/runner/work/Service-Canada-Labs/Service-Canada-Labs/components/atoms/DateModified.js","statementMap":{"0":{"start":{"line":5,"column":16},"end":{"line":5,"column":40}},"1":{"start":{"line":7,"column":22},"end":{"line":7,"column":26}},"2":{"start":{"line":8,"column":2},"end":{"line":12,"column":3}},"3":{"start":{"line":9,"column":4},"end":{"line":11,"column":38}},"4":{"start":{"line":10,"column":6},"end":{"line":10,"column":70}},"5":{"start":{"line":11,"column":11},"end":{"line":11,"column":38}},"6":{"start":{"line":14,"column":2},"end":{"line":25,"column":4}},"7":{"start":{"line":28,"column":0},"end":{"line":30,"column":2}},"8":{"start":{"line":32,"column":0},"end":{"line":35,"column":2}}},"fnMap":{"0":{"name":"DateModified","decl":{"start":{"line":4,"column":16},"end":{"line":4,"column":28}},"loc":{"start":{"line":4,"column":36},"end":{"line":26,"column":1}},"line":4}},"branchMap":{"0":{"loc":{"start":{"line":8,"column":2},"end":{"line":12,"column":3}},"type":"if","locations":[{"start":{"line":8,"column":2},"end":{"line":12,"column":3}},{"start":{},"end":{}}],"line":8},"1":{"loc":{"start":{"line":9,"column":4},"end":{"line":11,"column":38}},"type":"if","locations":[{"start":{"line":9,"column":4},"end":{"line":11,"column":38}},{"start":{"line":11,"column":11},"end":{"line":11,"column":38}}],"line":9},"2":{"loc":{"start":{"line":18,"column":9},"end":{"line":22,"column":9}},"type":"cond-expr","locations":[{"start":{"line":19,"column":10},"end":{"line":19,"column":44}},{"start":{"line":21,"column":10},"end":{"line":21,"column":69}}],"line":18}},"s":{"0":22,"1":22,"2":22,"3":4,"4":2,"5":2,"6":22,"7":14,"8":14},"f":{"0":22},"b":{"0":[4,18],"1":[2,2],"2":[18,4]},"_coverageSchema":"1a1c01bbd47fc00a2c39e90264f33305004495a9","hash":"b47e8b8e6632c84d136bd818a53e2d91830efeaa"}
,"/home/runner/work/Service-Canada-Labs/Service-Canada-Labs/components/atoms/DateModified.stories.js": {"path":"/home/runner/work/Service-Canada-Labs/Service-Canada-Labs/components/atoms/DateModified.stories.js","statementMap":{"0":{"start":{"line":8,"column":17},"end":{"line":8,"column":53}},"1":{"start":{"line":8,"column":27},"end":{"line":8,"column":53}},"2":{"start":{"line":10,"column":23},"end":{"line":10,"column":40}},"3":{"start":{"line":12,"column":0},"end":{"line":14,"column":2}}},"fnMap":{"0":{"name":"(anonymous_0)","decl":{"start":{"line":8,"column":17},"end":{"line":8,"column":18}},"loc":{"start":{"line":8,"column":27},"end":{"line":8,"column":53}},"line":8}},"branchMap":{},"s":{"0":1,"1":3,"2":1,"3":1},"f":{"0":3},"b":{},"_coverageSchema":"1a1c01bbd47fc00a2c39e90264f33305004495a9","hash":"c7686e4fa030e25863fce92ad7dbc9e5feadfa51"}
,"/home/runner/work/Service-Canada-Labs/Service-Canada-Labs/components/atoms/ErrorLabel.js": {"path":"/home/runner/work/Service-Canada-Labs/Service-Canada-Labs/components/atoms/ErrorLabel.js","statementMap":{"0":{"start":{"line":7,"column":2},"end":{"line":13,"column":4}},"1":{"start":{"line":16,"column":0},"end":{"line":23,"column":2}}},"fnMap":{"0":{"name":"ErrorLabel","decl":{"start":{"line":6,"column":16},"end":{"line":6,"column":26}},"loc":{"start":{"line":6,"column":34},"end":{"line":14,"column":1}},"line":6}},"branchMap":{},"s":{"0":5,"1":23},"f":{"0":5},"b":{},"_coverageSchema":"1a1c01bbd47fc00a2c39e90264f33305004495a9","hash":"f9976b7520de2dd3c5c185fcdf700f31d3987048"}
,"/home/runner/work/Service-Canada-Labs/Service-Canada-Labs/components/atoms/ErrorLabel.stories.js": {"path":"/home/runner/work/Service-Canada-Labs/Service-Canada-Labs/components/atoms/ErrorLabel.stories.js","statementMap":{"0":{"start":{"line":9,"column":17},"end":{"line":9,"column":51}},"1":{"start":{"line":9,"column":27},"end":{"line":9,"column":51}},"2":{"start":{"line":11,"column":23},"end":{"line":11,"column":40}},"3":{"start":{"line":12,"column":0},"end":{"line":14,"column":2}}},"fnMap":{"0":{"name":"(anonymous_0)","decl":{"start":{"line":9,"column":17},"end":{"line":9,"column":18}},"loc":{"start":{"line":9,"column":27},"end":{"line":9,"column":51}},"line":9}},"branchMap":{},"s":{"0":1,"1":2,"2":1,"3":1},"f":{"0":2},"b":{},"_coverageSchema":"1a1c01bbd47fc00a2c39e90264f33305004495a9","hash":"c5ee6f0f12533617e78fd48b2b41a161cea2aac7"}
,"/home/runner/work/Service-Canada-Labs/Service-Canada-Labs/components/atoms/HTMList.js": {"path":"/home/runner/work/Service-Canada-Labs/Service-Canada-Labs/components/atoms/HTMList.js","statementMap":{"0":{"start":{"line":4,"column":20},"end":{"line":12,"column":8}},"1":{"start":{"line":5,"column":4},"end":{"line":12,"column":8}},"2":{"start":{"line":7,"column":24},"end":{"line":7,"column":28}},"3":{"start":{"line":9,"column":8},"end":{"line":11,"column":13}},"4":{"start":{"line":14,"column":2},"end":{"line":18,"column":4}},"5":{"start":{"line":21,"column":0},"end":{"line":26,"column":2}}},"fnMap":{"0":{"name":"HTMList","decl":{"start":{"line":3,"column":16},"end":{"line":3,"column":23}},"loc":{"start":{"line":3,"column":77},"end":{"line":19,"column":1}},"line":3},"1":{"name":"(anonymous_1)","decl":{"start":{"line":4,"column":20},"end":{"line":4,"column":21}},"loc":{"start":{"line":5,"column":4},"end":{"line":12,"column":8}},"line":5},"2":{"name":"(anonymous_2)","decl":{"start":{"line":7,"column":14},"end":{"line":7,"column":15}},"loc":{"start":{"line":7,"column":24},"end":{"line":7,"column":28}},"line":7},"3":{"name":"(anonymous_3)","decl":{"start":{"line":8,"column":11},"end":{"line":8,"column":12}},"loc":{"start":{"line":9,"column":8},"end":{"line":11,"column":13}},"line":9}},"branchMap":{"0":{"loc":{"start":{"line":3,"column":26},"end":{"line":3,"column":36}},"type":"default-arg","locations":[{"start":{"line":3,"column":32},"end":{"line":3,"column":36}}],"line":3},"1":{"loc":{"start":{"line":14,"column":9},"end":{"line":18,"column":3}},"type":"cond-expr","locations":[{"start":{"line":15,"column":4},"end":{"line":15,"column":59}},{"start":{"line":17,"column":4},"end":{"line":17,"column":59}}],"line":14}},"s":{"0":7,"1":7,"2":18,"3":13,"4":7,"5":1},"f":{"0":7,"1":7,"2":18,"3":13},"b":{"0":[5],"1":[6,1]},"_coverageSchema":"1a1c01bbd47fc00a2c39e90264f33305004495a9","hash":"d498c2a8969f2a4dc6c4848d2e6043776020fa92"}
,"/home/runner/work/Service-Canada-Labs/Service-Canada-Labs/components/atoms/MultiTextField.js": {"path":"/home/runner/work/Service-Canada-Labs/Service-Canada-Labs/components/atoms/MultiTextField.js","statementMap":{"0":{"start":{"line":9,"column":16},"end":{"line":9,"column":40}},"1":{"start":{"line":11,"column":2},"end":{"line":54,"column":4}},"2":{"start":{"line":41,"column":25},"end":{"line":41,"column":62}},"3":{"start":{"line":57,"column":0},"end":{"line":60,"column":2}},"4":{"start":{"line":62,"column":0},"end":{"line":146,"column":2}}},"fnMap":{"0":{"name":"MultiTextField","decl":{"start":{"line":8,"column":16},"end":{"line":8,"column":30}},"loc":{"start":{"line":8,"column":38},"end":{"line":55,"column":1}},"line":8},"1":{"name":"(anonymous_1)","decl":{"start":{"line":41,"column":18},"end":{"line":41,"column":19}},"loc":{"start":{"line":41,"column":25},"end":{"line":41,"column":62}},"line":41}},"branchMap":{"0":{"loc":{"start":{"line":14,"column":8},"end":{"line":14,"column":58}},"type":"cond-expr","locations":[{"start":{"line":14,"column":26},"end":{"line":14,"column":47}},{"start":{"line":14,"column":50},"end":{"line":14,"column":58}}],"line":14},"1":{"loc":{"start":{"line":19,"column":10},"end":{"line":19,"column":44}},"type":"cond-expr","locations":[{"start":{"line":19,"column":28},"end":{"line":19,"column":39}},{"start":{"line":19,"column":42},"end":{"line":19,"column":44}}],"line":19},"2":{"loc":{"start":{"line":23,"column":9},"end":{"line":27,"column":21}},"type":"cond-expr","locations":[{"start":{"line":24,"column":10},"end":{"line":26,"column":14}},{"start":{"line":27,"column":12},"end":{"line":27,"column":21}}],"line":23},"3":{"loc":{"start":{"line":33,"column":7},"end":{"line":33,"column":69}},"type":"cond-expr","locations":[{"start":{"line":33,"column":21},"end":{"line":33,"column":57}},{"start":{"line":33,"column":60},"end":{"line":33,"column":69}}],"line":33},"4":{"loc":{"start":{"line":36,"column":10},"end":{"line":36,"column":66}},"type":"cond-expr","locations":[{"start":{"line":36,"column":24},"end":{"line":36,"column":49}},{"start":{"line":36,"column":52},"end":{"line":36,"column":66}}],"line":36}},"s":{"0":4,"1":4,"2":1,"3":18,"4":18},"f":{"0":4,"1":1},"b":{"0":[0,4],"1":[1,3],"2":[0,4],"3":[0,4],"4":[0,4]},"_coverageSchema":"1a1c01bbd47fc00a2c39e90264f33305004495a9","hash":"0284fece7a312230cc9e53f0a5a9156ce1330f72"}
,"/home/runner/work/Service-Canada-Labs/Service-Canada-Labs/components/atoms/MultiTextField.stories.js": {"path":"/home/runner/work/Service-Canada-Labs/Service-Canada-Labs/components/atoms/MultiTextField.stories.js","statementMap":{"0":{"start":{"line":9,"column":6},"end":{"line":13,"column":12}},"1":{"start":{"line":18,"column":17},"end":{"line":18,"column":57}},"2":{"start":{"line":18,"column":27},"end":{"line":18,"column":57}},"3":{"start":{"line":20,"column":23},"end":{"line":20,"column":40}},"4":{"start":{"line":21,"column":0},"end":{"line":27,"column":2}},"5":{"start":{"line":29,"column":25},"end":{"line":29,"column":42}},"6":{"start":{"line":30,"column":0},"end":{"line":37,"column":2}},"7":{"start":{"line":39,"column":24},"end":{"line":39,"column":41}},"8":{"start":{"line":40,"column":0},"end":{"line":49,"column":2}}},"fnMap":{"0":{"name":"(anonymous_0)","decl":{"start":{"line":8,"column":4},"end":{"line":8,"column":5}},"loc":{"start":{"line":9,"column":6},"end":{"line":13,"column":12}},"line":9},"1":{"name":"(anonymous_1)","decl":{"start":{"line":18,"column":17},"end":{"line":18,"column":18}},"loc":{"start":{"line":18,"column":27},"end":{"line":18,"column":57}},"line":18}},"branchMap":{},"s":{"0":0,"1":1,"2":2,"3":1,"4":1,"5":1,"6":1,"7":1,"8":1},"f":{"0":0,"1":2},"b":{},"_coverageSchema":"1a1c01bbd47fc00a2c39e90264f33305004495a9","hash":"e95af57a53f1f61570fadb1270af4036342f4321"}
,"/home/runner/work/Service-Canada-Labs/Service-Canada-Labs/components/atoms/ProjectInfo.js": {"path":"/home/runner/work/Service-Canada-Labs/Service-Canada-Labs/components/atoms/ProjectInfo.js","statementMap":{"0":{"start":{"line":9,"column":16},"end":{"line":9,"column":40}},"1":{"start":{"line":10,"column":34},"end":{"line":10,"column":49}},"2":{"start":{"line":12,"column":2},"end":{"line":66,"column":4}},"3":{"start":{"line":24,"column":29},"end":{"line":24,"column":51}},"4":{"start":{"line":69,"column":0},"end":{"line":76,"column":2}}},"fnMap":{"0":{"name":"ProjectInfo","decl":{"start":{"line":8,"column":16},"end":{"line":8,"column":27}},"loc":{"start":{"line":8,"column":35},"end":{"line":67,"column":1}},"line":8},"1":{"name":"(anonymous_1)","decl":{"start":{"line":24,"column":23},"end":{"line":24,"column":24}},"loc":{"start":{"line":24,"column":29},"end":{"line":24,"column":51}},"line":24}},"branchMap":{"0":{"loc":{"start":{"line":36,"column":11},"end":{"line":60,"column":23}},"type":"cond-expr","locations":[{"start":{"line":37,"column":12},"end":{"line":59,"column":24}},{"start":{"line":60,"column":14},"end":{"line":60,"column":23}}],"line":36}},"s":{"0":3,"1":3,"2":3,"3":0,"4":2},"f":{"0":3,"1":0},"b":{"0":[0,3]},"_coverageSchema":"1a1c01bbd47fc00a2c39e90264f33305004495a9","hash":"d3046e9061b246d85280cfae8d7a55b82b0d0a8a"}
,"/home/runner/work/Service-Canada-Labs/Service-Canada-Labs/components/atoms/ProjectInfo.stories.js": {"path":"/home/runner/work/Service-Canada-Labs/Service-Canada-Labs/components/atoms/ProjectInfo.stories.js","statementMap":{"0":{"start":{"line":8,"column":17},"end":{"line":8,"column":52}},"1":{"start":{"line":8,"column":27},"end":{"line":8,"column":52}},"2":{"start":{"line":10,"column":23},"end":{"line":10,"column":40}},"3":{"start":{"line":12,"column":0},"end":{"line":17,"column":2}}},"fnMap":{"0":{"name":"(anonymous_0)","decl":{"start":{"line":8,"column":17},"end":{"line":8,"column":18}},"loc":{"start":{"line":8,"column":27},"end":{"line":8,"column":52}},"line":8}},"branchMap":{},"s":{"0":1,"1":2,"2":1,"3":1},"f":{"0":2},"b":{},"_coverageSchema":"1a1c01bbd47fc00a2c39e90264f33305004495a9","hash":"74c812eb1223bc6186d9f3f5c9b2a6ed97663cce"}
,"/home/runner/work/Service-Canada-Labs/Service-Canada-Labs/components/atoms/RadioButton.js": {"path":"/home/runner/work/Service-Canada-Labs/Service-Canada-Labs/components/atoms/RadioButton.js","statementMap":{"0":{"start":{"line":7,"column":28},"end":{"line":13,"column":7}},"1":{"start":{"line":14,"column":2},"end":{"line":48,"column":4}},"2":{"start":{"line":23,"column":10},"end":{"line":23,"column":41}},"3":{"start":{"line":26,"column":10},"end":{"line":32,"column":11}},"4":{"start":{"line":27,"column":12},"end":{"line":27,"column":31}},"5":{"start":{"line":28,"column":12},"end":{"line":30,"column":13}},"6":{"start":{"line":29,"column":14},"end":{"line":29,"column":45}},"7":{"start":{"line":31,"column":12},"end":{"line":31,"column":43}},"8":{"start":{"line":51,"column":0},"end":{"line":53,"column":2}},"9":{"start":{"line":55,"column":0},"end":{"line":115,"column":2}}},"fnMap":{"0":{"name":"RadioButton","decl":{"start":{"line":6,"column":16},"end":{"line":6,"column":27}},"loc":{"start":{"line":6,"column":35},"end":{"line":49,"column":1}},"line":6},"1":{"name":"(anonymous_1)","decl":{"start":{"line":22,"column":18},"end":{"line":22,"column":19}},"loc":{"start":{"line":22,"column":25},"end":{"line":24,"column":9}},"line":22},"2":{"name":"(anonymous_2)","decl":{"start":{"line":25,"column":17},"end":{"line":25,"column":18}},"loc":{"start":{"line":25,"column":24},"end":{"line":33,"column":9}},"line":25}},"branchMap":{"0":{"loc":{"start":{"line":7,"column":28},"end":{"line":13,"column":7}},"type":"cond-expr","locations":[{"start":{"line":8,"column":6},"end":{"line":10,"column":7}},{"start":{"line":11,"column":6},"end":{"line":13,"column":7}}],"line":7},"1":{"loc":{"start":{"line":12,"column":24},"end":{"line":12,"column":46}},"type":"binary-expr","locations":[{"start":{"line":12,"column":24},"end":{"line":12,"column":37}},{"start":{"line":12,"column":41},"end":{"line":12,"column":46}}],"line":12},"2":{"loc":{"start":{"line":26,"column":10},"end":{"line":32,"column":11}},"type":"if","locations":[{"start":{"line":26,"column":10},"end":{"line":32,"column":11}},{"start":{},"end":{}}],"line":26},"3":{"loc":{"start":{"line":28,"column":12},"end":{"line":30,"column":13}},"type":"if","locations":[{"start":{"line":28,"column":12},"end":{"line":30,"column":13}},{"start":{},"end":{}}],"line":28},"4":{"loc":{"start":{"line":41,"column":10},"end":{"line":41,"column":51}},"type":"cond-expr","locations":[{"start":{"line":41,"column":31},"end":{"line":41,"column":46}},{"start":{"line":41,"column":49},"end":{"line":41,"column":51}}],"line":41},"5":{"loc":{"start":{"line":42,"column":11},"end":{"line":42,"column":51}},"type":"cond-expr","locations":[{"start":{"line":42,"column":31},"end":{"line":42,"column":46}},{"start":{"line":42,"column":49},"end":{"line":42,"column":51}}],"line":42}},"s":{"0":16,"1":16,"2":3,"3":1,"4":1,"5":1,"6":0,"7":1,"8":2,"9":2},"f":{"0":16,"1":3,"2":1},"b":{"0":[15,1],"1":[1,1],"2":[1,0],"3":[0,1],"4":[4,12],"5":[4,12]},"_coverageSchema":"1a1c01bbd47fc00a2c39e90264f33305004495a9","hash":"8387c8300b81c0b0b4606ef9d7e8061b628962d8"}
,"/home/runner/work/Service-Canada-Labs/Service-Canada-Labs/components/atoms/RadioButton.stories.js": {"path":"/home/runner/work/Service-Canada-Labs/Service-Canada-Labs/components/atoms/RadioButton.stories.js","statementMap":{"0":{"start":{"line":9,"column":17},"end":{"line":9,"column":52}},"1":{"start":{"line":9,"column":27},"end":{"line":9,"column":52}},"2":{"start":{"line":11,"column":23},"end":{"line":11,"column":40}},"3":{"start":{"line":12,"column":0},"end":{"line":18,"column":2}},"4":{"start":{"line":20,"column":23},"end":{"line":20,"column":40}},"5":{"start":{"line":21,"column":0},"end":{"line":28,"column":2}},"6":{"start":{"line":30,"column":28},"end":{"line":30,"column":45}},"7":{"start":{"line":31,"column":0},"end":{"line":38,"column":2}},"8":{"start":{"line":40,"column":28},"end":{"line":40,"column":45}},"9":{"start":{"line":41,"column":0},"end":{"line":48,"column":2}},"10":{"start":{"line":50,"column":27},"end":{"line":50,"column":44}},"11":{"start":{"line":51,"column":0},"end":{"line":58,"column":2}}},"fnMap":{"0":{"name":"(anonymous_0)","decl":{"start":{"line":9,"column":17},"end":{"line":9,"column":18}},"loc":{"start":{"line":9,"column":27},"end":{"line":9,"column":52}},"line":9}},"branchMap":{},"s":{"0":1,"1":7,"2":1,"3":1,"4":1,"5":1,"6":1,"7":1,"8":1,"9":1,"10":1,"11":1},"f":{"0":7},"b":{},"_coverageSchema":"1a1c01bbd47fc00a2c39e90264f33305004495a9","hash":"2c520a64a3211dcf5af130853c6288438078cf1d"}
,"/home/runner/work/Service-Canada-Labs/Service-Canada-Labs/components/atoms/RadioField.js": {"path":"/home/runner/work/Service-Canada-Labs/Service-Canada-Labs/components/atoms/RadioField.js","statementMap":{"0":{"start":{"line":7,"column":28},"end":{"line":11,"column":8}},"1":{"start":{"line":12,"column":2},"end":{"line":47,"column":4}},"2":{"start":{"line":25,"column":10},"end":{"line":29,"column":11}},"3":{"start":{"line":42,"column":23},"end":{"line":42,"column":77}},"4":{"start":{"line":50,"column":0},"end":{"line":53,"column":2}},"5":{"start":{"line":55,"column":0},"end":{"line":114,"column":2}}},"fnMap":{"0":{"name":"RadioField","decl":{"start":{"line":6,"column":16},"end":{"line":6,"column":26}},"loc":{"start":{"line":6,"column":34},"end":{"line":48,"column":1}},"line":6},"1":{"name":"(anonymous_1)","decl":{"start":{"line":24,"column":18},"end":{"line":24,"column":19}},"loc":{"start":{"line":25,"column":10},"end":{"line":29,"column":11}},"line":25},"2":{"name":"(anonymous_2)","decl":{"start":{"line":42,"column":17},"end":{"line":42,"column":18}},"loc":{"start":{"line":42,"column":23},"end":{"line":42,"column":77}},"line":42}},"branchMap":{"0":{"loc":{"start":{"line":7,"column":28},"end":{"line":11,"column":8}},"type":"cond-expr","locations":[{"start":{"line":8,"column":6},"end":{"line":10,"column":7}},{"start":{"line":11,"column":6},"end":{"line":11,"column":8}}],"line":7},"1":{"loc":{"start":{"line":15,"column":8},"end":{"line":15,"column":52}},"type":"cond-expr","locations":[{"start":{"line":15,"column":26},"end":{"line":15,"column":47}},{"start":{"line":15,"column":50},"end":{"line":15,"column":52}}],"line":15},"2":{"loc":{"start":{"line":26,"column":12},"end":{"line":26,"column":73}},"type":"cond-expr","locations":[{"start":{"line":26,"column":33},"end":{"line":26,"column":57}},{"start":{"line":26,"column":60},"end":{"line":26,"column":73}}],"line":26},"3":{"loc":{"start":{"line":32,"column":22},"end":{"line":32,"column":54}},"type":"cond-expr","locations":[{"start":{"line":32,"column":36},"end":{"line":32,"column":42}},{"start":{"line":32,"column":45},"end":{"line":32,"column":54}}],"line":32},"4":{"loc":{"start":{"line":39,"column":10},"end":{"line":39,"column":60}},"type":"cond-expr","locations":[{"start":{"line":39,"column":24},"end":{"line":39,"column":48}},{"start":{"line":39,"column":51},"end":{"line":39,"column":60}}],"line":39}},"s":{"0":34,"1":34,"2":1,"3":0,"4":19,"5":19},"f":{"0":34,"1":1,"2":0},"b":{"0":[34,0],"1":[0,34],"2":[0,1],"3":[0,34],"4":[0,34]},"_coverageSchema":"1a1c01bbd47fc00a2c39e90264f33305004495a9","hash":"de13ec0aa03f3c9b4a0470ea03f72a2868744a29"}
,"/home/runner/work/Service-Canada-Labs/Service-Canada-Labs/components/atoms/RadioField.stories.js": {"path":"/home/runner/work/Service-Canada-Labs/Service-Canada-Labs/components/atoms/RadioField.stories.js","statementMap":{"0":{"start":{"line":9,"column":6},"end":{"line":13,"column":12}},"1":{"start":{"line":18,"column":17},"end":{"line":18,"column":51}},"2":{"start":{"line":18,"column":27},"end":{"line":18,"column":51}},"3":{"start":{"line":20,"column":25},"end":{"line":20,"column":42}},"4":{"start":{"line":21,"column":0},"end":{"line":27,"column":2}},"5":{"start":{"line":29,"column":23},"end":{"line":29,"column":40}},"6":{"start":{"line":30,"column":0},"end":{"line":37,"column":2}},"7":{"start":{"line":39,"column":28},"end":{"line":39,"column":45}},"8":{"start":{"line":40,"column":0},"end":{"line":47,"column":2}}},"fnMap":{"0":{"name":"(anonymous_0)","decl":{"start":{"line":8,"column":4},"end":{"line":8,"column":5}},"loc":{"start":{"line":9,"column":6},"end":{"line":13,"column":12}},"line":9},"1":{"name":"(anonymous_1)","decl":{"start":{"line":18,"column":17},"end":{"line":18,"column":18}},"loc":{"start":{"line":18,"column":27},"end":{"line":18,"column":51}},"line":18}},"branchMap":{},"s":{"0":0,"1":1,"2":4,"3":1,"4":1,"5":1,"6":1,"7":1,"8":1},"f":{"0":0,"1":4},"b":{},"_coverageSchema":"1a1c01bbd47fc00a2c39e90264f33305004495a9","hash":"40c839f92ae3fa3f0196f0c858f0787e214298cc"}
,"/home/runner/work/Service-Canada-Labs/Service-Canada-Labs/components/atoms/SearchBar.js": {"path":"/home/runner/work/Service-Canada-Labs/Service-Canada-Labs/components/atoms/SearchBar.js","statementMap":{"0":{"start":{"line":7,"column":2},"end":{"line":30,"column":4}},"1":{"start":{"line":33,"column":0},"end":{"line":53,"column":2}}},"fnMap":{"0":{"name":"SearchBar","decl":{"start":{"line":6,"column":16},"end":{"line":6,"column":25}},"loc":{"start":{"line":6,"column":33},"end":{"line":31,"column":1}},"line":6}},"branchMap":{},"s":{"0":2,"1":1},"f":{"0":2},"b":{},"_coverageSchema":"1a1c01bbd47fc00a2c39e90264f33305004495a9","hash":"1c7b11853c0895522d3205862f5f974abf434d1a"}
,"/home/runner/work/Service-Canada-Labs/Service-Canada-Labs/components/atoms/SearchBar.stories.js": {"path":"/home/runner/work/Service-Canada-Labs/Service-Canada-Labs/components/atoms/SearchBar.stories.js","statementMap":{"0":{"start":{"line":8,"column":17},"end":{"line":8,"column":50}},"1":{"start":{"line":8,"column":27},"end":{"line":8,"column":50}},"2":{"start":{"line":10,"column":23},"end":{"line":10,"column":40}},"3":{"start":{"line":12,"column":0},"end":{"line":14,"column":2}}},"fnMap":{"0":{"name":"(anonymous_0)","decl":{"start":{"line":8,"column":17},"end":{"line":8,"column":18}},"loc":{"start":{"line":8,"column":27},"end":{"line":8,"column":50}},"line":8}},"branchMap":{},"s":{"0":1,"1":2,"2":1,"3":1},"f":{"0":2},"b":{},"_coverageSchema":"1a1c01bbd47fc00a2c39e90264f33305004495a9","hash":"b14522770b9d5ffeedf778c1cb463c0259148758"}
,"/home/runner/work/Service-Canada-Labs/Service-Canada-Labs/components/atoms/SelectField.js": {"path":"/home/runner/work/Service-Canada-Labs/Service-Canada-Labs/components/atoms/SelectField.js","statementMap":{"0":{"start":{"line":6,"column":16},"end":{"line":6,"column":40}},"1":{"start":{"line":8,"column":28},"end":{"line":12,"column":8}},"2":{"start":{"line":14,"column":2},"end":{"line":19,"column":3}},"3":{"start":{"line":15,"column":4},"end":{"line":18,"column":7}},"4":{"start":{"line":16,"column":21},"end":{"line":16,"column":44}},"5":{"start":{"line":17,"column":6},"end":{"line":17,"column":74}},"6":{"start":{"line":21,"column":2},"end":{"line":81,"column":4}},"7":{"start":{"line":49,"column":25},"end":{"line":49,"column":62}},"8":{"start":{"line":61,"column":10},"end":{"line":65,"column":12}},"9":{"start":{"line":84,"column":0},"end":{"line":86,"column":2}},"10":{"start":{"line":88,"column":0},"end":{"line":166,"column":2}}},"fnMap":{"0":{"name":"SelectField","decl":{"start":{"line":5,"column":16},"end":{"line":5,"column":27}},"loc":{"start":{"line":5,"column":35},"end":{"line":82,"column":1}},"line":5},"1":{"name":"(anonymous_1)","decl":{"start":{"line":15,"column":23},"end":{"line":15,"column":24}},"loc":{"start":{"line":15,"column":39},"end":{"line":18,"column":5}},"line":15},"2":{"name":"(anonymous_2)","decl":{"start":{"line":49,"column":18},"end":{"line":49,"column":19}},"loc":{"start":{"line":49,"column":25},"end":{"line":49,"column":62}},"line":49},"3":{"name":"(anonymous_3)","decl":{"start":{"line":60,"column":27},"end":{"line":60,"column":28}},"loc":{"start":{"line":60,"column":52},"end":{"line":66,"column":9}},"line":60}},"branchMap":{"0":{"loc":{"start":{"line":8,"column":28},"end":{"line":12,"column":8}},"type":"cond-expr","locations":[{"start":{"line":9,"column":6},"end":{"line":11,"column":7}},{"start":{"line":12,"column":6},"end":{"line":12,"column":8}}],"line":8},"1":{"loc":{"start":{"line":14,"column":2},"end":{"line":19,"column":3}},"type":"if","locations":[{"start":{"line":14,"column":2},"end":{"line":19,"column":3}},{"start":{},"end":{}}],"line":14},"2":{"loc":{"start":{"line":24,"column":8},"end":{"line":24,"column":60}},"type":"cond-expr","locations":[{"start":{"line":24,"column":26},"end":{"line":24,"column":47}},{"start":{"line":24,"column":50},"end":{"line":24,"column":60}}],"line":24},"3":{"loc":{"start":{"line":29,"column":10},"end":{"line":29,"column":44}},"type":"cond-expr","locations":[{"start":{"line":29,"column":28},"end":{"line":29,"column":39}},{"start":{"line":29,"column":42},"end":{"line":29,"column":44}}],"line":29},"4":{"loc":{"start":{"line":33,"column":9},"end":{"line":37,"column":21}},"type":"cond-expr","locations":[{"start":{"line":34,"column":10},"end":{"line":36,"column":14}},{"start":{"line":37,"column":12},"end":{"line":37,"column":21}}],"line":33},"5":{"loc":{"start":{"line":40,"column":7},"end":{"line":40,"column":69}},"type":"cond-expr","locations":[{"start":{"line":40,"column":21},"end":{"line":40,"column":57}},{"start":{"line":40,"column":60},"end":{"line":40,"column":69}}],"line":40},"6":{"loc":{"start":{"line":43,"column":10},"end":{"line":43,"column":66}},"type":"cond-expr","locations":[{"start":{"line":43,"column":24},"end":{"line":43,"column":49}},{"start":{"line":43,"column":52},"end":{"line":43,"column":66}}],"line":43},"7":{"loc":{"start":{"line":48,"column":22},"end":{"line":48,"column":54}},"type":"cond-expr","locations":[{"start":{"line":48,"column":36},"end":{"line":48,"column":42}},{"start":{"line":48,"column":45},"end":{"line":48,"column":54}}],"line":48},"8":{"loc":{"start":{"line":67,"column":9},"end":{"line":78,"column":9}},"type":"cond-expr","locations":[{"start":{"line":68,"column":10},"end":{"line":75,"column":19}},{"start":{"line":77,"column":10},"end":{"line":77,"column":12}}],"line":67}},"s":{"0":4,"1":4,"2":4,"3":3,"4":41,"5":41,"6":4,"7":0,"8":40,"9":2,"10":2},"f":{"0":4,"1":41,"2":0,"3":40},"b":{"0":[2,2],"1":[3,1],"2":[2,2],"3":[2,2],"4":[1,3],"5":[0,4],"6":[0,4],"7":[0,4],"8":[1,3]},"_coverageSchema":"1a1c01bbd47fc00a2c39e90264f33305004495a9","hash":"4dc778ca1dfa1c0d7baf591a568921dc91b2a23d"}
,"/home/runner/work/Service-Canada-Labs/Service-Canada-Labs/components/atoms/SelectField.stories.js": {"path":"/home/runner/work/Service-Canada-Labs/Service-Canada-Labs/components/atoms/SelectField.stories.js","statementMap":{"0":{"start":{"line":9,"column":6},"end":{"line":13,"column":12}},"1":{"start":{"line":18,"column":17},"end":{"line":18,"column":52}},"2":{"start":{"line":18,"column":27},"end":{"line":18,"column":52}},"3":{"start":{"line":20,"column":23},"end":{"line":20,"column":40}},"4":{"start":{"line":21,"column":0},"end":{"line":49,"column":2}}},"fnMap":{"0":{"name":"(anonymous_0)","decl":{"start":{"line":8,"column":4},"end":{"line":8,"column":5}},"loc":{"start":{"line":9,"column":6},"end":{"line":13,"column":12}},"line":9},"1":{"name":"(anonymous_1)","decl":{"start":{"line":18,"column":17},"end":{"line":18,"column":18}},"loc":{"start":{"line":18,"column":27},"end":{"line":18,"column":52}},"line":18}},"branchMap":{},"s":{"0":0,"1":1,"2":2,"3":1,"4":1},"f":{"0":0,"1":2},"b":{},"_coverageSchema":"1a1c01bbd47fc00a2c39e90264f33305004495a9","hash":"060108a0034eb21826fa30a6ad9279201fe4fddc"}
,"/home/runner/work/Service-Canada-Labs/Service-Canada-Labs/components/atoms/TableOfContents.js": {"path":"/home/runner/work/Service-Canada-Labs/Service-Canada-Labs/components/atoms/TableOfContents.js","statementMap":{"0":{"start":{"line":4,"column":2},"end":{"line":22,"column":4}},"1":{"start":{"line":10,"column":12},"end":{"line":17,"column":17}},"2":{"start":{"line":25,"column":0},"end":{"line":34,"column":2}}},"fnMap":{"0":{"name":"TableOfContents","decl":{"start":{"line":3,"column":16},"end":{"line":3,"column":31}},"loc":{"start":{"line":3,"column":39},"end":{"line":23,"column":1}},"line":3},"1":{"name":"(anonymous_1)","decl":{"start":{"line":9,"column":30},"end":{"line":9,"column":31}},"loc":{"start":{"line":10,"column":12},"end":{"line":17,"column":17}},"line":10}},"branchMap":{},"s":{"0":4,"1":7,"2":2},"f":{"0":4,"1":7},"b":{},"_coverageSchema":"1a1c01bbd47fc00a2c39e90264f33305004495a9","hash":"68a381a6ebc5f43ebf320ffdab11375c92ed4354"}
,"/home/runner/work/Service-Canada-Labs/Service-Canada-Labs/components/atoms/TableOfContents.stories.js": {"path":"/home/runner/work/Service-Canada-Labs/Service-Canada-Labs/components/atoms/TableOfContents.stories.js","statementMap":{"0":{"start":{"line":8,"column":17},"end":{"line":8,"column":56}},"1":{"start":{"line":8,"column":27},"end":{"line":8,"column":56}},"2":{"start":{"line":10,"column":23},"end":{"line":10,"column":40}},"3":{"start":{"line":12,"column":0},"end":{"line":15,"column":2}}},"fnMap":{"0":{"name":"(anonymous_0)","decl":{"start":{"line":8,"column":17},"end":{"line":8,"column":18}},"loc":{"start":{"line":8,"column":27},"end":{"line":8,"column":56}},"line":8}},"branchMap":{},"s":{"0":1,"1":2,"2":1,"3":1},"f":{"0":2},"b":{},"_coverageSchema":"1a1c01bbd47fc00a2c39e90264f33305004495a9","hash":"9b5f5e62a68e6c5d315200f938d93414f7e6477d"}
,"/home/runner/work/Service-Canada-Labs/Service-Canada-Labs/components/atoms/TextField.js": {"path":"/home/runner/work/Service-Canada-Labs/Service-Canada-Labs/components/atoms/TextField.js","statementMap":{"0":{"start":{"line":9,"column":16},"end":{"line":9,"column":40}},"1":{"start":{"line":11,"column":28},"end":{"line":15,"column":8}},"2":{"start":{"line":16,"column":2},"end":{"line":68,"column":4}},"3":{"start":{"line":61,"column":25},"end":{"line":61,"column":62}},"4":{"start":{"line":71,"column":0},"end":{"line":74,"column":2}},"5":{"start":{"line":76,"column":0},"end":{"line":176,"column":2}}},"fnMap":{"0":{"name":"TextField","decl":{"start":{"line":8,"column":16},"end":{"line":8,"column":25}},"loc":{"start":{"line":8,"column":33},"end":{"line":69,"column":1}},"line":8},"1":{"name":"(anonymous_1)","decl":{"start":{"line":61,"column":18},"end":{"line":61,"column":19}},"loc":{"start":{"line":61,"column":25},"end":{"line":61,"column":62}},"line":61}},"branchMap":{"0":{"loc":{"start":{"line":11,"column":28},"end":{"line":15,"column":8}},"type":"cond-expr","locations":[{"start":{"line":12,"column":6},"end":{"line":14,"column":7}},{"start":{"line":15,"column":6},"end":{"line":15,"column":8}}],"line":11},"1":{"loc":{"start":{"line":19,"column":8},"end":{"line":19,"column":60}},"type":"cond-expr","locations":[{"start":{"line":19,"column":26},"end":{"line":19,"column":47}},{"start":{"line":19,"column":50},"end":{"line":19,"column":60}}],"line":19},"2":{"loc":{"start":{"line":24,"column":10},"end":{"line":24,"column":44}},"type":"cond-expr","locations":[{"start":{"line":24,"column":28},"end":{"line":24,"column":39}},{"start":{"line":24,"column":42},"end":{"line":24,"column":44}}],"line":24},"3":{"loc":{"start":{"line":28,"column":9},"end":{"line":32,"column":21}},"type":"cond-expr","locations":[{"start":{"line":29,"column":10},"end":{"line":31,"column":14}},{"start":{"line":32,"column":12},"end":{"line":32,"column":21}}],"line":28},"4":{"loc":{"start":{"line":35,"column":7},"end":{"line":44,"column":7}},"type":"cond-expr","locations":[{"start":{"line":36,"column":8},"end":{"line":41,"column":12}},{"start":{"line":43,"column":8},"end":{"line":43,"column":10}}],"line":35},"5":{"loc":{"start":{"line":46,"column":7},"end":{"line":46,"column":69}},"type":"cond-expr","locations":[{"start":{"line":46,"column":21},"end":{"line":46,"column":57}},{"start":{"line":46,"column":60},"end":{"line":46,"column":69}}],"line":46},"6":{"loc":{"start":{"line":49,"column":10},"end":{"line":49,"column":66}},"type":"cond-expr","locations":[{"start":{"line":49,"column":24},"end":{"line":49,"column":49}},{"start":{"line":49,"column":52},"end":{"line":49,"column":66}}],"line":49},"7":{"loc":{"start":{"line":50,"column":12},"end":{"line":50,"column":42}},"type":"cond-expr","locations":[{"start":{"line":50,"column":28},"end":{"line":50,"column":37}},{"start":{"line":50,"column":40},"end":{"line":50,"column":42}}],"line":50},"8":{"loc":{"start":{"line":60,"column":22},"end":{"line":60,"column":54}},"type":"cond-expr","locations":[{"start":{"line":60,"column":36},"end":{"line":60,"column":42}},{"start":{"line":60,"column":45},"end":{"line":60,"column":54}}],"line":60}},"s":{"0":9,"1":9,"2":9,"3":2,"4":18,"5":18},"f":{"0":9,"1":2},"b":{"0":[6,3],"1":[3,6],"2":[4,5],"3":[3,6],"4":[2,7],"5":[0,9],"6":[0,9],"7":[1,8],"8":[0,9]},"_coverageSchema":"1a1c01bbd47fc00a2c39e90264f33305004495a9","hash":"1a8f30eccaa3fc9476a969a54bfed456c34118a9"}
,"/home/runner/work/Service-Canada-Labs/Service-Canada-Labs/components/atoms/TextField.stories.js": {"path":"/home/runner/work/Service-Canada-Labs/Service-Canada-Labs/components/atoms/TextField.stories.js","statementMap":{"0":{"start":{"line":9,"column":6},"end":{"line":13,"column":12}},"1":{"start":{"line":18,"column":17},"end":{"line":18,"column":50}},"2":{"start":{"line":18,"column":27},"end":{"line":18,"column":50}},"3":{"start":{"line":20,"column":23},"end":{"line":20,"column":40}},"4":{"start":{"line":21,"column":0},"end":{"line":27,"column":2}},"5":{"start":{"line":29,"column":28},"end":{"line":29,"column":45}},"6":{"start":{"line":30,"column":0},"end":{"line":37,"column":2}},"7":{"start":{"line":39,"column":25},"end":{"line":39,"column":42}},"8":{"start":{"line":40,"column":0},"end":{"line":48,"column":2}}},"fnMap":{"0":{"name":"(anonymous_0)","decl":{"start":{"line":8,"column":4},"end":{"line":8,"column":5}},"loc":{"start":{"line":9,"column":6},"end":{"line":13,"column":12}},"line":9},"1":{"name":"(anonymous_1)","decl":{"start":{"line":18,"column":17},"end":{"line":18,"column":18}},"loc":{"start":{"line":18,"column":27},"end":{"line":18,"column":50}},"line":18}},"branchMap":{},"s":{"0":0,"1":1,"2":4,"3":1,"4":1,"5":1,"6":1,"7":1,"8":1},"f":{"0":0,"1":4},"b":{},"_coverageSchema":"1a1c01bbd47fc00a2c39e90264f33305004495a9","hash":"12a7fb839353e64f3383019a4f7a402276bee374"}
,"/home/runner/work/Service-Canada-Labs/Service-Canada-Labs/components/molecules/CallToAction.js": {"path":"/home/runner/work/Service-Canada-Labs/Service-Canada-Labs/components/molecules/CallToAction.js","statementMap":{"0":{"start":{"line":12,"column":16},"end":{"line":12,"column":40}},"1":{"start":{"line":13,"column":2},"end":{"line":82,"column":4}},"2":{"start":{"line":85,"column":0},"end":{"line":118,"column":2}}},"fnMap":{"0":{"name":"CallToAction","decl":{"start":{"line":11,"column":16},"end":{"line":11,"column":28}},"loc":{"start":{"line":11,"column":36},"end":{"line":83,"column":1}},"line":11}},"branchMap":{"0":{"loc":{"start":{"line":31,"column":15},"end":{"line":45,"column":15}},"type":"cond-expr","locations":[{"start":{"line":32,"column":16},"end":{"line":39,"column":22}},{"start":{"line":41,"column":16},"end":{"line":44,"column":18}}],"line":31},"1":{"loc":{"start":{"line":55,"column":22},"end":{"line":61,"column":35}},"type":"cond-expr","locations":[{"start":{"line":56,"column":24},"end":{"line":60,"column":26}},{"start":{"line":61,"column":26},"end":{"line":61,"column":35}}],"line":55},"2":{"loc":{"start":{"line":63,"column":29},"end":{"line":63,"column":77}},"type":"cond-expr","locations":[{"start":{"line":63,"column":52},"end":{"line":63,"column":65}},{"start":{"line":63,"column":68},"end":{"line":63,"column":77}}],"line":63},"3":{"loc":{"start":{"line":68,"column":19},"end":{"line":74,"column":19}},"type":"cond-expr","locations":[{"start":{"line":68,"column":42},"end":{"line":68,"column":51}},{"start":{"line":69,"column":20},"end":{"line":73,"column":27}}],"line":68}},"s":{"0":10,"1":10,"2":7},"f":{"0":10},"b":{"0":[8,2],"1":[0,10],"2":[0,10],"3":[0,10]},"_coverageSchema":"1a1c01bbd47fc00a2c39e90264f33305004495a9","hash":"bc235c9ef6706644c4962352610136f93ba8bbb3"}
,"/home/runner/work/Service-Canada-Labs/Service-Canada-Labs/components/molecules/CallToAction.stories.js": {"path":"/home/runner/work/Service-Canada-Labs/Service-Canada-Labs/components/molecules/CallToAction.stories.js","statementMap":{"0":{"start":{"line":9,"column":17},"end":{"line":9,"column":53}},"1":{"start":{"line":9,"column":27},"end":{"line":9,"column":53}},"2":{"start":{"line":11,"column":23},"end":{"line":11,"column":40}},"3":{"start":{"line":12,"column":25},"end":{"line":12,"column":42}},"4":{"start":{"line":13,"column":0},"end":{"line":18,"column":2}},"5":{"start":{"line":20,"column":0},"end":{"line":25,"column":2}}},"fnMap":{"0":{"name":"(anonymous_0)","decl":{"start":{"line":9,"column":17},"end":{"line":9,"column":18}},"loc":{"start":{"line":9,"column":27},"end":{"line":9,"column":53}},"line":9}},"branchMap":{},"s":{"0":1,"1":3,"2":1,"3":1,"4":1,"5":1},"f":{"0":3},"b":{},"_coverageSchema":"1a1c01bbd47fc00a2c39e90264f33305004495a9","hash":"c1699a0be85431a85e768f472a24920d5138096d"}
,"/home/runner/work/Service-Canada-Labs/Service-Canada-Labs/components/molecules/Card.js": {"path":"/home/runner/work/Service-Canada-Labs/Service-Canada-Labs/components/molecules/Card.js","statementMap":{"0":{"start":{"line":10,"column":20},"end":{"line":87,"column":1}},"1":{"start":{"line":11,"column":21},"end":{"line":15,"column":3}},"2":{"start":{"line":17,"column":2},"end":{"line":86,"column":4}},"3":{"start":{"line":89,"column":0},"end":{"line":149,"column":2}}},"fnMap":{"0":{"name":"(anonymous_0)","decl":{"start":{"line":10,"column":20},"end":{"line":10,"column":21}},"loc":{"start":{"line":10,"column":31},"end":{"line":87,"column":1}},"line":10}},"branchMap":{"0":{"loc":{"start":{"line":20,"column":21},"end":{"line":20,"column":63}},"type":"binary-expr","locations":[{"start":{"line":20,"column":21},"end":{"line":20,"column":42}},{"start":{"line":20,"column":46},"end":{"line":20,"column":63}}],"line":20},"1":{"loc":{"start":{"line":25,"column":7},"end":{"line":29,"column":7}},"type":"cond-expr","locations":[{"start":{"line":26,"column":8},"end":{"line":26,"column":77}},{"start":{"line":28,"column":8},"end":{"line":28,"column":10}}],"line":25},"2":{"loc":{"start":{"line":37,"column":13},"end":{"line":47,"column":13}},"type":"cond-expr","locations":[{"start":{"line":38,"column":14},"end":{"line":44,"column":15}},{"start":{"line":46,"column":14},"end":{"line":46,"column":16}}],"line":37},"3":{"loc":{"start":{"line":38,"column":14},"end":{"line":44,"column":15}},"type":"cond-expr","locations":[{"start":{"line":39,"column":16},"end":{"line":41,"column":22}},{"start":{"line":43,"column":16},"end":{"line":43,"column":18}}],"line":38},"4":{"loc":{"start":{"line":50,"column":9},"end":{"line":56,"column":9}},"type":"cond-expr","locations":[{"start":{"line":51,"column":10},"end":{"line":53,"column":14}},{"start":{"line":55,"column":10},"end":{"line":55,"column":12}}],"line":50},"5":{"loc":{"start":{"line":58,"column":7},"end":{"line":70,"column":7}},"type":"cond-expr","locations":[{"start":{"line":59,"column":8},"end":{"line":67,"column":15}},{"start":{"line":69,"column":8},"end":{"line":69,"column":10}}],"line":58},"6":{"loc":{"start":{"line":61,"column":25},"end":{"line":61,"column":67}},"type":"binary-expr","locations":[{"start":{"line":61,"column":25},"end":{"line":61,"column":46}},{"start":{"line":61,"column":50},"end":{"line":61,"column":67}}],"line":61},"7":{"loc":{"start":{"line":63,"column":21},"end":{"line":63,"column":63}},"type":"binary-expr","locations":[{"start":{"line":63,"column":21},"end":{"line":63,"column":42}},{"start":{"line":63,"column":46},"end":{"line":63,"column":63}}],"line":63},"8":{"loc":{"start":{"line":74,"column":7},"end":{"line":84,"column":7}},"type":"cond-expr","locations":[{"start":{"line":75,"column":8},"end":{"line":81,"column":10}},{"start":{"line":83,"column":8},"end":{"line":83,"column":10}}],"line":74}},"s":{"0":3,"1":9,"2":9,"3":3},"f":{"0":9},"b":{"0":[9,6],"1":[2,4],"2":[0,6],"3":[0,0],"4":[1,5],"5":[1,5],"6":[1,1],"7":[1,1],"8":[0,6]},"_coverageSchema":"1a1c01bbd47fc00a2c39e90264f33305004495a9","hash":"7035490c7a2a4543dc8614b24181c73767497801"}
,"/home/runner/work/Service-Canada-Labs/Service-Canada-Labs/components/molecules/Card.stories.js": {"path":"/home/runner/work/Service-Canada-Labs/Service-Canada-Labs/components/molecules/Card.stories.js","statementMap":{"0":{"start":{"line":10,"column":17},"end":{"line":10,"column":45}},"1":{"start":{"line":10,"column":27},"end":{"line":10,"column":45}},"2":{"start":{"line":12,"column":23},"end":{"line":12,"column":40}},"3":{"start":{"line":13,"column":23},"end":{"line":13,"column":40}},"4":{"start":{"line":14,"column":25},"end":{"line":14,"column":42}},"5":{"start":{"line":15,"column":24},"end":{"line":15,"column":41}},"6":{"start":{"line":16,"column":26},"end":{"line":16,"column":43}},"7":{"start":{"line":18,"column":0},"end":{"line":24,"column":2}},"8":{"start":{"line":26,"column":0},"end":{"line":33,"column":2}},"9":{"start":{"line":35,"column":0},"end":{"line":42,"column":2}},"10":{"start":{"line":44,"column":0},"end":{"line":50,"column":2}},"11":{"start":{"line":52,"column":0},"end":{"line":59,"column":2}}},"fnMap":{"0":{"name":"(anonymous_0)","decl":{"start":{"line":10,"column":17},"end":{"line":10,"column":18}},"loc":{"start":{"line":10,"column":27},"end":{"line":10,"column":45}},"line":10}},"branchMap":{},"s":{"0":1,"1":4,"2":1,"3":1,"4":1,"5":1,"6":1,"7":1,"8":1,"9":1,"10":1,"11":1},"f":{"0":4},"b":{},"_coverageSchema":"1a1c01bbd47fc00a2c39e90264f33305004495a9","hash":"2e2da0fb3a6abb851564ef1a45a237bf31baebf8"}
,"/home/runner/work/Service-Canada-Labs/Service-Canada-Labs/components/molecules/CopyToClipboard.js": {"path":"/home/runner/work/Service-Canada-Labs/Service-Canada-Labs/components/molecules/CopyToClipboard.js","statementMap":{"0":{"start":{"line":6,"column":28},"end":{"line":10,"column":8}},"1":{"start":{"line":11,"column":2},"end":{"line":36,"column":4}},"2":{"start":{"line":20,"column":25},"end":{"line":20,"column":62}},"3":{"start":{"line":39,"column":0},"end":{"line":42,"column":2}},"4":{"start":{"line":44,"column":0},"end":{"line":136,"column":2}}},"fnMap":{"0":{"name":"CopyToClipboard","decl":{"start":{"line":5,"column":16},"end":{"line":5,"column":31}},"loc":{"start":{"line":5,"column":39},"end":{"line":37,"column":1}},"line":5},"1":{"name":"(anonymous_1)","decl":{"start":{"line":20,"column":18},"end":{"line":20,"column":19}},"loc":{"start":{"line":20,"column":25},"end":{"line":20,"column":62}},"line":20}},"branchMap":{"0":{"loc":{"start":{"line":6,"column":28},"end":{"line":10,"column":8}},"type":"cond-expr","locations":[{"start":{"line":7,"column":6},"end":{"line":9,"column":7}},{"start":{"line":10,"column":6},"end":{"line":10,"column":8}}],"line":6}},"s":{"0":4,"1":4,"2":1,"3":2,"4":2},"f":{"0":4,"1":1},"b":{"0":[4,0]},"_coverageSchema":"1a1c01bbd47fc00a2c39e90264f33305004495a9","hash":"bc0835bff11bd3549e57ce3e31aa35254945bcef"}
,"/home/runner/work/Service-Canada-Labs/Service-Canada-Labs/components/molecules/CopyToClipboard.stories.js": {"path":"/home/runner/work/Service-Canada-Labs/Service-Canada-Labs/components/molecules/CopyToClipboard.stories.js","statementMap":{"0":{"start":{"line":9,"column":17},"end":{"line":9,"column":56}},"1":{"start":{"line":9,"column":27},"end":{"line":9,"column":56}},"2":{"start":{"line":11,"column":23},"end":{"line":11,"column":40}},"3":{"start":{"line":13,"column":0},"end":{"line":22,"column":2}}},"fnMap":{"0":{"name":"(anonymous_0)","decl":{"start":{"line":9,"column":17},"end":{"line":9,"column":18}},"loc":{"start":{"line":9,"column":27},"end":{"line":9,"column":56}},"line":9}},"branchMap":{},"s":{"0":1,"1":2,"2":1,"3":1},"f":{"0":2},"b":{},"_coverageSchema":"1a1c01bbd47fc00a2c39e90264f33305004495a9","hash":"3f25d214d88bdfd33845b3eb47504df5a4cace87"}
,"/home/runner/work/Service-Canada-Labs/Service-Canada-Labs/components/molecules/Details.js": {"path":"/home/runner/work/Service-Canada-Labs/Service-Canada-Labs/components/molecules/Details.js","statementMap":{"0":{"start":{"line":7,"column":2},"end":{"line":16,"column":4}},"1":{"start":{"line":19,"column":0},"end":{"line":44,"column":2}}},"fnMap":{"0":{"name":"Details","decl":{"start":{"line":6,"column":16},"end":{"line":6,"column":23}},"loc":{"start":{"line":6,"column":31},"end":{"line":17,"column":1}},"line":6}},"branchMap":{},"s":{"0":34,"1":17},"f":{"0":34},"b":{},"_coverageSchema":"1a1c01bbd47fc00a2c39e90264f33305004495a9","hash":"b7785466445b9cf9d425d3edb22f24479f342d90"}
,"/home/runner/work/Service-Canada-Labs/Service-Canada-Labs/components/molecules/Details.stories.js": {"path":"/home/runner/work/Service-Canada-Labs/Service-Canada-Labs/components/molecules/Details.stories.js","statementMap":{"0":{"start":{"line":9,"column":17},"end":{"line":9,"column":48}},"1":{"start":{"line":9,"column":27},"end":{"line":9,"column":48}},"2":{"start":{"line":11,"column":23},"end":{"line":11,"column":40}},"3":{"start":{"line":12,"column":0},"end":{"line":17,"column":2}}},"fnMap":{"0":{"name":"(anonymous_0)","decl":{"start":{"line":9,"column":17},"end":{"line":9,"column":18}},"loc":{"start":{"line":9,"column":27},"end":{"line":9,"column":48}},"line":9}},"branchMap":{},"s":{"0":1,"1":2,"2":1,"3":1},"f":{"0":2},"b":{},"_coverageSchema":"1a1c01bbd47fc00a2c39e90264f33305004495a9","hash":"d9b80512d9456e87f718ae7bea687ae8676a0f0f"}
,"/home/runner/work/Service-Canada-Labs/Service-Canada-Labs/components/molecules/ErrorBox.js": {"path":"/home/runner/work/Service-Canada-Labs/Service-Canada-Labs/components/molecules/ErrorBox.js","statementMap":{"0":{"start":{"line":8,"column":2},"end":{"line":40,"column":4}},"1":{"start":{"line":24,"column":10},"end":{"line":36,"column":12}},"2":{"start":{"line":29,"column":31},"end":{"line":29,"column":48}},"3":{"start":{"line":43,"column":0},"end":{"line":45,"column":2}},"4":{"start":{"line":47,"column":0},"end":{"line":69,"column":2}}},"fnMap":{"0":{"name":"ErrorBox","decl":{"start":{"line":7,"column":16},"end":{"line":7,"column":24}},"loc":{"start":{"line":7,"column":32},"end":{"line":41,"column":1}},"line":7},"1":{"name":"(anonymous_1)","decl":{"start":{"line":23,"column":26},"end":{"line":23,"column":27}},"loc":{"start":{"line":23,"column":44},"end":{"line":37,"column":9}},"line":23},"2":{"name":"(anonymous_2)","decl":{"start":{"line":29,"column":25},"end":{"line":29,"column":26}},"loc":{"start":{"line":29,"column":31},"end":{"line":29,"column":48}},"line":29}},"branchMap":{},"s":{"0":3,"1":9,"2":1,"3":2,"4":2},"f":{"0":3,"1":9,"2":1},"b":{},"_coverageSchema":"1a1c01bbd47fc00a2c39e90264f33305004495a9","hash":"68c79e4beeff3c91f01aff07e957d98f66d347c7"}
,"/home/runner/work/Service-Canada-Labs/Service-Canada-Labs/components/molecules/ErrorBox.stories.js": {"path":"/home/runner/work/Service-Canada-Labs/Service-Canada-Labs/components/molecules/ErrorBox.stories.js","statementMap":{"0":{"start":{"line":9,"column":6},"end":{"line":16,"column":12}},"1":{"start":{"line":21,"column":17},"end":{"line":21,"column":49}},"2":{"start":{"line":21,"column":27},"end":{"line":21,"column":49}},"3":{"start":{"line":23,"column":23},"end":{"line":23,"column":40}},"4":{"start":{"line":25,"column":0},"end":{"line":41,"column":2}}},"fnMap":{"0":{"name":"(anonymous_0)","decl":{"start":{"line":8,"column":4},"end":{"line":8,"column":5}},"loc":{"start":{"line":9,"column":6},"end":{"line":16,"column":12}},"line":9},"1":{"name":"(anonymous_1)","decl":{"start":{"line":21,"column":17},"end":{"line":21,"column":18}},"loc":{"start":{"line":21,"column":27},"end":{"line":21,"column":49}},"line":21}},"branchMap":{},"s":{"0":0,"1":1,"2":3,"3":1,"4":1},"f":{"0":0,"1":3},"b":{},"_coverageSchema":"1a1c01bbd47fc00a2c39e90264f33305004495a9","hash":"a226db6b059163ad7eaef7f35808bf4e70453faf"}
,"/home/runner/work/Service-Canada-Labs/Service-Canada-Labs/components/molecules/FeedbackWidget.js": {"path":"/home/runner/work/Service-Canada-Labs/Service-Canada-Labs/components/molecules/FeedbackWidget.js","statementMap":{"0":{"start":{"line":15,"column":30},"end":{"line":298,"column":1}},"1":{"start":{"line":21,"column":36},"end":{"line":21,"column":51}},"2":{"start":{"line":22,"column":44},"end":{"line":22,"column":59}},"3":{"start":{"line":23,"column":16},"end":{"line":23,"column":40}},"4":{"start":{"line":24,"column":34},"end":{"line":24,"column":65}},"5":{"start":{"line":25,"column":16},"end":{"line":25,"column":69}},"6":{"start":{"line":26,"column":28},"end":{"line":26,"column":42}},"7":{"start":{"line":27,"column":18},"end":{"line":27,"column":22}},"8":{"start":{"line":29,"column":2},"end":{"line":29,"column":27}},"9":{"start":{"line":31,"column":2},"end":{"line":36,"column":21}},"10":{"start":{"line":32,"column":4},"end":{"line":35,"column":5}},"11":{"start":{"line":33,"column":6},"end":{"line":33,"column":27}},"12":{"start":{"line":34,"column":6},"end":{"line":34,"column":22}},"13":{"start":{"line":39,"column":21},"end":{"line":55,"column":4}},"14":{"start":{"line":43,"column":8},"end":{"line":52,"column":11}},"15":{"start":{"line":44,"column":10},"end":{"line":51,"column":11}},"16":{"start":{"line":46,"column":14},"end":{"line":46,"column":52}},"17":{"start":{"line":47,"column":14},"end":{"line":47,"column":20}},"18":{"start":{"line":49,"column":14},"end":{"line":49,"column":52}},"19":{"start":{"line":50,"column":14},"end":{"line":50,"column":20}},"20":{"start":{"line":53,"column":8},"end":{"line":53,"column":22}},"21":{"start":{"line":58,"column":4},"end":{"line":58,"column":54}},"22":{"start":{"line":61,"column":34},"end":{"line":61,"column":46}},"23":{"start":{"line":62,"column":44},"end":{"line":62,"column":56}},"24":{"start":{"line":63,"column":25},"end":{"line":69,"column":4}},"25":{"start":{"line":71,"column":24},"end":{"line":119,"column":3}},"26":{"start":{"line":73,"column":4},"end":{"line":73,"column":23}},"27":{"start":{"line":75,"column":4},"end":{"line":75,"column":31}},"28":{"start":{"line":77,"column":21},"end":{"line":77,"column":33}},"29":{"start":{"line":79,"column":26},"end":{"line":79,"column":58}},"30":{"start":{"line":81,"column":4},"end":{"line":85,"column":6}},"31":{"start":{"line":88,"column":22},"end":{"line":91,"column":6}},"32":{"start":{"line":92,"column":18},"end":{"line":92,"column":37}},"33":{"start":{"line":94,"column":4},"end":{"line":118,"column":5}},"34":{"start":{"line":96,"column":23},"end":{"line":102,"column":8}},"35":{"start":{"line":105,"column":6},"end":{"line":111,"column":7}},"36":{"start":{"line":106,"column":8},"end":{"line":106,"column":49}},"37":{"start":{"line":107,"column":8},"end":{"line":107,"column":24}},"38":{"start":{"line":108,"column":8},"end":{"line":108,"column":23}},"39":{"start":{"line":110,"column":8},"end":{"line":110,"column":46}},"40":{"start":{"line":113,"column":6},"end":{"line":113,"column":25}},"41":{"start":{"line":114,"column":6},"end":{"line":114,"column":30}},"42":{"start":{"line":115,"column":6},"end":{"line":115,"column":28}},"43":{"start":{"line":117,"column":6},"end":{"line":117,"column":38}},"44":{"start":{"line":121,"column":2},"end":{"line":297,"column":4}},"45":{"start":{"line":176,"column":43},"end":{"line":176,"column":65}},"46":{"start":{"line":202,"column":22},"end":{"line":202,"column":35}},"47":{"start":{"line":203,"column":22},"end":{"line":203,"column":37}},"48":{"start":{"line":272,"column":37},"end":{"line":272,"column":71}},"49":{"start":{"line":274,"column":22},"end":{"line":274,"column":72}},"50":{"start":{"line":300,"column":0},"end":{"line":305,"column":2}}},"fnMap":{"0":{"name":"(anonymous_0)","decl":{"start":{"line":15,"column":30},"end":{"line":15,"column":31}},"loc":{"start":{"line":20,"column":6},"end":{"line":298,"column":1}},"line":20},"1":{"name":"(anonymous_1)","decl":{"start":{"line":31,"column":12},"end":{"line":31,"column":13}},"loc":{"start":{"line":31,"column":18},"end":{"line":36,"column":3}},"line":31},"2":{"name":"(anonymous_2)","decl":{"start":{"line":42,"column":13},"end":{"line":42,"column":14}},"loc":{"start":{"line":42,"column":25},"end":{"line":54,"column":7}},"line":42},"3":{"name":"(anonymous_3)","decl":{"start":{"line":43,"column":23},"end":{"line":43,"column":24}},"loc":{"start":{"line":43,"column":34},"end":{"line":52,"column":9}},"line":43},"4":{"name":"setFocusAfterSubmit","decl":{"start":{"line":57,"column":11},"end":{"line":57,"column":30}},"loc":{"start":{"line":57,"column":33},"end":{"line":59,"column":3}},"line":57},"5":{"name":"(anonymous_5)","decl":{"start":{"line":71,"column":24},"end":{"line":71,"column":25}},"loc":{"start":{"line":71,"column":37},"end":{"line":119,"column":3}},"line":71},"6":{"name":"(anonymous_6)","decl":{"start":{"line":176,"column":37},"end":{"line":176,"column":38}},"loc":{"start":{"line":176,"column":43},"end":{"line":176,"column":65}},"line":176},"7":{"name":"(anonymous_7)","decl":{"start":{"line":201,"column":29},"end":{"line":201,"column":30}},"loc":{"start":{"line":201,"column":35},"end":{"line":204,"column":21}},"line":201},"8":{"name":"(anonymous_8)","decl":{"start":{"line":272,"column":30},"end":{"line":272,"column":31}},"loc":{"start":{"line":272,"column":37},"end":{"line":272,"column":71}},"line":272},"9":{"name":"(anonymous_9)","decl":{"start":{"line":273,"column":29},"end":{"line":273,"column":30}},"loc":{"start":{"line":274,"column":22},"end":{"line":274,"column":72}},"line":274}},"branchMap":{"0":{"loc":{"start":{"line":32,"column":4},"end":{"line":35,"column":5}},"type":"if","locations":[{"start":{"line":32,"column":4},"end":{"line":35,"column":5}},{"start":{},"end":{}}],"line":32},"1":{"loc":{"start":{"line":44,"column":10},"end":{"line":51,"column":11}},"type":"switch","locations":[{"start":{"line":45,"column":12},"end":{"line":47,"column":20}},{"start":{"line":48,"column":12},"end":{"line":50,"column":20}}],"line":44},"2":{"loc":{"start":{"line":94,"column":4},"end":{"line":118,"column":5}},"type":"if","locations":[{"start":{"line":94,"column":4},"end":{"line":118,"column":5}},{"start":{"line":116,"column":11},"end":{"line":118,"column":5}}],"line":94},"3":{"loc":{"start":{"line":105,"column":6},"end":{"line":111,"column":7}},"type":"if","locations":[{"start":{"line":105,"column":6},"end":{"line":111,"column":7}},{"start":{"line":109,"column":13},"end":{"line":111,"column":7}}],"line":105},"4":{"loc":{"start":{"line":105,"column":10},"end":{"line":105,"column":60}},"type":"binary-expr","locations":[{"start":{"line":105,"column":10},"end":{"line":105,"column":33}},{"start":{"line":105,"column":37},"end":{"line":105,"column":60}}],"line":105},"5":{"loc":{"start":{"line":123,"column":7},"end":{"line":295,"column":7}},"type":"cond-expr","locations":[{"start":{"line":124,"column":8},"end":{"line":292,"column":20}},{"start":{"line":294,"column":8},"end":{"line":294,"column":10}}],"line":123},"6":{"loc":{"start":{"line":138,"column":15},"end":{"line":188,"column":15}},"type":"cond-expr","locations":[{"start":{"line":139,"column":16},"end":{"line":185,"column":22}},{"start":{"line":187,"column":16},"end":{"line":187,"column":18}}],"line":138},"7":{"loc":{"start":{"line":140,"column":19},"end":{"line":184,"column":19}},"type":"cond-expr","locations":[{"start":{"line":141,"column":20},"end":{"line":181,"column":26}},{"start":{"line":183,"column":20},"end":{"line":183,"column":22}}],"line":140},"8":{"loc":{"start":{"line":143,"column":24},"end":{"line":145,"column":45}},"type":"cond-expr","locations":[{"start":{"line":144,"column":28},"end":{"line":144,"column":62}},{"start":{"line":145,"column":28},"end":{"line":145,"column":45}}],"line":143},"9":{"loc":{"start":{"line":151,"column":27},"end":{"line":163,"column":27}},"type":"cond-expr","locations":[{"start":{"line":152,"column":28},"end":{"line":160,"column":30}},{"start":{"line":162,"column":28},"end":{"line":162,"column":30}}],"line":151},"10":{"loc":{"start":{"line":256,"column":19},"end":{"line":261,"column":31}},"type":"cond-expr","locations":[{"start":{"line":257,"column":20},"end":{"line":260,"column":22}},{"st
[...]
:24},"end":{"line":313,"column":73}},"type":"cond-expr","locations":[{"start":{"line":312,"column":28},"end":{"line":312,"column":73}},{"start":{"line":313,"column":28},"end":{"line":313,"column":73}}],"line":311},"24":{"loc":{"start":{"line":323,"column":21},"end":{"line":325,"column":73}},"type":"cond-expr","locations":[{"start":{"line":324,"column":24},"end":{"line":324,"column":73}},{"start":{"line":325,"column":24},"end":{"line":325,"column":73}}],"line":323},"25":{"loc":{"start":{"line":338,"column":18},"end":{"line":340,"column":80}},"type":"cond-expr","locations":[{"start":{"line":339,"column":22},"end":{"line":339,"column":80}},{"start":{"line":340,"column":22},"end":{"line":340,"column":80}}],"line":338},"26":{"loc":{"start":{"line":344,"column":19},"end":{"line":346,"column":55}},"type":"cond-expr","locations":[{"start":{"line":345,"column":22},"end":{"line":345,"column":55}},{"start":{"line":346,"column":22},"end":{"line":346,"column":55}}],"line":344},"27":{"loc":{"start":{"line":349,"column":19},"end":{"line":353,"column":30}},"type":"cond-expr","locations":[{"start":{"line":350,"column":22},"end":{"line":351,"column":30}},{"start":{"line":352,"column":22},"end":{"line":353,"column":30}}],"line":349},"28":{"loc":{"start":{"line":359,"column":24},"end":{"line":361,"column":73}},"type":"cond-expr","locations":[{"start":{"line":360,"column":28},"end":{"line":360,"column":73}},{"start":{"line":361,"column":28},"end":{"line":361,"column":73}}],"line":359},"29":{"loc":{"start":{"line":371,"column":21},"end":{"line":373,"column":73}},"type":"cond-expr","locations":[{"start":{"line":372,"column":24},"end":{"line":372,"column":73}},{"start":{"line":373,"column":24},"end":{"line":373,"column":73}}],"line":371},"30":{"loc":{"start":{"line":386,"column":18},"end":{"line":388,"column":80}},"type":"cond-expr","locations":[{"start":{"line":387,"column":22},"end":{"line":387,"column":80}},{"start":{"line":388,"column":22},"end":{"line":388,"column":80}}],"line":386},"31":{"loc":{"start":{"line":392,"column":19},"end":{"line":394,"column":55}},"type":"cond-expr","locations":[{"start":{"line":393,"column":22},"end":{"line":393,"column":55}},{"start":{"line":394,"column":22},"end":{"line":394,"column":55}}],"line":392},"32":{"loc":{"start":{"line":398,"column":20},"end":{"line":398,"column":59}},"type":"cond-expr","locations":[{"start":{"line":398,"column":44},"end":{"line":398,"column":54}},{"start":{"line":398,"column":57},"end":{"line":398,"column":59}}],"line":398},"33":{"loc":{"start":{"line":401,"column":19},"end":{"line":405,"column":30}},"type":"cond-expr","locations":[{"start":{"line":402,"column":22},"end":{"line":403,"column":30}},{"start":{"line":404,"column":22},"end":{"line":405,"column":30}}],"line":401},"34":{"loc":{"start":{"line":411,"column":24},"end":{"line":413,"column":73}},"type":"cond-expr","locations":[{"start":{"line":412,"column":28},"end":{"line":412,"column":73}},{"start":{"line":413,"column":28},"end":{"line":413,"column":73}}],"line":411},"35":{"loc":{"start":{"line":423,"column":21},"end":{"line":425,"column":73}},"type":"cond-expr","locations":[{"start":{"line":424,"column":24},"end":{"line":424,"column":73}},{"start":{"line":425,"column":24},"end":{"line":425,"column":73}}],"line":423},"36":{"loc":{"start":{"line":442,"column":7},"end":{"line":446,"column":7}},"type":"cond-expr","locations":[{"start":{"line":443,"column":8},"end":{"line":443,"column":71}},{"start":{"line":445,"column":8},"end":{"line":445,"column":10}}],"line":442}},"s":{"0":1,"1":1,"2":1,"3":1,"4":0,"5":0,"6":1,"7":3,"8":1,"9":0,"10":0},"f":{"0":1,"1":1,"2":3,"3":0},"b":{"0":[0,1],"1":[0,0],"2":[0,1],"3":[0,1],"4":[0,1],"5":[0,1],"6":[0,1],"7":[0,1],"8":[0,1],"9":[0,1],"10":[0,1],"11":[0,1],"12":[0,1],"13":[0,1],"14":[0,1],"15":[0,1],"16":[0,1],"17":[0,1],"18":[0,1],"19":[0,1],"20":[0,1],"21":[0,1],"22":[0,1],"23":[0,1],"24":[0,1],"25":[0,1],"26":[0,1],"27":[0,1],"28":[0,1],"29":[0,1],"30":[0,1],"31":[0,1],"32":[0,1],"33":[0,1],"34":[0,1],"35":[0,1],"36":[0,1]},"_coverageSchema":"1a1c01bbd47fc00a2c39e90264f33305004495a9","hash":"502b76838f6b66421e2fe2160b8e49b4ac951659"}
,"/home/runner/work/Service-Canada-Labs/Service-Canada-Labs/pages/signup/privacy.js": {"path":"/home/runner/work/Service-Canada-Labs/Service-Canada-Labs/pages/signup/privacy.js","statementMap":{"0":{"start":{"line":12,"column":16},"end":{"line":12,"column":40}},"1":{"start":{"line":13,"column":21},"end":{"line":13,"column":50}},"2":{"start":{"line":14,"column":34},"end":{"line":14,"column":46}},"3":{"start":{"line":16,"column":2},"end":{"line":29,"column":9}},"4":{"start":{"line":17,"column":28},"end":{"line":22,"column":9}},"5":{"start":{"line":18,"column":27},"end":{"line":18,"column":37}},"6":{"start":{"line":19,"column":25},"end":{"line":22,"column":7}},"7":{"start":{"line":23,"column":4},"end":{"line":23,"column":33}},"8":{"start":{"line":25,"column":4},"end":{"line":28,"column":5}},"9":{"start":{"line":26,"column":6},"end":{"line":26,"column":58}},"10":{"start":{"line":27,"column":6},"end":{"line":27,"column":56}},"11":{"start":{"line":31,"column":2},"end":{"line":418,"column":4}},"12":{"start":{"line":171,"column":16},"end":{"line":171,"column":76}},"13":{"start":{"line":184,"column":16},"end":{"line":184,"column":76}},"14":{"start":{"line":421,"column":30},"end":{"line":431,"column":1}},"15":{"start":{"line":422,"column":19},"end":{"line":422,"column":75}},"16":{"start":{"line":423,"column":2},"end":{"line":430,"column":4}}},"fnMap":{"0":{"name":"Privacy","decl":{"start":{"line":11,"column":24},"end":{"line":11,"column":31}},"loc":{"start":{"line":11,"column":39},"end":{"line":419,"column":1}},"line":11},"1":{"name":"(anonymous_1)","decl":{"start":{"line":16,"column":12},"end":{"line":16,"column":13}},"loc":{"start":{"line":16,"column":18},"end":{"line":29,"column":3}},"line":16},"2":{"name":"(anonymous_2)","decl":{"start":{"line":18,"column":14},"end":{"line":18,"column":15}},"loc":{"start":{"line":18,"column":27},"end":{"line":18,"column":37}},"line":18},"3":{"name":"(anonymous_3)","decl":{"start":{"line":19,"column":11},"end":{"line":19,"column":12}},"loc":{"start":{"line":19,"column":25},"end":{"line":22,"column":7}},"line":19},"4":{"name":"(anonymous_4)","decl":{"start":{"line":170,"column":20},"end":{"line":170,"column":21}},"loc":{"start":{"line":171,"column":16},"end":{"line":171,"column":76}},"line":171},"5":{"name":"(anonymous_5)","decl":{"start":{"line":183,"column":20},"end":{"line":183,"column":21}},"loc":{"start":{"line":184,"column":16},"end":{"line":184,"column":76}},"line":184},"6":{"name":"(anonymous_6)","decl":{"start":{"line":421,"column":30},"end":{"line":421,"column":31}},"loc":{"start":{"line":421,"column":52},"end":{"line":431,"column":1}},"line":421}},"branchMap":{"0":{"loc":{"start":{"line":21,"column":14},"end":{"line":21,"column":39}},"type":"binary-expr","locations":[{"start":{"line":21,"column":14},"end":{"line":21,"column":33}},{"start":{"line":21,"column":37},"end":{"line":21,"column":39}}],"line":21},"1":{"loc":{"start":{"line":25,"column":4},"end":{"line":28,"column":5}},"type":"if","locations":[{"start":{"line":25,"column":4},"end":{"line":28,"column":5}},{"start":{},"end":{}}],"line":25},"2":{"loc":{"start":{"line":26,"column":30},"end":{"line":26,"column":57}},"type":"binary-expr","locations":[{"start":{"line":26,"column":30},"end":{"line":26,"column":51}},{"start":{"line":26,"column":55},"end":{"line":26,"column":57}}],"line":26},"3":{"loc":{"start":{"line":42,"column":11},"end":{"line":46,"column":11}},"type":"cond-expr","locations":[{"start":{"line":43,"column":12},"end":{"line":43,"column":52}},{"start":{"line":45,"column":12},"end":{"line":45,"column":14}}],"line":42},"4":{"loc":{"start":{"line":63,"column":21},"end":{"line":63,"column":58}},"type":"cond-expr","locations":[{"start":{"line":63,"column":45},"end":{"line":63,"column":50}},{"start":{"line":63,"column":53},"end":{"line":63,"column":58}}],"line":63},"5":{"loc":{"start":{"line":135,"column":13},"end":{"line":135,"column":76}},"type":"cond-expr","locations":[{"start":{"line":135,"column":37},"end":{"line":135,"column":55}},{"start":{"line":135,"column":58},"end":{"line":135,"column":76}}],"line":135},"6":{"loc":{"start":{"line":140,"column":16},"end":{"line":142,"column":80}},"type":"cond-expr","locations":[{"start":{"line":141,"column":20},"end":{"line":141,"column":80}},{"start":{"line":142,"column":20},"end":{"line":142,"column":80}}],"line":140},"7":{"loc":{"start":{"line":145,"column":16},"end":{"line":147,"column":80}},"type":"cond-expr","locations":[{"start":{"line":146,"column":20},"end":{"line":146,"column":80}},{"start":{"line":147,"column":20},"end":{"line":147,"column":80}}],"line":145},"8":{"loc":{"start":{"line":157,"column":15},"end":{"line":159,"column":78}},"type":"cond-expr","locations":[{"start":{"line":158,"column":18},"end":{"line":158,"column":78}},{"start":{"line":159,"column":18},"end":{"line":159,"column":78}}],"line":157},"9":{"loc":{"start":{"line":162,"column":15},"end":{"line":164,"column":78}},"type":"cond-expr","locations":[{"start":{"line":163,"column":18},"end":{"line":163,"column":78}},{"start":{"line":164,"column":18},"end":{"line":164,"column":78}}],"line":162},"10":{"loc":{"start":{"line":167,"column":16},"end":{"line":169,"column":69}},"type":"cond-expr","locations":[{"start":{"line":168,"column":18},"end":{"line":168,"column":69}},{"start":{"line":169,"column":18},"end":{"line":169,"column":69}}],"line":167},"11":{"loc":{"start":{"line":175,"column":15},"end":{"line":177,"column":78}},"type":"cond-expr","locations":[{"start":{"line":176,"column":18},"end":{"line":176,"column":78}},{"start":{"line":177,"column":18},"end":{"line":177,"column":78}}],"line":175},"12":{"loc":{"start":{"line":180,"column":16},"end":{"line":182,"column":69}},"type":"cond-expr","locations":[{"start":{"line":181,"column":18},"end":{"line":181,"column":69}},{"start":{"line":182,"column":18},"end":{"line":182,"column":69}}],"line":180},"13":{"loc":{"start":{"line":188,"column":15},"end":{"line":190,"column":78}},"type":"cond-expr","locations":[{"start":{"line":189,"column":18},"end":{"line":189,"column":78}},{"start":{"line":190,"column":18},"end":{"line":190,"column":78}}],"line":188},"14":{"loc":{"start":{"line":194,"column":19},"end":{"line":198,"column":30}},"type":"cond-expr","locations":[{"start":{"line":195,"column":22},"end":{"line":196,"column":30}},{"start":{"line":197,"column":22},"end":{"line":198,"column":30}}],"line":194},"15":{"loc":{"start":{"line":200,"column":17},"end":{"line":203,"column":28}},"type":"cond-expr","locations":[{"start":{"line":201,"column":20},"end":{"line":201,"column":80}},{"start":{"line":202,"column":20},"end":{"line":203,"column":28}}],"line":200},"16":{"loc":{"start":{"line":205,"column":19},"end":{"line":209,"column":30}},"type":"cond-expr","locations":[{"start":{"line":206,"column":22},"end":{"line":207,"column":30}},{"start":{"line":208,"column":22},"end":{"line":209,"column":30}}],"line":205},"17":{"loc":{"start":{"line":211,"column":17},"end":{"line":214,"column":28}},"type":"cond-expr","locations":[{"start":{"line":212,"column":20},"end":{"line":212,"column":80}},{"start":{"line":213,"column":20},"end":{"line":214,"column":28}}],"line":211},"18":{"loc":{"start":{"line":218,"column":15},"end":{"line":220,"column":78}},"type":"cond-expr","locations":[{"start":{"line":219,"column":18},"end":{"line":219,"column":78}},{"start":{"line":220,"column":18},"end":{"line":220,"column":78}}],"line":218},"19":{"loc":{"start":{"line":223,"column":15},"end":{"line":225,"column":78}},"type":"cond-expr","locations":[{"start":{"line":224,"column":18},"end":{"line":224,"column":78}},{"start":{"line":225,"column":18},"end":{"line":225,"column":78}}],"line":223},"20":{"loc":{"start":{"line":228,"column":15},"end":{"line":230,"column":79}},"type":"cond-expr","locations":[{"start":{"line":229,"column":18},"end":{"line":229,"column":79}},{"start":{"line":230,"column":18},"end":{"line":230,"column":79}}],"line":228},"21":{"loc":{"start":{"line":233,"column":15},"end":{"line":235,"column":79}},"type":"cond-expr","locations":[{"start":{"line":234,"column":18},"end":{"line":234,"column":79}},{"start":{"line":235,"column":18},"end":{"line":235,"column":79}}],"line":233},"22":{"loc":{"start":{"line":238,"column":15},"end":{"line":240,"column":79}},"type":"cond-expr","locations":[{"start":{"line":239,"column":18},"end":{"line":239,"column":79}},{"start":{"line":240,"column":18},"end":{"line":240,"column":79}}],"line":238},"23":{"loc":{"start":{"line":243,"column":15},"end":{"line":245,"column":79}},"type":"cond-expr","locations":[{"start":{"line":244,"column":18},"end":{"line":244,"column":79}},{"start":{"line":245,"column":18},"end":{"line":245,"column":79}}],"line":243},"24":{"loc":{"start":{"line":248,"column":15},"end":{"line":250,"column":79}},"type":"cond-expr","locations":[{"start":{"line":249,"column":18},"end":{"line":249,"column":79}},{"start":{"line":250,"column":18},"end":{"line":250,"column":79}}],"line":248},"25":{"loc":{"start":{"line":253,"column":18},"end":{"line":257,"column":34}},"type":"cond-expr","locations":[{"start":{"line":254,"column":22},"end":{"line":255,"column":34}},{"start":{"line":256,"column":22},"end":{"line":257,"column":34}}],"line":253},"26":{"loc":{"start":{"line":261,"column":17},"end":{"line":265,"column":28}},"type":"cond-expr","locations":[{"start":{"line":262,"column":20},"end":{"line":263,"column":28}},{"start":{"line":264,"column":20},"end":{"line":265,"column":28}}],"line":261},"27":{"loc":{"start":{"line":267,"column":15},"end":{"line":269,"column":79}},"type":"cond-expr","locations":[{"start":{"line":268,"column":18},"end":{"line":268,"column":79}},{"start":{"line":269,"column":18},"end":{"line":269,"column":79}}],"line":267},"28":{"loc":{"start":{"line":272,"column":15},"end":{"line":274,"column":79}},"type":"cond-expr","locations":[{"start":{"line":273,"column":18},"end":{"line":273,"column":79}},{"start":{"line":274,"column":18},"end":{"line":274,"column":79}}],"line":272},"29":{"loc":{"start":{"line":277,"column":15},"end":{"line":279,"column":79}},"type":"cond-expr","locations":[{"start":{"line":278,"column":18},"end":{"line":278,"column":79}},{"start":{"line":279,"column":18},"end":{"line":279,"column":79}}],"line":277},"30":{"loc":{"start":{"line":282,"column":15},"end":{"line":284,"column":79}},"type":"cond-expr","locations":[{"start":{"line":283,"column":18},"end":{"line":283,"column":79}},{"start":{"line":284,"column":18},"end":{"line":284,"column":79}}],"line":282},"31":{"loc":{"start":{"line":287,"column":19},"end":{"line":291,"column":30}},"type":"cond-expr","locations":[{"start":{"line":288,"column":22},"end":{"line":289,"column":30}},{"start":{"line":290,"column":22},"end":{"line":291,"column":30}}],"line":287},"32":{"loc":{"start":{"line":293,"column":17},"end":{"line":297,"column":28}},"type":"cond-expr","locations":[{"start":{"line":294,"column":20},"end":{"line":295,"column":28}},{"start":{"line":296,"column":20},"end":{"line":297,"column":28}}],"line":293},"33":{"loc":{"start":{"line":300,"column":19},"end":{"line":304,"column":30}},"type":"cond-expr","locations":[{"start":{"line":301,"column":22},"end":{"line":302,"column":30}},{"start":{"line":303,"column":22},"end":{"line":304,"column":30}}],"line":300},"34":{"loc":{"start":{"line":306,"column":17},"end":{"line":310,"column":28}},"type":"cond-expr","locations":[{"start":{"line":307,"column":20},"end":{"line":308,"column":28}},{"start":{"line":309,"column":20},"end":{"line":310,"column":28}}],"line":306},"35":{"loc":{"start":{"line":312,"column":19},"end":{"line":316,"column":30}},"type":"cond-expr","locations":[{"start":{"line":313,"column":22},"end":{"line":314,"column":30}},{"start":{"line":315,"column":22},"end":{"line":316,"column":30}}],"line":312},"36":{"loc":{"start":{"line":318,"column":17},"end":{"line":322,"column":28}},"type":"cond-expr","locations":[{"start":{"line":319,"column":20},"end":{"line":320,"column":28}},{"start":{"line":321,"column":20},"end":{"line":322,"column":28}}],"line":318},"37":{"loc":{"start":{"line":326,"column":15},"end":{"line":328,"column":79}},"type":"cond-expr","locations":[{"start":{"line":327,"column":18},"end":{"line":327,"column":79}},{"start":{"line":328,"column":18},"end":{"line":328,"column":79}}],"line":326},"38":{"loc":{"start":{"line":331,"column":15},"end":{"line":333,"column":79}},"type":"cond-expr","locations":[{"start":{"line":332,"column":18},"end":{"line":332,"column":79}},{"start":{"line":333,"column":18},"end":{"line":333,"column":79}}],"line":331},"39":{"loc":{"start":{"line":336,"column":18},"end":{"line":340,"column":34}},"type":"cond-expr","locations":[{"start":{"line":337,"column":22},"end":{"line":338,"column":34}},{"start":{"line":339,"column":22},"end":{"line":340,"column":34}}],"line":336},"40":{"loc":{"start":{"line":344,"column":17},"end":{"line":348,"column":28}},"type":"cond-expr","locations":[{"start":{"line":345,"column":20},"end":{"line":346,"column":28}},{"start":{"line":347,"column":20},"end":{"line":348,"column":28}}],"line":344},"41":{"loc":{"start":{"line":354,"column":17},"end":{"line":358,"column":28}},"type":"cond-expr","locations":[{"start":{"line":355,"column":20},"end":{"line":356,"column":28}},{"start":{"line":357,"column":20},"end":{"line":358,"column":28}}],"line":354},"42":{"loc":{"start":{"line":361,"column":17},"end":{"line":365,"column":28}},"type":"cond-expr","locations":[{"start":{"line":362,"column":20},"end":{"line":363,"column":28}},{"start":{"line":364,"column":20},"end":{"line":365,"column":28}}],"line":361},"43":{"loc":{"start":{"line":369,"column":15},"end":{"line":371,"column":79}},"type":"cond-expr","locations":[{"start":{"line":370,"column":18},"end":{"line":370,"column":79}},{"start":{"line":371,"column":18},"end":{"line":371,"column":79}}],"line":369},"44":{"loc":{"start":{"line":374,"column":15},"end":{"line":376,"column":79}},"type":"cond-expr","locations":[{"start":{"line":375,"column":18},"end":{"line":375,"column":79}},{"start":{"line":376,"column":18},"end":{"line":376,"column":79}}],"line":374},"45":{"loc":{"start":{"line":379,"column":18},"end":{"line":383,"column":34}},"type":"cond-expr","locations":[{"start":{"line":380,"column":22},"end":{"line":381,"column":34}},{"start":{"line":382,"column":22},"end":{"line":383,"column":34}}],"line":379},"46":{"loc":{"start":{"line":387,"column":17},"end":{"line":391,"column":28}},"type":"cond-expr","locations":[{"start":{"line":388,"column":20},"end":{"line":389,"column":28}},{"start":{"line":390,"column":20},"end":{"line":391,"column":28}}],"line":387},"47":{"loc":{"start":{"line":394,"column":17},"end":{"line":398,"column":28}},"type":"cond-expr","locations":[{"start":{"line":395,"column":20},"end":{"line":396,"column":28}},{"start":{"line":397,"column":20},"end":{"line":398,"column":28}}],"line":394},"48":{"loc":{"start":{"line":412,"column":7},"end":{"line":416,"column":7}},"type":"cond-expr","locations":[{"start":{"line":413,"column":8},"end":{"line":413,"column":71}},{"start":{"line":415,"column":8},"end":{"line":415,"column":10}}],"line":412}},"s":{"0":2,"1":2,"2":2,"3":2,"4":1,"5":9,"6":5,"7":1,"8":1,"9":0,"10":0,"11":2,"12":6,"13":12,"14":1,"15":0,"16":0},"f":{"0":2,"1":1,"2":9,"3":5,"4":6,"5":12,"6":0},"b":{"0":[5,0],"1":[0,1],"2":[0,0],"3":[0,2],"4":[0,2],"5":[0,2],"6":[0,2],"7":[0,2],"8":[0,2],"9":[0,2],"10":[0,2],"11":[0,2],"12":[0,2],"13":[0,2],"14":[0,2],"15":[0,2],"16":[0,2],"17":[0,2],"18":[0,2],"19":[0,2],"20":[0,2],"21":[0,2],"22":[0,2],"23":[0,2],"24":[0,2],"25":[0,2],"26":[0,2],"27":[0,2],"28":[0,2],"29":[0,2],"30":[0,2],"31":[0,2],"32":[0,2],"33":[0,2],"34":[0,2],"35":[0,2],"36":[0,2],"37":[0,2],"38":[0,2],"39":[0,2],"40":[0,2],"41":[0,2],"42":[0,2],"43":[0,2],"44":[0,2],"45":[0,2],"46":[0,2],"47":[0,2],"48":[0,2]},"_coverageSchema":"1a1c01bbd47fc00a2c39e90264f33305004495a9","hash":"58aabb9e2b55a85e6d9c730ef98a3f036ed8dcb7"}
}
