<?xml version="1.0" encoding="UTF-8"?>
<coverage generated="1616695481966" clover="3.2.0">
  <project timestamp="1616695481966" name="All files">
    <metrics statements="26" coveredstatements="21" conditionals="19" coveredconditionals="16" methods="11" coveredmethods="7" elements="56" coveredelements="44" complexity="0" loc="26" ncloc="26" packages="5" files="12" classes="12"/>
    <package name="components">
      <metrics statements="0" coveredstatements="0" conditionals="0" coveredconditionals="0" methods="0" coveredmethods="0"/>
      <file name="index.js" path="/home/runner/work/Alpha-Site/Alpha-Site/components/index.js">
        <metrics statements="0" coveredstatements="0" conditionals="0" coveredconditionals="0" methods="0" coveredmethods="0"/>
      </file>
    </package>
    <package name="components.atoms">
      <metrics statements="20" coveredstatements="20" conditionals="19" coveredconditionals="16" methods="6" coveredmethods="6"/>
      <file name="ActionButton.js" path="/home/runner/work/Alpha-Site/Alpha-Site/components/atoms/ActionButton.js">
        <metrics statements="2" coveredstatements="2" conditionals="19" coveredconditionals="16" methods="1" coveredmethods="1"/>
        <line num="7" count="7" type="stmt"/>
        <line num="41" count="2" type="stmt"/>
      </file>
      <file name="ActionButton.stories.js" path="/home/runner/work/Alpha-Site/Alpha-Site/components/atoms/ActionButton.stories.js">
        <metrics statements="7" coveredstatements="7" conditionals="0" coveredconditionals="0" methods="1" coveredmethods="1"/>
        <line num="8" count="4" type="stmt"/>
        <line num="10" count="1" type="stmt"/>
        <line num="11" count="1" type="stmt"/>
        <line num="12" count="1" type="stmt"/>
        <line num="14" count="1" type="stmt"/>
        <line num="20" count="1" type="stmt"/>
        <line num="27" count="1" type="stmt"/>
      </file>
      <file name="Banner.js" path="/home/runner/work/Alpha-Site/Alpha-Site/components/atoms/Banner.js">
        <metrics statements="3" coveredstatements="3" conditionals="0" coveredconditionals="0" methods="1" coveredmethods="1"/>
        <line num="8" count="2" type="stmt"/>
        <line num="9" count="3" type="stmt"/>
        <line num="20" count="2" type="stmt"/>
      </file>
      <file name="Banner.stories.js" path="/home/runner/work/Alpha-Site/Alpha-Site/components/atoms/Banner.stories.js">
        <metrics statements="3" coveredstatements="3" conditionals="0" coveredconditionals="0" methods="1" coveredmethods="1"/>
        <line num="9" count="2" type="stmt"/>
        <line num="11" count="1" type="stmt"/>
        <line num="13" count="1" type="stmt"/>
      </file>
      <file name="SearchBar.js" path="/home/runner/work/Alpha-Site/Alpha-Site/components/atoms/SearchBar.js">
        <metrics statements="2" coveredstatements="2" conditionals="0" coveredconditionals="0" methods="1" coveredmethods="1"/>
        <line num="7" count="3" type="stmt"/>
        <line num="30" count="2" type="stmt"/>
      </file>
      <file name="SearchBar.stories.js" path="/home/runner/work/Alpha-Site/Alpha-Site/components/atoms/SearchBar.stories.js">
        <metrics statements="3" coveredstatements="3" conditionals="0" coveredconditionals="0" methods="1" coveredmethods="1"/>
        <line num="8" count="2" type="stmt"/>
        <line num="10" count="1" type="stmt"/>
        <line num="12" count="1" type="stmt"/>
      </file>
    </package>
    <package name="lib">
      <metrics statements="0" coveredstatements="0" conditionals="0" coveredconditionals="0" methods="0" coveredmethods="0"/>
      <file name="index.js" path="/home/runner/work/Alpha-Site/Alpha-Site/lib/index.js">
        <metrics statements="0" coveredstatements="0" conditionals="0" coveredconditionals="0" methods="0" coveredmethods="0"/>
      </file>
    </package>
    <package name="pages">
      <metrics statements="5" coveredstatements="1" conditionals="0" coveredconditionals="0" methods="4" coveredmethods="1"/>
      <file name="_app.js" path="/home/runner/work/Alpha-Site/Alpha-Site/pages/_app.js">
        <metrics statements="1" coveredstatements="0" conditionals="0" coveredconditionals="0" methods="1" coveredmethods="0"/>
        <line num="5" count="0" type="stmt"/>
      </file>
      <file name="_document.js" path="/home/runner/work/Alpha-Site/Alpha-Site/pages/_document.js">
        <metrics statements="3" coveredstatements="0" conditionals="0" coveredconditionals="0" methods="2" coveredmethods="0"/>
        <line num="7" count="0" type="stmt"/>
        <line num="8" count="0" type="stmt"/>
        <line num="12" count="0" type="stmt"/>
      </file>
      <file name="index.js" path="/home/runner/work/Alpha-Site/Alpha-Site/pages/index.js">
        <metrics statements="1" coveredstatements="1" conditionals="0" coveredconditionals="0" methods="1" coveredmethods="1"/>
        <line num="7" count="1" type="stmt"/>
      </file>
    </package>
    <package name="pages.api">
      <metrics statements="1" coveredstatements="0" conditionals="0" coveredconditionals="0" methods="1" coveredmethods="0"/>
      <file name="hello.js" path="/home/runner/work/Alpha-Site/Alpha-Site/pages/api/hello.js">
        <metrics statements="1" coveredstatements="0" conditionals="0" coveredconditionals="0" methods="1" coveredmethods="0"/>
        <line num="4" count="0" type="stmt"/>
      </file>
    </package>
  </project>
</coverage>
