TN:
SF:components/index.js
FNF:0
FNH:0
LF:0
LH:0
BRF:0
BRH:0
end_of_record
TN:
SF:components/atoms/ActionButton.js
FN:6,ActionButton
FNF:1
FNH:1
FNDA:7,ActionButton
DA:7,7
DA:41,2
LF:2
LH:2
BRDA:11,0,0,3
BRDA:11,0,1,4
BRDA:11,1,0,7
BRDA:11,1,1,4
BRDA:11,1,2,3
BRDA:16,2,0,3
BRDA:16,2,1,4
BRDA:16,3,0,7
BRDA:16,3,1,3
BRDA:20,4,0,0
BRDA:20,4,1,7
BRDA:20,5,0,7
BRDA:20,5,1,0
BRDA:22,6,0,1
BRDA:22,6,1,6
BRDA:28,7,0,7
BRDA:28,7,1,7
BRDA:32,8,0,0
BRDA:32,8,1,7
BRF:19
BRH:16
end_of_record
TN:
SF:components/atoms/ActionButton.stories.js
FN:8,(anonymous_0)
FNF:1
FNH:1
FNDA:4,(anonymous_0)
DA:8,4
DA:10,1
DA:11,1
DA:12,1
DA:14,1
DA:20,1
DA:27,1
LF:7
LH:7
BRF:0
BRH:0
end_of_record
TN:
SF:components/atoms/Banner.js
FN:8,(anonymous_0)
FNF:1
FNH:1
FNDA:3,(anonymous_0)
DA:8,2
DA:9,3
DA:20,2
LF:3
LH:3
BRF:0
BRH:0
end_of_record
TN:
SF:components/atoms/Banner.stories.js
FN:9,(anonymous_0)
FNF:1
FNH:1
FNDA:2,(anonymous_0)
DA:9,2
DA:11,1
DA:13,1
LF:3
LH:3
BRF:0
BRH:0
end_of_record
TN:
SF:components/atoms/SearchBar.js
FN:6,SearchBar
FNF:1
FNH:1
FNDA:3,SearchBar
DA:7,3
DA:34,2
LF:2
LH:2
BRF:0
BRH:0
end_of_record
TN:
SF:components/atoms/SearchBar.stories.js
FN:8,(anonymous_0)
FNF:1
FNH:1
FNDA:2,(anonymous_0)
DA:8,2
DA:10,1
DA:12,1
LF:3
LH:3
BRF:0
BRH:0
end_of_record
TN:
SF:lib/index.js
FNF:0
FNH:0
LF:0
LH:0
BRF:0
BRH:0
end_of_record
TN:
SF:pages/_app.js
FN:4,MyApp
FNF:1
FNH:0
FNDA:0,MyApp
DA:5,0
LF:1
LH:0
BRF:0
BRH:0
end_of_record
TN:
SF:pages/_document.js
FN:6,(anonymous_0)
FN:11,(anonymous_1)
FNF:2
FNH:0
FNDA:0,(anonymous_0)
FNDA:0,(anonymous_1)
DA:7,0
DA:8,0
DA:12,0
LF:3
LH:0
BRF:0
BRH:0
end_of_record
TN:
SF:pages/index.js
FN:7,Home
FN:12,handleInputChange
FN:17,onSearchSubmit
FNF:3
FNH:1
FNDA:1,Home
FNDA:0,handleInputChange
FNDA:0,onSearchSubmit
DA:9,1
DA:13,0
DA:18,0
DA:19,0
DA:22,1
LF:5
LH:2
BRF:0
BRH:0
end_of_record
TN:
SF:pages/api/hello.js
FN:3,(anonymous_0)
FNF:1
FNH:0
FNDA:0,(anonymous_0)
DA:4,0
LF:1
LH:0
BRF:0
BRH:0
end_of_record
