TN:
SF:components/index.js
FNF:0
FNH:0
LF:0
LH:0
BRF:0
BRH:0
end_of_record
TN:
SF:components/atoms/ActionButton.js
FN:8,ActionButton
FN:35,(anonymous_1)
FN:38,(anonymous_2)
FNF:3
FNH:3
FNDA:60,ActionButton
FNDA:60,(anonymous_1)
FNDA:1,(anonymous_2)
DA:11,60
DA:13,60
DA:15,60
DA:17,60
DA:19,60
DA:22,60
DA:35,60
DA:36,60
DA:37,60
DA:38,55
DA:39,1
DA:40,1
DA:41,1
DA:47,60
DA:108,15
LF:15
LH:15
BRDA:22,0,0,5
BRDA:22,0,1,55
BRDA:24,1,0,2
BRDA:24,1,1,53
BRDA:26,2,0,1
BRDA:26,2,1,52
BRDA:28,3,0,1
BRDA:28,3,1,51
BRDA:30,4,0,2
BRDA:30,4,1,49
BRDA:37,5,0,55
BRDA:37,5,1,5
BRDA:39,6,0,1
BRDA:39,6,1,0
BRDA:39,7,0,1
BRDA:39,7,1,0
BRDA:47,8,0,17
BRDA:47,8,1,43
BRDA:50,9,0,6
BRDA:50,9,1,11
BRDA:55,10,0,17
BRDA:55,10,1,9
BRDA:62,11,0,0
BRDA:62,11,1,17
BRDA:62,12,0,17
BRDA:62,12,1,3
BRDA:67,13,0,3
BRDA:67,13,1,14
BRDA:67,14,0,17
BRDA:67,14,1,3
BRDA:73,15,0,0
BRDA:73,15,1,43
BRDA:74,16,0,12
BRDA:74,16,1,31
BRDA:80,17,0,43
BRDA:80,17,1,15
BRDA:83,18,0,13
BRDA:83,18,1,30
BRDA:85,19,0,0
BRDA:85,19,1,43
BRDA:85,20,0,43
BRDA:85,20,1,0
BRDA:88,21,0,6
BRDA:88,21,1,37
BRDA:88,22,0,43
BRDA:88,22,1,6
BRDA:101,23,0,0
BRDA:101,23,1,43
BRDA:101,24,0,43
BRDA:101,24,1,0
BRF:50
BRH:42
end_of_record
TN:
SF:components/atoms/ActionButton.stories.js
FN:8,(anonymous_0)
FNF:1
FNH:1
FNDA:7,(anonymous_0)
DA:8,7
DA:10,1
DA:11,1
DA:12,1
DA:13,1
DA:14,1
DA:16,1
DA:22,1
DA:29,1
DA:36,1
DA:43,1
LF:11
LH:11
BRF:0
BRH:0
end_of_record
TN:
SF:components/atoms/Alert.js
FN:11,Alert
FNF:1
FNH:1
FNDA:2,Alert
DA:12,2
DA:41,1
LF:2
LH:2
BRDA:16,0,0,0
BRDA:16,0,1,2
BRDA:20,1,0,0
BRDA:20,1,1,2
BRF:4
BRH:2
end_of_record
TN:
SF:components/atoms/Alert.stories.js
FN:8,(anonymous_0)
FNF:1
FNH:1
FNDA:2,(anonymous_0)
DA:8,2
DA:10,1
DA:12,1
LF:3
LH:3
BRF:0
BRH:0
end_of_record
TN:
SF:components/atoms/Banner.js
FN:8,(anonymous_0)
FNF:1
FNH:1
FNDA:4,(anonymous_0)
DA:8,4
DA:9,4
DA:28,4
LF:3
LH:3
BRF:0
BRH:0
end_of_record
TN:
SF:components/atoms/Banner.stories.js
FN:9,(anonymous_0)
FNF:1
FNH:1
FNDA:2,(anonymous_0)
DA:9,2
DA:11,1
DA:13,1
LF:3
LH:3
BRF:0
BRH:0
end_of_record
TN:
SF:components/atoms/Breadcrumb.js
FN:9,Breadcrumb
FN:23,(anonymous_1)
FNF:2
FNH:2
FNDA:11,Breadcrumb
FNDA:4,(anonymous_1)
DA:10,11
DA:24,4
DA:50,4
LF:3
LH:3
BRDA:22,0,0,2
BRDA:22,0,1,8
BRF:2
BRH:2
end_of_record
TN:
SF:components/atoms/Breadcrumb.stories.js
FN:8,(anonymous_0)
FNF:1
FNH:1
FNDA:3,(anonymous_0)
DA:8,3
DA:10,1
DA:11,1
DA:13,1
LF:4
LH:4
BRF:0
BRH:0
end_of_record
TN:
SF:components/atoms/CheckBox.js
FN:6,CheckBox
FN:24,(anonymous_1)
FNF:2
FNH:2
FNDA:68,CheckBox
FNDA:6,(anonymous_1)
DA:7,68
DA:12,68
DA:25,6
DA:54,7
DA:60,7
LF:5
LH:5
BRDA:7,0,0,12
BRDA:7,0,1,56
BRDA:15,1,0,50
BRDA:15,1,1,18
BRDA:26,2,0,4
BRDA:26,2,1,2
BRDA:32,3,0,0
BRDA:32,3,1,68
BRDA:39,4,0,0
BRDA:39,4,1,68
BRDA:40,5,0,0
BRDA:40,5,1,68
BRDA:43,6,0,0
BRDA:43,6,1,68
BRF:14
BRH:10
end_of_record
TN:
SF:components/atoms/CheckBox.stories.js
FN:8,(anonymous_0)
FN:18,(anonymous_1)
FNF:2
FNH:1
FNDA:0,(anonymous_0)
FNDA:4,(anonymous_1)
DA:9,0
DA:18,4
DA:20,1
DA:21,1
DA:29,1
DA:30,1
DA:39,1
DA:40,1
DA:49,1
DA:50,1
LF:10
LH:9
BRF:0
BRH:0
end_of_record
TN:
SF:components/atoms/DSButton.js
FN:6,DSButton
FNF:1
FNH:1
FNDA:8,DSButton
DA:9,8
DA:11,8
DA:13,8
DA:15,8
DA:17,8
DA:20,8
DA:32,8
DA:94,5
DA:101,5
LF:9
LH:9
BRDA:20,0,0,4
BRDA:20,0,1,4
BRDA:22,1,0,1
BRDA:22,1,1,3
BRDA:24,2,0,1
BRDA:24,2,1,2
BRDA:26,3,0,1
BRDA:26,3,1,1
BRDA:28,4,0,1
BRDA:28,4,1,0
BRDA:32,5,0,7
BRDA:32,5,1,1
BRDA:42,6,0,0
BRDA:42,6,1,7
BRDA:42,7,0,7
BRDA:42,7,1,0
BRDA:49,8,0,1
BRDA:49,8,1,6
BRDA:55,9,0,0
BRDA:55,9,1,7
BRDA:55,10,0,7
BRDA:55,10,1,0
BRDA:65,11,0,1
BRDA:65,11,1,0
BRDA:72,12,0,0
BRDA:72,12,1,1
BRDA:72,13,0,1
BRDA:72,13,1,0
BRDA:81,14,0,0
BRDA:81,14,1,1
BRDA:81,15,0,1
BRDA:81,15,1,0
BRF:32
BRH:22
end_of_record
TN:
SF:components/atoms/DSButton.stories.js
FN:8,(anonymous_0)
FNF:1
FNH:0
FNDA:0,(anonymous_0)
DA:8,1
DA:10,1
DA:11,1
DA:12,1
DA:13,1
DA:14,1
DA:15,1
DA:17,1
DA:24,1
DA:33,1
DA:40,1
DA:48,1
DA:55,1
LF:13
LH:13
BRF:0
BRH:0
end_of_record
TN:
SF:components/atoms/DateModified.js
FN:4,DateModified
FNF:1
FNH:1
FNDA:10,DateModified
DA:5,10
DA:7,10
DA:8,10
DA:9,4
DA:10,2
DA:11,2
DA:14,10
DA:28,4
DA:32,4
LF:9
LH:9
BRDA:8,0,0,4
BRDA:8,0,1,6
BRDA:9,1,0,2
BRDA:9,1,1,2
BRDA:18,2,0,6
BRDA:18,2,1,4
BRF:6
BRH:6
end_of_record
TN:
SF:components/atoms/DateModified.stories.js
FN:8,(anonymous_0)
FNF:1
FNH:1
FNDA:3,(anonymous_0)
DA:8,3
DA:10,1
DA:12,1
LF:3
LH:3
BRF:0
BRH:0
end_of_record
TN:
SF:components/atoms/ErrorLabel.js
FN:6,ErrorLabel
FNF:1
FNH:1
FNDA:5,ErrorLabel
DA:7,5
DA:16,11
LF:2
LH:2
BRF:0
BRH:0
end_of_record
TN:
SF:components/atoms/ErrorLabel.stories.js
FN:9,(anonymous_0)
FNF:1
FNH:1
FNDA:2,(anonymous_0)
DA:9,2
DA:11,1
DA:12,1
LF:3
LH:3
BRF:0
BRH:0
end_of_record
TN:
SF:components/atoms/HTMList.js
FN:3,HTMList
FN:4,(anonymous_1)
FN:7,(anonymous_2)
FN:8,(anonymous_3)
FNF:4
FNH:4
FNDA:7,HTMList
FNDA:7,(anonymous_1)
FNDA:18,(anonymous_2)
FNDA:13,(anonymous_3)
DA:4,7
DA:5,7
DA:7,18
DA:9,13
DA:14,7
DA:21,1
LF:6
LH:6
BRDA:3,0,0,5
BRDA:14,1,0,6
BRDA:14,1,1,1
BRF:3
BRH:3
end_of_record
TN:
SF:components/atoms/Image.js
FN:3,Image
FNF:1
FNH:1
FNDA:16,Image
DA:4,16
DA:6,16
DA:13,9
LF:3
LH:3
BRDA:4,0,0,14
BRDA:4,1,0,4
BRF:2
BRH:2
end_of_record
TN:
SF:components/atoms/Image.stories.js
FN:10,(anonymous_0)
FNF:1
FNH:0
FNDA:0,(anonymous_0)
DA:10,1
DA:12,1
DA:13,1
DA:14,1
DA:15,1
DA:17,1
DA:23,1
DA:30,1
DA:36,1
LF:9
LH:9
BRF:0
BRH:0
end_of_record
TN:
SF:components/atoms/Link.js
FN:6,Link
FN:42,onKeyDown
FNF:2
FNH:1
FNDA:243,Link
FNDA:0,onKeyDown
DA:8,243
DA:9,243
DA:11,1
DA:13,1
DA:15,1
DA:17,1
DA:19,46
DA:21,46
DA:23,189
DA:25,189
DA:27,1
DA:29,1
DA:31,1
DA:33,1
DA:35,4
DA:37,4
DA:40,243
DA:43,0
DA:46,243
DA:99,6
DA:104,6
LF:21
LH:20
BRDA:9,0,0,1
BRDA:9,0,1,1
BRDA:9,0,2,46
BRDA:9,0,3,189
BRDA:9,0,4,1
BRDA:9,0,5,1
BRDA:9,0,6,4
BRDA:40,1,0,243
BRDA:40,1,1,243
BRDA:46,2,0,0
BRDA:46,2,1,243
BRDA:52,3,0,0
BRDA:52,3,1,0
BRDA:58,4,0,0
BRDA:58,4,1,0
BRDA:65,5,0,0
BRDA:65,5,1,0
BRDA:82,6,0,243
BRDA:82,6,1,243
BRDA:84,7,0,0
BRDA:84,7,1,243
BRDA:88,8,0,0
BRDA:88,8,1,243
BRF:23
BRH:14
end_of_record
TN:
SF:components/atoms/Link.stories.js
FN:8,(anonymous_0)
FNF:1
FNH:1
FNDA:1,(anonymous_0)
DA:8,1
DA:10,1
DA:11,1
DA:12,1
DA:13,1
DA:14,1
DA:15,1
DA:17,1
DA:23,1
DA:30,1
DA:37,1
DA:44,1
DA:51,1
LF:13
LH:13
BRF:0
BRH:0
end_of_record
TN:
SF:components/atoms/MultiTextField.js
FN:8,MultiTextField
FN:41,(anonymous_1)
FNF:2
FNH:2
FNDA:4,MultiTextField
FNDA:1,(anonymous_1)
DA:9,4
DA:11,4
DA:41,1
DA:57,6
DA:62,6
LF:5
LH:5
BRDA:14,0,0,0
BRDA:14,0,1,4
BRDA:19,1,0,1
BRDA:19,1,1,3
BRDA:23,2,0,0
BRDA:23,2,1,4
BRDA:33,3,0,0
BRDA:33,3,1,4
BRDA:36,4,0,0
BRDA:36,4,1,4
BRF:10
BRH:6
end_of_record
TN:
SF:components/atoms/MultiTextField.stories.js
FN:8,(anonymous_0)
FN:18,(anonymous_1)
FNF:2
FNH:1
FNDA:0,(anonymous_0)
FNDA:2,(anonymous_1)
DA:9,0
DA:18,2
DA:20,1
DA:21,1
DA:29,1
DA:30,1
DA:39,1
DA:40,1
LF:8
LH:7
BRF:0
BRH:0
end_of_record
TN:
SF:components/atoms/ProjectInfo.js
FN:4,ProjectInfo
FNF:1
FNH:1
FNDA:3,ProjectInfo
DA:5,3
DA:40,2
LF:2
LH:2
BRDA:10,0,0,3
BRDA:10,0,1,3
BRDA:14,1,0,3
BRDA:14,1,1,2
BRF:4
BRH:4
end_of_record
TN:
SF:components/atoms/ProjectInfo.stories.js
FN:8,(anonymous_0)
FNF:1
FNH:1
FNDA:2,(anonymous_0)
DA:8,2
DA:10,1
DA:12,1
LF:3
LH:3
BRF:0
BRH:0
end_of_record
TN:
SF:components/atoms/RadioButton.js
FN:6,RadioButton
FN:22,(anonymous_1)
FN:25,(anonymous_2)
FNF:3
FNH:3
FNDA:16,RadioButton
FNDA:3,(anonymous_1)
FNDA:1,(anonymous_2)
DA:7,16
DA:14,16
DA:23,3
DA:26,1
DA:27,1
DA:28,1
DA:29,0
DA:31,1
DA:51,2
DA:55,2
LF:10
LH:9
BRDA:7,0,0,15
BRDA:7,0,1,1
BRDA:12,1,0,1
BRDA:12,1,1,1
BRDA:26,2,0,1
BRDA:26,2,1,0
BRDA:28,3,0,0
BRDA:28,3,1,1
BRDA:41,4,0,4
BRDA:41,4,1,12
BRDA:42,5,0,4
BRDA:42,5,1,12
BRF:12
BRH:10
end_of_record
TN:
SF:components/atoms/RadioButton.stories.js
FN:9,(anonymous_0)
FNF:1
FNH:1
FNDA:7,(anonymous_0)
DA:9,7
DA:11,1
DA:12,1
DA:20,1
DA:21,1
DA:30,1
DA:31,1
DA:40,1
DA:41,1
DA:50,1
DA:51,1
LF:11
LH:11
BRF:0
BRH:0
end_of_record
TN:
SF:components/atoms/RadioField.js
FN:6,RadioField
FN:24,(anonymous_1)
FN:42,(anonymous_2)
FNF:3
FNH:2
FNDA:8,RadioField
FNDA:1,(anonymous_1)
FNDA:0,(anonymous_2)
DA:7,8
DA:12,8
DA:25,1
DA:42,0
DA:50,7
DA:55,7
LF:6
LH:5
BRDA:7,0,0,8
BRDA:7,0,1,0
BRDA:15,1,0,0
BRDA:15,1,1,8
BRDA:26,2,0,0
BRDA:26,2,1,1
BRDA:32,3,0,0
BRDA:32,3,1,8
BRDA:39,4,0,0
BRDA:39,4,1,8
BRF:10
BRH:5
end_of_record
TN:
SF:components/atoms/RadioField.stories.js
FN:8,(anonymous_0)
FN:18,(anonymous_1)
FNF:2
FNH:1
FNDA:0,(anonymous_0)
FNDA:4,(anonymous_1)
DA:9,0
DA:18,4
DA:20,1
DA:21,1
DA:29,1
DA:30,1
DA:39,1
DA:40,1
LF:8
LH:7
BRF:0
BRH:0
end_of_record
TN:
SF:components/atoms/SearchBar.js
FN:6,SearchBar
FNF:1
FNH:1
FNDA:2,SearchBar
DA:7,2
DA:33,1
LF:2
LH:2
BRF:0
BRH:0
end_of_record
TN:
SF:components/atoms/SearchBar.stories.js
FN:8,(anonymous_0)
FNF:1
FNH:1
FNDA:2,(anonymous_0)
DA:8,2
DA:10,1
DA:12,1
LF:3
LH:3
BRF:0
BRH:0
end_of_record
TN:
SF:components/atoms/SelectField.js
FN:5,SelectField
FN:15,(anonymous_1)
FN:49,(anonymous_2)
FN:60,(anonymous_3)
FNF:4
FNH:3
FNDA:2,SelectField
FNDA:6,(anonymous_1)
FNDA:0,(anonymous_2)
FNDA:8,(anonymous_3)
DA:6,2
DA:8,2
DA:14,2
DA:15,2
DA:16,6
DA:17,6
DA:21,2
DA:49,0
DA:61,8
DA:84,1
DA:88,1
LF:11
LH:10
BRDA:8,0,0,0
BRDA:8,0,1,2
BRDA:14,1,0,2
BRDA:14,1,1,0
BRDA:24,2,0,0
BRDA:24,2,1,2
BRDA:29,3,0,0
BRDA:29,3,1,2
BRDA:33,4,0,0
BRDA:33,4,1,2
BRDA:40,5,0,0
BRDA:40,5,1,2
BRDA:43,6,0,0
BRDA:43,6,1,2
BRDA:48,7,0,0
BRDA:48,7,1,2
BRDA:67,8,0,0
BRDA:67,8,1,2
BRF:18
BRH:9
end_of_record
TN:
SF:components/atoms/SelectField.stories.js
FN:8,(anonymous_0)
FN:18,(anonymous_1)
FNF:2
FNH:1
FNDA:0,(anonymous_0)
FNDA:2,(anonymous_1)
DA:9,0
DA:18,2
DA:20,1
DA:21,1
LF:4
LH:3
BRF:0
BRH:0
end_of_record
TN:
SF:components/atoms/TableOfContents.js
FN:3,TableOfContents
FN:9,(anonymous_1)
FNF:2
FNH:2
FNDA:2,TableOfContents
FNDA:2,(anonymous_1)
DA:4,2
DA:10,2
DA:25,1
LF:3
LH:3
BRF:0
BRH:0
end_of_record
TN:
SF:components/atoms/TableOfContents.stories.js
FN:8,(anonymous_0)
FNF:1
FNH:1
FNDA:2,(anonymous_0)
DA:8,2
DA:10,1
DA:12,1
LF:3
LH:3
BRF:0
BRH:0
end_of_record
TN:
SF:components/atoms/TextField.js
FN:8,TextField
FN:61,(anonymous_1)
FNF:2
FNH:2
FNDA:6,TextField
FNDA:2,(anonymous_1)
DA:9,6
DA:11,6
DA:16,6
DA:61,2
DA:71,6
DA:76,6
LF:6
LH:6
BRDA:11,0,0,3
BRDA:11,0,1,3
BRDA:19,1,0,0
BRDA:19,1,1,6
BRDA:24,2,0,1
BRDA:24,2,1,5
BRDA:28,3,0,0
BRDA:28,3,1,6
BRDA:35,4,0,0
BRDA:35,4,1,6
BRDA:46,5,0,0
BRDA:46,5,1,6
BRDA:49,6,0,0
BRDA:49,6,1,6
BRDA:50,7,0,0
BRDA:50,7,1,6
BRDA:60,8,0,0
BRDA:60,8,1,6
BRF:18
BRH:11
end_of_record
TN:
SF:components/atoms/TextField.stories.js
FN:8,(anonymous_0)
FN:18,(anonymous_1)
FNF:2
FNH:1
FNDA:0,(anonymous_0)
FNDA:4,(anonymous_1)
DA:9,0
DA:18,4
DA:20,1
DA:21,1
DA:29,1
DA:30,1
DA:39,1
DA:40,1
LF:8
LH:7
BRF:0
BRH:0
end_of_record
TN:
SF:components/fragment_renderer/FragmentRender.js
FN:18,FragmentRender
FN:21,(anonymous_1)
FNF:2
FNH:0
FNDA:0,FragmentRender
FNDA:0,(anonymous_1)
DA:9,0
DA:21,0
DA:22,0
DA:23,0
DA:24,0
DA:26,0
DA:31,0
LF:7
LH:0
BRDA:23,0,0,0
BRDA:23,0,1,0
BRF:2
BRH:0
end_of_record
TN:
SF:components/fragment_renderer/PageHead.js
FN:3,PageHead
FNF:1
FNH:0
FNDA:0,PageHead
DA:4,0
LF:1
LH:0
BRDA:8,0,0,0
BRDA:8,0,1,0
BRDA:15,1,0,0
BRDA:15,1,1,0
BRDA:26,2,0,0
BRDA:26,2,1,0
BRDA:36,3,0,0
BRDA:36,3,1,0
BRDA:43,4,0,0
BRDA:43,4,1,0
BRDA:49,5,0,0
BRDA:49,5,1,0
BRDA:62,6,0,0
BRDA:62,6,1,0
BRDA:82,7,0,0
BRDA:82,7,1,0
BRDA:91,8,0,0
BRDA:91,8,1,0
BRDA:99,9,0,0
BRDA:99,9,1,0
BRDA:111,10,0,0
BRDA:111,10,1,0
BRDA:124,11,0,0
BRDA:124,11,1,0
BRDA:133,12,0,0
BRDA:133,12,1,0
BRDA:142,13,0,0
BRDA:142,13,1,0
BRDA:154,14,0,0
BRDA:154,14,1,0
BRF:30
BRH:0
end_of_record
TN:
SF:components/fragment_renderer/fragment_components/ArticleCTA.js
FN:4,ArticleCTA
FNF:1
FNH:0
FNDA:0,ArticleCTA
DA:5,0
LF:1
LH:0
BRDA:8,0,0,0
BRDA:8,0,1,0
BRDA:15,1,0,0
BRDA:15,1,1,0
BRDA:25,2,0,0
BRDA:25,2,1,0
BRDA:29,3,0,0
BRDA:29,3,1,0
BRF:8
BRH:0
end_of_record
TN:
SF:components/fragment_renderer/fragment_components/BasicTextWithImage.js
FN:4,BasicTextWithImage
FNF:1
FNH:0
FNDA:0,BasicTextWithImage
DA:5,0
LF:1
LH:0
BRDA:12,0,0,0
BRDA:12,0,1,0
BRDA:18,1,0,0
BRDA:18,1,1,0
BRDA:19,2,0,0
BRDA:19,2,1,0
BRDA:33,3,0,0
BRDA:33,3,1,0
BRF:8
BRH:0
end_of_record
TN:
SF:components/fragment_renderer/fragment_components/Button.js
FN:3,Button
FNF:1
FNH:0
FNDA:0,Button
DA:5,0
DA:15,0
LF:2
LH:0
BRDA:5,0,0,0
BRDA:5,0,1,0
BRDA:7,1,0,0
BRDA:7,1,1,0
BRDA:10,2,0,0
BRDA:10,2,1,0
BRDA:22,3,0,0
BRDA:22,3,1,0
BRDA:27,4,0,0
BRDA:27,4,1,0
BRF:10
BRH:0
end_of_record
TN:
SF:components/fragment_renderer/fragment_components/ImageFragment.js
FN:3,ImageFragment
FNF:1
FNH:0
FNDA:0,ImageFragment
DA:4,0
LF:1
LH:0
BRDA:9,0,0,0
BRDA:9,0,1,0
BRDA:14,1,0,0
BRDA:14,1,1,0
BRDA:23,2,0,0
BRDA:23,2,1,0
BRF:6
BRH:0
end_of_record
TN:
SF:components/fragment_renderer/fragment_components/ImageVerticalLineContent.js
FN:4,ImageVerticalLineContent
FNF:1
FNH:0
FNDA:0,ImageVerticalLineContent
DA:5,0
LF:1
LH:0
BRDA:11,0,0,0
BRDA:11,0,1,0
BRDA:16,1,0,0
BRDA:16,1,1,0
BRDA:27,2,0,0
BRDA:27,2,1,0
BRF:6
BRH:0
end_of_record
TN:
SF:components/fragment_renderer/fragment_components/ImageWithCollapse.js
FN:5,ImageWithCollapse
FNF:1
FNH:0
FNDA:0,ImageWithCollapse
DA:6,0
LF:1
LH:0
BRDA:11,0,0,0
BRDA:11,0,1,0
BRDA:16,1,0,0
BRDA:16,1,1,0
BRDA:25,2,0,0
BRDA:25,2,1,0
BRDA:29,3,0,0
BRDA:29,3,1,0
BRDA:33,4,0,0
BRDA:33,4,1,0
BRDA:38,5,0,0
BRDA:38,5,1,0
BRF:12
BRH:0
end_of_record
TN:
SF:components/fragment_renderer/fragment_components/QuoteVerticalLineContent.js
FN:3,QuoteVerticalLineContent
FNF:1
FNH:0
FNDA:0,QuoteVerticalLineContent
DA:4,0
LF:1
LH:0
BRDA:12,0,0,0
BRDA:12,0,1,0
BRDA:24,1,0,0
BRDA:24,1,1,0
BRF:4
BRH:0
end_of_record
TN:
SF:components/fragment_renderer/fragment_components/TextContent.js
FN:3,TextContent
FNF:1
FNH:0
FNDA:0,TextContent
DA:4,0
LF:1
LH:0
BRDA:9,0,0,0
BRDA:9,0,1,0
BRF:2
BRH:0
end_of_record
TN:
SF:components/fragment_renderer/fragment_components/TextWithImage.js
FN:4,TextWithImage
FNF:1
FNH:0
FNDA:0,TextWithImage
DA:5,0
DA:7,0
DA:14,0
DA:21,0
LF:4
LH:0
BRDA:5,0,0,0
BRDA:5,0,1,0
BRDA:5,0,2,0
BRF:3
BRH:0
end_of_record
TN:
SF:components/molecules/CTA.js
FN:5,CTA
FN:13,(anonymous_1)
FNF:2
FNH:2
FNDA:3,CTA
FNDA:3,(anonymous_1)
DA:13,3
DA:15,3
LF:2
LH:2
BRDA:10,0,0,3
BRDA:29,1,0,0
BRDA:29,1,1,3
BRDA:36,2,0,3
BRDA:36,2,1,2
BRF:5
BRH:4
end_of_record
TN:
SF:components/molecules/CTA.stories.js
FN:8,(anonymous_0)
FNF:1
FNH:1
FNDA:3,(anonymous_0)
DA:8,3
DA:10,1
DA:11,1
DA:23,1
DA:24,1
LF:5
LH:5
BRF:0
BRH:0
end_of_record
TN:
SF:components/molecules/Card.js
FN:11,(anonymous_0)
FNF:1
FNH:1
FNDA:6,(anonymous_0)
DA:11,3
DA:12,6
DA:19,6
DA:21,5
DA:95,3
LF:5
LH:5
BRDA:19,0,0,6
BRDA:19,0,1,4
BRDA:30,1,0,2
BRDA:30,1,1,3
BRDA:46,2,0,0
BRDA:46,2,1,5
BRDA:47,3,0,0
BRDA:47,3,1,0
BRDA:58,4,0,1
BRDA:58,4,1,4
BRDA:69,5,0,0
BRDA:69,5,1,5
BRDA:79,6,0,0
BRDA:79,6,1,5
BRF:14
BRH:9
end_of_record
TN:
SF:components/molecules/Card.stories.js
FN:10,(anonymous_0)
FNF:1
FNH:1
FNDA:3,(anonymous_0)
DA:10,3
DA:12,1
DA:13,1
DA:14,1
DA:15,1
DA:16,1
DA:18,1
DA:26,1
DA:35,1
DA:44,1
DA:52,1
LF:11
LH:11
BRF:0
BRH:0
end_of_record
TN:
SF:components/molecules/Collapse.js
FN:3,Collapse
FNF:1
FNH:1
FNDA:3,Collapse
DA:4,3
DA:5,2
DA:24,1
DA:28,1
LF:4
LH:4
BRF:0
BRH:0
end_of_record
TN:
SF:components/molecules/Collapse.stories.js
FN:9,(anonymous_0)
FNF:1
FNH:1
FNDA:3,(anonymous_0)
DA:9,3
DA:11,1
DA:12,1
DA:19,1
DA:20,1
LF:5
LH:5
BRF:0
BRH:0
end_of_record
TN:
SF:components/molecules/ContextualAlert.js
FN:3,ContextualAlert
FNF:1
FNH:1
FNDA:8,ContextualAlert
DA:4,8
DA:5,8
DA:6,8
DA:7,8
DA:18,8
DA:21,6
DA:30,6
DA:38,6
DA:40,6
DA:73,2
LF:10
LH:10
BRDA:21,0,0,1
BRDA:21,0,1,5
BRDA:23,1,0,1
BRDA:23,1,1,4
BRDA:25,2,0,2
BRDA:25,2,1,2
BRDA:30,3,0,1
BRDA:30,3,1,5
BRDA:32,4,0,1
BRDA:32,4,1,4
BRDA:34,5,0,2
BRDA:34,5,1,2
BRDA:38,6,0,0
BRDA:38,6,1,6
BRDA:52,7,0,0
BRDA:52,7,1,6
BRDA:60,8,0,0
BRDA:60,8,1,6
BRF:18
BRH:15
end_of_record
TN:
SF:components/molecules/ContextualAlert.stories.js
FN:7,(anonymous_0)
FNF:1
FNH:1
FNDA:6,(anonymous_0)
DA:7,6
DA:9,1
DA:10,1
DA:11,1
DA:12,1
DA:14,1
DA:33,1
DA:43,1
DA:53,1
LF:9
LH:9
BRF:0
BRH:0
end_of_record
TN:
SF:components/molecules/CopyToClipboard.js
FN:5,CopyToClipboard
FN:20,(anonymous_1)
FNF:2
FNH:2
FNDA:4,CopyToClipboard
FNDA:1,(anonymous_1)
DA:6,4
DA:11,4
DA:20,1
DA:39,2
DA:44,2
LF:5
LH:5
BRDA:6,0,0,4
BRDA:6,0,1,0
BRF:2
BRH:1
end_of_record
TN:
SF:components/molecules/CopyToClipboard.stories.js
FN:9,(anonymous_0)
FNF:1
FNH:1
FNDA:2,(anonymous_0)
DA:9,2
DA:11,1
DA:13,1
LF:3
LH:3
BRF:0
BRH:0
end_of_record
TN:
SF:components/molecules/Details.js
FN:6,Details
FNF:1
FNH:1
FNDA:10,Details
DA:7,10
DA:19,5
LF:2
LH:2
BRF:0
BRH:0
end_of_record
TN:
SF:components/molecules/Details.stories.js
FN:9,(anonymous_0)
FNF:1
FNH:1
FNDA:2,(anonymous_0)
DA:9,2
DA:11,1
DA:12,1
LF:3
LH:3
BRF:0
BRH:0
end_of_record
TN:
SF:components/molecules/ErrorBox.js
FN:7,ErrorBox
FN:23,(anonymous_1)
FN:29,(anonymous_2)
FNF:3
FNH:3
FNDA:3,ErrorBox
FNDA:9,(anonymous_1)
FNDA:1,(anonymous_2)
DA:8,3
DA:24,9
DA:29,1
DA:43,1
DA:47,1
LF:5
LH:5
BRF:0
BRH:0
end_of_record
TN:
SF:components/molecules/ErrorBox.stories.js
FN:8,(anonymous_0)
FN:21,(anonymous_1)
FNF:2
FNH:1
FNDA:0,(anonymous_0)
FNDA:3,(anonymous_1)
DA:9,0
DA:21,3
DA:23,1
DA:25,1
LF:4
LH:3
BRF:0
BRH:0
end_of_record
TN:
SF:components/molecules/FeedbackWidget.js
FN:15,(anonymous_0)
FN:31,(anonymous_1)
FN:42,(anonymous_2)
FN:43,(anonymous_3)
FN:57,setFocusAfterSubmit
FN:71,(anonymous_5)
FN:176,(anonymous_6)
FN:201,(anonymous_7)
FN:272,(anonymous_8)
FN:273,(anonymous_9)
FNF:10
FNH:5
FNDA:10,(anonymous_0)
FNDA:7,(anonymous_1)
FNDA:1,(anonymous_2)
FNDA:1,(anonymous_3)
FNDA:0,setFocusAfterSubmit
FNDA:1,(anonymous_5)
FNDA:0,(anonymous_6)
FNDA:0,(anonymous_7)
FNDA:0,(anonymous_8)
FNDA:0,(anonymous_9)
DA:15,5
DA:21,10
DA:22,10
DA:23,10
DA:24,10
DA:25,10
DA:26,10
DA:27,10
DA:29,10
DA:31,10
DA:32,7
DA:33,2
DA:34,2
DA:39,10
DA:43,1
DA:44,1
DA:46,0
DA:47,0
DA:49,1
DA:50,1
DA:53,1
DA:58,0
DA:61,10
DA:62,10
DA:63,10
DA:71,10
DA:73,1
DA:75,1
DA:77,1
DA:79,1
DA:81,1
DA:88,1
DA:92,1
DA:94,1
DA:96,0
DA:105,0
DA:106,0
DA:107,0
DA:108,0
DA:110,0
DA:113,0
DA:114,0
DA:115,0
DA:117,1
DA:121,10
DA:176,0
DA:202,0
DA:203,0
DA:272,0
DA:274,0
DA:300,5
LF:51
LH:34
BRDA:32,0,0,2
BRDA:32,0,1,5
BRDA:44,1,0,0
BRDA:44,1,1,1
BRDA:94,2,0,0
BRDA:94,2,1,1
BRDA:105,3,0,0
BRDA:105,3,1,0
BRDA:105,4,0,0
BRDA:105,4,1,0
BRDA:123,5,0,8
BRDA:123,5,1,2
BRDA:138,6,0,0
BRDA:138,6,1,8
BRDA:140,7,0,0
BRDA:140,7,1,0
BRDA:143,8,0,0
BRDA:143,8,1,0
BRDA:151,9,0,0
BRDA:151,9,1,0
BRDA:256,10,0,2
BRDA:256,10,1,6
BRF:22
BRH:9
end_of_record
TN:
SF:components/molecules/FeedbackWidget.stories.js
FN:9,(anonymous_0)
FNF:1
FNH:1
FNDA:4,(anonymous_0)
DA:9,4
DA:11,1
DA:13,1
LF:3
LH:3
BRF:0
BRH:0
end_of_record
TN:
SF:components/molecules/Filter.js
FN:7,Filter
FN:19,(anonymous_1)
FNF:2
FNH:2
FNDA:3,Filter
FNDA:9,(anonymous_1)
DA:8,3
DA:20,9
DA:40,1
LF:3
LH:3
BRF:0
BRH:0
end_of_record
TN:
SF:components/molecules/Filter.stories.js
FN:9,(anonymous_0)
FNF:1
FNH:1
FNDA:3,(anonymous_0)
DA:9,3
DA:11,1
DA:13,1
LF:3
LH:3
BRF:0
BRH:0
end_of_record
TN:
SF:components/molecules/Heading.js
FN:3,Heading
FNF:1
FNH:1
FNDA:5,Heading
DA:4,5
DA:6,5
DA:27,3
LF:3
LH:3
BRDA:12,0,0,5
BRDA:12,0,1,1
BRDA:12,0,2,1
BRF:3
BRH:3
end_of_record
TN:
SF:components/molecules/Heading.stories.js
FN:8,(anonymous_0)
FNF:1
FNH:0
FNDA:0,(anonymous_0)
DA:8,1
DA:10,1
DA:11,1
DA:13,1
DA:18,1
LF:5
LH:5
BRF:0
BRH:0
end_of_record
TN:
SF:components/molecules/List.js
FN:6,List
FN:10,(anonymous_1)
FNF:2
FNH:2
FNDA:2,List
FNDA:8,(anonymous_1)
DA:7,2
DA:8,2
DA:12,8
DA:15,8
DA:16,8
DA:31,1
LF:6
LH:6
BRDA:15,0,0,6
BRDA:15,0,1,2
BRF:2
BRH:2
end_of_record
TN:
SF:components/molecules/List.stories.js
FN:9,(anonymous_0)
FNF:1
FNH:1
FNDA:2,(anonymous_0)
DA:9,2
DA:11,1
DA:13,1
LF:3
LH:3
BRF:0
BRH:0
end_of_record
TN:
SF:components/molecules/MainBand.js
FN:4,MainBand
FN:21,(anonymous_1)
FNF:2
FNH:2
FNDA:9,MainBand
FNDA:189,(anonymous_1)
DA:5,9
DA:7,9
DA:22,189
LF:3
LH:3
BRDA:26,0,0,9
BRDA:26,0,1,180
BRF:2
BRH:2
end_of_record
TN:
SF:components/molecules/Menu.js
FN:9,Menu
FN:29,(anonymous_1)
FN:44,(anonymous_2)
FN:63,(anonymous_3)
FNF:4
FNH:3
FNDA:4,Menu
FNDA:1,(anonymous_1)
FNDA:0,(anonymous_2)
FNDA:12,(anonymous_3)
DA:11,4
DA:12,4
DA:13,4
DA:15,4
DA:29,1
DA:44,0
DA:64,12
DA:65,12
DA:67,12
DA:94,1
LF:10
LH:9
BRDA:46,0,0,1
BRDA:46,0,1,3
BRDA:59,1,0,1
BRDA:59,1,1,3
BRDA:72,2,0,0
BRDA:72,2,1,12
BRDA:77,3,0,0
BRDA:77,3,1,12
BRDA:78,4,0,0
BRDA:78,4,1,0
BRF:10
BRH:6
end_of_record
TN:
SF:components/molecules/Menu.stories.js
FN:9,(anonymous_0)
FNF:1
FNH:1
FNDA:3,(anonymous_0)
DA:9,3
DA:11,1
DA:13,1
LF:3
LH:3
BRF:0
BRH:0
end_of_record
TN:
SF:components/molecules/OptionalListField.js
FN:9,OptionalListField
FN:11,(anonymous_1)
FN:22,(anonymous_2)
FNF:3
FNH:3
FNDA:5,OptionalListField
FNDA:1,(anonymous_1)
FNDA:5,(anonymous_2)
DA:10,5
DA:11,5
DA:12,1
DA:13,0
DA:15,1
DA:18,1
DA:19,0
DA:22,5
DA:23,5
DA:24,0
DA:26,5
DA:27,5
DA:29,0
DA:31,5
DA:79,1
DA:83,1
LF:16
LH:12
BRDA:10,0,0,5
BRDA:10,0,1,2
BRDA:12,1,0,0
BRDA:12,1,1,1
BRDA:18,2,0,0
BRDA:18,2,1,1
BRDA:23,3,0,0
BRDA:23,3,1,5
BRDA:26,4,0,5
BRDA:26,4,1,0
BRDA:33,5,0,4
BRDA:33,5,1,1
BRDA:60,6,0,4
BRDA:60,6,1,1
BRDA:60,7,0,5
BRDA:60,7,1,2
BRDA:60,7,2,4
BRDA:63,8,0,0
BRDA:63,8,1,4
BRF:19
BRH:14
end_of_record
TN:
SF:components/molecules/OptionalListField.stories.js
FN:10,(anonymous_0)
FN:20,(anonymous_1)
FNF:2
FNH:1
FNDA:0,(anonymous_0)
FNDA:4,(anonymous_1)
DA:11,0
DA:20,4
DA:22,1
DA:23,1
DA:48,1
DA:49,1
DA:76,1
DA:77,1
DA:104,1
DA:105,1
DA:133,1
DA:134,1
LF:12
LH:11
BRF:0
BRH:0
end_of_record
TN:
SF:components/molecules/OptionalTextField.js
FN:12,OptionalTextField
FN:16,(anonymous_1)
FN:76,(anonymous_2)
FN:94,(anonymous_3)
FNF:4
FNH:2
FNDA:55,OptionalTextField
FNDA:3,(anonymous_1)
FNDA:0,(anonymous_2)
FNDA:0,(anonymous_3)
DA:13,55
DA:14,55
DA:15,55
DA:16,55
DA:17,3
DA:18,0
DA:19,0
DA:21,3
DA:22,3
DA:25,3
DA:26,0
DA:29,55
DA:106,5
DA:110,5
LF:14
LH:11
BRDA:13,0,0,55
BRDA:13,0,1,54
BRDA:17,1,0,0
BRDA:17,1,1,3
BRDA:25,2,0,0
BRDA:25,2,1,3
BRDA:31,3,0,55
BRDA:31,3,1,54
BRDA:47,4,0,55
BRDA:47,4,1,1
BRDA:61,5,0,4
BRDA:61,5,1,51
BRDA:61,6,0,55
BRDA:61,6,1,54
BRDA:61,6,2,52
BRDA:62,7,0,2
BRDA:62,7,1,2
BRDA:76,8,0,0
BRDA:76,8,1,2
BRDA:94,9,0,0
BRDA:94,9,1,2
BRF:21
BRH:17
end_of_record
TN:
SF:components/molecules/OptionalTextField.stories.js
FN:8,(anonymous_0)
FN:18,(anonymous_1)
FNF:2
FNH:1
FNDA:0,(anonymous_0)
FNDA:3,(anonymous_1)
DA:9,0
DA:18,3
DA:20,1
DA:21,1
DA:32,1
DA:33,1
DA:45,1
DA:46,1
DA:59,1
DA:60,1
DA:72,1
DA:73,1
LF:12
LH:11
BRF:0
BRH:0
end_of_record
TN:
SF:components/molecules/Quote.js
FN:6,Quote
FNF:1
FNH:1
FNDA:2,Quote
DA:7,2
DA:21,1
LF:2
LH:2
BRF:0
BRH:0
end_of_record
TN:
SF:components/molecules/Quote.stories.js
FN:9,(anonymous_0)
FNF:1
FNH:1
FNDA:2,(anonymous_0)
DA:9,2
DA:11,1
DA:13,1
LF:3
LH:3
BRF:0
BRH:0
end_of_record
TN:
SF:components/molecules/SubFooterBand.js
FN:27,SubFooterBand
FN:51,(anonymous_1)
FN:70,(anonymous_2)
FNF:3
FNH:2
FNDA:9,SubFooterBand
FNDA:0,(anonymous_1)
FNDA:45,(anonymous_2)
DA:4,4
DA:28,9
DA:52,0
DA:71,45
LF:4
LH:3
BRDA:32,0,0,0
BRDA:32,0,1,9
BRDA:33,1,0,0
BRDA:33,1,1,9
BRDA:35,2,0,0
BRDA:35,2,1,9
BRDA:50,3,0,0
BRDA:50,3,1,9
BRDA:56,4,0,0
BRDA:56,4,1,0
BRDA:60,5,0,0
BRDA:60,5,1,0
BRDA:75,6,0,9
BRDA:75,6,1,36
BRDA:79,7,0,0
BRDA:79,7,1,45
BRDA:95,8,0,0
BRDA:95,8,1,9
BRDA:100,9,0,0
BRDA:100,9,1,9
BRF:20
BRH:9
end_of_record
TN:
SF:components/molecules/TextButtonField.js
FN:7,TextButtonField
FNF:1
FNH:1
FNDA:6,TextButtonField
DA:10,6
DA:11,5
DA:15,6
DA:44,1
LF:4
LH:4
BRDA:10,0,0,5
BRDA:10,0,1,1
BRDA:11,1,0,2
BRDA:11,1,1,3
BRDA:17,2,0,0
BRDA:17,2,1,6
BRDA:26,3,0,6
BRDA:26,3,1,0
BRF:8
BRH:6
end_of_record
TN:
SF:components/molecules/TextButtonField.stories.js
FN:9,(anonymous_0)
FNF:1
FNH:1
FNDA:6,(anonymous_0)
DA:9,6
DA:11,1
DA:12,1
DA:13,1
DA:14,1
DA:16,1
DA:24,1
DA:31,1
DA:39,1
LF:9
LH:9
BRF:0
BRH:0
end_of_record
TN:
SF:components/organisms/Feedback.js
FN:6,Feedback
FN:13,handleSubmit
FN:114,(anonymous_2)
FN:120,(anonymous_3)
FNF:4
FNH:1
FNDA:7,Feedback
FNDA:0,handleSubmit
FNDA:0,(anonymous_2)
FNDA:0,(anonymous_3)
DA:7,7
DA:8,7
DA:10,7
DA:11,7
DA:14,0
DA:15,0
DA:16,0
DA:24,0
DA:28,7
DA:114,0
DA:120,0
LF:11
LH:5
BRDA:30,0,0,7
BRDA:30,0,1,0
BRDA:44,1,0,7
BRDA:44,1,1,0
BRDA:44,1,2,0
BRDA:109,2,0,7
BRDA:109,2,1,7
BRDA:109,2,2,7
BRF:8
BRH:5
end_of_record
TN:
SF:components/organisms/Footer.js
FN:30,(anonymous_0)
FNF:1
FNH:1
FNDA:9,(anonymous_0)
DA:6,4
DA:30,4
DA:31,9
DA:56,4
DA:61,4
LF:5
LH:5
BRF:0
BRH:0
end_of_record
TN:
SF:components/organisms/Footer.stories.js
FN:9,(anonymous_0)
FNF:1
FNH:0
FNDA:0,(anonymous_0)
DA:9,1
DA:11,1
DA:12,1
LF:3
LH:3
BRF:0
BRH:0
end_of_record
TN:
SF:components/organisms/HelpIcon.js
FN:5,(anonymous_0)
FN:7,(anonymous_1)
FN:8,(anonymous_2)
FNF:3
FNH:1
FNDA:4,(anonymous_0)
FNDA:0,(anonymous_1)
FNDA:0,(anonymous_2)
DA:5,3
DA:6,4
DA:7,4
DA:8,4
DA:10,4
LF:5
LH:5
BRDA:30,0,0,4
BRDA:30,0,1,0
BRDA:43,1,0,0
BRDA:43,1,1,0
BRDA:67,2,0,0
BRDA:67,2,1,0
BRF:6
BRH:1
end_of_record
TN:
SF:components/organisms/HelpIcon.stories.js
FN:9,(anonymous_0)
FNF:1
FNH:0
FNDA:0,(anonymous_0)
DA:9,1
DA:11,1
DA:12,1
DA:13,1
DA:15,1
DA:21,1
DA:27,1
LF:7
LH:7
BRF:0
BRH:0
end_of_record
TN:
SF:components/organisms/Layout.js
FN:15,(anonymous_0)
FNF:1
FNH:1
FNDA:7,(anonymous_0)
DA:15,3
DA:28,7
DA:29,7
DA:30,7
DA:35,7
DA:130,3
LF:6
LH:6
BRDA:29,0,0,0
BRDA:29,0,1,7
BRDA:31,1,0,7
BRDA:31,1,1,0
BRDA:31,2,0,7
BRDA:31,2,1,7
BRDA:50,3,0,0
BRDA:50,3,1,7
BRDA:72,4,0,7
BRDA:72,4,1,0
BRDA:86,5,0,7
BRDA:86,5,1,0
BRDA:99,6,0,7
BRDA:99,6,1,0
BRDA:110,7,0,2
BRDA:110,7,1,5
BRDA:110,8,0,7
BRDA:110,8,1,2
BRF:18
BRH:12
end_of_record
TN:
SF:components/organisms/Layout.stories.js
FN:9,(anonymous_0)
FN:23,(anonymous_1)
FNF:2
FNH:2
FNDA:7,(anonymous_0)
FNDA:7,(anonymous_1)
DA:9,1
DA:10,7
DA:23,7
DA:25,1
DA:26,1
DA:28,1
DA:33,1
LF:7
LH:7
BRF:0
BRH:0
end_of_record
TN:
SF:components/organisms/PhaseBanner.js
FN:12,(anonymous_0)
FN:24,(anonymous_1)
FNF:2
FNH:2
FNDA:3,(anonymous_0)
FNDA:1,(anonymous_1)
DA:12,4
DA:20,3
DA:21,3
DA:22,3
DA:24,3
DA:25,1
DA:26,0
DA:28,1
DA:31,1
DA:34,3
DA:112,4
LF:11
LH:10
BRDA:25,0,0,0
BRDA:25,0,1,1
BRDA:40,1,0,2
BRDA:40,1,1,1
BRDA:49,2,0,2
BRDA:49,2,1,1
BRDA:68,3,0,2
BRDA:68,3,1,1
BRF:8
BRH:7
end_of_record
TN:
SF:components/organisms/PhaseBanner.stories.js
FN:9,(anonymous_0)
FNF:1
FNH:1
FNDA:2,(anonymous_0)
DA:9,2
DA:11,1
DA:12,1
DA:14,1
DA:19,1
LF:5
LH:5
BRF:0
BRH:0
end_of_record
TN:
SF:components/organisms/ReportAProblem.js
FN:14,ReportAProblem
FN:20,(anonymous_1)
FN:84,(anonymous_2)
FNF:3
FNH:2
FNDA:8,ReportAProblem
FNDA:3,(anonymous_1)
FNDA:0,(anonymous_2)
DA:15,8
DA:16,8
DA:18,8
DA:20,8
DA:22,3
DA:25,3
DA:26,3
DA:27,24
DA:28,21
DA:29,1
DA:35,3
DA:37,3
DA:40,3
DA:41,5
DA:42,5
DA:46,3
DA:47,3
DA:51,3
DA:52,0
DA:62,3
DA:73,3
DA:74,21
DA:78,3
DA:88,0
DA:91,3
DA:92,1
DA:95,3
DA:98,8
DA:373,4
LF:29
LH:27
BRDA:27,0,0,21
BRDA:27,0,1,3
BRDA:28,1,0,1
BRDA:28,1,1,20
BRDA:51,2,0,0
BRDA:51,2,1,3
BRDA:91,3,0,1
BRDA:91,3,1,2
BRDA:105,4,0,1
BRDA:105,4,1,7
BRDA:124,5,0,1
BRDA:124,5,1,7
BRDA:350,6,0,2
BRDA:350,6,1,5
BRF:14
BRH:13
end_of_record
TN:
SF:components/organisms/ReportAProblem.stories.js
FN:9,(anonymous_0)
FNF:1
FNH:1
FNDA:5,(anonymous_0)
DA:9,5
DA:11,1
LF:2
LH:2
BRF:0
BRH:0
end_of_record
TN:
SF:components/text_node_renderer/TextRecur.jsx
FN:26,TextRecur
FN:43,(anonymous_1)
FNF:2
FNH:0
FNDA:0,TextRecur
FNDA:0,(anonymous_1)
DA:14,0
DA:27,0
DA:28,0
DA:30,0
DA:36,0
DA:39,0
DA:44,0
LF:7
LH:0
BRDA:30,0,0,0
BRDA:30,0,1,0
BRDA:31,1,0,0
BRDA:31,1,1,0
BRDA:31,1,2,0
BRDA:31,1,3,0
BRDA:41,2,0,0
BRDA:41,2,1,0
BRDA:41,3,0,0
BRDA:41,3,1,0
BRF:10
BRH:0
end_of_record
TN:
SF:components/text_node_renderer/TextRender.jsx
FN:4,TextRender
FN:7,(anonymous_1)
FNF:2
FNH:0
FNDA:0,TextRender
FNDA:0,(anonymous_1)
DA:5,0
DA:8,0
LF:2
LH:0
BRF:0
BRH:0
end_of_record
TN:
SF:components/text_node_renderer/nodes/Header.jsx
FN:1,Header
FNF:1
FNH:0
FNDA:0,Header
DA:2,0
DA:4,0
DA:8,0
DA:12,0
DA:14,0
DA:16,0
DA:18,0
LF:7
LH:0
BRDA:2,0,0,0
BRDA:2,0,1,0
BRDA:2,0,2,0
BRDA:2,0,3,0
BRDA:2,0,4,0
BRDA:2,0,5,0
BRDA:5,1,0,0
BRDA:5,1,1,0
BRDA:9,2,0,0
BRDA:9,2,1,0
BRF:10
BRH:0
end_of_record
TN:
SF:components/text_node_renderer/nodes/LineBreak.jsx
FN:1,LineBreak
FNF:1
FNH:0
FNDA:0,LineBreak
DA:2,0
LF:1
LH:0
BRF:0
BRH:0
end_of_record
TN:
SF:components/text_node_renderer/nodes/Link.jsx
FN:1,Link
FNF:1
FNH:0
FNDA:0,Link
DA:2,0
LF:1
LH:0
BRF:0
BRH:0
end_of_record
TN:
SF:components/text_node_renderer/nodes/ListItem.jsx
FN:1,ListItem
FNF:1
FNH:0
FNDA:0,ListItem
DA:2,0
LF:1
LH:0
BRF:0
BRH:0
end_of_record
TN:
SF:components/text_node_renderer/nodes/OrderedList.jsx
FN:1,UnorderedList
FNF:1
FNH:0
FNDA:0,UnorderedList
DA:2,0
LF:1
LH:0
BRF:0
BRH:0
end_of_record
TN:
SF:components/text_node_renderer/nodes/Paragraph.jsx
FN:1,Paragraph
FNF:1
FNH:0
FNDA:0,Paragraph
DA:2,0
LF:1
LH:0
BRF:0
BRH:0
end_of_record
TN:
SF:components/text_node_renderer/nodes/Span.jsx
FN:1,Span
FNF:1
FNH:0
FNDA:0,Span
DA:2,0
LF:1
LH:0
BRF:0
BRH:0
end_of_record
TN:
SF:components/text_node_renderer/nodes/Text.jsx
FN:1,Text
FNF:1
FNH:0
FNDA:0,Text
DA:3,0
DA:5,0
DA:7,0
DA:9,0
LF:4
LH:0
BRDA:3,0,0,0
BRDA:3,0,1,0
BRDA:3,0,2,0
BRF:3
BRH:0
end_of_record
TN:
SF:components/text_node_renderer/nodes/UnorderedList.jsx
FN:1,UnorderedList
FNF:1
FNH:0
FNDA:0,UnorderedList
DA:2,0
LF:1
LH:0
BRF:0
BRH:0
end_of_record
TN:
SF:lib/notify/postFeedbackToGcNotify.js
FN:1,postFeedbackToGcNotify
FNF:1
FNH:0
FNDA:0,postFeedbackToGcNotify
DA:2,0
LF:1
LH:0
BRF:0
BRH:0
end_of_record
TN:
SF:lib/notify/submitEmail.js
FN:3,(anonymous_0)
FN:32,(anonymous_1)
FNF:2
FNH:1
FNDA:1,(anonymous_0)
FNDA:0,(anonymous_1)
DA:3,2
DA:11,1
DA:29,1
DA:32,2
DA:42,0
DA:64,0
LF:6
LH:4
BRF:0
BRH:0
end_of_record
TN:
SF:lib/utils/createBreadcrumbs.js
FN:1,(anonymous_0)
FN:2,(anonymous_1)
FNF:2
FNH:2
FNDA:1,(anonymous_0)
FNDA:1,(anonymous_1)
DA:1,1
DA:2,1
DA:3,1
LF:3
LH:3
BRDA:5,0,0,0
BRDA:5,0,1,1
BRDA:7,1,0,0
BRDA:7,1,1,1
BRF:4
BRH:2
end_of_record
TN:
SF:lib/utils/generateCollapseElements.js
FN:1,(anonymous_0)
FN:10,(anonymous_1)
FN:21,(anonymous_2)
FNF:3
FNH:0
FNDA:0,(anonymous_0)
FNDA:0,(anonymous_1)
FNDA:0,(anonymous_2)
DA:1,0
DA:2,0
DA:4,0
DA:5,0
DA:6,0
DA:9,0
DA:10,0
DA:11,0
DA:15,0
DA:20,0
DA:21,0
DA:22,0
DA:26,0
DA:31,0
DA:32,0
DA:37,0
DA:38,0
DA:42,0
LF:18
LH:0
BRDA:5,0,0,0
BRDA:5,0,1,0
BRDA:9,1,0,0
BRDA:9,1,1,0
BRDA:20,2,0,0
BRDA:20,2,1,0
BRDA:31,3,0,0
BRDA:31,3,1,0
BRDA:37,4,0,0
BRDA:37,4,1,0
BRF:10
BRH:0
end_of_record
TN:
SF:lib/utils/getAllUpdateIds.js
FN:1,getAllUpdateIds
FN:2,(anonymous_1)
FNF:2
FNH:0
FNDA:0,getAllUpdateIds
FNDA:0,(anonymous_1)
DA:2,0
LF:1
LH:0
BRF:0
BRH:0
end_of_record
TN:
SF:lib/utils/maskEmail.js
FN:2,maskEmail
FNF:1
FNH:1
FNDA:1,maskEmail
DA:3,1
DA:4,1
DA:6,1
DA:7,14
DA:8,1
DA:9,13
DA:10,10
DA:11,10
DA:13,3
DA:14,3
DA:18,1
LF:11
LH:11
BRDA:7,0,0,1
BRDA:7,0,1,13
BRDA:9,1,0,10
BRDA:9,1,1,3
BRDA:9,2,0,13
BRDA:9,2,1,12
BRDA:9,2,2,11
BRF:7
BRH:7
end_of_record
TN:
SF:lib/utils/stripFeedback.js
FN:1,stripFeedback
FNF:1
FNH:1
FNDA:7,stripFeedback
DA:3,7
DA:9,7
DA:15,7
DA:21,7
DA:25,7
DA:30,7
LF:6
LH:6
BRF:0
BRH:0
end_of_record
TN:
SF:middlewares/initMiddleware.js
FN:3,initMiddleware
FN:4,(anonymous_1)
FN:5,(anonymous_2)
FN:6,(anonymous_3)
FNF:4
FNH:0
FNDA:0,initMiddleware
FNDA:0,(anonymous_1)
FNDA:0,(anonymous_2)
FNDA:0,(anonymous_3)
DA:4,0
DA:5,0
DA:6,0
DA:7,0
DA:8,0
DA:10,0
LF:6
LH:0
BRDA:7,0,0,0
BRDA:7,0,1,0
BRF:2
BRH:0
end_of_record
TN:
SF:middlewares/joi.js
FN:11,validate
FN:12,(anonymous_1)
FN:19,(anonymous_2)
FNF:3
FNH:3
FNDA:1,validate
FNDA:1,(anonymous_1)
FNDA:2,(anonymous_2)
DA:12,1
DA:13,1
DA:14,1
DA:15,1
DA:16,0
DA:18,1
DA:19,1
DA:20,2
DA:22,1
LF:9
LH:8
BRDA:11,0,0,0
BRDA:15,1,0,0
BRDA:15,1,1,1
BRF:3
BRH:1
end_of_record
TN:
SF:pages/404.js
FN:10,error404
FN:16,(anonymous_1)
FN:237,(anonymous_2)
FNF:3
FNH:2
FNDA:2,error404
FNDA:1,(anonymous_1)
FNDA:0,(anonymous_2)
DA:11,2
DA:12,2
DA:13,2
DA:14,2
DA:16,2
DA:17,1
DA:18,0
DA:19,0
DA:23,1
DA:24,0
DA:26,1
DA:31,2
DA:32,1
DA:35,1
DA:237,1
DA:238,0
DA:240,0
LF:17
LH:12
BRDA:17,0,0,0
BRDA:17,0,1,1
BRDA:18,1,0,0
BRDA:18,1,1,0
BRDA:23,2,0,0
BRDA:23,2,1,1
BRDA:31,3,0,1
BRDA:31,3,1,1
BRDA:56,4,0,0
BRDA:56,4,1,1
BRDA:71,5,0,0
BRDA:71,5,1,1
BRDA:123,6,0,0
BRDA:123,6,1,1
BRDA:128,7,0,0
BRDA:128,7,1,1
BRDA:167,8,0,0
BRDA:167,8,1,1
BRDA:219,9,0,0
BRDA:219,9,1,1
BRDA:224,10,0,0
BRDA:224,10,1,1
BRDA:243,11,0,0
BRDA:243,11,1,0
BRF:24
BRH:11
end_of_record
TN:
SF:pages/500.js
FN:10,error500
FN:16,(anonymous_1)
FN:263,(anonymous_2)
FNF:3
FNH:2
FNDA:2,error500
FNDA:1,(anonymous_1)
FNDA:0,(anonymous_2)
DA:11,2
DA:12,2
DA:13,2
DA:14,2
DA:16,2
DA:17,1
DA:18,0
DA:19,0
DA:23,1
DA:24,0
DA:26,1
DA:31,2
DA:32,1
DA:35,1
DA:263,1
DA:264,0
DA:266,0
LF:17
LH:12
BRDA:17,0,0,0
BRDA:17,0,1,1
BRDA:18,1,0,0
BRDA:18,1,1,0
BRDA:23,2,0,0
BRDA:23,2,1,1
BRDA:31,3,0,1
BRDA:31,3,1,1
BRDA:67,4,0,0
BRDA:67,4,1,1
BRDA:149,5,0,0
BRDA:149,5,1,1
BRDA:154,6,0,0
BRDA:154,6,1,1
BRDA:193,7,0,0
BRDA:193,7,1,1
BRDA:245,8,0,0
BRDA:245,8,1,1
BRDA:250,9,0,0
BRDA:250,9,1,1
BRDA:269,10,0,0
BRDA:269,10,1,0
BRF:22
BRH:10
end_of_record
TN:
SF:pages/_app.js
FN:11,MyApp
FNF:1
FNH:0
FNDA:0,MyApp
DA:9,0
DA:12,0
LF:2
LH:0
BRF:0
BRH:0
end_of_record
TN:
SF:pages/error.js
FN:10,ErrorPage
FN:25,(anonymous_1)
FN:442,(anonymous_2)
FNF:3
FNH:0
FNDA:0,ErrorPage
FNDA:0,(anonymous_1)
FNDA:0,(anonymous_2)
DA:11,0
DA:12,0
DA:13,0
DA:15,0
DA:17,0
DA:19,0
DA:21,0
DA:23,0
DA:25,0
DA:26,0
DA:27,0
DA:28,0
DA:32,0
DA:442,0
DA:443,0
DA:445,0
LF:16
LH:0
BRDA:15,0,0,0
BRDA:15,0,1,0
BRDA:17,1,0,0
BRDA:17,1,1,0
BRDA:19,2,0,0
BRDA:19,2,1,0
BRDA:21,3,0,0
BRDA:21,3,1,0
BRDA:23,4,0,0
BRDA:23,4,1,0
BRDA:26,5,0,0
BRDA:26,5,1,0
BRDA:27,6,0,0
BRDA:27,6,1,0
BRDA:46,7,0,0
BRDA:46,7,1,0
BRDA:68,8,0,0
BRDA:68,8,1,0
BRDA:99,9,0,0
BRDA:99,9,1,0
BRDA:136,10,0,0
BRDA:136,10,1,0
BRDA:160,11,0,0
BRDA:160,11,1,0
BRDA:173,12,0,0
BRDA:173,12,1,0
BRDA:178,13,0,0
BRDA:178,13,1,0
BRDA:196,14,0,0
BRDA:196,14,1,0
BRDA:213,15,0,0
BRDA:213,15,1,0
BRDA:247,16,0,0
BRDA:247,16,1,0
BRDA:294,17,0,0
BRDA:294,17,1,0
BRDA:314,18,0,0
BRDA:314,18,1,0
BRDA:331,19,0,0
BRDA:331,19,1,0
BRDA:365,20,0,0
BRDA:365,20,1,0
BRDA:424,21,0,0
BRDA:424,21,1,0
BRDA:429,22,0,0
BRDA:429,22,1,0
BRF:46
BRH:0
end_of_record
TN:
SF:pages/home.js
FN:11,Home
FN:15,(anonymous_1)
FN:22,(anonymous_2)
FN:38,(anonymous_3)
FN:44,(anonymous_4)
FN:90,(anonymous_5)
FN:409,(anonymous_6)
FNF:7
FNH:5
FNDA:2,Home
FNDA:4,(anonymous_1)
FNDA:1,(anonymous_2)
FNDA:0,(anonymous_3)
FNDA:1,(anonymous_4)
FNDA:1,(anonymous_5)
FNDA:0,(anonymous_6)
DA:12,2
DA:13,1
DA:15,1
DA:16,4
DA:22,1
DA:24,1
DA:32,1
DA:33,1
DA:34,5
DA:38,1
DA:39,0
DA:43,1
DA:45,1
DA:90,1
DA:91,1
DA:92,0
DA:93,0
DA:97,1
DA:409,1
DA:410,0
DA:413,0
DA:417,0
LF:22
LH:16
BRDA:49,0,0,1
BRDA:49,0,1,0
BRDA:53,1,0,0
BRDA:53,1,1,1
BRDA:57,2,0,0
BRDA:57,2,1,1
BRDA:62,3,0,0
BRDA:62,3,1,1
BRDA:67,4,0,0
BRDA:67,4,1,1
BRDA:72,5,0,1
BRDA:72,5,1,0
BRDA:76,6,0,0
BRDA:76,6,1,1
BRDA:78,7,0,0
BRDA:78,7,1,1
BRDA:81,8,0,0
BRDA:81,8,1,1
BRDA:91,9,0,0
BRDA:91,9,1,1
BRDA:92,10,0,0
BRDA:92,10,1,0
BRDA:102,11,0,0
BRDA:102,11,1,1
BRDA:109,12,0,0
BRDA:109,12,1,1
BRDA:114,13,0,0
BRDA:114,13,1,1
BRDA:125,14,0,0
BRDA:125,14,1,1
BRDA:135,15,0,0
BRDA:135,15,1,1
BRDA:140,16,0,0
BRDA:140,16,1,1
BRDA:146,17,0,0
BRDA:146,17,1,1
BRDA:159,18,0,0
BRDA:159,18,1,1
BRDA:181,19,0,0
BRDA:181,19,1,1
BRDA:190,20,0,0
BRDA:190,20,1,1
BRDA:196,21,0,0
BRDA:196,21,1,1
BRDA:208,22,0,0
BRDA:208,22,1,1
BRDA:219,23,0,0
BRDA:219,23,1,1
BRDA:228,24,0,0
BRDA:228,24,1,1
BRDA:235,25,0,0
BRDA:235,25,1,1
BRDA:247,26,0,0
BRDA:247,26,1,1
BRDA:258,27,0,0
BRDA:258,27,1,1
BRDA:265,28,0,0
BRDA:265,28,1,1
BRDA:270,29,0,0
BRDA:270,29,1,1
BRDA:283,30,0,0
BRDA:283,30,1,1
BRDA:299,31,0,0
BRDA:299,31,1,1
BRDA:305,32,0,0
BRDA:305,32,1,1
BRDA:313,33,0,0
BRDA:313,33,1,1
BRDA:322,34,0,0
BRDA:322,34,1,1
BRDA:333,35,0,0
BRDA:333,35,1,1
BRDA:345,36,0,0
BRDA:345,36,1,1
BRDA:350,37,0,0
BRDA:350,37,1,1
BRDA:420,38,0,0
BRDA:420,38,1,0
BRDA:425,39,0,0
BRDA:425,39,1,0
BRF:80
BRH:37
end_of_record
TN:
SF:pages/index.js
FN:8,Index
FN:11,(anonymous_1)
FN:186,(anonymous_2)
FNF:3
FNH:2
FNDA:1,Index
FNDA:1,(anonymous_1)
FNDA:0,(anonymous_2)
DA:9,1
DA:11,1
DA:12,1
DA:13,0
DA:14,0
DA:16,1
DA:19,1
DA:186,1
LF:8
LH:6
BRDA:12,0,0,0
BRDA:12,0,1,1
BRDA:13,1,0,0
BRDA:13,1,1,0
BRDA:48,2,0,0
BRDA:48,2,1,1
BRDA:188,3,0,0
BRDA:188,3,1,0
BRDA:189,4,0,0
BRDA:189,4,1,0
BRF:10
BRH:2
end_of_record
TN:
SF:pages/notsupported.js
FN:10,notSupported
FN:16,(anonymous_1)
FN:23,onClickEn
FN:28,onClickFr
FN:473,(anonymous_4)
FNF:5
FNH:2
FNDA:1,notSupported
FNDA:1,(anonymous_1)
FNDA:0,onClickEn
FNDA:0,onClickFr
FNDA:0,(anonymous_4)
DA:11,1
DA:12,1
DA:13,1
DA:14,1
DA:16,1
DA:17,1
DA:18,0
DA:19,0
DA:24,0
DA:25,0
DA:29,0
DA:30,0
DA:32,1
DA:473,1
DA:474,0
DA:476,0
LF:16
LH:8
BRDA:17,0,0,0
BRDA:17,0,1,1
BRDA:18,1,0,0
BRDA:18,1,1,0
BRDA:73,2,0,0
BRDA:73,2,1,1
BRDA:79,3,0,0
BRDA:79,3,1,1
BRDA:156,4,0,0
BRDA:156,4,1,1
BRDA:161,5,0,0
BRDA:161,5,1,1
BRDA:184,6,0,0
BRDA:184,6,1,1
BRDA:212,7,0,0
BRDA:212,7,1,1
BRDA:217,8,0,0
BRDA:217,8,1,1
BRDA:231,9,0,0
BRDA:231,9,1,1
BRDA:236,10,0,0
BRDA:236,10,1,1
BRDA:250,11,0,0
BRDA:250,11,1,1
BRDA:255,12,0,0
BRDA:255,12,1,1
BRDA:269,13,0,0
BRDA:269,13,1,1
BRDA:274,14,0,0
BRDA:274,14,1,1
BRDA:295,15,0,0
BRDA:295,15,1,1
BRDA:296,16,0,0
BRDA:296,16,1,1
BRDA:371,17,0,0
BRDA:371,17,1,1
BRDA:373,18,0,0
BRDA:373,18,1,1
BRDA:455,19,0,0
BRDA:455,19,1,1
BRDA:460,20,0,0
BRDA:460,20,1,1
BRDA:479,21,0,0
BRDA:479,21,1,0
BRF:44
BRH:20
end_of_record
TN:
SF:pages/api/healthcheck.js
FN:2,handler
FNF:1
FNH:0
FNDA:0,handler
DA:3,0
LF:1
LH:0
BRF:0
BRH:0
end_of_record
TN:
SF:pages/api/report-a-problem.js
FN:7,handler
FNF:1
FNH:1
FNDA:5,handler
DA:8,5
DA:10,5
DA:14,2
DA:16,3
DA:17,3
DA:46,2
DA:47,1
DA:49,1
DA:50,1
DA:53,1
DA:54,1
DA:58,0
DA:59,0
LF:13
LH:11
BRDA:8,0,0,5
BRDA:8,0,1,0
BRDA:10,1,0,2
BRDA:10,1,1,3
BRDA:11,2,0,5
BRDA:11,2,1,4
BRDA:20,3,0,3
BRDA:20,3,1,0
BRDA:46,4,0,1
BRDA:46,4,1,1
BRF:10
BRH:8
end_of_record
TN:
SF:pages/api/robots.js
FN:7,handler
FNF:1
FNH:1
FNDA:2,handler
DA:8,2
DA:9,1
DA:10,1
DA:11,1
DA:12,1
DA:14,1
DA:15,1
DA:17,2
LF:8
LH:8
BRDA:8,0,0,1
BRDA:8,0,1,1
BRF:2
BRH:2
end_of_record
TN:
SF:pages/api/submit-feedback.js
FN:3,handler
FNF:1
FNH:1
FNDA:3,handler
DA:4,3
DA:5,3
DA:6,1
DA:8,2
DA:9,2
DA:10,2
DA:11,1
DA:13,1
DA:16,1
DA:17,1
LF:10
LH:10
BRDA:5,0,0,1
BRDA:5,0,1,2
BRDA:10,1,0,1
BRDA:10,1,1,1
BRF:4
BRH:4
end_of_record
TN:
SF:pages/projects/benefits-navigator/[id].js
FN:11,BenefitNavigatorArticles
FN:15,(anonymous_1)
FN:86,getStaticPaths
FN:93,(anonymous_3)
FN:100,(anonymous_4)
FN:111,(anonymous_5)
FNF:6
FNH:0
FNDA:0,BenefitNavigatorArticles
FNDA:0,(anonymous_1)
FNDA:0,getStaticPaths
FNDA:0,(anonymous_3)
FNDA:0,(anonymous_4)
FNDA:0,(anonymous_5)
DA:12,0
DA:13,0
DA:15,0
DA:16,0
DA:17,0
DA:18,0
DA:22,0
DA:88,0
DA:92,0
DA:93,0
DA:94,0
DA:100,0
DA:102,0
DA:106,0
DA:109,0
DA:111,0
DA:112,0
DA:119,0
DA:120,0
DA:125,0
LF:20
LH:0
BRDA:16,0,0,0
BRDA:16,0,1,0
BRDA:17,1,0,0
BRDA:17,1,1,0
BRDA:27,2,0,0
BRDA:27,2,1,0
BRDA:42,3,0,0
BRDA:42,3,1,0
BRDA:48,4,0,0
BRDA:48,4,1,0
BRDA:51,5,0,0
BRDA:51,5,1,0
BRDA:60,6,0,0
BRDA:60,6,1,0
BRDA:63,7,0,0
BRDA:63,7,1,0
BRDA:113,8,0,0
BRDA:113,8,1,0
BRDA:119,9,0,0
BRDA:119,9,1,0
BRDA:119,10,0,0
BRDA:119,10,1,0
BRDA:130,11,0,0
BRDA:130,11,1,0
BRDA:133,12,0,0
BRDA:133,12,1,0
BRF:26
BRH:0
end_of_record
TN:
SF:pages/projects/benefits-navigator/index.js
FN:15,BenefitsNavigatorOverview
FN:20,(anonymous_1)
FN:28,(anonymous_2)
FN:55,(anonymous_3)
FN:718,(anonymous_4)
FNF:5
FNH:0
FNDA:0,BenefitsNavigatorOverview
FNDA:0,(anonymous_1)
FNDA:0,(anonymous_2)
FNDA:0,(anonymous_3)
FNDA:0,(anonymous_4)
DA:16,0
DA:17,0
DA:18,0
DA:21,0
DA:28,0
DA:29,0
DA:55,0
DA:56,0
DA:57,0
DA:58,0
DA:62,0
DA:718,0
DA:720,0
DA:724,0
DA:728,0
DA:732,0
LF:16
LH:0
BRDA:21,0,0,0
BRDA:21,0,1,0
BRDA:21,0,2,0
BRDA:21,0,3,0
BRDA:33,1,0,0
BRDA:33,1,1,0
BRDA:38,2,0,0
BRDA:38,2,1,0
BRDA:44,3,0,0
BRDA:44,3,1,0
BRDA:45,4,0,0
BRDA:45,4,1,0
BRDA:47,5,0,0
BRDA:47,5,1,0
BRDA:56,6,0,0
BRDA:56,6,1,0
BRDA:57,7,0,0
BRDA:57,7,1,0
BRDA:67,8,0,0
BRDA:67,8,1,0
BRDA:78,9,0,0
BRDA:78,9,1,0
BRDA:85,10,0,0
BRDA:85,10,1,0
BRDA:97,11,0,0
BRDA:97,11,1,0
BRDA:107,12,0,0
BRDA:107,12,1,0
BRDA:117,13,0,0
BRDA:117,13,1,0
BRDA:122,14,0,0
BRDA:122,14,1,0
BRDA:128,15,0,0
BRDA:128,15,1,0
BRDA:144,16,0,0
BRDA:144,16,1,0
BRDA:164,17,0,0
BRDA:164,17,1,0
BRDA:173,18,0,0
BRDA:173,18,1,0
BRDA:179,19,0,0
BRDA:179,19,1,0
BRDA:191,20,0,0
BRDA:191,20,1,0
BRDA:204,21,0,0
BRDA:204,21,1,0
BRDA:213,22,0,0
BRDA:213,22,1,0
BRDA:220,23,0,0
BRDA:220,23,1,0
BRDA:232,24,0,0
BRDA:232,24,1,0
BRDA:247,25,0,0
BRDA:247,25,1,0
BRDA:258,26,0,0
BRDA:258,26,1,0
BRDA:263,27,0,0
BRDA:263,27,1,0
BRDA:275,28,0,0
BRDA:275,28,1,0
BRDA:284,29,0,0
BRDA:284,29,1,0
BRDA:289,30,0,0
BRDA:289,30,1,0
BRDA:294,31,0,0
BRDA:294,31,1,0
BRDA:302,32,0,0
BRDA:302,32,1,0
BRDA:309,33,0,0
BRDA:309,33,1,0
BRDA:316,34,0,0
BRDA:316,34,1,0
BRDA:321,35,0,0
BRDA:321,35,1,0
BRDA:326,36,0,0
BRDA:326,36,1,0
BRDA:338,37,0,0
BRDA:338,37,1,0
BRDA:343,38,0,0
BRDA:343,38,1,0
BRDA:348,39,0,0
BRDA:348,39,1,0
BRDA:354,40,0,0
BRDA:354,40,1,0
BRDA:361,41,0,0
BRDA:361,41,1,0
BRDA:368,42,0,0
BRDA:368,42,1,0
BRDA:376,43,0,0
BRDA:376,43,1,0
BRDA:382,44,0,0
BRDA:382,44,1,0
BRDA:391,45,0,0
BRDA:391,45,1,0
BRDA:398,46,0,0
BRDA:398,46,1,0
BRDA:417,47,0,0
BRDA:417,47,1,0
BRDA:424,48,0,0
BRDA:424,48,1,0
BRDA:432,49,0,0
BRDA:432,49,1,0
BRDA:439,50,0,0
BRDA:439,50,1,0
BRDA:446,51,0,0
BRDA:446,51,1,0
BRDA:459,52,0,0
BRDA:459,52,1,0
BRDA:466,53,0,0
BRDA:466,53,1,0
BRDA:479,54,0,0
BRDA:479,54,1,0
BRDA:486,55,0,0
BRDA:486,55,1,0
BRDA:505,56,0,0
BRDA:505,56,1,0
BRDA:512,57,0,0
BRDA:512,57,1,0
BRDA:520,58,0,0
BRDA:520,58,1,0
BRDA:527,59,0,0
BRDA:527,59,1,0
BRDA:534,60,0,0
BRDA:534,60,1,0
BRDA:547,61,0,0
BRDA:547,61,1,0
BRDA:554,62,0,0
BRDA:554,62,1,0
BRDA:567,63,0,0
BRDA:567,63,1,0
BRDA:574,64,0,0
BRDA:574,64,1,0
BRDA:593,65,0,0
BRDA:593,65,1,0
BRDA:600,66,0,0
BRDA:600,66,1,0
BRDA:608,67,0,0
BRDA:608,67,1,0
BRDA:615,68,0,0
BRDA:615,68,1,0
BRDA:622,69,0,0
BRDA:622,69,1,0
BRDA:629,70,0,0
BRDA:629,70,1,0
BRDA:636,71,0,0
BRDA:636,71,1,0
BRDA:649,72,0,0
BRDA:649,72,1,0
BRDA:656,73,0,0
BRDA:656,73,1,0
BRDA:671,74,0,0
BRDA:671,74,1,0
BRDA:677,75,0,0
BRDA:677,75,1,0
BRDA:683,76,0,0
BRDA:683,76,1,0
BRDA:695,77,0,0
BRDA:695,77,1,0
BRDA:705,78,0,0
BRDA:705,78,1,0
BRDA:735,79,0,0
BRDA:735,79,1,0
BRDA:741,80,0,0
BRDA:741,80,1,0
BRF:164
BRH:0
end_of_record
TN:
SF:pages/projects/dashboard/[id].js
FN:11,MscaDashboardArticles
FN:15,(anonymous_1)
FN:86,getStaticPaths
FN:93,(anonymous_3)
FN:100,(anonymous_4)
FN:111,(anonymous_5)
FNF:6
FNH:0
FNDA:0,MscaDashboardArticles
FNDA:0,(anonymous_1)
FNDA:0,getStaticPaths
FNDA:0,(anonymous_3)
FNDA:0,(anonymous_4)
FNDA:0,(anonymous_5)
DA:12,0
DA:13,0
DA:15,0
DA:16,0
DA:17,0
DA:18,0
DA:22,0
DA:88,0
DA:92,0
DA:93,0
DA:94,0
DA:100,0
DA:102,0
DA:106,0
DA:109,0
DA:111,0
DA:112,0
DA:119,0
DA:120,0
DA:125,0
LF:20
LH:0
BRDA:16,0,0,0
BRDA:16,0,1,0
BRDA:17,1,0,0
BRDA:17,1,1,0
BRDA:27,2,0,0
BRDA:27,2,1,0
BRDA:42,3,0,0
BRDA:42,3,1,0
BRDA:48,4,0,0
BRDA:48,4,1,0
BRDA:51,5,0,0
BRDA:51,5,1,0
BRDA:60,6,0,0
BRDA:60,6,1,0
BRDA:63,7,0,0
BRDA:63,7,1,0
BRDA:113,8,0,0
BRDA:113,8,1,0
BRDA:119,9,0,0
BRDA:119,9,1,0
BRDA:119,10,0,0
BRDA:119,10,1,0
BRDA:130,11,0,0
BRDA:130,11,1,0
BRDA:133,12,0,0
BRDA:133,12,1,0
BRF:26
BRH:0
end_of_record
TN:
SF:pages/projects/dashboard/index.js
FN:15,MscaDashboard
FN:19,(anonymous_1)
FN:26,(anonymous_2)
FN:795,(anonymous_3)
FNF:4
FNH:0
FNDA:0,MscaDashboard
FNDA:0,(anonymous_1)
FNDA:0,(anonymous_2)
FNDA:0,(anonymous_3)
DA:16,0
DA:18,0
DA:20,0
DA:26,0
DA:27,0
DA:28,0
DA:29,0
DA:33,0
DA:795,0
DA:797,0
DA:801,0
DA:805,0
LF:12
LH:0
BRDA:20,0,0,0
BRDA:20,0,1,0
BRDA:20,0,2,0
BRDA:20,0,3,0
BRDA:27,1,0,0
BRDA:27,1,1,0
BRDA:28,2,0,0
BRDA:28,2,1,0
BRDA:38,3,0,0
BRDA:38,3,1,0
BRDA:49,4,0,0
BRDA:49,4,1,0
BRDA:56,5,0,0
BRDA:56,5,1,0
BRDA:68,6,0,0
BRDA:68,6,1,0
BRDA:78,7,0,0
BRDA:78,7,1,0
BRDA:88,8,0,0
BRDA:88,8,1,0
BRDA:93,9,0,0
BRDA:93,9,1,0
BRDA:99,10,0,0
BRDA:99,10,1,0
BRDA:115,11,0,0
BRDA:115,11,1,0
BRDA:135,12,0,0
BRDA:135,12,1,0
BRDA:144,13,0,0
BRDA:144,13,1,0
BRDA:150,14,0,0
BRDA:150,14,1,0
BRDA:162,15,0,0
BRDA:162,15,1,0
BRDA:173,16,0,0
BRDA:173,16,1,0
BRDA:182,17,0,0
BRDA:182,17,1,0
BRDA:189,18,0,0
BRDA:189,18,1,0
BRDA:201,19,0,0
BRDA:201,19,1,0
BRDA:214,20,0,0
BRDA:214,20,1,0
BRDA:225,21,0,0
BRDA:225,21,1,0
BRDA:230,22,0,0
BRDA:230,22,1,0
BRDA:230,23,0,0
BRDA:230,23,1,0
BRDA:242,24,0,0
BRDA:242,24,1,0
BRDA:251,25,0,0
BRDA:251,25,1,0
BRDA:256,26,0,0
BRDA:256,26,1,0
BRDA:261,27,0,0
BRDA:261,27,1,0
BRDA:269,28,0,0
BRDA:269,28,1,0
BRDA:276,29,0,0
BRDA:276,29,1,0
BRDA:283,30,0,0
BRDA:283,30,1,0
BRDA:288,31,0,0
BRDA:288,31,1,0
BRDA:293,32,0,0
BRDA:293,32,1,0
BRDA:306,33,0,0
BRDA:306,33,1,0
BRDA:312,34,0,0
BRDA:312,34,1,0
BRDA:318,35,0,0
BRDA:318,35,1,0
BRDA:325,36,0,0
BRDA:325,36,1,0
BRDA:332,37,0,0
BRDA:332,37,1,0
BRDA:339,38,0,0
BRDA:339,38,1,0
BRDA:346,39,0,0
BRDA:346,39,1,0
BRDA:359,40,0,0
BRDA:359,40,1,0
BRDA:364,41,0,0
BRDA:364,41,1,0
BRDA:372,42,0,0
BRDA:372,42,1,0
BRDA:382,43,0,0
BRDA:382,43,1,0
BRDA:389,44,0,0
BRDA:389,44,1,0
BRDA:408,45,0,0
BRDA:408,45,1,0
BRDA:415,46,0,0
BRDA:415,46,1,0
BRDA:423,47,0,0
BRDA:423,47,1,0
BRDA:430,48,0,0
BRDA:430,48,1,0
BRDA:443,49,0,0
BRDA:443,49,1,0
BRDA:450,50,0,0
BRDA:450,50,1,0
BRDA:463,51,0,0
BRDA:463,51,1,0
BRDA:470,52,0,0
BRDA:470,52,1,0
BRDA:489,53,0,0
BRDA:489,53,1,0
BRDA:496,54,0,0
BRDA:496,54,1,0
BRDA:504,55,0,0
BRDA:504,55,1,0
BRDA:511,56,0,0
BRDA:511,56,1,0
BRDA:524,57,0,0
BRDA:524,57,1,0
BRDA:531,58,0,0
BRDA:531,58,1,0
BRDA:544,59,0,0
BRDA:544,59,1,0
BRDA:551,60,0,0
BRDA:551,60,1,0
BRDA:570,61,0,0
BRDA:570,61,1,0
BRDA:577,62,0,0
BRDA:577,62,1,0
BRDA:585,63,0,0
BRDA:585,63,1,0
BRDA:592,64,0,0
BRDA:592,64,1,0
BRDA:599,65,0,0
BRDA:599,65,1,0
BRDA:606,66,0,0
BRDA:606,66,1,0
BRDA:613,67,0,0
BRDA:613,67,1,0
BRDA:620,68,0,0
BRDA:620,68,1,0
BRDA:633,69,0,0
BRDA:633,69,1,0
BRDA:640,70,0,0
BRDA:640,70,1,0
BRDA:653,71,0,0
BRDA:653,71,1,0
BRDA:660,72,0,0
BRDA:660,72,1,0
BRDA:679,73,0,0
BRDA:679,73,1,0
BRDA:686,74,0,0
BRDA:686,74,1,0
BRDA:694,75,0,0
BRDA:694,75,1,0
BRDA:701,76,0,0
BRDA:701,76,1,0
BRDA:708,77,0,0
BRDA:708,77,1,0
BRDA:715,78,0,0
BRDA:715,78,1,0
BRDA:728,79,0,0
BRDA:728,79,1,0
BRDA:735,80,0,0
BRDA:735,80,1,0
BRDA:753,81,0,0
BRDA:753,81,1,0
BRDA:758,82,0,0
BRDA:758,82,1,0
BRDA:763,83,0,0
BRDA:763,83,1,0
BRDA:774,84,0,0
BRDA:774,84,1,0
BRDA:778,85,0,0
BRDA:778,85,1,0
BRDA:784,86,0,0
BRDA:784,86,1,0
BRDA:808,87,0,0
BRDA:808,87,1,0
BRDA:813,88,0,0
BRDA:813,88,1,0
BRF:180
BRH:0
end_of_record
TN:
SF:pages/projects/digital-standards-playbook/[id].js
FN:12,DigitalStandardsArticles
FN:17,(anonymous_1)
FN:88,getStaticPaths
FN:96,(anonymous_3)
FN:103,(anonymous_4)
FN:114,(anonymous_5)
FNF:6
FNH:0
FNDA:0,DigitalStandardsArticles
FNDA:0,(anonymous_1)
FNDA:0,getStaticPaths
FNDA:0,(anonymous_3)
FNDA:0,(anonymous_4)
FNDA:0,(anonymous_5)
DA:13,0
DA:14,0
DA:15,0
DA:17,0
DA:18,0
DA:19,0
DA:20,0
DA:24,0
DA:90,0
DA:94,0
DA:96,0
DA:97,0
DA:103,0
DA:105,0
DA:109,0
DA:112,0
DA:114,0
DA:115,0
DA:122,0
DA:123,0
DA:128,0
LF:21
LH:0
BRDA:18,0,0,0
BRDA:18,0,1,0
BRDA:19,1,0,0
BRDA:19,1,1,0
BRDA:29,2,0,0
BRDA:29,2,1,0
BRDA:44,3,0,0
BRDA:44,3,1,0
BRDA:50,4,0,0
BRDA:50,4,1,0
BRDA:53,5,0,0
BRDA:53,5,1,0
BRDA:62,6,0,0
BRDA:62,6,1,0
BRDA:65,7,0,0
BRDA:65,7,1,0
BRDA:116,8,0,0
BRDA:116,8,1,0
BRDA:122,9,0,0
BRDA:122,9,1,0
BRDA:122,10,0,0
BRDA:122,10,1,0
BRDA:133,11,0,0
BRDA:133,11,1,0
BRDA:136,12,0,0
BRDA:136,12,1,0
BRF:26
BRH:0
end_of_record
TN:
SF:pages/projects/digital-standards-playbook/index.js
FN:14,DigitalStandardsPlaybookPage
FN:19,(anonymous_1)
FN:26,(anonymous_2)
FN:53,(anonymous_3)
FN:458,(anonymous_4)
FNF:5
FNH:0
FNDA:0,DigitalStandardsPlaybookPage
FNDA:0,(anonymous_1)
FNDA:0,(anonymous_2)
FNDA:0,(anonymous_3)
FNDA:0,(anonymous_4)
DA:15,0
DA:16,0
DA:18,0
DA:20,0
DA:26,0
DA:27,0
DA:53,0
DA:54,0
DA:55,0
DA:56,0
DA:60,0
DA:458,0
DA:460,0
DA:464,0
DA:468,0
DA:472,0
LF:16
LH:0
BRDA:20,0,0,0
BRDA:20,0,1,0
BRDA:20,0,2,0
BRDA:20,0,3,0
BRDA:31,1,0,0
BRDA:31,1,1,0
BRDA:36,2,0,0
BRDA:36,2,1,0
BRDA:42,3,0,0
BRDA:42,3,1,0
BRDA:43,4,0,0
BRDA:43,4,1,0
BRDA:45,5,0,0
BRDA:45,5,1,0
BRDA:54,6,0,0
BRDA:54,6,1,0
BRDA:55,7,0,0
BRDA:55,7,1,0
BRDA:65,8,0,0
BRDA:65,8,1,0
BRDA:67,9,0,0
BRDA:67,9,1,0
BRDA:76,10,0,0
BRDA:76,10,1,0
BRDA:83,11,0,0
BRDA:83,11,1,0
BRDA:95,12,0,0
BRDA:95,12,1,0
BRDA:105,13,0,0
BRDA:105,13,1,0
BRDA:115,14,0,0
BRDA:115,14,1,0
BRDA:120,15,0,0
BRDA:120,15,1,0
BRDA:126,16,0,0
BRDA:126,16,1,0
BRDA:142,17,0,0
BRDA:142,17,1,0
BRDA:162,18,0,0
BRDA:162,18,1,0
BRDA:171,19,0,0
BRDA:171,19,1,0
BRDA:177,20,0,0
BRDA:177,20,1,0
BRDA:189,21,0,0
BRDA:189,21,1,0
BRDA:200,22,0,0
BRDA:200,22,1,0
BRDA:209,23,0,0
BRDA:209,23,1,0
BRDA:216,24,0,0
BRDA:216,24,1,0
BRDA:228,25,0,0
BRDA:228,25,1,0
BRDA:241,26,0,0
BRDA:241,26,1,0
BRDA:252,27,0,0
BRDA:252,27,1,0
BRDA:257,28,0,0
BRDA:257,28,1,0
BRDA:257,29,0,0
BRDA:257,29,1,0
BRDA:269,30,0,0
BRDA:269,30,1,0
BRDA:278,31,0,0
BRDA:278,31,1,0
BRDA:283,32,0,0
BRDA:283,32,1,0
BRDA:288,33,0,0
BRDA:288,33,1,0
BRDA:296,34,0,0
BRDA:296,34,1,0
BRDA:303,35,0,0
BRDA:303,35,1,0
BRDA:310,36,0,0
BRDA:310,36,1,0
BRDA:315,37,0,0
BRDA:315,37,1,0
BRDA:320,38,0,0
BRDA:320,38,1,0
BRDA:333,39,0,0
BRDA:333,39,1,0
BRDA:339,40,0,0
BRDA:339,40,1,0
BRDA:345,41,0,0
BRDA:345,41,1,0
BRDA:352,42,0,0
BRDA:352,42,1,0
BRDA:358,43,0,0
BRDA:358,43,1,0
BRDA:365,44,0,0
BRDA:365,44,1,0
BRDA:372,45,0,0
BRDA:372,45,1,0
BRDA:378,46,0,0
BRDA:378,46,1,0
BRDA:384,47,0,0
BRDA:384,47,1,0
BRDA:396,48,0,0
BRDA:396,48,1,0
BRDA:401,49,0,0
BRDA:401,49,1,0
BRDA:409,50,0,0
BRDA:409,50,1,0
BRDA:416,51,0,0
BRDA:416,51,1,0
BRDA:423,52,0,0
BRDA:423,52,1,0
BRDA:429,53,0,0
BRDA:429,53,1,0
BRDA:435,54,0,0
BRDA:435,54,1,0
BRDA:444,55,0,0
BRDA:444,55,1,0
BRDA:475,56,0,0
BRDA:475,56,1,0
BRDA:481,57,0,0
BRDA:481,57,1,0
BRF:118
BRH:0
end_of_record
TN:
SF:pages/projects/making-easier-get-benefits/[id].js
FN:12,IntegratedChannelStrategyArticles
FN:17,(anonymous_1)
FN:88,getStaticPaths
FN:96,(anonymous_3)
FN:103,(anonymous_4)
FN:114,(anonymous_5)
FNF:6
FNH:0
FNDA:0,IntegratedChannelStrategyArticles
FNDA:0,(anonymous_1)
FNDA:0,getStaticPaths
FNDA:0,(anonymous_3)
FNDA:0,(anonymous_4)
FNDA:0,(anonymous_5)
DA:13,0
DA:14,0
DA:15,0
DA:17,0
DA:18,0
DA:19,0
DA:20,0
DA:24,0
DA:90,0
DA:94,0
DA:96,0
DA:97,0
DA:103,0
DA:105,0
DA:109,0
DA:112,0
DA:114,0
DA:115,0
DA:122,0
DA:123,0
DA:128,0
LF:21
LH:0
BRDA:18,0,0,0
BRDA:18,0,1,0
BRDA:19,1,0,0
BRDA:19,1,1,0
BRDA:29,2,0,0
BRDA:29,2,1,0
BRDA:44,3,0,0
BRDA:44,3,1,0
BRDA:50,4,0,0
BRDA:50,4,1,0
BRDA:53,5,0,0
BRDA:53,5,1,0
BRDA:62,6,0,0
BRDA:62,6,1,0
BRDA:65,7,0,0
BRDA:65,7,1,0
BRDA:116,8,0,0
BRDA:116,8,1,0
BRDA:122,9,0,0
BRDA:122,9,1,0
BRDA:122,10,0,0
BRDA:122,10,1,0
BRDA:133,11,0,0
BRDA:133,11,1,0
BRDA:136,12,0,0
BRDA:136,12,1,0
BRF:26
BRH:0
end_of_record
TN:
SF:pages/projects/making-easier-get-benefits/index.js
FN:15,IntegratedChannelStrategyPage
FN:20,(anonymous_1)
FN:28,(anonymous_2)
FN:55,(anonymous_3)
FN:353,(anonymous_4)
FNF:5
FNH:0
FNDA:0,IntegratedChannelStrategyPage
FNDA:0,(anonymous_1)
FNDA:0,(anonymous_2)
FNDA:0,(anonymous_3)
FNDA:0,(anonymous_4)
DA:16,0
DA:17,0
DA:18,0
DA:21,0
DA:28,0
DA:29,0
DA:55,0
DA:56,0
DA:57,0
DA:58,0
DA:62,0
DA:353,0
DA:355,0
DA:359,0
DA:363,0
DA:367,0
LF:16
LH:0
BRDA:21,0,0,0
BRDA:21,0,1,0
BRDA:21,0,2,0
BRDA:21,0,3,0
BRDA:33,1,0,0
BRDA:33,1,1,0
BRDA:38,2,0,0
BRDA:38,2,1,0
BRDA:38,3,0,0
BRDA:38,3,1,0
BRDA:44,4,0,0
BRDA:44,4,1,0
BRDA:45,5,0,0
BRDA:45,5,1,0
BRDA:47,6,0,0
BRDA:47,6,1,0
BRDA:56,7,0,0
BRDA:56,7,1,0
BRDA:57,8,0,0
BRDA:57,8,1,0
BRDA:67,9,0,0
BRDA:67,9,1,0
BRDA:78,10,0,0
BRDA:78,10,1,0
BRDA:85,11,0,0
BRDA:85,11,1,0
BRDA:97,12,0,0
BRDA:97,12,1,0
BRDA:107,13,0,0
BRDA:107,13,1,0
BRDA:117,14,0,0
BRDA:117,14,1,0
BRDA:122,15,0,0
BRDA:122,15,1,0
BRDA:128,16,0,0
BRDA:128,16,1,0
BRDA:144,17,0,0
BRDA:144,17,1,0
BRDA:164,18,0,0
BRDA:164,18,1,0
BRDA:173,19,0,0
BRDA:173,19,1,0
BRDA:179,20,0,0
BRDA:179,20,1,0
BRDA:191,21,0,0
BRDA:191,21,1,0
BRDA:202,22,0,0
BRDA:202,22,1,0
BRDA:211,23,0,0
BRDA:211,23,1,0
BRDA:218,24,0,0
BRDA:218,24,1,0
BRDA:230,25,0,0
BRDA:230,25,1,0
BRDA:243,26,0,0
BRDA:243,26,1,0
BRDA:254,27,0,0
BRDA:254,27,1,0
BRDA:259,28,0,0
BRDA:259,28,1,0
BRDA:259,29,0,0
BRDA:259,29,1,0
BRDA:271,30,0,0
BRDA:271,30,1,0
BRDA:280,31,0,0
BRDA:280,31,1,0
BRDA:285,32,0,0
BRDA:285,32,1,0
BRDA:290,33,0,0
BRDA:290,33,1,0
BRDA:298,34,0,0
BRDA:298,34,1,0
BRDA:305,35,0,0
BRDA:305,35,1,0
BRDA:312,36,0,0
BRDA:312,36,1,0
BRDA:317,37,0,0
BRDA:317,37,1,0
BRDA:322,38,0,0
BRDA:322,38,1,0
BRDA:336,39,0,0
BRDA:336,39,1,0
BRDA:370,40,0,0
BRDA:370,40,1,0
BRDA:376,41,0,0
BRDA:376,41,1,0
BRF:86
BRH:0
end_of_record
TN:
SF:pages/projects/oas-benefits-estimator/[id].js
FN:12,OASBenefitsEstimatorArticles
FN:17,(anonymous_1)
FN:88,getStaticPaths
FN:96,(anonymous_3)
FN:103,(anonymous_4)
FN:114,(anonymous_5)
FNF:6
FNH:0
FNDA:0,OASBenefitsEstimatorArticles
FNDA:0,(anonymous_1)
FNDA:0,getStaticPaths
FNDA:0,(anonymous_3)
FNDA:0,(anonymous_4)
FNDA:0,(anonymous_5)
DA:13,0
DA:14,0
DA:15,0
DA:17,0
DA:18,0
DA:19,0
DA:20,0
DA:24,0
DA:90,0
DA:94,0
DA:96,0
DA:97,0
DA:103,0
DA:105,0
DA:109,0
DA:112,0
DA:114,0
DA:115,0
DA:122,0
DA:123,0
DA:128,0
LF:21
LH:0
BRDA:18,0,0,0
BRDA:18,0,1,0
BRDA:19,1,0,0
BRDA:19,1,1,0
BRDA:29,2,0,0
BRDA:29,2,1,0
BRDA:44,3,0,0
BRDA:44,3,1,0
BRDA:50,4,0,0
BRDA:50,4,1,0
BRDA:53,5,0,0
BRDA:53,5,1,0
BRDA:62,6,0,0
BRDA:62,6,1,0
BRDA:65,7,0,0
BRDA:65,7,1,0
BRDA:116,8,0,0
BRDA:116,8,1,0
BRDA:122,9,0,0
BRDA:122,9,1,0
BRDA:122,10,0,0
BRDA:122,10,1,0
BRDA:133,11,0,0
BRDA:133,11,1,0
BRDA:136,12,0,0
BRDA:136,12,1,0
BRF:26
BRH:0
end_of_record
TN:
SF:pages/projects/oas-benefits-estimator/index.js
FN:14,OasBenefitsEstimator
FN:19,(anonymous_1)
FN:27,(anonymous_2)
FN:54,(anonymous_3)
FN:410,(anonymous_4)
FNF:5
FNH:4
FNDA:1,OasBenefitsEstimator
FNDA:12,(anonymous_1)
FNDA:1,(anonymous_2)
FNDA:1,(anonymous_3)
FNDA:0,(anonymous_4)
DA:15,1
DA:16,1
DA:17,1
DA:20,12
DA:27,1
DA:28,1
DA:54,1
DA:55,1
DA:56,0
DA:57,0
DA:61,1
DA:410,1
DA:412,0
DA:416,0
DA:420,0
DA:424,0
LF:16
LH:10
BRDA:20,0,0,12
BRDA:20,0,1,11
BRDA:20,0,2,10
BRDA:20,0,3,9
BRDA:32,1,0,0
BRDA:32,1,1,1
BRDA:37,2,0,1
BRDA:37,2,1,0
BRDA:37,3,0,0
BRDA:37,3,1,1
BRDA:43,4,0,0
BRDA:43,4,1,1
BRDA:44,5,0,0
BRDA:44,5,1,1
BRDA:46,6,0,0
BRDA:46,6,1,1
BRDA:55,7,0,0
BRDA:55,7,1,1
BRDA:56,8,0,0
BRDA:56,8,1,0
BRDA:66,9,0,0
BRDA:66,9,1,1
BRDA:77,10,0,0
BRDA:77,10,1,1
BRDA:84,11,0,0
BRDA:84,11,1,1
BRDA:96,12,0,0
BRDA:96,12,1,1
BRDA:106,13,0,0
BRDA:106,13,1,1
BRDA:116,14,0,0
BRDA:116,14,1,1
BRDA:121,15,0,0
BRDA:121,15,1,1
BRDA:127,16,0,0
BRDA:127,16,1,1
BRDA:143,17,0,0
BRDA:143,17,1,1
BRDA:163,18,0,0
BRDA:163,18,1,1
BRDA:172,19,0,0
BRDA:172,19,1,1
BRDA:178,20,0,0
BRDA:178,20,1,1
BRDA:190,21,0,0
BRDA:190,21,1,1
BRDA:201,22,0,0
BRDA:201,22,1,1
BRDA:210,23,0,0
BRDA:210,23,1,1
BRDA:217,24,0,0
BRDA:217,24,1,1
BRDA:229,25,0,0
BRDA:229,25,1,1
BRDA:242,26,0,0
BRDA:242,26,1,1
BRDA:253,27,0,0
BRDA:253,27,1,1
BRDA:258,28,0,1
BRDA:258,28,1,0
BRDA:258,29,0,0
BRDA:258,29,1,1
BRDA:270,30,0,0
BRDA:270,30,1,1
BRDA:279,31,0,0
BRDA:279,31,1,1
BRDA:284,32,0,0
BRDA:284,32,1,1
BRDA:289,33,0,0
BRDA:289,33,1,1
BRDA:297,34,0,0
BRDA:297,34,1,1
BRDA:304,35,0,0
BRDA:304,35,1,1
BRDA:311,36,0,0
BRDA:311,36,1,1
BRDA:316,37,0,0
BRDA:316,37,1,1
BRDA:321,38,0,0
BRDA:321,38,1,1
BRDA:333,39,0,0
BRDA:333,39,1,1
BRDA:342,40,0,0
BRDA:342,40,1,1
BRDA:347,41,0,0
BRDA:347,41,1,1
BRDA:354,42,0,0
BRDA:354,42,1,1
BRDA:359,43,0,0
BRDA:359,43,1,1
BRDA:364,44,0,0
BRDA:364,44,1,1
BRDA:369,45,0,0
BRDA:369,45,1,1
BRDA:375,46,0,0
BRDA:375,46,1,1
BRDA:384,47,0,0
BRDA:384,47,1,1
BRDA:389,48,0,0
BRDA:389,48,1,1
BRDA:397,49,0,0
BRDA:397,49,1,1
BRDA:427,50,0,0
BRDA:427,50,1,0
BRDA:433,51,0,0
BRDA:433,51,1,0
BRF:106
BRH:52
end_of_record
