TN:
SF:components/index.js
FNF:0
FNH:0
LF:0
LH:0
BRF:0
BRH:0
end_of_record
TN:
SF:components/atoms/ActionButton.js
FN:6,ActionButton
FNF:1
FNH:1
FNDA:8,ActionButton
DA:7,8
DA:43,2
LF:2
LH:2
BRDA:10,0,0,1
BRDA:10,0,1,7
BRDA:12,1,0,4
BRDA:12,1,1,3
BRDA:14,2,0,1
BRDA:14,2,1,2
BRDA:18,3,0,1
BRDA:18,3,1,7
BRDA:18,4,0,8
BRDA:18,4,1,2
BRDA:22,5,0,1
BRDA:22,5,1,7
BRDA:34,6,0,1
BRDA:34,6,1,7
BRF:14
BRH:14
end_of_record
TN:
SF:components/atoms/ActionButton.stories.js
FN:8,(anonymous_0)
FNF:1
FNH:1
FNDA:5,(anonymous_0)
DA:8,5
DA:10,1
DA:11,1
DA:12,1
DA:13,1
DA:14,1
DA:15,1
DA:17,1
DA:21,1
DA:26,1
DA:31,1
DA:38,1
LF:12
LH:12
BRF:0
BRH:0
end_of_record
TN:
SF:lib/index.js
FNF:0
FNH:0
LF:0
LH:0
BRF:0
BRH:0
end_of_record
TN:
SF:pages/_app.js
FN:3,MyApp
FNF:1
FNH:0
FNDA:0,MyApp
DA:4,0
LF:1
LH:0
BRF:0
BRH:0
end_of_record
TN:
SF:pages/index.js
FN:4,Home
FNF:1
FNH:1
FNDA:1,Home
DA:5,1
LF:1
LH:1
BRF:0
BRH:0
end_of_record
TN:
SF:pages/api/hello.js
FN:3,(anonymous_0)
FNF:1
FNH:0
FNDA:0,(anonymous_0)
DA:4,0
LF:1
LH:0
BRF:0
BRH:0
end_of_record
