<?xml version="1.0" encoding="UTF-8"?>
<coverage generated="1698887365189" clover="3.2.0">
  <project timestamp="1698887365189" name="All files">
    <metrics statements="805" coveredstatements="559" conditionals="1295" coveredconditionals="421" methods="220" coveredmethods="137" elements="2320" coveredelements="1117" complexity="0" loc="805" ncloc="805" packages="15" files="109" classes="109"/>
    <package name="components">
      <metrics statements="0" coveredstatements="0" conditionals="0" coveredconditionals="0" methods="0" coveredmethods="0"/>
      <file name="index.js" path="/home/runner/work/Service-Canada-Labs/Service-Canada-Labs/components/index.js">
        <metrics statements="0" coveredstatements="0" conditionals="0" coveredconditionals="0" methods="0" coveredmethods="0"/>
      </file>
    </package>
    <package name="components.atoms">
      <metrics statements="175" coveredstatements="167" conditionals="151" coveredconditionals="110" methods="53" coveredmethods="46"/>
      <file name="ActionButton.js" path="/home/runner/work/Service-Canada-Labs/Service-Canada-Labs/components/atoms/ActionButton.js">
        <metrics statements="15" coveredstatements="15" conditionals="50" coveredconditionals="42" methods="3" coveredmethods="3"/>
        <line num="11" count="75" type="stmt"/>
        <line num="13" count="75" type="stmt"/>
        <line num="15" count="75" type="stmt"/>
        <line num="17" count="75" type="stmt"/>
        <line num="19" count="75" type="stmt"/>
        <line num="22" count="75" type="cond" truecount="2" falsecount="0"/>
        <line num="35" count="75" type="stmt"/>
        <line num="36" count="75" type="stmt"/>
        <line num="37" count="75" type="cond" truecount="2" falsecount="0"/>
        <line num="38" count="67" type="stmt"/>
        <line num="39" count="1" type="cond" truecount="2" falsecount="2"/>
        <line num="40" count="1" type="stmt"/>
        <line num="41" count="1" type="stmt"/>
        <line num="47" count="75" type="cond" truecount="2" falsecount="0"/>
        <line num="108" count="17" type="stmt"/>
      </file>
      <file name="ActionButton.stories.js" path="/home/runner/work/Service-Canada-Labs/Service-Canada-Labs/components/atoms/ActionButton.stories.js">
        <metrics statements="11" coveredstatements="11" conditionals="0" coveredconditionals="0" methods="1" coveredmethods="1"/>
        <line num="8" count="7" type="stmt"/>
        <line num="10" count="1" type="stmt"/>
        <line num="11" count="1" type="stmt"/>
        <line num="12" count="1" type="stmt"/>
        <line num="13" count="1" type="stmt"/>
        <line num="14" count="1" type="stmt"/>
        <line num="16" count="1" type="stmt"/>
        <line num="22" count="1" type="stmt"/>
        <line num="29" count="1" type="stmt"/>
        <line num="36" count="1" type="stmt"/>
        <line num="43" count="1" type="stmt"/>
      </file>
      <file name="Alert.js" path="/home/runner/work/Service-Canada-Labs/Service-Canada-Labs/components/atoms/Alert.js">
        <metrics statements="2" coveredstatements="2" conditionals="4" coveredconditionals="2" methods="1" coveredmethods="1"/>
        <line num="12" count="2" type="stmt"/>
        <line num="41" count="1" type="stmt"/>
      </file>
      <file name="Alert.stories.js" path="/home/runner/work/Service-Canada-Labs/Service-Canada-Labs/components/atoms/Alert.stories.js">
        <metrics statements="3" coveredstatements="3" conditionals="0" coveredconditionals="0" methods="1" coveredmethods="1"/>
        <line num="8" count="2" type="stmt"/>
        <line num="10" count="1" type="stmt"/>
        <line num="12" count="1" type="stmt"/>
      </file>
      <file name="Banner.js" path="/home/runner/work/Service-Canada-Labs/Service-Canada-Labs/components/atoms/Banner.js">
        <metrics statements="3" coveredstatements="3" conditionals="0" coveredconditionals="0" methods="1" coveredmethods="1"/>
        <line num="8" count="4" type="stmt"/>
        <line num="9" count="4" type="stmt"/>
        <line num="28" count="4" type="stmt"/>
      </file>
      <file name="Banner.stories.js" path="/home/runner/work/Service-Canada-Labs/Service-Canada-Labs/components/atoms/Banner.stories.js">
        <metrics statements="3" coveredstatements="3" conditionals="0" coveredconditionals="0" methods="1" coveredmethods="1"/>
        <line num="9" count="2" type="stmt"/>
        <line num="11" count="1" type="stmt"/>
        <line num="13" count="1" type="stmt"/>
      </file>
      <file name="Breadcrumb.js" path="/home/runner/work/Service-Canada-Labs/Service-Canada-Labs/components/atoms/Breadcrumb.js">
        <metrics statements="3" coveredstatements="3" conditionals="2" coveredconditionals="2" methods="2" coveredmethods="2"/>
        <line num="10" count="11" type="stmt"/>
        <line num="24" count="4" type="stmt"/>
        <line num="50" count="4" type="stmt"/>
      </file>
      <file name="Breadcrumb.stories.js" path="/home/runner/work/Service-Canada-Labs/Service-Canada-Labs/components/atoms/Breadcrumb.stories.js">
        <metrics statements="4" coveredstatements="4" conditionals="0" coveredconditionals="0" methods="1" coveredmethods="1"/>
        <line num="8" count="3" type="stmt"/>
        <line num="10" count="1" type="stmt"/>
        <line num="11" count="1" type="stmt"/>
        <line num="13" count="1" type="stmt"/>
      </file>
      <file name="CheckBox.js" path="/home/runner/work/Service-Canada-Labs/Service-Canada-Labs/components/atoms/CheckBox.js">
        <metrics statements="5" coveredstatements="5" conditionals="14" coveredconditionals="10" methods="2" coveredmethods="2"/>
        <line num="7" count="145" type="cond" truecount="2" falsecount="0"/>
        <line num="12" count="145" type="stmt"/>
        <line num="25" count="6" type="stmt"/>
        <line num="54" count="9" type="stmt"/>
        <line num="60" count="9" type="stmt"/>
      </file>
      <file name="CheckBox.stories.js" path="/home/runner/work/Service-Canada-Labs/Service-Canada-Labs/components/atoms/CheckBox.stories.js">
        <metrics statements="10" coveredstatements="9" conditionals="0" coveredconditionals="0" methods="2" coveredmethods="1"/>
        <line num="9" count="0" type="stmt"/>
        <line num="18" count="4" type="stmt"/>
        <line num="20" count="1" type="stmt"/>
        <line num="21" count="1" type="stmt"/>
        <line num="29" count="1" type="stmt"/>
        <line num="30" count="1" type="stmt"/>
        <line num="39" count="1" type="stmt"/>
        <line num="40" count="1" type="stmt"/>
        <line num="49" count="1" type="stmt"/>
        <line num="50" count="1" type="stmt"/>
      </file>
      <file name="DateModified.js" path="/home/runner/work/Service-Canada-Labs/Service-Canada-Labs/components/atoms/DateModified.js">
        <metrics statements="9" coveredstatements="9" conditionals="6" coveredconditionals="6" methods="1" coveredmethods="1"/>
        <line num="5" count="10" type="stmt"/>
        <line num="7" count="10" type="stmt"/>
        <line num="8" count="10" type="cond" truecount="2" falsecount="0"/>
        <line num="9" count="4" type="cond" truecount="2" falsecount="0"/>
        <line num="10" count="2" type="stmt"/>
        <line num="11" count="2" type="stmt"/>
        <line num="14" count="10" type="stmt"/>
        <line num="28" count="4" type="stmt"/>
        <line num="32" count="4" type="stmt"/>
      </file>
      <file name="DateModified.stories.js" path="/home/runner/work/Service-Canada-Labs/Service-Canada-Labs/components/atoms/DateModified.stories.js">
        <metrics statements="3" coveredstatements="3" conditionals="0" coveredconditionals="0" methods="1" coveredmethods="1"/>
        <line num="8" count="3" type="stmt"/>
        <line num="10" count="1" type="stmt"/>
        <line num="12" count="1" type="stmt"/>
      </file>
      <file name="ErrorLabel.js" path="/home/runner/work/Service-Canada-Labs/Service-Canada-Labs/components/atoms/ErrorLabel.js">
        <metrics statements="2" coveredstatements="2" conditionals="0" coveredconditionals="0" methods="1" coveredmethods="1"/>
        <line num="7" count="5" type="stmt"/>
        <line num="16" count="13" type="stmt"/>
      </file>
      <file name="ErrorLabel.stories.js" path="/home/runner/work/Service-Canada-Labs/Service-Canada-Labs/components/atoms/ErrorLabel.stories.js">
        <metrics statements="3" coveredstatements="3" conditionals="0" coveredconditionals="0" methods="1" coveredmethods="1"/>
        <line num="9" count="2" type="stmt"/>
        <line num="11" count="1" type="stmt"/>
        <line num="12" count="1" type="stmt"/>
      </file>
      <file name="HTMList.js" path="/home/runner/work/Service-Canada-Labs/Service-Canada-Labs/components/atoms/HTMList.js">
        <metrics statements="6" coveredstatements="6" conditionals="3" coveredconditionals="3" methods="4" coveredmethods="4"/>
        <line num="4" count="7" type="stmt"/>
        <line num="5" count="7" type="stmt"/>
        <line num="7" count="18" type="stmt"/>
        <line num="9" count="13" type="stmt"/>
        <line num="14" count="7" type="cond" truecount="2" falsecount="0"/>
        <line num="21" count="1" type="stmt"/>
      </file>
      <file name="MultiTextField.js" path="/home/runner/work/Service-Canada-Labs/Service-Canada-Labs/components/atoms/MultiTextField.js">
        <metrics statements="5" coveredstatements="5" conditionals="10" coveredconditionals="6" methods="2" coveredmethods="2"/>
        <line num="9" count="4" type="stmt"/>
        <line num="11" count="4" type="stmt"/>
        <line num="41" count="1" type="stmt"/>
        <line num="57" count="8" type="stmt"/>
        <line num="62" count="8" type="stmt"/>
      </file>
      <file name="MultiTextField.stories.js" path="/home/runner/work/Service-Canada-Labs/Service-Canada-Labs/components/atoms/MultiTextField.stories.js">
        <metrics statements="8" coveredstatements="7" conditionals="0" coveredconditionals="0" methods="2" coveredmethods="1"/>
        <line num="9" count="0" type="stmt"/>
        <line num="18" count="2" type="stmt"/>
        <line num="20" count="1" type="stmt"/>
        <line num="21" count="1" type="stmt"/>
        <line num="29" count="1" type="stmt"/>
        <line num="30" count="1" type="stmt"/>
        <line num="39" count="1" type="stmt"/>
        <line num="40" count="1" type="stmt"/>
      </file>
      <file name="ProjectInfo.js" path="/home/runner/work/Service-Canada-Labs/Service-Canada-Labs/components/atoms/ProjectInfo.js">
        <metrics statements="2" coveredstatements="2" conditionals="4" coveredconditionals="4" methods="1" coveredmethods="1"/>
        <line num="5" count="3" type="stmt"/>
        <line num="40" count="2" type="stmt"/>
      </file>
      <file name="ProjectInfo.stories.js" path="/home/runner/work/Service-Canada-Labs/Service-Canada-Labs/components/atoms/ProjectInfo.stories.js">
        <metrics statements="3" coveredstatements="3" conditionals="0" coveredconditionals="0" methods="1" coveredmethods="1"/>
        <line num="8" count="2" type="stmt"/>
        <line num="10" count="1" type="stmt"/>
        <line num="12" count="1" type="stmt"/>
      </file>
      <file name="RadioButton.js" path="/home/runner/work/Service-Canada-Labs/Service-Canada-Labs/components/atoms/RadioButton.js">
        <metrics statements="10" coveredstatements="9" conditionals="12" coveredconditionals="10" methods="3" coveredmethods="3"/>
        <line num="7" count="16" type="cond" truecount="2" falsecount="0"/>
        <line num="14" count="16" type="stmt"/>
        <line num="23" count="3" type="stmt"/>
        <line num="26" count="1" type="cond" truecount="1" falsecount="1"/>
        <line num="27" count="1" type="stmt"/>
        <line num="28" count="1" type="cond" truecount="1" falsecount="1"/>
        <line num="29" count="0" type="stmt"/>
        <line num="31" count="1" type="stmt"/>
        <line num="51" count="2" type="stmt"/>
        <line num="55" count="2" type="stmt"/>
      </file>
      <file name="RadioButton.stories.js" path="/home/runner/work/Service-Canada-Labs/Service-Canada-Labs/components/atoms/RadioButton.stories.js">
        <metrics statements="11" coveredstatements="11" conditionals="0" coveredconditionals="0" methods="1" coveredmethods="1"/>
        <line num="9" count="7" type="stmt"/>
        <line num="11" count="1" type="stmt"/>
        <line num="12" count="1" type="stmt"/>
        <line num="20" count="1" type="stmt"/>
        <line num="21" count="1" type="stmt"/>
        <line num="30" count="1" type="stmt"/>
        <line num="31" count="1" type="stmt"/>
        <line num="40" count="1" type="stmt"/>
        <line num="41" count="1" type="stmt"/>
        <line num="50" count="1" type="stmt"/>
        <line num="51" count="1" type="stmt"/>
      </file>
      <file name="RadioField.js" path="/home/runner/work/Service-Canada-Labs/Service-Canada-Labs/components/atoms/RadioField.js">
        <metrics statements="6" coveredstatements="5" conditionals="10" coveredconditionals="5" methods="3" coveredmethods="2"/>
        <line num="7" count="8" type="cond" truecount="1" falsecount="1"/>
        <line num="12" count="8" type="stmt"/>
        <line num="25" count="1" type="stmt"/>
        <line num="42" count="0" type="stmt"/>
        <line num="50" count="9" type="stmt"/>
        <line num="55" count="9" type="stmt"/>
      </file>
      <file name="RadioField.stories.js" path="/home/runner/work/Service-Canada-Labs/Service-Canada-Labs/components/atoms/RadioField.stories.js">
        <metrics statements="8" coveredstatements="7" conditionals="0" coveredconditionals="0" methods="2" coveredmethods="1"/>
        <line num="9" count="0" type="stmt"/>
        <line num="18" count="4" type="stmt"/>
        <line num="20" count="1" type="stmt"/>
        <line num="21" count="1" type="stmt"/>
        <line num="29" count="1" type="stmt"/>
        <line num="30" count="1" type="stmt"/>
        <line num="39" count="1" type="stmt"/>
        <line num="40" count="1" type="stmt"/>
      </file>
      <file name="SearchBar.js" path="/home/runner/work/Service-Canada-Labs/Service-Canada-Labs/components/atoms/SearchBar.js">
        <metrics statements="2" coveredstatements="2" conditionals="0" coveredconditionals="0" methods="1" coveredmethods="1"/>
        <line num="7" count="2" type="stmt"/>
        <line num="33" count="1" type="stmt"/>
      </file>
      <file name="SearchBar.stories.js" path="/home/runner/work/Service-Canada-Labs/Service-Canada-Labs/components/atoms/SearchBar.stories.js">
        <metrics statements="3" coveredstatements="3" conditionals="0" coveredconditionals="0" methods="1" coveredmethods="1"/>
        <line num="8" count="2" type="stmt"/>
        <line num="10" count="1" type="stmt"/>
        <line num="12" count="1" type="stmt"/>
      </file>
      <file name="SelectField.js" path="/home/runner/work/Service-Canada-Labs/Service-Canada-Labs/components/atoms/SelectField.js">
        <metrics statements="11" coveredstatements="10" conditionals="18" coveredconditionals="9" methods="4" coveredmethods="3"/>
        <line num="6" count="2" type="stmt"/>
        <line num="8" count="2" type="cond" truecount="1" falsecount="1"/>
        <line num="14" count="2" type="cond" truecount="1" falsecount="1"/>
        <line num="15" count="2" type="stmt"/>
        <line num="16" count="6" type="stmt"/>
        <line num="17" count="6" type="stmt"/>
        <line num="21" count="2" type="stmt"/>
        <line num="49" count="0" type="stmt"/>
        <line num="61" count="8" type="stmt"/>
        <line num="84" count="1" type="stmt"/>
        <line num="88" count="1" type="stmt"/>
      </file>
      <file name="SelectField.stories.js" path="/home/runner/work/Service-Canada-Labs/Service-Canada-Labs/components/atoms/SelectField.stories.js">
        <metrics statements="4" coveredstatements="3" conditionals="0" coveredconditionals="0" methods="2" coveredmethods="1"/>
        <line num="9" count="0" type="stmt"/>
        <line num="18" count="2" type="stmt"/>
        <line num="20" count="1" type="stmt"/>
        <line num="21" count="1" type="stmt"/>
      </file>
      <file name="TableOfContents.js" path="/home/runner/work/Service-Canada-Labs/Service-Canada-Labs/components/atoms/TableOfContents.js">
        <metrics statements="3" coveredstatements="3" conditionals="0" coveredconditionals="0" methods="2" coveredmethods="2"/>
        <line num="4" count="2" type="stmt"/>
        <line num="10" count="2" type="stmt"/>
        <line num="25" count="1" type="stmt"/>
      </file>
      <file name="TableOfContents.stories.js" path="/home/runner/work/Service-Canada-Labs/Service-Canada-Labs/components/atoms/TableOfContents.stories.js">
        <metrics statements="3" coveredstatements="3" conditionals="0" coveredconditionals="0" methods="1" coveredmethods="1"/>
        <line num="8" count="2" type="stmt"/>
        <line num="10" count="1" type="stmt"/>
        <line num="12" count="1" type="stmt"/>
      </file>
      <file name="TextField.js" path="/home/runner/work/Service-Canada-Labs/Service-Canada-Labs/components/atoms/TextField.js">
        <metrics statements="6" coveredstatements="6" conditionals="18" coveredconditionals="11" methods="2" coveredmethods="2"/>
        <line num="9" count="6" type="stmt"/>
        <line num="11" count="6" type="cond" truecount="2" falsecount="0"/>
        <line num="16" count="6" type="stmt"/>
        <line num="61" count="2" type="stmt"/>
        <line num="71" count="8" type="stmt"/>
        <line num="76" count="8" type="stmt"/>
      </file>
      <file name="TextField.stories.js" path="/home/runner/work/Service-Canada-Labs/Service-Canada-Labs/components/atoms/TextField.stories.js">
        <metrics statements="8" coveredstatements="7" conditionals="0" coveredconditionals="0" methods="2" coveredmethods="1"/>
        <line num="9" count="0" type="stmt"/>
        <line num="18" count="4" type="stmt"/>
        <line num="20" count="1" type="stmt"/>
        <line num="21" count="1" type="stmt"/>
        <line num="29" count="1" type="stmt"/>
        <line num="30" count="1" type="stmt"/>
        <line num="39" count="1" type="stmt"/>
        <line num="40" count="1" type="stmt"/>
      </file>
    </package>
    <package name="components.design-system">
      <metrics statements="62" coveredstatements="46" conditionals="95" coveredconditionals="39" methods="17" coveredmethods="12"/>
      <file name="Button.jsx" path="/home/runner/work/Service-Canada-Labs/Service-Canada-Labs/components/design-system/Button.jsx">
        <metrics statements="4" coveredstatements="4" conditionals="20" coveredconditionals="6" methods="1" coveredmethods="1"/>
        <line num="5" count="1" type="stmt"/>
        <line num="6" count="1" type="cond" truecount="1" falsecount="1"/>
        <line num="62" count="2" type="stmt"/>
        <line num="69" count="2" type="stmt"/>
      </file>
      <file name="CTA.jsx" path="/home/runner/work/Service-Canada-Labs/Service-Canada-Labs/components/design-system/CTA.jsx">
        <metrics statements="1" coveredstatements="1" conditionals="3" coveredconditionals="1" methods="1" coveredmethods="1"/>
        <line num="12" count="1" type="stmt"/>
      </file>
      <file name="Collapse.jsx" path="/home/runner/work/Service-Canada-Labs/Service-Canada-Labs/components/design-system/Collapse.jsx">
        <metrics statements="4" coveredstatements="0" conditionals="0" coveredconditionals="0" methods="1" coveredmethods="0"/>
        <line num="4" count="0" type="stmt"/>
        <line num="5" count="0" type="stmt"/>
        <line num="24" count="0" type="stmt"/>
        <line num="28" count="0" type="stmt"/>
      </file>
      <file name="ContextualAlert.jsx" path="/home/runner/work/Service-Canada-Labs/Service-Canada-Labs/components/design-system/ContextualAlert.jsx">
        <metrics statements="10" coveredstatements="10" conditionals="18" coveredconditionals="9" methods="1" coveredmethods="1"/>
        <line num="4" count="1" type="stmt"/>
        <line num="5" count="1" type="stmt"/>
        <line num="6" count="1" type="stmt"/>
        <line num="7" count="1" type="stmt"/>
        <line num="18" count="1" type="stmt"/>
        <line num="21" count="1" type="cond" truecount="1" falsecount="1"/>
        <line num="30" count="1" type="cond" truecount="1" falsecount="1"/>
        <line num="38" count="1" type="cond" truecount="1" falsecount="1"/>
        <line num="40" count="1" type="stmt"/>
        <line num="73" count="1" type="stmt"/>
      </file>
      <file name="Footer.jsx" path="/home/runner/work/Service-Canada-Labs/Service-Canada-Labs/components/design-system/Footer.jsx">
        <metrics statements="5" coveredstatements="5" conditionals="0" coveredconditionals="0" methods="1" coveredmethods="1"/>
        <line num="6" count="3" type="stmt"/>
        <line num="40" count="8" type="stmt"/>
        <line num="42" count="7" type="stmt"/>
        <line num="73" count="3" type="stmt"/>
        <line num="79" count="3" type="stmt"/>
      </file>
      <file name="Heading.jsx" path="/home/runner/work/Service-Canada-Labs/Service-Canada-Labs/components/design-system/Heading.jsx">
        <metrics statements="3" coveredstatements="3" conditionals="3" coveredconditionals="1" methods="1" coveredmethods="1"/>
        <line num="4" count="2" type="stmt"/>
        <line num="6" count="2" type="stmt"/>
        <line num="29" count="2" type="stmt"/>
      </file>
      <file name="HelpIcon.jsx" path="/home/runner/work/Service-Canada-Labs/Service-Canada-Labs/components/design-system/HelpIcon.jsx">
        <metrics statements="5" coveredstatements="5" conditionals="4" coveredconditionals="1" methods="3" coveredmethods="1"/>
        <line num="5" count="2" type="stmt"/>
        <line num="6" count="3" type="stmt"/>
        <line num="7" count="3" type="stmt"/>
        <line num="8" count="3" type="stmt"/>
        <line num="10" count="3" type="stmt"/>
      </file>
      <file name="Image.jsx" path="/home/runner/work/Service-Canada-Labs/Service-Canada-Labs/components/design-system/Image.jsx">
        <metrics statements="3" coveredstatements="3" conditionals="2" coveredconditionals="1" methods="1" coveredmethods="1"/>
        <line num="4" count="8" type="cond" truecount="1" falsecount="1"/>
        <line num="6" count="8" type="stmt"/>
        <line num="13" count="4" type="stmt"/>
      </file>
      <file name="Link.jsx" path="/home/runner/work/Service-Canada-Labs/Service-Canada-Labs/components/design-system/Link.jsx">
        <metrics statements="21" coveredstatements="10" conditionals="23" coveredconditionals="9" methods="2" coveredmethods="1"/>
        <line num="6" count="175" type="stmt"/>
        <line num="7" count="175" type="cond" truecount="2" falsecount="5"/>
        <line num="9" count="0" type="stmt"/>
        <line num="11" count="0" type="stmt"/>
        <line num="13" count="0" type="stmt"/>
        <line num="15" count="0" type="stmt"/>
        <line num="17" count="28" type="stmt"/>
        <line num="19" count="28" type="stmt"/>
        <line num="21" count="147" type="stmt"/>
        <line num="23" count="147" type="stmt"/>
        <line num="25" count="0" type="stmt"/>
        <line num="27" count="0" type="stmt"/>
        <line num="29" count="0" type="stmt"/>
        <line num="31" count="0" type="stmt"/>
        <line num="33" count="0" type="stmt"/>
        <line num="35" count="0" type="stmt"/>
        <line num="38" count="175" type="cond" truecount="2" falsecount="0"/>
        <line num="41" count="0" type="stmt"/>
        <line num="44" count="175" type="cond" truecount="1" falsecount="1"/>
        <line num="97" count="3" type="stmt"/>
        <line num="102" count="3" type="stmt"/>
      </file>
      <file name="MainBand.jsx" path="/home/runner/work/Service-Canada-Labs/Service-Canada-Labs/components/design-system/MainBand.jsx">
        <metrics statements="3" coveredstatements="3" conditionals="2" coveredconditionals="2" methods="2" coveredmethods="2"/>
        <line num="5" count="7" type="stmt"/>
        <line num="7" count="7" type="stmt"/>
        <line num="22" count="147" type="stmt"/>
      </file>
      <file name="SubFooterBand.jsx" path="/home/runner/work/Service-Canada-Labs/Service-Canada-Labs/components/design-system/SubFooterBand.jsx">
        <metrics statements="3" coveredstatements="2" conditionals="20" coveredconditionals="9" methods="3" coveredmethods="2"/>
        <line num="5" count="7" type="stmt"/>
        <line num="29" count="28" type="stmt"/>
        <line num="48" count="0" type="stmt"/>
      </file>
    </package>
    <package name="components.gql_node_renderer">
      <metrics statements="9" coveredstatements="0" conditionals="10" coveredconditionals="0" methods="4" coveredmethods="0"/>
      <file name="Recur.jsx" path="/home/runner/work/Service-Canada-Labs/Service-Canada-Labs/components/gql_node_renderer/Recur.jsx">
        <metrics statements="7" coveredstatements="0" conditionals="10" coveredconditionals="0" methods="2" coveredmethods="0"/>
        <line num="13" count="0" type="stmt"/>
        <line num="25" count="0" type="stmt"/>
        <line num="26" count="0" type="stmt"/>
        <line num="28" count="0" type="cond" truecount="0" falsecount="2"/>
        <line num="34" count="0" type="stmt"/>
        <line num="37" count="0" type="stmt"/>
        <line num="42" count="0" type="stmt"/>
      </file>
      <file name="Render.jsx" path="/home/runner/work/Service-Canada-Labs/Service-Canada-Labs/components/gql_node_renderer/Render.jsx">
        <metrics statements="2" coveredstatements="0" conditionals="0" coveredconditionals="0" methods="2" coveredmethods="0"/>
        <line num="5" count="0" type="stmt"/>
        <line num="8" count="0" type="stmt"/>
      </file>
    </package>
    <package name="components.gql_node_renderer.nodes">
      <metrics statements="17" coveredstatements="0" conditionals="9" coveredconditionals="0" methods="8" coveredmethods="0"/>
      <file name="Header.jsx" path="/home/runner/work/Service-Canada-Labs/Service-Canada-Labs/components/gql_node_renderer/nodes/Header.jsx">
        <metrics statements="7" coveredstatements="0" conditionals="6" coveredconditionals="0" methods="1" coveredmethods="0"/>
        <line num="2" count="0" type="cond" truecount="0" falsecount="6"/>
        <line num="4" count="0" type="stmt"/>
        <line num="6" count="0" type="stmt"/>
        <line num="8" count="0" type="stmt"/>
        <line num="10" count="0" type="stmt"/>
        <line num="12" count="0" type="stmt"/>
        <line num="14" count="0" type="stmt"/>
      </file>
      <file name="LineBreak.jsx" path="/home/runner/work/Service-Canada-Labs/Service-Canada-Labs/components/gql_node_renderer/nodes/LineBreak.jsx">
        <metrics statements="1" coveredstatements="0" conditionals="0" coveredconditionals="0" methods="1" coveredmethods="0"/>
        <line num="2" count="0" type="stmt"/>
      </file>
      <file name="Link.jsx" path="/home/runner/work/Service-Canada-Labs/Service-Canada-Labs/components/gql_node_renderer/nodes/Link.jsx">
        <metrics statements="1" coveredstatements="0" conditionals="0" coveredconditionals="0" methods="1" coveredmethods="0"/>
        <line num="2" count="0" type="stmt"/>
      </file>
      <file name="ListItem.jsx" path="/home/runner/work/Service-Canada-Labs/Service-Canada-Labs/components/gql_node_renderer/nodes/ListItem.jsx">
        <metrics statements="1" coveredstatements="0" conditionals="0" coveredconditionals="0" methods="1" coveredmethods="0"/>
        <line num="2" count="0" type="stmt"/>
      </file>
      <file name="OrderedList.jsx" path="/home/runner/work/Service-Canada-Labs/Service-Canada-Labs/components/gql_node_renderer/nodes/OrderedList.jsx">
        <metrics statements="1" coveredstatements="0" conditionals="0" coveredconditionals="0" methods="1" coveredmethods="0"/>
        <line num="2" count="0" type="stmt"/>
      </file>
      <file name="Paragraph.jsx" path="/home/runner/work/Service-Canada-Labs/Service-Canada-Labs/components/gql_node_renderer/nodes/Paragraph.jsx">
        <metrics statements="1" coveredstatements="0" conditionals="0" coveredconditionals="0" methods="1" coveredmethods="0"/>
        <line num="2" count="0" type="stmt"/>
      </file>
      <file name="Text.jsx" path="/home/runner/work/Service-Canada-Labs/Service-Canada-Labs/components/gql_node_renderer/nodes/Text.jsx">
        <metrics statements="4" coveredstatements="0" conditionals="3" coveredconditionals="0" methods="1" coveredmethods="0"/>
        <line num="3" count="0" type="cond" truecount="0" falsecount="3"/>
        <line num="5" count="0" type="stmt"/>
        <line num="7" count="0" type="stmt"/>
        <line num="9" count="0" type="stmt"/>
      </file>
      <file name="UnorderedList.jsx" path="/home/runner/work/Service-Canada-Labs/Service-Canada-Labs/components/gql_node_renderer/nodes/UnorderedList.jsx">
        <metrics statements="1" coveredstatements="0" conditionals="0" coveredconditionals="0" methods="1" coveredmethods="0"/>
        <line num="2" count="0" type="stmt"/>
      </file>
    </package>
    <package name="components.molecules">
      <metrics statements="200" coveredstatements="172" conditionals="106" coveredconditionals="69" methods="51" coveredmethods="40"/>
      <file name="CallToAction.js" path="/home/runner/work/Service-Canada-Labs/Service-Canada-Labs/components/molecules/CallToAction.js">
        <metrics statements="3" coveredstatements="3" conditionals="8" coveredconditionals="5" methods="1" coveredmethods="1"/>
        <line num="10" count="3" type="stmt"/>
        <line num="11" count="3" type="stmt"/>
        <line num="81" count="1" type="stmt"/>
      </file>
      <file name="CallToAction.stories.js" path="/home/runner/work/Service-Canada-Labs/Service-Canada-Labs/components/molecules/CallToAction.stories.js">
        <metrics statements="5" coveredstatements="5" conditionals="0" coveredconditionals="0" methods="1" coveredmethods="1"/>
        <line num="9" count="3" type="stmt"/>
        <line num="11" count="1" type="stmt"/>
        <line num="12" count="1" type="stmt"/>
        <line num="13" count="1" type="stmt"/>
        <line num="20" count="1" type="stmt"/>
      </file>
      <file name="Card.js" path="/home/runner/work/Service-Canada-Labs/Service-Canada-Labs/components/molecules/Card.js">
        <metrics statements="5" coveredstatements="5" conditionals="14" coveredconditionals="9" methods="1" coveredmethods="1"/>
        <line num="10" count="3" type="stmt"/>
        <line num="11" count="5" type="stmt"/>
        <line num="18" count="5" type="cond" truecount="2" falsecount="0"/>
        <line num="20" count="5" type="stmt"/>
        <line num="92" count="3" type="stmt"/>
      </file>
      <file name="Card.stories.js" path="/home/runner/work/Service-Canada-Labs/Service-Canada-Labs/components/molecules/Card.stories.js">
        <metrics statements="11" coveredstatements="11" conditionals="0" coveredconditionals="0" methods="1" coveredmethods="1"/>
        <line num="10" count="3" type="stmt"/>
        <line num="12" count="1" type="stmt"/>
        <line num="13" count="1" type="stmt"/>
        <line num="14" count="1" type="stmt"/>
        <line num="15" count="1" type="stmt"/>
        <line num="16" count="1" type="stmt"/>
        <line num="18" count="1" type="stmt"/>
        <line num="26" count="1" type="stmt"/>
        <line num="35" count="1" type="stmt"/>
        <line num="44" count="1" type="stmt"/>
        <line num="52" count="1" type="stmt"/>
      </file>
      <file name="CopyToClipboard.js" path="/home/runner/work/Service-Canada-Labs/Service-Canada-Labs/components/molecules/CopyToClipboard.js">
        <metrics statements="5" coveredstatements="5" conditionals="2" coveredconditionals="1" methods="2" coveredmethods="2"/>
        <line num="6" count="4" type="cond" truecount="1" falsecount="1"/>
        <line num="11" count="4" type="stmt"/>
        <line num="20" count="1" type="stmt"/>
        <line num="39" count="2" type="stmt"/>
        <line num="44" count="2" type="stmt"/>
      </file>
      <file name="CopyToClipboard.stories.js" path="/home/runner/work/Service-Canada-Labs/Service-Canada-Labs/components/molecules/CopyToClipboard.stories.js">
        <metrics statements="3" coveredstatements="3" conditionals="0" coveredconditionals="0" methods="1" coveredmethods="1"/>
        <line num="9" count="2" type="stmt"/>
        <line num="11" count="1" type="stmt"/>
        <line num="13" count="1" type="stmt"/>
      </file>
      <file name="Details.js" path="/home/runner/work/Service-Canada-Labs/Service-Canada-Labs/components/molecules/Details.js">
        <metrics statements="2" coveredstatements="2" conditionals="0" coveredconditionals="0" methods="1" coveredmethods="1"/>
        <line num="7" count="22" type="stmt"/>
        <line num="19" count="7" type="stmt"/>
      </file>
      <file name="Details.stories.js" path="/home/runner/work/Service-Canada-Labs/Service-Canada-Labs/components/molecules/Details.stories.js">
        <metrics statements="3" coveredstatements="3" conditionals="0" coveredconditionals="0" methods="1" coveredmethods="1"/>
        <line num="9" count="2" type="stmt"/>
        <line num="11" count="1" type="stmt"/>
        <line num="12" count="1" type="stmt"/>
      </file>
      <file name="ErrorBox.js" path="/home/runner/work/Service-Canada-Labs/Service-Canada-Labs/components/molecules/ErrorBox.js">
        <metrics statements="5" coveredstatements="5" conditionals="0" coveredconditionals="0" methods="3" coveredmethods="3"/>
        <line num="8" count="3" type="stmt"/>
        <line num="24" count="9" type="stmt"/>
        <line num="29" count="1" type="stmt"/>
        <line num="43" count="1" type="stmt"/>
        <line num="47" count="1" type="stmt"/>
      </file>
      <file name="ErrorBox.stories.js" path="/home/runner/work/Service-Canada-Labs/Service-Canada-Labs/components/molecules/ErrorBox.stories.js">
        <metrics statements="4" coveredstatements="3" conditionals="0" coveredconditionals="0" methods="2" coveredmethods="1"/>
        <line num="9" count="0" type="stmt"/>
        <line num="21" count="3" type="stmt"/>
        <line num="23" count="1" type="stmt"/>
        <line num="25" count="1" type="stmt"/>
      </file>
      <file name="FeedbackWidget.js" path="/home/runner/work/Service-Canada-Labs/Service-Canada-Labs/components/molecules/FeedbackWidget.js">
        <metrics statements="51" coveredstatements="34" conditionals="22" coveredconditionals="9" methods="10" coveredmethods="5"/>
        <line num="15" count="5" type="stmt"/>
        <line num="21" count="10" type="stmt"/>
        <line num="22" count="10" type="stmt"/>
        <line num="23" count="10" type="stmt"/>
        <line num="24" count="10" type="stmt"/>
        <line num="25" count="10" type="stmt"/>
        <line num="26" count="10" type="stmt"/>
        <line num="27" count="10" type="stmt"/>
        <line num="29" count="10" type="stmt"/>
        <line num="31" count="10" type="stmt"/>
        <line num="32" count="7" type="cond" truecount="2" falsecount="0"/>
        <line num="33" count="2" type="stmt"/>
        <line num="34" count="2" type="stmt"/>
        <line num="39" count="10" type="stmt"/>
        <line num="43" count="1" type="stmt"/>
        <line num="44" count="1" type="cond" truecount="1" falsecount="1"/>
        <line num="46" count="0" type="stmt"/>
        <line num="47" count="0" type="stmt"/>
        <line num="49" count="1" type="stmt"/>
        <line num="50" count="1" type="stmt"/>
        <line num="53" count="1" type="stmt"/>
        <line num="58" count="0" type="stmt"/>
        <line num="61" count="10" type="stmt"/>
        <line num="62" count="10" type="stmt"/>
        <line num="63" count="10" type="stmt"/>
        <line num="71" count="10" type="stmt"/>
        <line num="73" count="1" type="stmt"/>
        <line num="75" count="1" type="stmt"/>
        <line num="77" count="1" type="stmt"/>
        <line num="79" count="1" type="stmt"/>
        <line num="81" count="1" type="stmt"/>
        <line num="88" count="1" type="stmt"/>
        <line num="92" count="1" type="stmt"/>
        <line num="94" count="1" type="cond" truecount="1" falsecount="1"/>
        <line num="96" count="0" type="stmt"/>
        <line num="105" count="0" type="cond" truecount="0" falsecount="4"/>
        <line num="106" count="0" type="stmt"/>
        <line num="107" count="0" type="stmt"/>
        <line num="108" count="0" type="stmt"/>
        <line num="110" count="0" type="stmt"/>
        <line num="113" count="0" type="stmt"/>
        <line num="114" count="0" type="stmt"/>
        <line num="115" count="0" type="stmt"/>
        <line num="117" count="1" type="stmt"/>
        <line num="121" count="10" type="stmt"/>
        <line num="176" count="0" type="stmt"/>
        <line num="202" count="0" type="stmt"/>
        <line num="203" count="0" type="stmt"/>
        <line num="272" count="0" type="stmt"/>
        <line num="274" count="0" type="stmt"/>
        <line num="300" count="5" type="stmt"/>
      </file>
      <file name="FeedbackWidget.stories.js" path="/home/runner/work/Service-Canada-Labs/Service-Canada-Labs/components/molecules/FeedbackWidget.stories.js">
        <metrics statements="3" coveredstatements="3" conditionals="0" coveredconditionals="0" methods="1" coveredmethods="1"/>
        <line num="9" count="4" type="stmt"/>
        <line num="11" count="1" type="stmt"/>
        <line num="13" count="1" type="stmt"/>
      </file>
      <file name="Filter.js" path="/home/runner/work/Service-Canada-Labs/Service-Canada-Labs/components/molecules/Filter.js">
        <metrics statements="3" coveredstatements="3" conditionals="0" coveredconditionals="0" methods="2" coveredmethods="2"/>
        <line num="8" count="3" type="stmt"/>
        <line num="20" count="9" type="stmt"/>
        <line num="40" count="1" type="stmt"/>
      </file>
      <file name="Filter.stories.js" path="/home/runner/work/Service-Canada-Labs/Service-Canada-Labs/components/molecules/Filter.stories.js">
        <metrics statements="3" coveredstatements="3" conditionals="0" coveredconditionals="0" methods="1" coveredmethods="1"/>
        <line num="9" count="3" type="stmt"/>
        <line num="11" count="1" type="stmt"/>
        <line num="13" count="1" type="stmt"/>
      </file>
      <file name="List.js" path="/home/runner/work/Service-Canada-Labs/Service-Canada-Labs/components/molecules/List.js">
        <metrics statements="6" coveredstatements="6" conditionals="2" coveredconditionals="2" methods="2" coveredmethods="2"/>
        <line num="7" count="2" type="stmt"/>
        <line num="8" count="2" type="stmt"/>
        <line num="12" count="8" type="stmt"/>
        <line num="15" count="8" type="cond" truecount="2" falsecount="0"/>
        <line num="16" count="8" type="stmt"/>
        <line num="31" count="1" type="stmt"/>
      </file>
      <file name="List.stories.js" path="/home/runner/work/Service-Canada-Labs/Service-Canada-Labs/components/molecules/List.stories.js">
        <metrics statements="3" coveredstatements="3" conditionals="0" coveredconditionals="0" methods="1" coveredmethods="1"/>
        <line num="9" count="2" type="stmt"/>
        <line num="11" count="1" type="stmt"/>
        <line num="13" count="1" type="stmt"/>
      </file>
      <file name="Menu.js" path="/home/runner/work/Service-Canada-Labs/Service-Canada-Labs/components/molecules/Menu.js">
        <metrics statements="10" coveredstatements="9" conditionals="10" coveredconditionals="6" methods="4" coveredmethods="3"/>
        <line num="11" count="4" type="stmt"/>
        <line num="12" count="4" type="stmt"/>
        <line num="13" count="4" type="stmt"/>
        <line num="15" count="4" type="stmt"/>
        <line num="29" count="1" type="stmt"/>
        <line num="44" count="0" type="stmt"/>
        <line num="64" count="12" type="stmt"/>
        <line num="65" count="12" type="stmt"/>
        <line num="67" count="12" type="stmt"/>
        <line num="94" count="1" type="stmt"/>
      </file>
      <file name="Menu.stories.js" path="/home/runner/work/Service-Canada-Labs/Service-Canada-Labs/components/molecules/Menu.stories.js">
        <metrics statements="3" coveredstatements="3" conditionals="0" coveredconditionals="0" methods="1" coveredmethods="1"/>
        <line num="9" count="3" type="stmt"/>
        <line num="11" count="1" type="stmt"/>
        <line num="13" count="1" type="stmt"/>
      </file>
      <file name="OptionalListField.js" path="/home/runner/work/Service-Canada-Labs/Service-Canada-Labs/components/molecules/OptionalListField.js">
        <metrics statements="16" coveredstatements="12" conditionals="19" coveredconditionals="14" methods="3" coveredmethods="3"/>
        <line num="10" count="5" type="cond" truecount="2" falsecount="0"/>
        <line num="11" count="5" type="stmt"/>
        <line num="12" count="1" type="cond" truecount="1" falsecount="1"/>
        <line num="13" count="0" type="stmt"/>
        <line num="15" count="1" type="stmt"/>
        <line num="18" count="1" type="cond" truecount="1" falsecount="1"/>
        <line num="19" count="0" type="stmt"/>
        <line num="22" count="5" type="stmt"/>
        <line num="23" count="5" type="cond" truecount="1" falsecount="1"/>
        <line num="24" count="0" type="stmt"/>
        <line num="26" count="5" type="cond" truecount="1" falsecount="1"/>
        <line num="27" count="5" type="stmt"/>
        <line num="29" count="0" type="stmt"/>
        <line num="31" count="5" type="stmt"/>
        <line num="79" count="1" type="stmt"/>
        <line num="83" count="1" type="stmt"/>
      </file>
      <file name="OptionalListField.stories.js" path="/home/runner/work/Service-Canada-Labs/Service-Canada-Labs/components/molecules/OptionalListField.stories.js">
        <metrics statements="12" coveredstatements="11" conditionals="0" coveredconditionals="0" methods="2" coveredmethods="1"/>
        <line num="11" count="0" type="stmt"/>
        <line num="20" count="4" type="stmt"/>
        <line num="22" count="1" type="stmt"/>
        <line num="23" count="1" type="stmt"/>
        <line num="48" count="1" type="stmt"/>
        <line num="49" count="1" type="stmt"/>
        <line num="76" count="1" type="stmt"/>
        <line num="77" count="1" type="stmt"/>
        <line num="104" count="1" type="stmt"/>
        <line num="105" count="1" type="stmt"/>
        <line num="133" count="1" type="stmt"/>
        <line num="134" count="1" type="stmt"/>
      </file>
      <file name="OptionalTextField.js" path="/home/runner/work/Service-Canada-Labs/Service-Canada-Labs/components/molecules/OptionalTextField.js">
        <metrics statements="14" coveredstatements="11" conditionals="21" coveredconditionals="17" methods="4" coveredmethods="2"/>
        <line num="13" count="132" type="cond" truecount="2" falsecount="0"/>
        <line num="14" count="132" type="stmt"/>
        <line num="15" count="132" type="stmt"/>
        <line num="16" count="132" type="stmt"/>
        <line num="17" count="3" type="cond" truecount="1" falsecount="1"/>
        <line num="18" count="0" type="stmt"/>
        <line num="19" count="0" type="stmt"/>
        <line num="21" count="3" type="stmt"/>
        <line num="22" count="3" type="stmt"/>
        <line num="25" count="3" type="cond" truecount="1" falsecount="1"/>
        <line num="26" count="0" type="stmt"/>
        <line num="29" count="132" type="stmt"/>
        <line num="106" count="7" type="stmt"/>
        <line num="110" count="7" type="stmt"/>
      </file>
      <file name="OptionalTextField.stories.js" path="/home/runner/work/Service-Canada-Labs/Service-Canada-Labs/components/molecules/OptionalTextField.stories.js">
        <metrics statements="12" coveredstatements="11" conditionals="0" coveredconditionals="0" methods="2" coveredmethods="1"/>
        <line num="9" count="0" type="stmt"/>
        <line num="18" count="3" type="stmt"/>
        <line num="20" count="1" type="stmt"/>
        <line num="21" count="1" type="stmt"/>
        <line num="32" count="1" type="stmt"/>
        <line num="33" count="1" type="stmt"/>
        <line num="45" count="1" type="stmt"/>
        <line num="46" count="1" type="stmt"/>
        <line num="59" count="1" type="stmt"/>
        <line num="60" count="1" type="stmt"/>
        <line num="72" count="1" type="stmt"/>
        <line num="73" count="1" type="stmt"/>
      </file>
      <file name="Quote.js" path="/home/runner/work/Service-Canada-Labs/Service-Canada-Labs/components/molecules/Quote.js">
        <metrics statements="2" coveredstatements="2" conditionals="0" coveredconditionals="0" methods="1" coveredmethods="1"/>
        <line num="7" count="2" type="stmt"/>
        <line num="21" count="1" type="stmt"/>
      </file>
      <file name="Quote.stories.js" path="/home/runner/work/Service-Canada-Labs/Service-Canada-Labs/components/molecules/Quote.stories.js">
        <metrics statements="3" coveredstatements="3" conditionals="0" coveredconditionals="0" methods="1" coveredmethods="1"/>
        <line num="9" count="2" type="stmt"/>
        <line num="11" count="1" type="stmt"/>
        <line num="13" count="1" type="stmt"/>
      </file>
      <file name="TextButtonField.js" path="/home/runner/work/Service-Canada-Labs/Service-Canada-Labs/components/molecules/TextButtonField.js">
        <metrics statements="4" coveredstatements="4" conditionals="8" coveredconditionals="6" methods="1" coveredmethods="1"/>
        <line num="10" count="6" type="cond" truecount="2" falsecount="0"/>
        <line num="11" count="5" type="cond" truecount="2" falsecount="0"/>
        <line num="15" count="6" type="stmt"/>
        <line num="44" count="1" type="stmt"/>
      </file>
      <file name="TextButtonField.stories.js" path="/home/runner/work/Service-Canada-Labs/Service-Canada-Labs/components/molecules/TextButtonField.stories.js">
        <metrics statements="9" coveredstatements="9" conditionals="0" coveredconditionals="0" methods="1" coveredmethods="1"/>
        <line num="9" count="6" type="stmt"/>
        <line num="11" count="1" type="stmt"/>
        <line num="12" count="1" type="stmt"/>
        <line num="13" count="1" type="stmt"/>
        <line num="14" count="1" type="stmt"/>
        <line num="16" count="1" type="stmt"/>
        <line num="24" count="1" type="stmt"/>
        <line num="31" count="1" type="stmt"/>
        <line num="39" count="1" type="stmt"/>
      </file>
    </package>
    <package name="components.organisms">
      <metrics statements="67" coveredstatements="64" conditionals="42" coveredconditionals="34" methods="14" coveredmethods="13"/>
      <file name="Footer.js" path="/home/runner/work/Service-Canada-Labs/Service-Canada-Labs/components/organisms/Footer.js">
        <metrics statements="4" coveredstatements="4" conditionals="2" coveredconditionals="2" methods="3" coveredmethods="3"/>
        <line num="9" count="1" type="stmt"/>
        <line num="23" count="8" type="stmt"/>
        <line num="49" count="8" type="stmt"/>
        <line num="89" count="1" type="stmt"/>
      </file>
      <file name="Footer.stories.js" path="/home/runner/work/Service-Canada-Labs/Service-Canada-Labs/components/organisms/Footer.stories.js">
        <metrics statements="3" coveredstatements="3" conditionals="0" coveredconditionals="0" methods="1" coveredmethods="1"/>
        <line num="9" count="1" type="stmt"/>
        <line num="11" count="1" type="stmt"/>
        <line num="12" count="1" type="stmt"/>
      </file>
      <file name="Layout.js" path="/home/runner/work/Service-Canada-Labs/Service-Canada-Labs/components/organisms/Layout.js">
        <metrics statements="6" coveredstatements="6" conditionals="18" coveredconditionals="12" methods="1" coveredmethods="1"/>
        <line num="16" count="3" type="stmt"/>
        <line num="29" count="7" type="stmt"/>
        <line num="30" count="7" type="cond" truecount="1" falsecount="1"/>
        <line num="31" count="7" type="stmt"/>
        <line num="36" count="7" type="stmt"/>
        <line num="159" count="3" type="stmt"/>
      </file>
      <file name="Layout.stories.js" path="/home/runner/work/Service-Canada-Labs/Service-Canada-Labs/components/organisms/Layout.stories.js">
        <metrics statements="7" coveredstatements="7" conditionals="0" coveredconditionals="0" methods="2" coveredmethods="2"/>
        <line num="9" count="1" type="stmt"/>
        <line num="10" count="7" type="stmt"/>
        <line num="23" count="7" type="stmt"/>
        <line num="25" count="1" type="stmt"/>
        <line num="26" count="1" type="stmt"/>
        <line num="28" count="1" type="stmt"/>
        <line num="33" count="1" type="stmt"/>
      </file>
      <file name="PhaseBanner.js" path="/home/runner/work/Service-Canada-Labs/Service-Canada-Labs/components/organisms/PhaseBanner.js">
        <metrics statements="11" coveredstatements="10" conditionals="8" coveredconditionals="7" methods="2" coveredmethods="2"/>
        <line num="12" count="4" type="stmt"/>
        <line num="20" count="3" type="stmt"/>
        <line num="21" count="3" type="stmt"/>
        <line num="22" count="3" type="stmt"/>
        <line num="24" count="3" type="stmt"/>
        <line num="25" count="1" type="cond" truecount="1" falsecount="1"/>
        <line num="26" count="0" type="stmt"/>
        <line num="28" count="1" type="stmt"/>
        <line num="31" count="1" type="stmt"/>
        <line num="34" count="3" type="stmt"/>
        <line num="112" count="4" type="stmt"/>
      </file>
      <file name="PhaseBanner.stories.js" path="/home/runner/work/Service-Canada-Labs/Service-Canada-Labs/components/organisms/PhaseBanner.stories.js">
        <metrics statements="5" coveredstatements="5" conditionals="0" coveredconditionals="0" methods="1" coveredmethods="1"/>
        <line num="9" count="2" type="stmt"/>
        <line num="11" count="1" type="stmt"/>
        <line num="12" count="1" type="stmt"/>
        <line num="14" count="1" type="stmt"/>
        <line num="19" count="1" type="stmt"/>
      </file>
      <file name="ReportAProblem.js" path="/home/runner/work/Service-Canada-Labs/Service-Canada-Labs/components/organisms/ReportAProblem.js">
        <metrics statements="29" coveredstatements="27" conditionals="14" coveredconditionals="13" methods="3" coveredmethods="2"/>
        <line num="15" count="20" type="stmt"/>
        <line num="16" count="19" type="stmt"/>
        <line num="18" count="19" type="stmt"/>
        <line num="20" count="19" type="stmt"/>
        <line num="22" count="3" type="stmt"/>
        <line num="25" count="3" type="stmt"/>
        <line num="26" count="3" type="stmt"/>
        <line num="27" count="24" type="cond" truecount="2" falsecount="0"/>
        <line num="28" count="21" type="cond" truecount="2" falsecount="0"/>
        <line num="29" count="1" type="stmt"/>
        <line num="35" count="3" type="stmt"/>
        <line num="37" count="3" type="stmt"/>
        <line num="40" count="3" type="stmt"/>
        <line num="41" count="5" type="stmt"/>
        <line num="42" count="5" type="stmt"/>
        <line num="46" count="3" type="stmt"/>
        <line num="47" count="3" type="stmt"/>
        <line num="51" count="3" type="cond" truecount="1" falsecount="1"/>
        <line num="52" count="0" type="stmt"/>
        <line num="62" count="3" type="stmt"/>
        <line num="73" count="3" type="stmt"/>
        <line num="74" count="21" type="stmt"/>
        <line num="78" count="3" type="stmt"/>
        <line num="88" count="0" type="stmt"/>
        <line num="91" count="3" type="cond" truecount="2" falsecount="0"/>
        <line num="92" count="1" type="stmt"/>
        <line num="95" count="3" type="stmt"/>
        <line num="98" count="19" type="stmt"/>
        <line num="373" count="6" type="stmt"/>
      </file>
      <file name="ReportAProblem.stories.js" path="/home/runner/work/Service-Canada-Labs/Service-Canada-Labs/components/organisms/ReportAProblem.stories.js">
        <metrics statements="2" coveredstatements="2" conditionals="0" coveredconditionals="0" methods="1" coveredmethods="1"/>
        <line num="9" count="5" type="stmt"/>
        <line num="11" count="1" type="stmt"/>
      </file>
    </package>
    <package name="lib.notify">
      <metrics statements="6" coveredstatements="4" conditionals="0" coveredconditionals="0" methods="2" coveredmethods="1"/>
      <file name="submitEmail.js" path="/home/runner/work/Service-Canada-Labs/Service-Canada-Labs/lib/notify/submitEmail.js">
        <metrics statements="6" coveredstatements="4" conditionals="0" coveredconditionals="0" methods="2" coveredmethods="1"/>
        <line num="3" count="2" type="stmt"/>
        <line num="11" count="1" type="stmt"/>
        <line num="29" count="1" type="stmt"/>
        <line num="32" count="2" type="stmt"/>
        <line num="42" count="0" type="stmt"/>
        <line num="64" count="0" type="stmt"/>
      </file>
    </package>
    <package name="lib.utils">
      <metrics statements="21" coveredstatements="20" conditionals="11" coveredconditionals="9" methods="6" coveredmethods="4"/>
      <file name="createBreadcrumbs.js" path="/home/runner/work/Service-Canada-Labs/Service-Canada-Labs/lib/utils/createBreadcrumbs.js">
        <metrics statements="3" coveredstatements="3" conditionals="4" coveredconditionals="2" methods="2" coveredmethods="2"/>
        <line num="1" count="1" type="stmt"/>
        <line num="2" count="1" type="stmt"/>
        <line num="3" count="1" type="stmt"/>
      </file>
      <file name="getAllUpdateIds.js" path="/home/runner/work/Service-Canada-Labs/Service-Canada-Labs/lib/utils/getAllUpdateIds.js">
        <metrics statements="1" coveredstatements="0" conditionals="0" coveredconditionals="0" methods="2" coveredmethods="0"/>
        <line num="2" count="0" type="stmt"/>
      </file>
      <file name="maskEmail.js" path="/home/runner/work/Service-Canada-Labs/Service-Canada-Labs/lib/utils/maskEmail.js">
        <metrics statements="11" coveredstatements="11" conditionals="7" coveredconditionals="7" methods="1" coveredmethods="1"/>
        <line num="3" count="1" type="stmt"/>
        <line num="4" count="1" type="stmt"/>
        <line num="6" count="1" type="stmt"/>
        <line num="7" count="14" type="cond" truecount="2" falsecount="0"/>
        <line num="8" count="1" type="stmt"/>
        <line num="9" count="13" type="cond" truecount="5" falsecount="0"/>
        <line num="10" count="10" type="stmt"/>
        <line num="11" count="10" type="stmt"/>
        <line num="13" count="3" type="stmt"/>
        <line num="14" count="3" type="stmt"/>
        <line num="18" count="1" type="stmt"/>
      </file>
      <file name="stripFeedback.js" path="/home/runner/work/Service-Canada-Labs/Service-Canada-Labs/lib/utils/stripFeedback.js">
        <metrics statements="6" coveredstatements="6" conditionals="0" coveredconditionals="0" methods="1" coveredmethods="1"/>
        <line num="3" count="7" type="stmt"/>
        <line num="9" count="7" type="stmt"/>
        <line num="15" count="7" type="stmt"/>
        <line num="21" count="7" type="stmt"/>
        <line num="25" count="7" type="stmt"/>
        <line num="30" count="7" type="stmt"/>
      </file>
    </package>
    <package name="middlewares">
      <metrics statements="15" coveredstatements="8" conditionals="5" coveredconditionals="1" methods="7" coveredmethods="3"/>
      <file name="initMiddleware.js" path="/home/runner/work/Service-Canada-Labs/Service-Canada-Labs/middlewares/initMiddleware.js">
        <metrics statements="6" coveredstatements="0" conditionals="2" coveredconditionals="0" methods="4" coveredmethods="0"/>
        <line num="4" count="0" type="stmt"/>
        <line num="5" count="0" type="stmt"/>
        <line num="6" count="0" type="stmt"/>
        <line num="7" count="0" type="cond" truecount="0" falsecount="2"/>
        <line num="8" count="0" type="stmt"/>
        <line num="10" count="0" type="stmt"/>
      </file>
      <file name="joi.js" path="/home/runner/work/Service-Canada-Labs/Service-Canada-Labs/middlewares/joi.js">
        <metrics statements="9" coveredstatements="8" conditionals="3" coveredconditionals="1" methods="3" coveredmethods="3"/>
        <line num="12" count="1" type="stmt"/>
        <line num="13" count="1" type="stmt"/>
        <line num="14" count="1" type="stmt"/>
        <line num="15" count="1" type="cond" truecount="1" falsecount="1"/>
        <line num="16" count="0" type="stmt"/>
        <line num="18" count="1" type="stmt"/>
        <line num="19" count="1" type="stmt"/>
        <line num="20" count="2" type="stmt"/>
        <line num="22" count="1" type="stmt"/>
      </file>
    </package>
    <package name="pages">
      <metrics statements="91" coveredstatements="48" conditionals="242" coveredconditionals="89" methods="23" coveredmethods="12"/>
      <file name="404.js" path="/home/runner/work/Service-Canada-Labs/Service-Canada-Labs/pages/404.js">
        <metrics statements="17" coveredstatements="12" conditionals="26" coveredconditionals="13" methods="3" coveredmethods="2"/>
        <line num="12" count="2" type="stmt"/>
        <line num="13" count="2" type="stmt"/>
        <line num="14" count="2" type="stmt"/>
        <line num="15" count="2" type="stmt"/>
        <line num="17" count="2" type="stmt"/>
        <line num="18" count="1" type="cond" truecount="1" falsecount="1"/>
        <line num="19" count="0" type="cond" truecount="0" falsecount="2"/>
        <line num="20" count="0" type="stmt"/>
        <line num="24" count="1" type="cond" truecount="1" falsecount="1"/>
        <line num="25" count="0" type="stmt"/>
        <line num="27" count="1" type="stmt"/>
        <line num="32" count="2" type="cond" truecount="2" falsecount="0"/>
        <line num="33" count="1" type="stmt"/>
        <line num="36" count="1" type="stmt"/>
        <line num="249" count="1" type="stmt"/>
        <line num="250" count="0" type="stmt"/>
        <line num="252" count="0" type="stmt"/>
      </file>
      <file name="500.js" path="/home/runner/work/Service-Canada-Labs/Service-Canada-Labs/pages/500.js">
        <metrics statements="17" coveredstatements="12" conditionals="24" coveredconditionals="12" methods="3" coveredmethods="2"/>
        <line num="12" count="2" type="stmt"/>
        <line num="13" count="2" type="stmt"/>
        <line num="14" count="2" type="stmt"/>
        <line num="15" count="2" type="stmt"/>
        <line num="17" count="2" type="stmt"/>
        <line num="18" count="1" type="cond" truecount="1" falsecount="1"/>
        <line num="19" count="0" type="cond" truecount="0" falsecount="2"/>
        <line num="20" count="0" type="stmt"/>
        <line num="24" count="1" type="cond" truecount="1" falsecount="1"/>
        <line num="25" count="0" type="stmt"/>
        <line num="27" count="1" type="stmt"/>
        <line num="32" count="2" type="cond" truecount="2" falsecount="0"/>
        <line num="33" count="1" type="stmt"/>
        <line num="36" count="1" type="stmt"/>
        <line num="275" count="1" type="stmt"/>
        <line num="276" count="0" type="stmt"/>
        <line num="278" count="0" type="stmt"/>
      </file>
      <file name="_app.js" path="/home/runner/work/Service-Canada-Labs/Service-Canada-Labs/pages/_app.js">
        <metrics statements="2" coveredstatements="0" conditionals="0" coveredconditionals="0" methods="1" coveredmethods="0"/>
        <line num="9" count="0" type="stmt"/>
        <line num="12" count="0" type="stmt"/>
      </file>
      <file name="error.js" path="/home/runner/work/Service-Canada-Labs/Service-Canada-Labs/pages/error.js">
        <metrics statements="16" coveredstatements="0" conditionals="50" coveredconditionals="0" methods="3" coveredmethods="0"/>
        <line num="12" count="0" type="stmt"/>
        <line num="13" count="0" type="stmt"/>
        <line num="14" count="0" type="stmt"/>
        <line num="16" count="0" type="cond" truecount="0" falsecount="2"/>
        <line num="18" count="0" type="cond" truecount="0" falsecount="2"/>
        <line num="20" count="0" type="cond" truecount="0" falsecount="2"/>
        <line num="22" count="0" type="cond" truecount="0" falsecount="2"/>
        <line num="24" count="0" type="cond" truecount="0" falsecount="2"/>
        <line num="26" count="0" type="stmt"/>
        <line num="27" count="0" type="cond" truecount="0" falsecount="2"/>
        <line num="28" count="0" type="cond" truecount="0" falsecount="2"/>
        <line num="29" count="0" type="stmt"/>
        <line num="33" count="0" type="stmt"/>
        <line num="462" count="0" type="stmt"/>
        <line num="463" count="0" type="stmt"/>
        <line num="465" count="0" type="stmt"/>
      </file>
      <file name="home.js" path="/home/runner/work/Service-Canada-Labs/Service-Canada-Labs/pages/home.js">
        <metrics statements="15" coveredstatements="10" conditionals="82" coveredconditionals="38" methods="5" coveredmethods="4"/>
        <line num="11" count="1" type="stmt"/>
        <line num="12" count="1" type="stmt"/>
        <line num="14" count="1" type="stmt"/>
        <line num="15" count="4" type="stmt"/>
        <line num="21" count="1" type="stmt"/>
        <line num="22" count="1" type="stmt"/>
        <line num="59" count="1" type="stmt"/>
        <line num="60" count="1" type="cond" truecount="1" falsecount="1"/>
        <line num="61" count="0" type="cond" truecount="0" falsecount="2"/>
        <line num="62" count="0" type="stmt"/>
        <line num="66" count="1" type="stmt"/>
        <line num="390" count="1" type="stmt"/>
        <line num="391" count="0" type="stmt"/>
        <line num="394" count="0" type="stmt"/>
        <line num="398" count="0" type="stmt"/>
      </file>
      <file name="index.js" path="/home/runner/work/Service-Canada-Labs/Service-Canada-Labs/pages/index.js">
        <metrics statements="8" coveredstatements="6" conditionals="14" coveredconditionals="4" methods="3" coveredmethods="2"/>
        <line num="9" count="1" type="stmt"/>
        <line num="11" count="1" type="stmt"/>
        <line num="12" count="1" type="cond" truecount="1" falsecount="1"/>
        <line num="13" count="0" type="cond" truecount="0" falsecount="2"/>
        <line num="14" count="0" type="stmt"/>
        <line num="16" count="1" type="stmt"/>
        <line num="19" count="1" type="stmt"/>
        <line num="197" count="1" type="stmt"/>
      </file>
      <file name="notsupported.js" path="/home/runner/work/Service-Canada-Labs/Service-Canada-Labs/pages/notsupported.js">
        <metrics statements="16" coveredstatements="8" conditionals="46" coveredconditionals="22" methods="5" coveredmethods="2"/>
        <line num="11" count="1" type="stmt"/>
        <line num="12" count="1" type="stmt"/>
        <line num="13" count="1" type="stmt"/>
        <line num="14" count="1" type="stmt"/>
        <line num="16" count="1" type="stmt"/>
        <line num="17" count="1" type="cond" truecount="1" falsecount="1"/>
        <line num="18" count="0" type="cond" truecount="0" falsecount="2"/>
        <line num="19" count="0" type="stmt"/>
        <line num="24" count="0" type="stmt"/>
        <line num="25" count="0" type="stmt"/>
        <line num="29" count="0" type="stmt"/>
        <line num="30" count="0" type="stmt"/>
        <line num="32" count="1" type="stmt"/>
        <line num="484" count="1" type="stmt"/>
        <line num="485" count="0" type="stmt"/>
        <line num="487" count="0" type="stmt"/>
      </file>
    </package>
    <package name="pages.api">
      <metrics statements="22" coveredstatements="19" conditionals="12" coveredconditionals="10" methods="3" coveredmethods="2"/>
      <file name="healthcheck.js" path="/home/runner/work/Service-Canada-Labs/Service-Canada-Labs/pages/api/healthcheck.js">
        <metrics statements="1" coveredstatements="0" conditionals="0" coveredconditionals="0" methods="1" coveredmethods="0"/>
        <line num="3" count="0" type="stmt"/>
      </file>
      <file name="report-a-problem.js" path="/home/runner/work/Service-Canada-Labs/Service-Canada-Labs/pages/api/report-a-problem.js">
        <metrics statements="13" coveredstatements="11" conditionals="10" coveredconditionals="8" methods="1" coveredmethods="1"/>
        <line num="8" count="5" type="cond" truecount="1" falsecount="1"/>
        <line num="10" count="5" type="cond" truecount="2" falsecount="0"/>
        <line num="14" count="2" type="stmt"/>
        <line num="16" count="3" type="stmt"/>
        <line num="17" count="3" type="stmt"/>
        <line num="46" count="2" type="cond" truecount="2" falsecount="0"/>
        <line num="47" count="1" type="stmt"/>
        <line num="49" count="1" type="stmt"/>
        <line num="50" count="1" type="stmt"/>
        <line num="53" count="1" type="stmt"/>
        <line num="54" count="1" type="stmt"/>
        <line num="58" count="0" type="stmt"/>
        <line num="59" count="0" type="stmt"/>
      </file>
      <file name="robots.js" path="/home/runner/work/Service-Canada-Labs/Service-Canada-Labs/pages/api/robots.js">
        <metrics statements="8" coveredstatements="8" conditionals="2" coveredconditionals="2" methods="1" coveredmethods="1"/>
        <line num="8" count="2" type="cond" truecount="2" falsecount="0"/>
        <line num="9" count="1" type="stmt"/>
        <line num="10" count="1" type="stmt"/>
        <line num="11" count="1" type="stmt"/>
        <line num="12" count="1" type="stmt"/>
        <line num="14" count="1" type="stmt"/>
        <line num="15" count="1" type="stmt"/>
        <line num="17" count="2" type="stmt"/>
      </file>
    </package>
    <package name="pages.projects.benefits-navigator">
      <metrics statements="53" coveredstatements="0" conditionals="236" coveredconditionals="0" methods="14" coveredmethods="0"/>
      <file name="[id].js" path="/home/runner/work/Service-Canada-Labs/Service-Canada-Labs/pages/projects/benefits-navigator/[id].js">
        <metrics statements="20" coveredstatements="0" conditionals="60" coveredconditionals="0" methods="6" coveredmethods="0"/>
        <line num="12" count="0" type="stmt"/>
        <line num="13" count="0" type="stmt"/>
        <line num="15" count="0" type="stmt"/>
        <line num="16" count="0" type="cond" truecount="0" falsecount="2"/>
        <line num="17" count="0" type="cond" truecount="0" falsecount="2"/>
        <line num="18" count="0" type="stmt"/>
        <line num="22" count="0" type="stmt"/>
        <line num="259" count="0" type="stmt"/>
        <line num="263" count="0" type="stmt"/>
        <line num="264" count="0" type="stmt"/>
        <line num="265" count="0" type="stmt"/>
        <line num="271" count="0" type="stmt"/>
        <line num="273" count="0" type="stmt"/>
        <line num="277" count="0" type="stmt"/>
        <line num="280" count="0" type="stmt"/>
        <line num="282" count="0" type="stmt"/>
        <line num="283" count="0" type="stmt"/>
        <line num="290" count="0" type="cond" truecount="0" falsecount="2"/>
        <line num="291" count="0" type="stmt"/>
        <line num="296" count="0" type="stmt"/>
      </file>
      <file name="index.js" path="/home/runner/work/Service-Canada-Labs/Service-Canada-Labs/pages/projects/benefits-navigator/index.js">
        <metrics statements="33" coveredstatements="0" conditionals="176" coveredconditionals="0" methods="8" coveredmethods="0"/>
        <line num="13" count="0" type="stmt"/>
        <line num="14" count="0" type="stmt"/>
        <line num="15" count="0" type="stmt"/>
        <line num="18" count="0" type="cond" truecount="0" falsecount="4"/>
        <line num="24" count="0" type="stmt"/>
        <line num="36" count="0" type="stmt"/>
        <line num="38" count="0" type="stmt"/>
        <line num="39" count="0" type="cond" truecount="0" falsecount="2"/>
        <line num="40" count="0" type="stmt"/>
        <line num="43" count="0" type="cond" truecount="0" falsecount="2"/>
        <line num="44" count="0" type="stmt"/>
        <line num="45" count="0" type="stmt"/>
        <line num="49" count="0" type="stmt"/>
        <line num="54" count="0" type="cond" truecount="0" falsecount="2"/>
        <line num="55" count="0" type="stmt"/>
        <line num="56" count="0" type="stmt"/>
        <line num="60" count="0" type="stmt"/>
        <line num="65" count="0" type="cond" truecount="0" falsecount="2"/>
        <line num="66" count="0" type="stmt"/>
        <line num="71" count="0" type="cond" truecount="0" falsecount="2"/>
        <line num="72" count="0" type="stmt"/>
        <line num="76" count="0" type="stmt"/>
        <line num="79" count="0" type="stmt"/>
        <line num="80" count="0" type="stmt"/>
        <line num="104" count="0" type="stmt"/>
        <line num="105" count="0" type="cond" truecount="0" falsecount="2"/>
        <line num="106" count="0" type="cond" truecount="0" falsecount="2"/>
        <line num="107" count="0" type="stmt"/>
        <line num="111" count="0" type="stmt"/>
        <line num="785" count="0" type="stmt"/>
        <line num="787" count="0" type="stmt"/>
        <line num="791" count="0" type="stmt"/>
        <line num="795" count="0" type="stmt"/>
      </file>
    </package>
    <package name="pages.projects.dashboard">
      <metrics statements="30" coveredstatements="0" conditionals="188" coveredconditionals="0" methods="7" coveredmethods="0"/>
      <file name="index.js" path="/home/runner/work/Service-Canada-Labs/Service-Canada-Labs/pages/projects/dashboard/index.js">
        <metrics statements="30" coveredstatements="0" conditionals="188" coveredconditionals="0" methods="7" coveredmethods="0"/>
        <line num="12" count="0" type="stmt"/>
        <line num="14" count="0" type="stmt"/>
        <line num="16" count="0" type="cond" truecount="0" falsecount="4"/>
        <line num="22" count="0" type="stmt"/>
        <line num="34" count="0" type="stmt"/>
        <line num="36" count="0" type="stmt"/>
        <line num="37" count="0" type="cond" truecount="0" falsecount="2"/>
        <line num="38" count="0" type="stmt"/>
        <line num="41" count="0" type="cond" truecount="0" falsecount="2"/>
        <line num="42" count="0" type="stmt"/>
        <line num="43" count="0" type="stmt"/>
        <line num="47" count="0" type="stmt"/>
        <line num="52" count="0" type="cond" truecount="0" falsecount="2"/>
        <line num="53" count="0" type="stmt"/>
        <line num="54" count="0" type="stmt"/>
        <line num="58" count="0" type="stmt"/>
        <line num="63" count="0" type="cond" truecount="0" falsecount="2"/>
        <line num="64" count="0" type="stmt"/>
        <line num="69" count="0" type="cond" truecount="0" falsecount="2"/>
        <line num="70" count="0" type="stmt"/>
        <line num="74" count="0" type="stmt"/>
        <line num="77" count="0" type="stmt"/>
        <line num="78" count="0" type="cond" truecount="0" falsecount="2"/>
        <line num="79" count="0" type="cond" truecount="0" falsecount="2"/>
        <line num="80" count="0" type="stmt"/>
        <line num="84" count="0" type="stmt"/>
        <line num="815" count="0" type="stmt"/>
        <line num="817" count="0" type="stmt"/>
        <line num="821" count="0" type="stmt"/>
        <line num="825" count="0" type="stmt"/>
      </file>
    </package>
    <package name="pages.projects.oas-benefits-estimator">
      <metrics statements="37" coveredstatements="11" conditionals="188" coveredconditionals="60" methods="11" coveredmethods="4"/>
      <file name="[id].js" path="/home/runner/work/Service-Canada-Labs/Service-Canada-Labs/pages/projects/oas-benefits-estimator/[id].js">
        <metrics statements="21" coveredstatements="0" conditionals="72" coveredconditionals="0" methods="6" coveredmethods="0"/>
        <line num="15" count="0" type="stmt"/>
        <line num="16" count="0" type="stmt"/>
        <line num="17" count="0" type="stmt"/>
        <line num="19" count="0" type="stmt"/>
        <line num="20" count="0" type="cond" truecount="0" falsecount="2"/>
        <line num="21" count="0" type="cond" truecount="0" falsecount="2"/>
        <line num="22" count="0" type="stmt"/>
        <line num="26" count="0" type="stmt"/>
        <line num="312" count="0" type="stmt"/>
        <line num="316" count="0" type="stmt"/>
        <line num="318" count="0" type="stmt"/>
        <line num="319" count="0" type="stmt"/>
        <line num="325" count="0" type="stmt"/>
        <line num="327" count="0" type="stmt"/>
        <line num="331" count="0" type="stmt"/>
        <line num="334" count="0" type="stmt"/>
        <line num="336" count="0" type="stmt"/>
        <line num="337" count="0" type="stmt"/>
        <line num="344" count="0" type="cond" truecount="0" falsecount="2"/>
        <line num="345" count="0" type="stmt"/>
        <line num="350" count="0" type="stmt"/>
      </file>
      <file name="index.js" path="/home/runner/work/Service-Canada-Labs/Service-Canada-Labs/pages/projects/oas-benefits-estimator/index.js">
        <metrics statements="16" coveredstatements="11" conditionals="116" coveredconditionals="60" methods="5" coveredmethods="4"/>
        <line num="14" count="1" type="stmt"/>
        <line num="15" count="1" type="stmt"/>
        <line num="16" count="1" type="stmt"/>
        <line num="19" count="12" type="cond" truecount="4" falsecount="0"/>
        <line num="25" count="1" type="stmt"/>
        <line num="36" count="1" type="stmt"/>
        <line num="37" count="1" type="stmt"/>
        <line num="61" count="1" type="stmt"/>
        <line num="62" count="1" type="cond" truecount="1" falsecount="1"/>
        <line num="63" count="0" type="cond" truecount="0" falsecount="2"/>
        <line num="64" count="0" type="stmt"/>
        <line num="68" count="1" type="stmt"/>
        <line num="456" count="1" type="stmt"/>
        <line num="458" count="0" type="stmt"/>
        <line num="462" count="0" type="stmt"/>
        <line num="466" count="0" type="stmt"/>
      </file>
    </package>
  </project>
</coverage>
