<?xml version="1.0" encoding="UTF-8"?>
<coverage generated="1626294175688" clover="3.2.0">
  <project timestamp="1626294175688" name="All files">
    <metrics statements="522" coveredstatements="468" conditionals="391" coveredconditionals="291" methods="135" coveredmethods="110" elements="1048" coveredelements="869" complexity="0" loc="522" ncloc="522" packages="12" files="77" classes="77"/>
    <package name="components">
      <metrics statements="0" coveredstatements="0" conditionals="0" coveredconditionals="0" methods="0" coveredmethods="0"/>
      <file name="index.js" path="/home/runner/work/Alpha-Site/Alpha-Site/components/index.js">
        <metrics statements="0" coveredstatements="0" conditionals="0" coveredconditionals="0" methods="0" coveredmethods="0"/>
      </file>
    </package>
    <package name="components.atoms">
      <metrics statements="147" coveredstatements="139" conditionals="150" coveredconditionals="121" methods="42" coveredmethods="35"/>
      <file name="ActionButton.js" path="/home/runner/work/Alpha-Site/Alpha-Site/components/atoms/ActionButton.js">
        <metrics statements="14" coveredstatements="14" conditionals="68" coveredconditionals="58" methods="3" coveredmethods="3"/>
        <line num="11" count="108" type="stmt"/>
        <line num="13" count="108" type="stmt"/>
        <line num="15" count="108" type="stmt"/>
        <line num="17" count="108" type="stmt"/>
        <line num="19" count="108" type="stmt"/>
        <line num="22" count="108" type="stmt"/>
        <line num="23" count="92" type="stmt"/>
        <line num="24" count="92" type="cond" truecount="2" falsecount="0"/>
        <line num="25" count="74" type="stmt"/>
        <line num="26" count="1" type="cond" truecount="2" falsecount="2"/>
        <line num="27" count="1" type="stmt"/>
        <line num="28" count="1" type="stmt"/>
        <line num="34" count="107" type="cond" truecount="2" falsecount="0"/>
        <line num="101" count="19" type="stmt"/>
      </file>
      <file name="ActionButton.stories.js" path="/home/runner/work/Alpha-Site/Alpha-Site/components/atoms/ActionButton.stories.js">
        <metrics statements="11" coveredstatements="11" conditionals="0" coveredconditionals="0" methods="1" coveredmethods="1"/>
        <line num="8" count="7" type="stmt"/>
        <line num="10" count="1" type="stmt"/>
        <line num="11" count="1" type="stmt"/>
        <line num="12" count="1" type="stmt"/>
        <line num="13" count="1" type="stmt"/>
        <line num="14" count="1" type="stmt"/>
        <line num="16" count="1" type="stmt"/>
        <line num="23" count="1" type="stmt"/>
        <line num="31" count="1" type="stmt"/>
        <line num="39" count="1" type="stmt"/>
        <line num="46" count="1" type="stmt"/>
      </file>
      <file name="Banner.js" path="/home/runner/work/Alpha-Site/Alpha-Site/components/atoms/Banner.js">
        <metrics statements="3" coveredstatements="3" conditionals="0" coveredconditionals="0" methods="1" coveredmethods="1"/>
        <line num="8" count="10" type="stmt"/>
        <line num="9" count="5" type="stmt"/>
        <line num="24" count="10" type="stmt"/>
      </file>
      <file name="Banner.stories.js" path="/home/runner/work/Alpha-Site/Alpha-Site/components/atoms/Banner.stories.js">
        <metrics statements="3" coveredstatements="3" conditionals="0" coveredconditionals="0" methods="1" coveredmethods="1"/>
        <line num="9" count="2" type="stmt"/>
        <line num="11" count="1" type="stmt"/>
        <line num="13" count="1" type="stmt"/>
      </file>
      <file name="Breadcrumb.js" path="/home/runner/work/Alpha-Site/Alpha-Site/components/atoms/Breadcrumb.js">
        <metrics statements="3" coveredstatements="3" conditionals="2" coveredconditionals="2" methods="2" coveredmethods="2"/>
        <line num="8" count="17" type="stmt"/>
        <line num="21" count="11" type="stmt"/>
        <line num="41" count="10" type="stmt"/>
      </file>
      <file name="Breadcrumb.stories.js" path="/home/runner/work/Alpha-Site/Alpha-Site/components/atoms/Breadcrumb.stories.js">
        <metrics statements="4" coveredstatements="4" conditionals="0" coveredconditionals="0" methods="1" coveredmethods="1"/>
        <line num="8" count="3" type="stmt"/>
        <line num="10" count="1" type="stmt"/>
        <line num="11" count="1" type="stmt"/>
        <line num="13" count="1" type="stmt"/>
      </file>
      <file name="CheckBox.js" path="/home/runner/work/Alpha-Site/Alpha-Site/components/atoms/CheckBox.js">
        <metrics statements="6" coveredstatements="6" conditionals="12" coveredconditionals="11" methods="2" coveredmethods="2"/>
        <line num="8" count="293" type="stmt"/>
        <line num="10" count="292" type="cond" truecount="2" falsecount="0"/>
        <line num="15" count="292" type="stmt"/>
        <line num="28" count="5" type="stmt"/>
        <line num="57" count="16" type="stmt"/>
        <line num="63" count="16" type="stmt"/>
      </file>
      <file name="CheckBox.stories.js" path="/home/runner/work/Alpha-Site/Alpha-Site/components/atoms/CheckBox.stories.js">
        <metrics statements="10" coveredstatements="9" conditionals="0" coveredconditionals="0" methods="2" coveredmethods="1"/>
        <line num="9" count="0" type="stmt"/>
        <line num="18" count="4" type="stmt"/>
        <line num="20" count="1" type="stmt"/>
        <line num="21" count="1" type="stmt"/>
        <line num="29" count="1" type="stmt"/>
        <line num="30" count="1" type="stmt"/>
        <line num="39" count="1" type="stmt"/>
        <line num="40" count="1" type="stmt"/>
        <line num="49" count="1" type="stmt"/>
        <line num="50" count="1" type="stmt"/>
      </file>
      <file name="DateModified.js" path="/home/runner/work/Alpha-Site/Alpha-Site/components/atoms/DateModified.js">
        <metrics statements="4" coveredstatements="4" conditionals="4" coveredconditionals="4" methods="1" coveredmethods="1"/>
        <line num="5" count="17" type="stmt"/>
        <line num="7" count="17" type="cond" truecount="2" falsecount="0"/>
        <line num="10" count="17" type="stmt"/>
        <line num="24" count="10" type="stmt"/>
      </file>
      <file name="DateModified.stories.js" path="/home/runner/work/Alpha-Site/Alpha-Site/components/atoms/DateModified.stories.js">
        <metrics statements="3" coveredstatements="3" conditionals="0" coveredconditionals="0" methods="1" coveredmethods="1"/>
        <line num="8" count="3" type="stmt"/>
        <line num="10" count="1" type="stmt"/>
        <line num="12" count="1" type="stmt"/>
      </file>
      <file name="ErrorLabel.js" path="/home/runner/work/Alpha-Site/Alpha-Site/components/atoms/ErrorLabel.js">
        <metrics statements="2" coveredstatements="2" conditionals="0" coveredconditionals="0" methods="1" coveredmethods="1"/>
        <line num="7" count="2" type="stmt"/>
        <line num="14" count="18" type="stmt"/>
      </file>
      <file name="ErrorLabel.stories.js" path="/home/runner/work/Alpha-Site/Alpha-Site/components/atoms/ErrorLabel.stories.js">
        <metrics statements="3" coveredstatements="3" conditionals="0" coveredconditionals="0" methods="1" coveredmethods="1"/>
        <line num="9" count="2" type="stmt"/>
        <line num="11" count="1" type="stmt"/>
        <line num="12" count="1" type="stmt"/>
      </file>
      <file name="MultiTextField.js" path="/home/runner/work/Alpha-Site/Alpha-Site/components/atoms/MultiTextField.js">
        <metrics statements="5" coveredstatements="5" conditionals="12" coveredconditionals="6" methods="2" coveredmethods="2"/>
        <line num="9" count="3" type="stmt"/>
        <line num="11" count="3" type="stmt"/>
        <line num="47" count="1" type="stmt"/>
        <line num="63" count="15" type="stmt"/>
        <line num="68" count="15" type="stmt"/>
      </file>
      <file name="MultiTextField.stories.js" path="/home/runner/work/Alpha-Site/Alpha-Site/components/atoms/MultiTextField.stories.js">
        <metrics statements="8" coveredstatements="7" conditionals="0" coveredconditionals="0" methods="2" coveredmethods="1"/>
        <line num="9" count="0" type="stmt"/>
        <line num="18" count="2" type="stmt"/>
        <line num="20" count="1" type="stmt"/>
        <line num="21" count="1" type="stmt"/>
        <line num="29" count="1" type="stmt"/>
        <line num="30" count="1" type="stmt"/>
        <line num="39" count="1" type="stmt"/>
        <line num="40" count="1" type="stmt"/>
      </file>
      <file name="RadioButton.js" path="/home/runner/work/Alpha-Site/Alpha-Site/components/atoms/RadioButton.js">
        <metrics statements="10" coveredstatements="9" conditionals="12" coveredconditionals="10" methods="3" coveredmethods="3"/>
        <line num="7" count="22" type="cond" truecount="2" falsecount="0"/>
        <line num="14" count="22" type="stmt"/>
        <line num="23" count="3" type="stmt"/>
        <line num="26" count="1" type="cond" truecount="1" falsecount="1"/>
        <line num="27" count="1" type="stmt"/>
        <line num="28" count="1" type="cond" truecount="1" falsecount="1"/>
        <line num="29" count="0" type="stmt"/>
        <line num="31" count="1" type="stmt"/>
        <line num="51" count="3" type="stmt"/>
        <line num="55" count="3" type="stmt"/>
      </file>
      <file name="RadioButton.stories.js" path="/home/runner/work/Alpha-Site/Alpha-Site/components/atoms/RadioButton.stories.js">
        <metrics statements="11" coveredstatements="11" conditionals="0" coveredconditionals="0" methods="1" coveredmethods="1"/>
        <line num="9" count="7" type="stmt"/>
        <line num="11" count="1" type="stmt"/>
        <line num="12" count="1" type="stmt"/>
        <line num="20" count="1" type="stmt"/>
        <line num="21" count="1" type="stmt"/>
        <line num="30" count="1" type="stmt"/>
        <line num="31" count="1" type="stmt"/>
        <line num="40" count="1" type="stmt"/>
        <line num="41" count="1" type="stmt"/>
        <line num="50" count="1" type="stmt"/>
        <line num="51" count="1" type="stmt"/>
      </file>
      <file name="RadioField.js" path="/home/runner/work/Alpha-Site/Alpha-Site/components/atoms/RadioField.js">
        <metrics statements="6" coveredstatements="5" conditionals="8" coveredconditionals="4" methods="3" coveredmethods="2"/>
        <line num="7" count="32" type="cond" truecount="1" falsecount="1"/>
        <line num="12" count="32" type="stmt"/>
        <line num="25" count="1" type="stmt"/>
        <line num="41" count="0" type="stmt"/>
        <line num="49" count="16" type="stmt"/>
        <line num="54" count="16" type="stmt"/>
      </file>
      <file name="RadioField.stories.js" path="/home/runner/work/Alpha-Site/Alpha-Site/components/atoms/RadioField.stories.js">
        <metrics statements="8" coveredstatements="7" conditionals="0" coveredconditionals="0" methods="2" coveredmethods="1"/>
        <line num="9" count="0" type="stmt"/>
        <line num="18" count="4" type="stmt"/>
        <line num="20" count="1" type="stmt"/>
        <line num="21" count="1" type="stmt"/>
        <line num="29" count="1" type="stmt"/>
        <line num="30" count="1" type="stmt"/>
        <line num="39" count="1" type="stmt"/>
        <line num="40" count="1" type="stmt"/>
      </file>
      <file name="SearchBar.js" path="/home/runner/work/Alpha-Site/Alpha-Site/components/atoms/SearchBar.js">
        <metrics statements="2" coveredstatements="2" conditionals="0" coveredconditionals="0" methods="1" coveredmethods="1"/>
        <line num="7" count="2" type="stmt"/>
        <line num="33" count="1" type="stmt"/>
      </file>
      <file name="SearchBar.stories.js" path="/home/runner/work/Alpha-Site/Alpha-Site/components/atoms/SearchBar.stories.js">
        <metrics statements="3" coveredstatements="3" conditionals="0" coveredconditionals="0" methods="1" coveredmethods="1"/>
        <line num="8" count="2" type="stmt"/>
        <line num="10" count="1" type="stmt"/>
        <line num="12" count="1" type="stmt"/>
      </file>
      <file name="SelectField.js" path="/home/runner/work/Alpha-Site/Alpha-Site/components/atoms/SelectField.js">
        <metrics statements="10" coveredstatements="9" conditionals="16" coveredconditionals="12" methods="4" coveredmethods="3"/>
        <line num="6" count="3" type="stmt"/>
        <line num="8" count="3" type="cond" truecount="2" falsecount="0"/>
        <line num="14" count="3" type="stmt"/>
        <line num="15" count="43" type="stmt"/>
        <line num="16" count="43" type="stmt"/>
        <line num="19" count="3" type="stmt"/>
        <line num="51" count="0" type="stmt"/>
        <line num="63" count="21" type="stmt"/>
        <line num="86" count="2" type="stmt"/>
        <line num="90" count="2" type="stmt"/>
      </file>
      <file name="SelectField.stories.js" path="/home/runner/work/Alpha-Site/Alpha-Site/components/atoms/SelectField.stories.js">
        <metrics statements="4" coveredstatements="3" conditionals="0" coveredconditionals="0" methods="2" coveredmethods="1"/>
        <line num="9" count="0" type="stmt"/>
        <line num="18" count="2" type="stmt"/>
        <line num="20" count="1" type="stmt"/>
        <line num="21" count="1" type="stmt"/>
      </file>
      <file name="TextField.js" path="/home/runner/work/Alpha-Site/Alpha-Site/components/atoms/TextField.js">
        <metrics statements="6" coveredstatements="6" conditionals="16" coveredconditionals="14" methods="2" coveredmethods="2"/>
        <line num="9" count="9" type="stmt"/>
        <line num="11" count="9" type="cond" truecount="2" falsecount="0"/>
        <line num="16" count="9" type="stmt"/>
        <line num="58" count="2" type="stmt"/>
        <line num="67" count="15" type="stmt"/>
        <line num="72" count="15" type="stmt"/>
      </file>
      <file name="TextField.stories.js" path="/home/runner/work/Alpha-Site/Alpha-Site/components/atoms/TextField.stories.js">
        <metrics statements="8" coveredstatements="7" conditionals="0" coveredconditionals="0" methods="2" coveredmethods="1"/>
        <line num="9" count="0" type="stmt"/>
        <line num="18" count="4" type="stmt"/>
        <line num="20" count="1" type="stmt"/>
        <line num="21" count="1" type="stmt"/>
        <line num="29" count="1" type="stmt"/>
        <line num="30" count="1" type="stmt"/>
        <line num="39" count="1" type="stmt"/>
        <line num="40" count="1" type="stmt"/>
      </file>
    </package>
    <package name="components.molecules">
      <metrics statements="118" coveredstatements="111" conditionals="56" coveredconditionals="44" methods="35" coveredmethods="30"/>
      <file name="CallToAction.js" path="/home/runner/work/Alpha-Site/Alpha-Site/components/molecules/CallToAction.js">
        <metrics statements="3" coveredstatements="3" conditionals="0" coveredconditionals="0" methods="1" coveredmethods="1"/>
        <line num="10" count="9" type="stmt"/>
        <line num="11" count="7" type="stmt"/>
        <line num="42" count="5" type="stmt"/>
      </file>
      <file name="CallToAction.stories.js" path="/home/runner/work/Alpha-Site/Alpha-Site/components/molecules/CallToAction.stories.js">
        <metrics statements="3" coveredstatements="3" conditionals="0" coveredconditionals="0" methods="1" coveredmethods="1"/>
        <line num="9" count="3" type="stmt"/>
        <line num="11" count="1" type="stmt"/>
        <line num="12" count="1" type="stmt"/>
      </file>
      <file name="Details.js" path="/home/runner/work/Alpha-Site/Alpha-Site/components/molecules/Details.js">
        <metrics statements="2" coveredstatements="2" conditionals="0" coveredconditionals="0" methods="1" coveredmethods="1"/>
        <line num="7" count="43" type="stmt"/>
        <line num="19" count="14" type="stmt"/>
      </file>
      <file name="Details.stories.js" path="/home/runner/work/Alpha-Site/Alpha-Site/components/molecules/Details.stories.js">
        <metrics statements="3" coveredstatements="3" conditionals="0" coveredconditionals="0" methods="1" coveredmethods="1"/>
        <line num="9" count="2" type="stmt"/>
        <line num="11" count="1" type="stmt"/>
        <line num="12" count="1" type="stmt"/>
      </file>
      <file name="ErrorBox.js" path="/home/runner/work/Alpha-Site/Alpha-Site/components/molecules/ErrorBox.js">
        <metrics statements="5" coveredstatements="5" conditionals="0" coveredconditionals="0" methods="3" coveredmethods="3"/>
        <line num="8" count="3" type="stmt"/>
        <line num="24" count="9" type="stmt"/>
        <line num="29" count="1" type="stmt"/>
        <line num="43" count="3" type="stmt"/>
        <line num="47" count="3" type="stmt"/>
      </file>
      <file name="ErrorBox.stories.js" path="/home/runner/work/Alpha-Site/Alpha-Site/components/molecules/ErrorBox.stories.js">
        <metrics statements="4" coveredstatements="3" conditionals="0" coveredconditionals="0" methods="2" coveredmethods="1"/>
        <line num="9" count="0" type="stmt"/>
        <line num="21" count="3" type="stmt"/>
        <line num="23" count="1" type="stmt"/>
        <line num="25" count="1" type="stmt"/>
      </file>
      <file name="Experiment.js" path="/home/runner/work/Alpha-Site/Alpha-Site/components/molecules/Experiment.js">
        <metrics statements="4" coveredstatements="4" conditionals="4" coveredconditionals="4" methods="1" coveredmethods="1"/>
        <line num="8" count="2" type="stmt"/>
        <line num="9" count="12" type="stmt"/>
        <line num="14" count="12" type="stmt"/>
        <line num="37" count="2" type="stmt"/>
      </file>
      <file name="Experiment.stories.js" path="/home/runner/work/Alpha-Site/Alpha-Site/components/molecules/Experiment.stories.js">
        <metrics statements="3" coveredstatements="3" conditionals="0" coveredconditionals="0" methods="1" coveredmethods="1"/>
        <line num="9" count="2" type="stmt"/>
        <line num="11" count="1" type="stmt"/>
        <line num="13" count="1" type="stmt"/>
      </file>
      <file name="Filter.js" path="/home/runner/work/Alpha-Site/Alpha-Site/components/molecules/Filter.js">
        <metrics statements="3" coveredstatements="3" conditionals="0" coveredconditionals="0" methods="2" coveredmethods="2"/>
        <line num="8" count="5" type="stmt"/>
        <line num="19" count="15" type="stmt"/>
        <line num="38" count="2" type="stmt"/>
      </file>
      <file name="Filter.stories.js" path="/home/runner/work/Alpha-Site/Alpha-Site/components/molecules/Filter.stories.js">
        <metrics statements="3" coveredstatements="3" conditionals="0" coveredconditionals="0" methods="1" coveredmethods="1"/>
        <line num="9" count="3" type="stmt"/>
        <line num="11" count="1" type="stmt"/>
        <line num="13" count="1" type="stmt"/>
      </file>
      <file name="List.js" path="/home/runner/work/Alpha-Site/Alpha-Site/components/molecules/List.js">
        <metrics statements="6" coveredstatements="6" conditionals="2" coveredconditionals="1" methods="2" coveredmethods="2"/>
        <line num="7" count="3" type="stmt"/>
        <line num="8" count="3" type="stmt"/>
        <line num="11" count="12" type="cond" truecount="1" falsecount="1"/>
        <line num="13" count="12" type="stmt"/>
        <line num="17" count="12" type="stmt"/>
        <line num="30" count="2" type="stmt"/>
      </file>
      <file name="List.stories.js" path="/home/runner/work/Alpha-Site/Alpha-Site/components/molecules/List.stories.js">
        <metrics statements="3" coveredstatements="3" conditionals="0" coveredconditionals="0" methods="1" coveredmethods="1"/>
        <line num="9" count="2" type="stmt"/>
        <line num="11" count="1" type="stmt"/>
        <line num="13" count="1" type="stmt"/>
      </file>
      <file name="Menu.js" path="/home/runner/work/Alpha-Site/Alpha-Site/components/molecules/Menu.js">
        <metrics statements="10" coveredstatements="10" conditionals="4" coveredconditionals="2" methods="3" coveredmethods="3"/>
        <line num="11" count="17" type="stmt"/>
        <line num="15" count="1" type="stmt"/>
        <line num="16" count="1" type="stmt"/>
        <line num="18" count="1" type="stmt"/>
        <line num="19" count="1" type="cond" truecount="1" falsecount="1"/>
        <line num="24" count="17" type="stmt"/>
        <line num="47" count="51" type="stmt"/>
        <line num="50" count="51" type="cond" truecount="1" falsecount="1"/>
        <line num="55" count="51" type="stmt"/>
        <line num="73" count="10" type="stmt"/>
      </file>
      <file name="Menu.stories.js" path="/home/runner/work/Alpha-Site/Alpha-Site/components/molecules/Menu.stories.js">
        <metrics statements="3" coveredstatements="3" conditionals="0" coveredconditionals="0" methods="1" coveredmethods="1"/>
        <line num="9" count="3" type="stmt"/>
        <line num="11" count="1" type="stmt"/>
        <line num="13" count="1" type="stmt"/>
      </file>
      <file name="OptionalListField.js" path="/home/runner/work/Alpha-Site/Alpha-Site/components/molecules/OptionalListField.js">
        <metrics statements="11" coveredstatements="9" conditionals="17" coveredconditionals="13" methods="2" coveredmethods="2"/>
        <line num="11" count="8" type="stmt"/>
        <line num="12" count="6" type="cond" truecount="2" falsecount="0"/>
        <line num="13" count="6" type="stmt"/>
        <line num="14" count="1" type="cond" truecount="1" falsecount="1"/>
        <line num="15" count="0" type="stmt"/>
        <line num="17" count="1" type="stmt"/>
        <line num="20" count="1" type="cond" truecount="1" falsecount="1"/>
        <line num="21" count="0" type="stmt"/>
        <line num="24" count="6" type="stmt"/>
        <line num="77" count="2" type="stmt"/>
        <line num="81" count="2" type="stmt"/>
      </file>
      <file name="OptionalListField.stories.js" path="/home/runner/work/Alpha-Site/Alpha-Site/components/molecules/OptionalListField.stories.js">
        <metrics statements="12" coveredstatements="11" conditionals="0" coveredconditionals="0" methods="2" coveredmethods="1"/>
        <line num="11" count="0" type="stmt"/>
        <line num="20" count="5" type="stmt"/>
        <line num="22" count="1" type="stmt"/>
        <line num="23" count="1" type="stmt"/>
        <line num="46" count="1" type="stmt"/>
        <line num="47" count="1" type="stmt"/>
        <line num="72" count="1" type="stmt"/>
        <line num="73" count="1" type="stmt"/>
        <line num="98" count="1" type="stmt"/>
        <line num="99" count="1" type="stmt"/>
        <line num="125" count="1" type="stmt"/>
        <line num="126" count="1" type="stmt"/>
      </file>
      <file name="OptionalTextField.js" path="/home/runner/work/Alpha-Site/Alpha-Site/components/molecules/OptionalTextField.js">
        <metrics statements="10" coveredstatements="8" conditionals="21" coveredconditionals="17" methods="4" coveredmethods="2"/>
        <line num="12" count="280" type="cond" truecount="2" falsecount="0"/>
        <line num="13" count="280" type="stmt"/>
        <line num="14" count="2" type="cond" truecount="1" falsecount="1"/>
        <line num="15" count="0" type="stmt"/>
        <line num="17" count="2" type="stmt"/>
        <line num="20" count="2" type="cond" truecount="1" falsecount="1"/>
        <line num="21" count="0" type="stmt"/>
        <line num="24" count="280" type="stmt"/>
        <line num="99" count="14" type="stmt"/>
        <line num="103" count="14" type="stmt"/>
      </file>
      <file name="OptionalTextField.stories.js" path="/home/runner/work/Alpha-Site/Alpha-Site/components/molecules/OptionalTextField.stories.js">
        <metrics statements="12" coveredstatements="11" conditionals="0" coveredconditionals="0" methods="2" coveredmethods="1"/>
        <line num="9" count="0" type="stmt"/>
        <line num="18" count="3" type="stmt"/>
        <line num="20" count="1" type="stmt"/>
        <line num="21" count="1" type="stmt"/>
        <line num="32" count="1" type="stmt"/>
        <line num="33" count="1" type="stmt"/>
        <line num="45" count="1" type="stmt"/>
        <line num="46" count="1" type="stmt"/>
        <line num="59" count="1" type="stmt"/>
        <line num="60" count="1" type="stmt"/>
        <line num="72" count="1" type="stmt"/>
        <line num="73" count="1" type="stmt"/>
      </file>
      <file name="Quote.js" path="/home/runner/work/Alpha-Site/Alpha-Site/components/molecules/Quote.js">
        <metrics statements="2" coveredstatements="2" conditionals="0" coveredconditionals="0" methods="1" coveredmethods="1"/>
        <line num="7" count="2" type="stmt"/>
        <line num="21" count="1" type="stmt"/>
      </file>
      <file name="Quote.stories.js" path="/home/runner/work/Alpha-Site/Alpha-Site/components/molecules/Quote.stories.js">
        <metrics statements="3" coveredstatements="3" conditionals="0" coveredconditionals="0" methods="1" coveredmethods="1"/>
        <line num="9" count="2" type="stmt"/>
        <line num="11" count="1" type="stmt"/>
        <line num="13" count="1" type="stmt"/>
      </file>
      <file name="TextButtonField.js" path="/home/runner/work/Alpha-Site/Alpha-Site/components/molecules/TextButtonField.js">
        <metrics statements="4" coveredstatements="4" conditionals="8" coveredconditionals="7" methods="1" coveredmethods="1"/>
        <line num="10" count="10" type="cond" truecount="2" falsecount="0"/>
        <line num="11" count="8" type="cond" truecount="2" falsecount="0"/>
        <line num="15" count="9" type="stmt"/>
        <line num="44" count="3" type="stmt"/>
      </file>
      <file name="TextButtonField.stories.js" path="/home/runner/work/Alpha-Site/Alpha-Site/components/molecules/TextButtonField.stories.js">
        <metrics statements="9" coveredstatements="9" conditionals="0" coveredconditionals="0" methods="1" coveredmethods="1"/>
        <line num="9" count="6" type="stmt"/>
        <line num="11" count="1" type="stmt"/>
        <line num="12" count="1" type="stmt"/>
        <line num="13" count="1" type="stmt"/>
        <line num="14" count="1" type="stmt"/>
        <line num="16" count="1" type="stmt"/>
        <line num="24" count="1" type="stmt"/>
        <line num="31" count="1" type="stmt"/>
        <line num="39" count="1" type="stmt"/>
      </file>
    </package>
    <package name="components.organisms">
      <metrics statements="37" coveredstatements="34" conditionals="18" coveredconditionals="17" methods="15" coveredmethods="12"/>
      <file name="Footer.js" path="/home/runner/work/Alpha-Site/Alpha-Site/components/organisms/Footer.js">
        <metrics statements="4" coveredstatements="4" conditionals="2" coveredconditionals="2" methods="3" coveredmethods="3"/>
        <line num="8" count="15" type="stmt"/>
        <line num="15" count="134" type="stmt"/>
        <line num="34" count="64" type="stmt"/>
        <line num="68" count="10" type="stmt"/>
      </file>
      <file name="Footer.stories.js" path="/home/runner/work/Alpha-Site/Alpha-Site/components/organisms/Footer.stories.js">
        <metrics statements="3" coveredstatements="3" conditionals="0" coveredconditionals="0" methods="1" coveredmethods="1"/>
        <line num="9" count="1" type="stmt"/>
        <line num="11" count="1" type="stmt"/>
        <line num="12" count="1" type="stmt"/>
      </file>
      <file name="Layout.js" path="/home/runner/work/Alpha-Site/Alpha-Site/components/organisms/Layout.js">
        <metrics statements="10" coveredstatements="8" conditionals="14" coveredconditionals="13" methods="5" coveredmethods="3"/>
        <line num="12" count="9" type="stmt"/>
        <line num="13" count="1" type="cond" truecount="1" falsecount="1"/>
        <line num="21" count="9" type="stmt"/>
        <line num="29" count="14" type="stmt"/>
        <line num="30" count="14" type="cond" truecount="2" falsecount="0"/>
        <line num="32" count="14" type="stmt"/>
        <line num="61" count="0" type="stmt"/>
        <line num="72" count="0" type="stmt"/>
        <line num="79" count="1" type="stmt"/>
        <line num="195" count="9" type="stmt"/>
      </file>
      <file name="Layout.stories.js" path="/home/runner/work/Alpha-Site/Alpha-Site/components/organisms/Layout.stories.js">
        <metrics statements="7" coveredstatements="7" conditionals="0" coveredconditionals="0" methods="2" coveredmethods="2"/>
        <line num="9" count="1" type="stmt"/>
        <line num="10" count="5" type="stmt"/>
        <line num="23" count="5" type="stmt"/>
        <line num="25" count="1" type="stmt"/>
        <line num="26" count="1" type="stmt"/>
        <line num="28" count="1" type="stmt"/>
        <line num="33" count="1" type="stmt"/>
      </file>
      <file name="ReportAProblem.js" path="/home/runner/work/Alpha-Site/Alpha-Site/components/organisms/ReportAProblem.js">
        <metrics statements="11" coveredstatements="10" conditionals="2" coveredconditionals="2" methods="3" coveredmethods="2"/>
        <line num="12" count="41" type="stmt"/>
        <line num="13" count="41" type="stmt"/>
        <line num="15" count="41" type="stmt"/>
        <line num="17" count="2" type="stmt"/>
        <line num="19" count="2" type="stmt"/>
        <line num="22" count="2" type="stmt"/>
        <line num="24" count="2" type="stmt"/>
        <line num="34" count="0" type="stmt"/>
        <line num="37" count="2" type="stmt"/>
        <line num="40" count="41" type="stmt"/>
        <line num="291" count="13" type="stmt"/>
      </file>
      <file name="ReportAProblem.stories.js" path="/home/runner/work/Alpha-Site/Alpha-Site/components/organisms/ReportAProblem.stories.js">
        <metrics statements="2" coveredstatements="2" conditionals="0" coveredconditionals="0" methods="1" coveredmethods="1"/>
        <line num="9" count="3" type="stmt"/>
        <line num="11" count="1" type="stmt"/>
      </file>
    </package>
    <package name="lib">
      <metrics statements="0" coveredstatements="0" conditionals="0" coveredconditionals="0" methods="0" coveredmethods="0"/>
      <file name="index.js" path="/home/runner/work/Alpha-Site/Alpha-Site/lib/index.js">
        <metrics statements="0" coveredstatements="0" conditionals="0" coveredconditionals="0" methods="0" coveredmethods="0"/>
      </file>
    </package>
    <package name="lib.mongodb">
      <metrics statements="18" coveredstatements="15" conditionals="8" coveredconditionals="5" methods="3" coveredmethods="3"/>
      <file name="connect.js" path="/home/runner/work/Alpha-Site/Alpha-Site/lib/mongodb/connect.js">
        <metrics statements="18" coveredstatements="15" conditionals="8" coveredconditionals="5" methods="3" coveredmethods="3"/>
        <line num="8" count="8" type="stmt"/>
        <line num="10" count="8" type="cond" truecount="1" falsecount="1"/>
        <line num="11" count="8" type="stmt"/>
        <line num="22" count="17" type="cond" truecount="2" falsecount="0"/>
        <line num="23" count="9" type="stmt"/>
        <line num="27" count="8" type="cond" truecount="1" falsecount="1"/>
        <line num="28" count="8" type="stmt"/>
        <line num="33" count="8" type="stmt"/>
        <line num="35" count="8" type="stmt"/>
        <line num="37" count="8" type="stmt"/>
        <line num="44" count="8" type="stmt"/>
        <line num="45" count="8" type="stmt"/>
        <line num="57" count="8" type="stmt"/>
        <line num="61" count="7" type="cond" truecount="1" falsecount="1"/>
        <line num="62" count="7" type="stmt"/>
        <line num="63" count="0" type="stmt"/>
        <line num="64" count="0" type="stmt"/>
        <line num="65" count="0" type="stmt"/>
      </file>
    </package>
    <package name="lib.notify">
      <metrics statements="3" coveredstatements="3" conditionals="0" coveredconditionals="0" methods="1" coveredmethods="1"/>
      <file name="submitEmail.js" path="/home/runner/work/Alpha-Site/Alpha-Site/lib/notify/submitEmail.js">
        <metrics statements="3" coveredstatements="3" conditionals="0" coveredconditionals="0" methods="1" coveredmethods="1"/>
        <line num="3" count="4" type="stmt"/>
        <line num="11" count="1" type="stmt"/>
        <line num="29" count="1" type="stmt"/>
      </file>
    </package>
    <package name="lib.users">
      <metrics statements="7" coveredstatements="7" conditionals="1" coveredconditionals="0" methods="5" coveredmethods="5"/>
      <file name="createUser.js" path="/home/runner/work/Alpha-Site/Alpha-Site/lib/users/createUser.js">
        <metrics statements="1" coveredstatements="1" conditionals="1" coveredconditionals="0" methods="1" coveredmethods="1"/>
        <line num="12" count="9" type="stmt"/>
      </file>
      <file name="getUser.js" path="/home/runner/work/Alpha-Site/Alpha-Site/lib/users/getUser.js">
        <metrics statements="4" coveredstatements="4" conditionals="0" coveredconditionals="0" methods="2" coveredmethods="2"/>
        <line num="11" count="2" type="stmt"/>
        <line num="12" count="2" type="stmt"/>
        <line num="22" count="2" type="stmt"/>
        <line num="23" count="2" type="stmt"/>
      </file>
      <file name="unsubscribeUser.js" path="/home/runner/work/Alpha-Site/Alpha-Site/lib/users/unsubscribeUser.js">
        <metrics statements="1" coveredstatements="1" conditionals="0" coveredconditionals="0" methods="1" coveredmethods="1"/>
        <line num="10" count="2" type="stmt"/>
      </file>
      <file name="verifyUser.js" path="/home/runner/work/Alpha-Site/Alpha-Site/lib/users/verifyUser.js">
        <metrics statements="1" coveredstatements="1" conditionals="0" coveredconditionals="0" methods="1" coveredmethods="1"/>
        <line num="10" count="5" type="stmt"/>
      </file>
    </package>
    <package name="lib.utils">
      <metrics statements="11" coveredstatements="11" conditionals="7" coveredconditionals="7" methods="1" coveredmethods="1"/>
      <file name="maskEmail.js" path="/home/runner/work/Alpha-Site/Alpha-Site/lib/utils/maskEmail.js">
        <metrics statements="11" coveredstatements="11" conditionals="7" coveredconditionals="7" methods="1" coveredmethods="1"/>
        <line num="3" count="1" type="stmt"/>
        <line num="4" count="1" type="stmt"/>
        <line num="6" count="1" type="stmt"/>
        <line num="7" count="14" type="cond" truecount="2" falsecount="0"/>
        <line num="8" count="1" type="stmt"/>
        <line num="9" count="13" type="cond" truecount="5" falsecount="0"/>
        <line num="10" count="10" type="stmt"/>
        <line num="11" count="10" type="stmt"/>
        <line num="13" count="3" type="stmt"/>
        <line num="14" count="3" type="stmt"/>
        <line num="18" count="1" type="stmt"/>
      </file>
    </package>
    <package name="middlewares">
      <metrics statements="9" coveredstatements="9" conditionals="3" coveredconditionals="2" methods="3" coveredmethods="3"/>
      <file name="joi.js" path="/home/runner/work/Alpha-Site/Alpha-Site/middlewares/joi.js">
        <metrics statements="9" coveredstatements="9" conditionals="3" coveredconditionals="2" methods="3" coveredmethods="3"/>
        <line num="12" count="2" type="stmt"/>
        <line num="13" count="8" type="stmt"/>
        <line num="14" count="8" type="stmt"/>
        <line num="15" count="8" type="cond" truecount="2" falsecount="0"/>
        <line num="16" count="6" type="stmt"/>
        <line num="18" count="2" type="stmt"/>
        <line num="19" count="2" type="stmt"/>
        <line num="20" count="4" type="stmt"/>
        <line num="22" count="2" type="stmt"/>
      </file>
    </package>
    <package name="pages">
      <metrics statements="74" coveredstatements="63" conditionals="92" coveredconditionals="55" methods="26" coveredmethods="16"/>
      <file name="404.js" path="/home/runner/work/Alpha-Site/Alpha-Site/pages/404.js">
        <metrics statements="3" coveredstatements="3" conditionals="4" coveredconditionals="2" methods="2" coveredmethods="1"/>
        <line num="9" count="1" type="stmt"/>
        <line num="11" count="1" type="stmt"/>
        <line num="123" count="1" type="stmt"/>
      </file>
      <file name="500.js" path="/home/runner/work/Alpha-Site/Alpha-Site/pages/500.js">
        <metrics statements="3" coveredstatements="3" conditionals="4" coveredconditionals="2" methods="2" coveredmethods="1"/>
        <line num="9" count="1" type="stmt"/>
        <line num="10" count="1" type="stmt"/>
        <line num="121" count="1" type="stmt"/>
      </file>
      <file name="_app.js" path="/home/runner/work/Alpha-Site/Alpha-Site/pages/_app.js">
        <metrics statements="3" coveredstatements="2" conditionals="2" coveredconditionals="1" methods="1" coveredmethods="1"/>
        <line num="9" count="2" type="cond" truecount="1" falsecount="1"/>
        <line num="10" count="0" type="stmt"/>
        <line num="14" count="6" type="stmt"/>
      </file>
      <file name="about.js" path="/home/runner/work/Alpha-Site/Alpha-Site/pages/about.js">
        <metrics statements="5" coveredstatements="4" conditionals="4" coveredconditionals="2" methods="2" coveredmethods="1"/>
        <line num="10" count="1" type="stmt"/>
        <line num="11" count="1" type="stmt"/>
        <line num="13" count="1" type="stmt"/>
        <line num="88" count="1" type="stmt"/>
        <line num="89" count="0" type="stmt"/>
      </file>
      <file name="confirmation.js" path="/home/runner/work/Alpha-Site/Alpha-Site/pages/confirmation.js">
        <metrics statements="6" coveredstatements="5" conditionals="14" coveredconditionals="8" methods="2" coveredmethods="1"/>
        <line num="9" count="2" type="stmt"/>
        <line num="10" count="1" type="stmt"/>
        <line num="11" count="1" type="cond" truecount="2" falsecount="0"/>
        <line num="13" count="1" type="stmt"/>
        <line num="99" count="1" type="stmt"/>
        <line num="100" count="0" type="stmt"/>
      </file>
      <file name="error.js" path="/home/runner/work/Alpha-Site/Alpha-Site/pages/error.js">
        <metrics statements="10" coveredstatements="10" conditionals="26" coveredconditionals="20" methods="2" coveredmethods="2"/>
        <line num="10" count="10" type="stmt"/>
        <line num="11" count="9" type="stmt"/>
        <line num="13" count="9" type="cond" truecount="2" falsecount="0"/>
        <line num="14" count="9" type="cond" truecount="2" falsecount="0"/>
        <line num="16" count="9" type="cond" truecount="2" falsecount="0"/>
        <line num="18" count="9" type="cond" truecount="2" falsecount="0"/>
        <line num="20" count="9" type="cond" truecount="2" falsecount="0"/>
        <line num="23" count="9" type="stmt"/>
        <line num="283" count="1" type="stmt"/>
        <line num="284" count="2" type="stmt"/>
      </file>
      <file name="experiments.js" path="/home/runner/work/Alpha-Site/Alpha-Site/pages/experiments.js">
        <metrics statements="24" coveredstatements="18" conditionals="14" coveredconditionals="7" methods="7" coveredmethods="5"/>
        <line num="12" count="3" type="stmt"/>
        <line num="13" count="2" type="stmt"/>
        <line num="14" count="2" type="stmt"/>
        <line num="15" count="2" type="stmt"/>
        <line num="20" count="2" type="stmt"/>
        <line num="21" count="6" type="stmt"/>
        <line num="28" count="2" type="stmt"/>
        <line num="29" count="10" type="stmt"/>
        <line num="54" count="2" type="stmt"/>
        <line num="55" count="0" type="cond" truecount="0" falsecount="2"/>
        <line num="56" count="0" type="stmt"/>
        <line num="57" count="0" type="stmt"/>
        <line num="59" count="0" type="stmt"/>
        <line num="60" count="0" type="stmt"/>
        <line num="62" count="0" type="stmt"/>
        <line num="68" count="2" type="stmt"/>
        <line num="119" count="1" type="stmt"/>
        <line num="120" count="1" type="stmt"/>
        <line num="121" count="1" type="stmt"/>
        <line num="123" count="1" type="stmt"/>
        <line num="126" count="5" type="cond" truecount="2" falsecount="0"/>
        <line num="127" count="2" type="stmt"/>
        <line num="133" count="5" type="stmt"/>
        <line num="145" count="1" type="stmt"/>
      </file>
      <file name="home.js" path="/home/runner/work/Alpha-Site/Alpha-Site/pages/home.js">
        <metrics statements="4" coveredstatements="4" conditionals="4" coveredconditionals="2" methods="2" coveredmethods="1"/>
        <line num="10" count="1" type="stmt"/>
        <line num="11" count="1" type="stmt"/>
        <line num="13" count="1" type="stmt"/>
        <line num="74" count="1" type="stmt"/>
      </file>
      <file name="index.js" path="/home/runner/work/Alpha-Site/Alpha-Site/pages/index.js">
        <metrics statements="4" coveredstatements="4" conditionals="4" coveredconditionals="2" methods="2" coveredmethods="1"/>
        <line num="9" count="1" type="stmt"/>
        <line num="10" count="1" type="stmt"/>
        <line num="12" count="1" type="stmt"/>
        <line num="88" count="1" type="stmt"/>
      </file>
      <file name="privacy.js" path="/home/runner/work/Alpha-Site/Alpha-Site/pages/privacy.js">
        <metrics statements="5" coveredstatements="4" conditionals="4" coveredconditionals="2" methods="2" coveredmethods="1"/>
        <line num="9" count="1" type="stmt"/>
        <line num="10" count="1" type="stmt"/>
        <line num="12" count="1" type="stmt"/>
        <line num="147" count="1" type="stmt"/>
        <line num="148" count="0" type="stmt"/>
      </file>
      <file name="thankyou.js" path="/home/runner/work/Alpha-Site/Alpha-Site/pages/thankyou.js">
        <metrics statements="7" coveredstatements="6" conditionals="12" coveredconditionals="7" methods="2" coveredmethods="1"/>
        <line num="9" count="1" type="stmt"/>
        <line num="10" count="1" type="stmt"/>
        <line num="11" count="1" type="stmt"/>
        <line num="12" count="1" type="cond" truecount="2" falsecount="0"/>
        <line num="14" count="1" type="stmt"/>
        <line num="90" count="1" type="stmt"/>
        <line num="91" count="0" type="stmt"/>
      </file>
    </package>
    <package name="pages.api">
      <metrics statements="98" coveredstatements="76" conditionals="56" coveredconditionals="40" methods="4" coveredmethods="4"/>
      <file name="report-a-problem.js" path="/home/runner/work/Alpha-Site/Alpha-Site/pages/api/report-a-problem.js">
        <metrics statements="13" coveredstatements="11" conditionals="10" coveredconditionals="8" methods="1" coveredmethods="1"/>
        <line num="8" count="5" type="cond" truecount="1" falsecount="1"/>
        <line num="10" count="5" type="cond" truecount="2" falsecount="0"/>
        <line num="14" count="2" type="stmt"/>
        <line num="16" count="3" type="stmt"/>
        <line num="17" count="3" type="stmt"/>
        <line num="46" count="2" type="cond" truecount="2" falsecount="0"/>
        <line num="47" count="1" type="stmt"/>
        <line num="49" count="1" type="stmt"/>
        <line num="50" count="1" type="stmt"/>
        <line num="53" count="1" type="stmt"/>
        <line num="54" count="1" type="stmt"/>
        <line num="58" count="0" type="stmt"/>
        <line num="59" count="0" type="stmt"/>
      </file>
      <file name="sign-up.js" path="/home/runner/work/Alpha-Site/Alpha-Site/pages/api/sign-up.js">
        <metrics statements="27" coveredstatements="22" conditionals="10" coveredconditionals="7" methods="1" coveredmethods="1"/>
        <line num="9" count="6" type="cond" truecount="2" falsecount="0"/>
        <line num="10" count="1" type="stmt"/>
        <line num="14" count="5" type="cond" truecount="1" falsecount="1"/>
        <line num="15" count="5" type="stmt"/>
        <line num="16" count="5" type="stmt"/>
        <line num="28" count="5" type="stmt"/>
        <line num="29" count="5" type="stmt"/>
        <line num="30" count="5" type="stmt"/>
        <line num="31" count="5" type="stmt"/>
        <line num="32" count="5" type="stmt"/>
        <line num="33" count="4" type="stmt"/>
        <line num="35" count="1" type="cond" truecount="1" falsecount="1"/>
        <line num="36" count="1" type="stmt"/>
        <line num="41" count="0" type="stmt"/>
        <line num="48" count="4" type="stmt"/>
        <line num="50" count="4" type="stmt"/>
        <line num="51" count="4" type="stmt"/>
        <line num="52" count="4" type="stmt"/>
        <line num="67" count="2" type="cond" truecount="1" falsecount="1"/>
        <line num="68" count="0" type="stmt"/>
        <line num="71" count="0" type="stmt"/>
        <line num="79" count="2" type="stmt"/>
        <line num="82" count="2" type="stmt"/>
        <line num="88" count="2" type="stmt"/>
        <line num="90" count="0" type="stmt"/>
        <line num="91" count="0" type="stmt"/>
        <line num="95" count="1" type="stmt"/>
      </file>
      <file name="unsubscribe.js" path="/home/runner/work/Alpha-Site/Alpha-Site/pages/api/unsubscribe.js">
        <metrics statements="34" coveredstatements="22" conditionals="22" coveredconditionals="13" methods="1" coveredmethods="1"/>
        <line num="7" count="2" type="cond" truecount="2" falsecount="0"/>
        <line num="8" count="1" type="stmt"/>
        <line num="10" count="1" type="stmt"/>
        <line num="11" count="1" type="cond" truecount="1" falsecount="1"/>
        <line num="12" count="1" type="stmt"/>
        <line num="13" count="1" type="stmt"/>
        <line num="17" count="1" type="stmt"/>
        <line num="19" count="0" type="stmt"/>
        <line num="20" count="0" type="stmt"/>
        <line num="23" count="1" type="cond" truecount="1" falsecount="1"/>
        <line num="25" count="1" type="stmt"/>
        <line num="27" count="1" type="stmt"/>
        <line num="29" count="1" type="stmt"/>
        <line num="43" count="1" type="cond" truecount="1" falsecount="1"/>
        <line num="44" count="0" type="stmt"/>
        <line num="45" count="0" type="stmt"/>
        <line num="53" count="0" type="stmt"/>
        <line num="54" count="0" type="stmt"/>
        <line num="59" count="1" type="stmt"/>
        <line num="62" count="0" type="stmt"/>
        <line num="63" count="1" type="cond" truecount="1" falsecount="1"/>
        <line num="64" count="1" type="cond" truecount="1" falsecount="1"/>
        <line num="65" count="1" type="cond" truecount="2" falsecount="0"/>
        <line num="68" count="1" type="cond" truecount="1" falsecount="1"/>
        <line num="69" count="1" type="stmt"/>
        <line num="70" count="1" type="stmt"/>
        <line num="74" count="1" type="stmt"/>
        <line num="75" count="1" type="cond" truecount="1" falsecount="1"/>
        <line num="76" count="1" type="stmt"/>
        <line num="81" count="0" type="stmt"/>
        <line num="84" count="0" type="stmt"/>
        <line num="85" count="0" type="stmt"/>
        <line num="90" count="0" type="stmt"/>
        <line num="91" count="0" type="stmt"/>
      </file>
      <file name="validate.js" path="/home/runner/work/Alpha-Site/Alpha-Site/pages/api/validate.js">
        <metrics statements="24" coveredstatements="21" conditionals="14" coveredconditionals="12" methods="1" coveredmethods="1"/>
        <line num="11" count="5" type="cond" truecount="2" falsecount="0"/>
        <line num="12" count="5" type="cond" truecount="2" falsecount="0"/>
        <line num="15" count="5" type="stmt"/>
        <line num="16" count="5" type="stmt"/>
        <line num="20" count="5" type="cond" truecount="2" falsecount="0"/>
        <line num="22" count="4" type="cond" truecount="2" falsecount="0"/>
        <line num="23" count="2" type="stmt"/>
        <line num="24" count="2" type="stmt"/>
        <line num="25" count="2" type="stmt"/>
        <line num="29" count="2" type="stmt"/>
        <line num="33" count="2" type="stmt"/>
        <line num="34" count="2" type="stmt"/>
        <line num="37" count="2" type="cond" truecount="2" falsecount="0"/>
        <line num="38" count="1" type="stmt"/>
        <line num="39" count="1" type="stmt"/>
        <line num="40" count="1" type="stmt"/>
        <line num="46" count="1" type="stmt"/>
        <line num="47" count="1" type="cond" truecount="1" falsecount="1"/>
        <line num="48" count="1" type="cond" truecount="1" falsecount="1"/>
        <line num="49" count="0" type="stmt"/>
        <line num="51" count="1" type="stmt"/>
        <line num="54" count="0" type="stmt"/>
        <line num="55" count="0" type="stmt"/>
        <line num="59" count="1" type="stmt"/>
      </file>
    </package>
  </project>
</coverage>
