<?xml version="1.0" encoding="UTF-8"?>
<coverage generated="1617901276750" clover="3.2.0">
  <project timestamp="1617901276750" name="All files">
    <metrics statements="42" coveredstatements="37" conditionals="25" coveredconditionals="22" methods="17" coveredmethods="13" elements="84" coveredelements="72" complexity="0" loc="42" ncloc="42" packages="6" files="16" classes="16"/>
    <package name="components">
      <metrics statements="0" coveredstatements="0" conditionals="0" coveredconditionals="0" methods="0" coveredmethods="0"/>
      <file name="index.js" path="/home/runner/work/Alpha-Site/Alpha-Site/components/index.js">
        <metrics statements="0" coveredstatements="0" conditionals="0" coveredconditionals="0" methods="0" coveredmethods="0"/>
      </file>
    </package>
    <package name="components.atoms">
      <metrics statements="27" coveredstatements="27" conditionals="21" coveredconditionals="18" methods="9" coveredmethods="9"/>
      <file name="ActionButton.js" path="/home/runner/work/Alpha-Site/Alpha-Site/components/atoms/ActionButton.js">
        <metrics statements="2" coveredstatements="2" conditionals="19" coveredconditionals="16" methods="1" coveredmethods="1"/>
        <line num="7" count="11" type="stmt"/>
        <line num="41" count="3" type="stmt"/>
      </file>
      <file name="ActionButton.stories.js" path="/home/runner/work/Alpha-Site/Alpha-Site/components/atoms/ActionButton.stories.js">
        <metrics statements="7" coveredstatements="7" conditionals="0" coveredconditionals="0" methods="1" coveredmethods="1"/>
        <line num="8" count="4" type="stmt"/>
        <line num="10" count="1" type="stmt"/>
        <line num="11" count="1" type="stmt"/>
        <line num="12" count="1" type="stmt"/>
        <line num="14" count="1" type="stmt"/>
        <line num="20" count="1" type="stmt"/>
        <line num="27" count="1" type="stmt"/>
      </file>
      <file name="Banner.js" path="/home/runner/work/Alpha-Site/Alpha-Site/components/atoms/Banner.js">
        <metrics statements="3" coveredstatements="3" conditionals="0" coveredconditionals="0" methods="1" coveredmethods="1"/>
        <line num="8" count="3" type="stmt"/>
        <line num="9" count="5" type="stmt"/>
        <line num="24" count="3" type="stmt"/>
      </file>
      <file name="Banner.stories.js" path="/home/runner/work/Alpha-Site/Alpha-Site/components/atoms/Banner.stories.js">
        <metrics statements="3" coveredstatements="3" conditionals="0" coveredconditionals="0" methods="1" coveredmethods="1"/>
        <line num="9" count="2" type="stmt"/>
        <line num="11" count="1" type="stmt"/>
        <line num="13" count="1" type="stmt"/>
      </file>
      <file name="Breadcrumb.js" path="/home/runner/work/Alpha-Site/Alpha-Site/components/atoms/Breadcrumb.js">
        <metrics statements="3" coveredstatements="3" conditionals="2" coveredconditionals="2" methods="2" coveredmethods="2"/>
        <line num="8" count="4" type="stmt"/>
        <line num="21" count="3" type="stmt"/>
        <line num="43" count="1" type="stmt"/>
      </file>
      <file name="Breadcrumb.stories.js" path="/home/runner/work/Alpha-Site/Alpha-Site/components/atoms/Breadcrumb.stories.js">
        <metrics statements="4" coveredstatements="4" conditionals="0" coveredconditionals="0" methods="1" coveredmethods="1"/>
        <line num="8" count="4" type="stmt"/>
        <line num="10" count="1" type="stmt"/>
        <line num="11" count="1" type="stmt"/>
        <line num="13" count="1" type="stmt"/>
      </file>
      <file name="SearchBar.js" path="/home/runner/work/Alpha-Site/Alpha-Site/components/atoms/SearchBar.js">
        <metrics statements="2" coveredstatements="2" conditionals="0" coveredconditionals="0" methods="1" coveredmethods="1"/>
        <line num="7" count="7" type="stmt"/>
        <line num="34" count="3" type="stmt"/>
      </file>
      <file name="SearchBar.stories.js" path="/home/runner/work/Alpha-Site/Alpha-Site/components/atoms/SearchBar.stories.js">
        <metrics statements="3" coveredstatements="3" conditionals="0" coveredconditionals="0" methods="1" coveredmethods="1"/>
        <line num="8" count="2" type="stmt"/>
        <line num="10" count="1" type="stmt"/>
        <line num="12" count="1" type="stmt"/>
      </file>
    </package>
    <package name="components.organisms">
      <metrics statements="9" coveredstatements="9" conditionals="4" coveredconditionals="4" methods="3" coveredmethods="3"/>
      <file name="Layout.js" path="/home/runner/work/Alpha-Site/Alpha-Site/components/organisms/Layout.js">
        <metrics statements="3" coveredstatements="3" conditionals="4" coveredconditionals="4" methods="1" coveredmethods="1"/>
        <line num="10" count="2" type="stmt"/>
        <line num="17" count="5" type="stmt"/>
        <line num="73" count="2" type="stmt"/>
      </file>
      <file name="Layout.stories.js" path="/home/runner/work/Alpha-Site/Alpha-Site/components/organisms/Layout.stories.js">
        <metrics statements="6" coveredstatements="6" conditionals="0" coveredconditionals="0" methods="2" coveredmethods="2"/>
        <line num="9" count="1" type="stmt"/>
        <line num="10" count="4" type="stmt"/>
        <line num="23" count="4" type="stmt"/>
        <line num="25" count="1" type="stmt"/>
        <line num="26" count="1" type="stmt"/>
        <line num="28" count="1" type="stmt"/>
      </file>
    </package>
    <package name="lib">
      <metrics statements="0" coveredstatements="0" conditionals="0" coveredconditionals="0" methods="0" coveredmethods="0"/>
      <file name="index.js" path="/home/runner/work/Alpha-Site/Alpha-Site/lib/index.js">
        <metrics statements="0" coveredstatements="0" conditionals="0" coveredconditionals="0" methods="0" coveredmethods="0"/>
      </file>
    </package>
    <package name="pages">
      <metrics statements="5" coveredstatements="1" conditionals="0" coveredconditionals="0" methods="4" coveredmethods="1"/>
      <file name="_app.js" path="/home/runner/work/Alpha-Site/Alpha-Site/pages/_app.js">
        <metrics statements="1" coveredstatements="0" conditionals="0" coveredconditionals="0" methods="1" coveredmethods="0"/>
        <line num="7" count="0" type="stmt"/>
      </file>
      <file name="_document.js" path="/home/runner/work/Alpha-Site/Alpha-Site/pages/_document.js">
        <metrics statements="3" coveredstatements="0" conditionals="0" coveredconditionals="0" methods="2" coveredmethods="0"/>
        <line num="7" count="0" type="stmt"/>
        <line num="8" count="0" type="stmt"/>
        <line num="12" count="0" type="stmt"/>
      </file>
      <file name="index.js" path="/home/runner/work/Alpha-Site/Alpha-Site/pages/index.js">
        <metrics statements="1" coveredstatements="1" conditionals="0" coveredconditionals="0" methods="1" coveredmethods="1"/>
        <line num="6" count="1" type="stmt"/>
      </file>
    </package>
    <package name="pages.api">
      <metrics statements="1" coveredstatements="0" conditionals="0" coveredconditionals="0" methods="1" coveredmethods="0"/>
      <file name="hello.js" path="/home/runner/work/Alpha-Site/Alpha-Site/pages/api/hello.js">
        <metrics statements="1" coveredstatements="0" conditionals="0" coveredconditionals="0" methods="1" coveredmethods="0"/>
        <line num="4" count="0" type="stmt"/>
      </file>
    </package>
  </project>
</coverage>
