{"/home/runner/work/Alpha-Site/Alpha-Site/components/index.js": {"path":"/home/runner/work/Alpha-Site/Alpha-Site/components/index.js","statementMap":{},"fnMap":{},"branchMap":{},"s":{},"f":{},"b":{}}
,"/home/runner/work/Alpha-Site/Alpha-Site/components/atoms/ActionButton.js": {"path":"/home/runner/work/Alpha-Site/Alpha-Site/components/atoms/ActionButton.js","statementMap":{"0":{"start":{"line":11,"column":4},"end":{"line":11,"column":66}},"1":{"start":{"line":13,"column":4},"end":{"line":13,"column":131}},"2":{"start":{"line":15,"column":4},"end":{"line":15,"column":114}},"3":{"start":{"line":17,"column":4},"end":{"line":17,"column":85}},"4":{"start":{"line":19,"column":4},"end":{"line":19,"column":65}},"5":{"start":{"line":22,"column":2},"end":{"line":32,"column":5}},"6":{"start":{"line":23,"column":15},"end":{"line":23,"column":48}},"7":{"start":{"line":24,"column":4},"end":{"line":31,"column":5}},"8":{"start":{"line":25,"column":6},"end":{"line":30,"column":9}},"9":{"start":{"line":26,"column":8},"end":{"line":29,"column":9}},"10":{"start":{"line":27,"column":10},"end":{"line":27,"column":33}},"11":{"start":{"line":28,"column":10},"end":{"line":28,"column":23}},"12":{"start":{"line":34,"column":2},"end":{"line":98,"column":4}},"13":{"start":{"line":101,"column":0},"end":{"line":181,"column":2}}},"fnMap":{"0":{"name":"ActionButton","decl":{"start":{"line":8,"column":16},"end":{"line":8,"column":28}},"loc":{"start":{"line":8,"column":36},"end":{"line":99,"column":1}},"line":8},"1":{"name":"(anonymous_1)","decl":{"start":{"line":22,"column":12},"end":{"line":22,"column":13}},"loc":{"start":{"line":22,"column":18},"end":{"line":32,"column":3}},"line":22},"2":{"name":"(anonymous_2)","decl":{"start":{"line":25,"column":39},"end":{"line":25,"column":40}},"loc":{"start":{"line":25,"column":50},"end":{"line":30,"column":7}},"line":25}},"branchMap":{"0":{"loc":{"start":{"line":24,"column":4},"end":{"line":31,"column":5}},"type":"if","locations":[{"start":{"line":24,"column":4},"end":{"line":31,"column":5}},{"start":{"line":24,"column":4},"end":{"line":31,"column":5}}],"line":24},"1":{"loc":{"start":{"line":26,"column":8},"end":{"line":29,"column":9}},"type":"if","locations":[{"start":{"line":26,"column":8},"end":{"line":29,"column":9}},{"start":{"line":26,"column":8},"end":{"line":29,"column":9}}],"line":26},"2":{"loc":{"start":{"line":26,"column":12},"end":{"line":26,"column":57}},"type":"binary-expr","locations":[{"start":{"line":26,"column":12},"end":{"line":26,"column":36}},{"start":{"line":26,"column":40},"end":{"line":26,"column":57}}],"line":26},"3":{"loc":{"start":{"line":34,"column":9},"end":{"line":98,"column":3}},"type":"cond-expr","locations":[{"start":{"line":35,"column":4},"end":{"line":68,"column":11}},{"start":{"line":70,"column":4},"end":{"line":97,"column":13}}],"line":34},"4":{"loc":{"start":{"line":39,"column":10},"end":{"line":44,"column":29}},"type":"cond-expr","locations":[{"start":{"line":43,"column":14},"end":{"line":43,"column":26}},{"start":{"line":44,"column":14},"end":{"line":44,"column":29}}],"line":39},"5":{"loc":{"start":{"line":39,"column":10},"end":{"line":42,"column":23}},"type":"binary-expr","locations":[{"start":{"line":39,"column":10},"end":{"line":39,"column":26}},{"start":{"line":40,"column":10},"end":{"line":40,"column":25}},{"start":{"line":41,"column":10},"end":{"line":41,"column":25}},{"start":{"line":42,"column":10},"end":{"line":42,"column":23}}],"line":39},"6":{"loc":{"start":{"line":46,"column":10},"end":{"line":46,"column":79}},"type":"cond-expr","locations":[{"start":{"line":46,"column":47},"end":{"line":46,"column":61}},{"start":{"line":46,"column":64},"end":{"line":46,"column":79}}],"line":46},"7":{"loc":{"start":{"line":46,"column":10},"end":{"line":46,"column":44}},"type":"binary-expr","locations":[{"start":{"line":46,"column":10},"end":{"line":46,"column":25}},{"start":{"line":46,"column":29},"end":{"line":46,"column":44}}],"line":46},"8":{"loc":{"start":{"line":47,"column":10},"end":{"line":47,"column":77}},"type":"cond-expr","locations":[{"start":{"line":47,"column":46},"end":{"line":47,"column":59}},{"start":{"line":47,"column":62},"end":{"line":47,"column":77}}],"line":47},"9":{"loc":{"start":{"line":47,"column":10},"end":{"line":47,"column":43}},"type":"binary-expr","locations":[{"start":{"line":47,"column":10},"end":{"line":47,"column":24}},{"start":{"line":47,"column":28},"end":{"line":47,"column":43}}],"line":47},"10":{"loc":{"start":{"line":48,"column":10},"end":{"line":48,"column":61}},"type":"cond-expr","locations":[{"start":{"line":48,"column":44},"end":{"line":48,"column":56}},{"start":{"line":48,"column":59},"end":{"line":48,"column":61}}],"line":48},"11":{"loc":{"start":{"line":48,"column":10},"end":{"line":48,"column":41}},"type":"binary-expr","locations":[{"start":{"line":48,"column":10},"end":{"line":48,"column":22}},{"start":{"line":48,"column":26},"end":{"line":48,"column":41}}],"line":48},"12":{"loc":{"start":{"line":49,"column":10},"end":{"line":49,"column":58}},"type":"cond-expr","locations":[{"start":{"line":49,"column":27},"end":{"line":49,"column":40}},{"start":{"line":49,"column":43},"end":{"line":49,"column":58}}],"line":49},"13":{"loc":{"start":{"line":53,"column":17},"end":{"line":53,"column":41}},"type":"binary-expr","locations":[{"start":{"line":53,"column":17},"end":{"line":53,"column":29}},{"start":{"line":53,"column":33},"end":{"line":53,"column":41}}],"line":53},"14":{"loc":{"start":{"line":59,"column":9},"end":{"line":61,"column":21}},"type":"cond-expr","locations":[{"start":{"line":60,"column":10},"end":{"line":60,"column":72}},{"start":{"line":61,"column":12},"end":{"line":61,"column":21}}],"line":59},"15":{"loc":{"start":{"line":59,"column":9},"end":{"line":59,"column":37}},"type":"binary-expr","locations":[{"start":{"line":59,"column":9},"end":{"line":59,"column":19}},{"start":{"line":59,"column":23},"end":{"line":59,"column":37}}],"line":59},"16":{"loc":{"start":{"line":64,"column":9},"end":{"line":66,"column":21}},"type":"cond-expr","locations":[{"start":{"line":65,"column":10},"end":{"line":65,"column":72}},{"start":{"line":66,"column":12},"end":{"line":66,"column":21}}],"line":64},"17":{"loc":{"start":{"line":64,"column":9},"end":{"line":64,"column":36}},"type":"binary-expr","locations":[{"start":{"line":64,"column":9},"end":{"line":64,"column":19}},{"start":{"line":64,"column":23},"end":{"line":64,"column":36}}],"line":64},"18":{"loc":{"start":{"line":73,"column":8},"end":{"line":75,"column":27}},"type":"cond-expr","locations":[{"start":{"line":74,"column":12},"end":{"line":74,"column":24}},{"start":{"line":75,"column":12},"end":{"line":75,"column":27}}],"line":73},"19":{"loc":{"start":{"line":73,"column":8},"end":{"line":73,"column":79}},"type":"binary-expr","locations":[{"start":{"line":73,"column":8},"end":{"line":73,"column":24}},{"start":{"line":73,"column":28},"end":{"line":73,"column":43}},{"start":{"line":73,"column":47},"end":{"line":73,"column":62}},{"start":{"line":73,"column":66},"end":{"line":73,"column":79}}],"line":73},"20":{"loc":{"start":{"line":77,"column":8},"end":{"line":77,"column":77}},"type":"cond-expr","locations":[{"start":{"line":77,"column":45},"end":{"line":77,"column":59}},{"start":{"line":77,"column":62},"end":{"line":77,"column":77}}],"line":77},"21":{"loc":{"start":{"line":77,"column":8},"end":{"line":77,"column":42}},"type":"binary-expr","locations":[{"start":{"line":77,"column":8},"end":{"line":77,"column":23}},{"start":{"line":77,"column":27},"end":{"line":77,"column":42}}],"line":77},"22":{"loc":{"start":{"line":78,"column":8},"end":{"line":78,"column":75}},"type":"cond-expr","locations":[{"start":{"line":78,"column":44},"end":{"line":78,"column":57}},{"start":{"line":78,"column":60},"end":{"line":78,"column":75}}],"line":78},"23":{"loc":{"start":{"line":78,"column":8},"end":{"line":78,"column":41}},"type":"binary-expr","locations":[{"start":{"line":78,"column":8},"end":{"line":78,"column":22}},{"start":{"line":78,"column":26},"end":{"line":78,"column":41}}],"line":78},"24":{"loc":{"start":{"line":79,"column":8},"end":{"line":79,"column":59}},"type":"cond-expr","locations":[{"start":{"line":79,"column":42},"end":{"line":79,"column":54}},{"start":{"line":79,"column":57},"end":{"line":79,"column":59}}],"line":79},"25":{"loc":{"start":{"line":79,"column":8},"end":{"line":79,"column":39}},"type":"binary-expr","locations":[{"start":{"line":79,"column":8},"end":{"line":79,"column":20}},{"start":{"line":79,"column":24},"end":{"line":79,"column":39}}],"line":79},"26":{"loc":{"start":{"line":80,"column":8},"end":{"line":80,"column":56}},"type":"cond-expr","locations":[{"start":{"line":80,"column":25},"end":{"line":80,"column":38}},{"start":{"line":80,"column":41},"end":{"line":80,"column":56}}],"line":80},"27":{"loc":{"start":{"line":85,"column":15},"end":{"line":85,"column":39}},"type":"binary-expr","locations":[{"start":{"line":85,"column":15},"end":{"line":85,"column":27}},{"start":{"line":85,"column":31},"end":{"line":85,"column":39}}],"line":85},"28":{"loc":{"start":{"line":89,"column":7},"end":{"line":91,"column":19}},"type":"cond-expr","locations":[{"start":{"line":90,"column":8},"end":{"line":90,"column":70}},{"start":{"line":91,"column":10},"end":{"line":91,"column":19}}],"line":89},"29":{"loc":{"start":{"line":89,"column":7},"end":{"line":89,"column":35}},"type":"binary-expr","locations":[{"start":{"line":89,"column":7},"end":{"line":89,"column":17}},{"start":{"line":89,"column":21},"end":{"line":89,"column":35}}],"line":89},"30":{"loc":{"start":{"line":94,"column":7},"end":{"line":96,"column":19}},"type":"cond-expr","locations":[{"start":{"line":95,"column":8},"end":{"line":95,"column":70}},{"start":{"line":96,"column":10},"end":{"line":96,"column":19}}],"line":94},"31":{"loc":{"start":{"line":94,"column":7},"end":{"line":94,"column":34}},"type":"binary-expr","locations":[{"start":{"line":94,"column":7},"end":{"line":94,"column":17}},{"start":{"line":94,"column":21},"end":{"line":94,"column":34}}],"line":94}},"s":{"0":104,"1":104,"2":104,"3":104,"4":104,"5":104,"6":79,"7":79,"8":67,"9":1,"10":1,"11":1,"12":103,"13":17},"f":{"0":104,"1":79,"2":1},"b":{"0":[67,12],"1":[1,0],"2":[1,0],"3":[40,63],"4":[25,15],"5":[40,37,37,37],"6":[3,37],"7":[40,3],"8":[0,40],"9":[40,0],"10":[12,28],"11":[40,12],"12":[0,40],"13":[40,40],"14":[0,40],"15":[40,12],"16":[12,28],"17":[40,12],"18":[45,18],"19":[63,59,58,57],"20":[3,60],"21":[63,4],"22":[1,62],"23":[63,1],"24":[12,51],"25":[63,12],"26":[2,61],"27":[63,23],"28":[0,63],"29":[63,0],"30":[0,63],"31":[63,0]},"_coverageSchema":"1a1c01bbd47fc00a2c39e90264f33305004495a9","hash":"8b0417fde8084c16dc0033d41b8d1d7dbce29d44"}
,"/home/runner/work/Alpha-Site/Alpha-Site/components/atoms/ActionButton.stories.js": {"path":"/home/runner/work/Alpha-Site/Alpha-Site/components/atoms/ActionButton.stories.js","statementMap":{"0":{"start":{"line":8,"column":17},"end":{"line":8,"column":53}},"1":{"start":{"line":8,"column":27},"end":{"line":8,"column":53}},"2":{"start":{"line":10,"column":23},"end":{"line":10,"column":40}},"3":{"start":{"line":11,"column":25},"end":{"line":11,"column":42}},"4":{"start":{"line":12,"column":24},"end":{"line":12,"column":41}},"5":{"start":{"line":13,"column":24},"end":{"line":13,"column":41}},"6":{"start":{"line":14,"column":20},"end":{"line":14,"column":37}},"7":{"start":{"line":16,"column":0},"end":{"line":21,"column":2}},"8":{"start":{"line":23,"column":0},"end":{"line":29,"column":2}},"9":{"start":{"line":31,"column":0},"end":{"line":37,"column":2}},"10":{"start":{"line":39,"column":0},"end":{"line":44,"column":2}},"11":{"start":{"line":46,"column":0},"end":{"line":52,"column":2}}},"fnMap":{"0":{"name":"(anonymous_0)","decl":{"start":{"line":8,"column":17},"end":{"line":8,"column":18}},"loc":{"start":{"line":8,"column":27},"end":{"line":8,"column":53}},"line":8}},"branchMap":{},"s":{"0":1,"1":7,"2":1,"3":1,"4":1,"5":1,"6":1,"7":1,"8":1,"9":1,"10":1,"11":1},"f":{"0":7},"b":{},"_coverageSchema":"1a1c01bbd47fc00a2c39e90264f33305004495a9","hash":"413787ae8a7514b3ae55572c0eb2937b1ab6dcd9"}
,"/home/runner/work/Alpha-Site/Alpha-Site/components/atoms/Banner.js": {"path":"/home/runner/work/Alpha-Site/Alpha-Site/components/atoms/Banner.js","statementMap":{"0":{"start":{"line":8,"column":22},"end":{"line":26,"column":1}},"1":{"start":{"line":9,"column":2},"end":{"line":25,"column":4}},"2":{"start":{"line":28,"column":0},"end":{"line":38,"column":2}}},"fnMap":{"0":{"name":"(anonymous_0)","decl":{"start":{"line":8,"column":22},"end":{"line":8,"column":23}},"loc":{"start":{"line":8,"column":51},"end":{"line":26,"column":1}},"line":8}},"branchMap":{},"s":{"0":8,"1":5,"2":8},"f":{"0":5},"b":{},"_coverageSchema":"1a1c01bbd47fc00a2c39e90264f33305004495a9","hash":"14a41c18305bb9b7bda3ee77ce958d019a4f2564"}
,"/home/runner/work/Alpha-Site/Alpha-Site/components/atoms/Banner.stories.js": {"path":"/home/runner/work/Alpha-Site/Alpha-Site/components/atoms/Banner.stories.js","statementMap":{"0":{"start":{"line":9,"column":17},"end":{"line":9,"column":47}},"1":{"start":{"line":9,"column":27},"end":{"line":9,"column":47}},"2":{"start":{"line":11,"column":23},"end":{"line":11,"column":40}},"3":{"start":{"line":13,"column":0},"end":{"line":16,"column":2}}},"fnMap":{"0":{"name":"(anonymous_0)","decl":{"start":{"line":9,"column":17},"end":{"line":9,"column":18}},"loc":{"start":{"line":9,"column":27},"end":{"line":9,"column":47}},"line":9}},"branchMap":{},"s":{"0":1,"1":2,"2":1,"3":1},"f":{"0":2},"b":{},"_coverageSchema":"1a1c01bbd47fc00a2c39e90264f33305004495a9","hash":"d91e9ba337806448ff4744706687fef323496d13"}
,"/home/runner/work/Alpha-Site/Alpha-Site/components/atoms/Breadcrumb.js": {"path":"/home/runner/work/Alpha-Site/Alpha-Site/components/atoms/Breadcrumb.js","statementMap":{"0":{"start":{"line":8,"column":2},"end":{"line":38,"column":4}},"1":{"start":{"line":21,"column":14},"end":{"line":33,"column":16}},"2":{"start":{"line":41,"column":0},"end":{"line":58,"column":2}}},"fnMap":{"0":{"name":"Breadcrumb","decl":{"start":{"line":7,"column":16},"end":{"line":7,"column":26}},"loc":{"start":{"line":7,"column":34},"end":{"line":39,"column":1}},"line":7},"1":{"name":"(anonymous_1)","decl":{"start":{"line":20,"column":28},"end":{"line":20,"column":29}},"loc":{"start":{"line":20,"column":43},"end":{"line":34,"column":13}},"line":20}},"branchMap":{"0":{"loc":{"start":{"line":19,"column":9},"end":{"line":35,"column":16}},"type":"cond-expr","locations":[{"start":{"line":20,"column":12},"end":{"line":34,"column":14}},{"start":{"line":35,"column":12},"end":{"line":35,"column":16}}],"line":19}},"s":{"0":15,"1":9,"2":8},"f":{"0":15,"1":9},"b":{"0":[7,8]},"_coverageSchema":"1a1c01bbd47fc00a2c39e90264f33305004495a9","hash":"6e515e8dd9d673caba73da21916209f425aea98c"}
,"/home/runner/work/Alpha-Site/Alpha-Site/components/atoms/Breadcrumb.stories.js": {"path":"/home/runner/work/Alpha-Site/Alpha-Site/components/atoms/Breadcrumb.stories.js","statementMap":{"0":{"start":{"line":8,"column":17},"end":{"line":8,"column":51}},"1":{"start":{"line":8,"column":27},"end":{"line":8,"column":51}},"2":{"start":{"line":10,"column":23},"end":{"line":10,"column":40}},"3":{"start":{"line":11,"column":25},"end":{"line":11,"column":42}},"4":{"start":{"line":13,"column":0},"end":{"line":19,"column":2}}},"fnMap":{"0":{"name":"(anonymous_0)","decl":{"start":{"line":8,"column":17},"end":{"line":8,"column":18}},"loc":{"start":{"line":8,"column":27},"end":{"line":8,"column":51}},"line":8}},"branchMap":{},"s":{"0":1,"1":3,"2":1,"3":1,"4":1},"f":{"0":3},"b":{},"_coverageSchema":"1a1c01bbd47fc00a2c39e90264f33305004495a9","hash":"d90ebdc28234f43315129a694f4ffdd0273a9a5f"}
,"/home/runner/work/Alpha-Site/Alpha-Site/components/atoms/CheckBox.js": {"path":"/home/runner/work/Alpha-Site/Alpha-Site/components/atoms/CheckBox.js","statementMap":{"0":{"start":{"line":8,"column":16},"end":{"line":8,"column":40}},"1":{"start":{"line":10,"column":28},"end":{"line":14,"column":8}},"2":{"start":{"line":15,"column":2},"end":{"line":55,"column":4}},"3":{"start":{"line":28,"column":10},"end":{"line":32,"column":11}},"4":{"start":{"line":44,"column":23},"end":{"line":44,"column":77}},"5":{"start":{"line":58,"column":0},"end":{"line":62,"column":2}},"6":{"start":{"line":64,"column":0},"end":{"line":128,"column":2}}},"fnMap":{"0":{"name":"CheckBox","decl":{"start":{"line":7,"column":16},"end":{"line":7,"column":24}},"loc":{"start":{"line":7,"column":32},"end":{"line":56,"column":1}},"line":7},"1":{"name":"(anonymous_1)","decl":{"start":{"line":27,"column":18},"end":{"line":27,"column":19}},"loc":{"start":{"line":28,"column":10},"end":{"line":32,"column":11}},"line":28},"2":{"name":"(anonymous_2)","decl":{"start":{"line":44,"column":17},"end":{"line":44,"column":18}},"loc":{"start":{"line":44,"column":23},"end":{"line":44,"column":77}},"line":44}},"branchMap":{"0":{"loc":{"start":{"line":10,"column":28},"end":{"line":14,"column":8}},"type":"cond-expr","locations":[{"start":{"line":11,"column":6},"end":{"line":13,"column":7}},{"start":{"line":14,"column":6},"end":{"line":14,"column":8}}],"line":10},"1":{"loc":{"start":{"line":18,"column":8},"end":{"line":18,"column":60}},"type":"cond-expr","locations":[{"start":{"line":18,"column":26},"end":{"line":18,"column":47}},{"start":{"line":18,"column":50},"end":{"line":18,"column":60}}],"line":18},"2":{"loc":{"start":{"line":29,"column":12},"end":{"line":29,"column":73}},"type":"cond-expr","locations":[{"start":{"line":29,"column":33},"end":{"line":29,"column":57}},{"start":{"line":29,"column":60},"end":{"line":29,"column":73}}],"line":29},"3":{"loc":{"start":{"line":41,"column":10},"end":{"line":41,"column":60}},"type":"cond-expr","locations":[{"start":{"line":41,"column":24},"end":{"line":41,"column":48}},{"start":{"line":41,"column":51},"end":{"line":41,"column":60}}],"line":41},"4":{"loc":{"start":{"line":46,"column":9},"end":{"line":48,"column":21}},"type":"cond-expr","locations":[{"start":{"line":47,"column":10},"end":{"line":47,"column":52}},{"start":{"line":48,"column":12},"end":{"line":48,"column":21}}],"line":46},"5":{"loc":{"start":{"line":50,"column":9},"end":{"line":52,"column":21}},"type":"cond-expr","locations":[{"start":{"line":51,"column":10},"end":{"line":51,"column":66}},{"start":{"line":52,"column":12},"end":{"line":52,"column":21}}],"line":50}},"s":{"0":293,"1":292,"2":292,"3":5,"4":0,"5":14,"6":14},"f":{"0":293,"1":5,"2":0},"b":{"0":[13,279],"1":[1,291],"2":[3,2],"3":[0,292],"4":[1,291],"5":[1,291]},"_coverageSchema":"1a1c01bbd47fc00a2c39e90264f33305004495a9","hash":"1f2c44f36b3757cb81ec86803ebce2053e310dde"}
,"/home/runner/work/Alpha-Site/Alpha-Site/components/atoms/CheckBox.stories.js": {"path":"/home/runner/work/Alpha-Site/Alpha-Site/components/atoms/CheckBox.stories.js","statementMap":{"0":{"start":{"line":9,"column":6},"end":{"line":13,"column":12}},"1":{"start":{"line":18,"column":17},"end":{"line":18,"column":49}},"2":{"start":{"line":18,"column":27},"end":{"line":18,"column":49}},"3":{"start":{"line":20,"column":25},"end":{"line":20,"column":42}},"4":{"start":{"line":21,"column":0},"end":{"line":27,"column":2}},"5":{"start":{"line":29,"column":23},"end":{"line":29,"column":40}},"6":{"start":{"line":30,"column":0},"end":{"line":37,"column":2}},"7":{"start":{"line":39,"column":28},"end":{"line":39,"column":45}},"8":{"start":{"line":40,"column":0},"end":{"line":47,"column":2}},"9":{"start":{"line":49,"column":24},"end":{"line":49,"column":41}},"10":{"start":{"line":50,"column":0},"end":{"line":57,"column":2}}},"fnMap":{"0":{"name":"(anonymous_0)","decl":{"start":{"line":8,"column":4},"end":{"line":8,"column":5}},"loc":{"start":{"line":9,"column":6},"end":{"line":13,"column":12}},"line":9},"1":{"name":"(anonymous_1)","decl":{"start":{"line":18,"column":17},"end":{"line":18,"column":18}},"loc":{"start":{"line":18,"column":27},"end":{"line":18,"column":49}},"line":18}},"branchMap":{},"s":{"0":0,"1":1,"2":4,"3":1,"4":1,"5":1,"6":1,"7":1,"8":1,"9":1,"10":1},"f":{"0":0,"1":4},"b":{},"_coverageSchema":"1a1c01bbd47fc00a2c39e90264f33305004495a9","hash":"f9d96e67664d95a70a2ab1faa1eecc2839130afe"}
,"/home/runner/work/Alpha-Site/Alpha-Site/components/atoms/DateModified.js": {"path":"/home/runner/work/Alpha-Site/Alpha-Site/components/atoms/DateModified.js","statementMap":{"0":{"start":{"line":5,"column":16},"end":{"line":5,"column":40}},"1":{"start":{"line":7,"column":24},"end":{"line":9,"column":10}},"2":{"start":{"line":10,"column":2},"end":{"line":21,"column":4}},"3":{"start":{"line":24,"column":0},"end":{"line":27,"column":2}}},"fnMap":{"0":{"name":"DateModified","decl":{"start":{"line":4,"column":16},"end":{"line":4,"column":28}},"loc":{"start":{"line":4,"column":36},"end":{"line":22,"column":1}},"line":4}},"branchMap":{"0":{"loc":{"start":{"line":7,"column":24},"end":{"line":9,"column":10}},"type":"cond-expr","locations":[{"start":{"line":8,"column":6},"end":{"line":8,"column":53}},{"start":{"line":9,"column":6},"end":{"line":9,"column":10}}],"line":7},"1":{"loc":{"start":{"line":14,"column":9},"end":{"line":18,"column":9}},"type":"cond-expr","locations":[{"start":{"line":15,"column":10},"end":{"line":15,"column":44}},{"start":{"line":17,"column":10},"end":{"line":17,"column":69}}],"line":14}},"s":{"0":15,"1":15,"2":15,"3":8},"f":{"0":15},"b":{"0":[2,13],"1":[13,2]},"_coverageSchema":"1a1c01bbd47fc00a2c39e90264f33305004495a9","hash":"a68d0f95af0540f9f1d93cfae17857db2d743463"}
,"/home/runner/work/Alpha-Site/Alpha-Site/components/atoms/DateModified.stories.js": {"path":"/home/runner/work/Alpha-Site/Alpha-Site/components/atoms/DateModified.stories.js","statementMap":{"0":{"start":{"line":8,"column":17},"end":{"line":8,"column":53}},"1":{"start":{"line":8,"column":27},"end":{"line":8,"column":53}},"2":{"start":{"line":10,"column":23},"end":{"line":10,"column":40}},"3":{"start":{"line":12,"column":0},"end":{"line":14,"column":2}}},"fnMap":{"0":{"name":"(anonymous_0)","decl":{"start":{"line":8,"column":17},"end":{"line":8,"column":18}},"loc":{"start":{"line":8,"column":27},"end":{"line":8,"column":53}},"line":8}},"branchMap":{},"s":{"0":1,"1":3,"2":1,"3":1},"f":{"0":3},"b":{},"_coverageSchema":"1a1c01bbd47fc00a2c39e90264f33305004495a9","hash":"ba7a5111ab4fbad5c64bf56b3ee50a9e6f45442d"}
,"/home/runner/work/Alpha-Site/Alpha-Site/components/atoms/ErrorLabel.js": {"path":"/home/runner/work/Alpha-Site/Alpha-Site/components/atoms/ErrorLabel.js","statementMap":{"0":{"start":{"line":7,"column":2},"end":{"line":11,"column":4}},"1":{"start":{"line":14,"column":0},"end":{"line":16,"column":2}}},"fnMap":{"0":{"name":"ErrorLabel","decl":{"start":{"line":6,"column":16},"end":{"line":6,"column":26}},"loc":{"start":{"line":6,"column":34},"end":{"line":12,"column":1}},"line":6}},"branchMap":{},"s":{"0":2,"1":16},"f":{"0":2},"b":{},"_coverageSchema":"1a1c01bbd47fc00a2c39e90264f33305004495a9","hash":"a1c60fea3c3fbb68241ff7f41ba082172748ea28"}
,"/home/runner/work/Alpha-Site/Alpha-Site/components/atoms/ErrorLabel.stories.js": {"path":"/home/runner/work/Alpha-Site/Alpha-Site/components/atoms/ErrorLabel.stories.js","statementMap":{"0":{"start":{"line":9,"column":17},"end":{"line":9,"column":51}},"1":{"start":{"line":9,"column":27},"end":{"line":9,"column":51}},"2":{"start":{"line":11,"column":23},"end":{"line":11,"column":40}},"3":{"start":{"line":12,"column":0},"end":{"line":14,"column":2}}},"fnMap":{"0":{"name":"(anonymous_0)","decl":{"start":{"line":9,"column":17},"end":{"line":9,"column":18}},"loc":{"start":{"line":9,"column":27},"end":{"line":9,"column":51}},"line":9}},"branchMap":{},"s":{"0":1,"1":2,"2":1,"3":1},"f":{"0":2},"b":{},"_coverageSchema":"1a1c01bbd47fc00a2c39e90264f33305004495a9","hash":"22f1fc2292a962d5e46856e89133c0bbec263e1d"}
,"/home/runner/work/Alpha-Site/Alpha-Site/components/atoms/MultiTextField.js": {"path":"/home/runner/work/Alpha-Site/Alpha-Site/components/atoms/MultiTextField.js","statementMap":{"0":{"start":{"line":8,"column":2},"end":{"line":50,"column":4}},"1":{"start":{"line":38,"column":25},"end":{"line":38,"column":62}},"2":{"start":{"line":53,"column":0},"end":{"line":56,"column":2}},"3":{"start":{"line":58,"column":0},"end":{"line":137,"column":2}}},"fnMap":{"0":{"name":"MultiTextField","decl":{"start":{"line":7,"column":16},"end":{"line":7,"column":30}},"loc":{"start":{"line":7,"column":38},"end":{"line":51,"column":1}},"line":7},"1":{"name":"(anonymous_1)","decl":{"start":{"line":38,"column":18},"end":{"line":38,"column":19}},"loc":{"start":{"line":38,"column":25},"end":{"line":38,"column":62}},"line":38}},"branchMap":{"0":{"loc":{"start":{"line":11,"column":8},"end":{"line":11,"column":60}},"type":"cond-expr","locations":[{"start":{"line":11,"column":26},"end":{"line":11,"column":47}},{"start":{"line":11,"column":50},"end":{"line":11,"column":60}}],"line":11},"1":{"loc":{"start":{"line":16,"column":10},"end":{"line":16,"column":44}},"type":"cond-expr","locations":[{"start":{"line":16,"column":28},"end":{"line":16,"column":39}},{"start":{"line":16,"column":42},"end":{"line":16,"column":44}}],"line":16},"2":{"loc":{"start":{"line":20,"column":9},"end":{"line":22,"column":21}},"type":"cond-expr","locations":[{"start":{"line":21,"column":10},"end":{"line":21,"column":52}},{"start":{"line":22,"column":12},"end":{"line":22,"column":21}}],"line":20},"3":{"loc":{"start":{"line":24,"column":9},"end":{"line":28,"column":9}},"type":"cond-expr","locations":[{"start":{"line":25,"column":10},"end":{"line":25,"column":61}},{"start":{"line":27,"column":10},"end":{"line":27,"column":75}}],"line":24},"4":{"loc":{"start":{"line":30,"column":7},"end":{"line":30,"column":69}},"type":"cond-expr","locations":[{"start":{"line":30,"column":21},"end":{"line":30,"column":57}},{"start":{"line":30,"column":60},"end":{"line":30,"column":69}}],"line":30},"5":{"loc":{"start":{"line":33,"column":10},"end":{"line":33,"column":66}},"type":"cond-expr","locations":[{"start":{"line":33,"column":24},"end":{"line":33,"column":49}},{"start":{"line":33,"column":52},"end":{"line":33,"column":66}}],"line":33}},"s":{"0":3,"1":1,"2":13,"3":13},"f":{"0":3,"1":1},"b":{"0":[0,3],"1":[0,3],"2":[0,3],"3":[0,3],"4":[0,3],"5":[0,3]},"_coverageSchema":"1a1c01bbd47fc00a2c39e90264f33305004495a9","hash":"1ddb66aca5b7d3c234b9c97af52a8e8b6e842ae9"}
,"/home/runner/work/Alpha-Site/Alpha-Site/components/atoms/MultiTextField.stories.js": {"path":"/home/runner/work/Alpha-Site/Alpha-Site/components/atoms/MultiTextField.stories.js","statementMap":{"0":{"start":{"line":9,"column":6},"end":{"line":13,"column":12}},"1":{"start":{"line":18,"column":17},"end":{"line":18,"column":57}},"2":{"start":{"line":18,"column":27},"end":{"line":18,"column":57}},"3":{"start":{"line":20,"column":23},"end":{"line":20,"column":40}},"4":{"start":{"line":21,"column":0},"end":{"line":27,"column":2}},"5":{"start":{"line":29,"column":25},"end":{"line":29,"column":42}},"6":{"start":{"line":30,"column":0},"end":{"line":37,"column":2}},"7":{"start":{"line":39,"column":24},"end":{"line":39,"column":41}},"8":{"start":{"line":40,"column":0},"end":{"line":49,"column":2}}},"fnMap":{"0":{"name":"(anonymous_0)","decl":{"start":{"line":8,"column":4},"end":{"line":8,"column":5}},"loc":{"start":{"line":9,"column":6},"end":{"line":13,"column":12}},"line":9},"1":{"name":"(anonymous_1)","decl":{"start":{"line":18,"column":17},"end":{"line":18,"column":18}},"loc":{"start":{"line":18,"column":27},"end":{"line":18,"column":57}},"line":18}},"branchMap":{},"s":{"0":0,"1":1,"2":2,"3":1,"4":1,"5":1,"6":1,"7":1,"8":1},"f":{"0":0,"1":2},"b":{},"_coverageSchema":"1a1c01bbd47fc00a2c39e90264f33305004495a9","hash":"85ae7f00ffc99de5bc78b79bdb8b3bc278bcfb50"}
,"/home/runner/work/Alpha-Site/Alpha-Site/components/atoms/PhaseBanner.js": {"path":"/home/runner/work/Alpha-Site/Alpha-Site/components/atoms/PhaseBanner.js","statementMap":{"0":{"start":{"line":8,"column":27},"end":{"line":21,"column":1}},"1":{"start":{"line":9,"column":2},"end":{"line":20,"column":4}},"2":{"start":{"line":23,"column":0},"end":{"line":32,"column":2}}},"fnMap":{"0":{"name":"(anonymous_0)","decl":{"start":{"line":8,"column":27},"end":{"line":8,"column":28}},"loc":{"start":{"line":8,"column":52},"end":{"line":21,"column":1}},"line":8}},"branchMap":{},"s":{"0":8,"1":14,"2":8},"f":{"0":14},"b":{},"_coverageSchema":"1a1c01bbd47fc00a2c39e90264f33305004495a9","hash":"70a73adc5ad7d9a4efd46c58d6d7a3b1ce7d01f1"}
,"/home/runner/work/Alpha-Site/Alpha-Site/components/atoms/PhaseBanner.stories.js": {"path":"/home/runner/work/Alpha-Site/Alpha-Site/components/atoms/PhaseBanner.stories.js","statementMap":{"0":{"start":{"line":9,"column":17},"end":{"line":9,"column":52}},"1":{"start":{"line":9,"column":27},"end":{"line":9,"column":52}},"2":{"start":{"line":11,"column":23},"end":{"line":11,"column":40}},"3":{"start":{"line":13,"column":0},"end":{"line":16,"column":2}}},"fnMap":{"0":{"name":"(anonymous_0)","decl":{"start":{"line":9,"column":17},"end":{"line":9,"column":18}},"loc":{"start":{"line":9,"column":27},"end":{"line":9,"column":52}},"line":9}},"branchMap":{},"s":{"0":1,"1":2,"2":1,"3":1},"f":{"0":2},"b":{},"_coverageSchema":"1a1c01bbd47fc00a2c39e90264f33305004495a9","hash":"a7b7ed2cbaa0022a86bae2e487eadf6aa71eb7a3"}
,"/home/runner/work/Alpha-Site/Alpha-Site/components/atoms/RadioButton.js": {"path":"/home/runner/work/Alpha-Site/Alpha-Site/components/atoms/RadioButton.js","statementMap":{"0":{"start":{"line":7,"column":28},"end":{"line":13,"column":7}},"1":{"start":{"line":14,"column":2},"end":{"line":48,"column":4}},"2":{"start":{"line":23,"column":10},"end":{"line":23,"column":41}},"3":{"start":{"line":26,"column":10},"end":{"line":32,"column":11}},"4":{"start":{"line":27,"column":12},"end":{"line":27,"column":31}},"5":{"start":{"line":28,"column":12},"end":{"line":30,"column":13}},"6":{"start":{"line":29,"column":14},"end":{"line":29,"column":45}},"7":{"start":{"line":31,"column":12},"end":{"line":31,"column":43}},"8":{"start":{"line":51,"column":0},"end":{"line":53,"column":2}},"9":{"start":{"line":55,"column":0},"end":{"line":115,"column":2}}},"fnMap":{"0":{"name":"RadioButton","decl":{"start":{"line":6,"column":16},"end":{"line":6,"column":27}},"loc":{"start":{"line":6,"column":35},"end":{"line":49,"column":1}},"line":6},"1":{"name":"(anonymous_1)","decl":{"start":{"line":22,"column":18},"end":{"line":22,"column":19}},"loc":{"start":{"line":22,"column":25},"end":{"line":24,"column":9}},"line":22},"2":{"name":"(anonymous_2)","decl":{"start":{"line":25,"column":17},"end":{"line":25,"column":18}},"loc":{"start":{"line":25,"column":24},"end":{"line":33,"column":9}},"line":25}},"branchMap":{"0":{"loc":{"start":{"line":7,"column":28},"end":{"line":13,"column":7}},"type":"cond-expr","locations":[{"start":{"line":8,"column":6},"end":{"line":10,"column":7}},{"start":{"line":11,"column":6},"end":{"line":13,"column":7}}],"line":7},"1":{"loc":{"start":{"line":12,"column":24},"end":{"line":12,"column":46}},"type":"binary-expr","locations":[{"start":{"line":12,"column":24},"end":{"line":12,"column":37}},{"start":{"line":12,"column":41},"end":{"line":12,"column":46}}],"line":12},"2":{"loc":{"start":{"line":26,"column":10},"end":{"line":32,"column":11}},"type":"if","locations":[{"start":{"line":26,"column":10},"end":{"line":32,"column":11}},{"start":{"line":26,"column":10},"end":{"line":32,"column":11}}],"line":26},"3":{"loc":{"start":{"line":28,"column":12},"end":{"line":30,"column":13}},"type":"if","locations":[{"start":{"line":28,"column":12},"end":{"line":30,"column":13}},{"start":{"line":28,"column":12},"end":{"line":30,"column":13}}],"line":28},"4":{"loc":{"start":{"line":41,"column":10},"end":{"line":41,"column":51}},"type":"cond-expr","locations":[{"start":{"line":41,"column":31},"end":{"line":41,"column":46}},{"start":{"line":41,"column":49},"end":{"line":41,"column":51}}],"line":41},"5":{"loc":{"start":{"line":42,"column":11},"end":{"line":42,"column":51}},"type":"cond-expr","locations":[{"start":{"line":42,"column":31},"end":{"line":42,"column":46}},{"start":{"line":42,"column":49},"end":{"line":42,"column":51}}],"line":42}},"s":{"0":22,"1":22,"2":3,"3":1,"4":1,"5":1,"6":0,"7":1,"8":3,"9":3},"f":{"0":22,"1":3,"2":1},"b":{"0":[21,1],"1":[1,1],"2":[1,0],"3":[0,1],"4":[6,16],"5":[6,16]},"_coverageSchema":"1a1c01bbd47fc00a2c39e90264f33305004495a9","hash":"7dcbc94d1c1a42e917851635ae5fc82a3e0056f5"}
,"/home/runner/work/Alpha-Site/Alpha-Site/components/atoms/RadioButton.stories.js": {"path":"/home/runner/work/Alpha-Site/Alpha-Site/components/atoms/RadioButton.stories.js","statementMap":{"0":{"start":{"line":9,"column":17},"end":{"line":9,"column":52}},"1":{"start":{"line":9,"column":27},"end":{"line":9,"column":52}},"2":{"start":{"line":11,"column":23},"end":{"line":11,"column":40}},"3":{"start":{"line":12,"column":0},"end":{"line":18,"column":2}},"4":{"start":{"line":20,"column":23},"end":{"line":20,"column":40}},"5":{"start":{"line":21,"column":0},"end":{"line":28,"column":2}},"6":{"start":{"line":30,"column":28},"end":{"line":30,"column":45}},"7":{"start":{"line":31,"column":0},"end":{"line":38,"column":2}},"8":{"start":{"line":40,"column":28},"end":{"line":40,"column":45}},"9":{"start":{"line":41,"column":0},"end":{"line":48,"column":2}},"10":{"start":{"line":50,"column":27},"end":{"line":50,"column":44}},"11":{"start":{"line":51,"column":0},"end":{"line":58,"column":2}}},"fnMap":{"0":{"name":"(anonymous_0)","decl":{"start":{"line":9,"column":17},"end":{"line":9,"column":18}},"loc":{"start":{"line":9,"column":27},"end":{"line":9,"column":52}},"line":9}},"branchMap":{},"s":{"0":1,"1":7,"2":1,"3":1,"4":1,"5":1,"6":1,"7":1,"8":1,"9":1,"10":1,"11":1},"f":{"0":7},"b":{},"_coverageSchema":"1a1c01bbd47fc00a2c39e90264f33305004495a9","hash":"803eee603b2ad0ede81d3a0421739193c5c6a613"}
,"/home/runner/work/Alpha-Site/Alpha-Site/components/atoms/RadioField.js": {"path":"/home/runner/work/Alpha-Site/Alpha-Site/components/atoms/RadioField.js","statementMap":{"0":{"start":{"line":7,"column":28},"end":{"line":11,"column":8}},"1":{"start":{"line":12,"column":2},"end":{"line":46,"column":4}},"2":{"start":{"line":25,"column":10},"end":{"line":29,"column":11}},"3":{"start":{"line":41,"column":23},"end":{"line":41,"column":77}},"4":{"start":{"line":49,"column":0},"end":{"line":52,"column":2}},"5":{"start":{"line":54,"column":0},"end":{"line":113,"column":2}}},"fnMap":{"0":{"name":"RadioField","decl":{"start":{"line":6,"column":16},"end":{"line":6,"column":26}},"loc":{"start":{"line":6,"column":34},"end":{"line":47,"column":1}},"line":6},"1":{"name":"(anonymous_1)","decl":{"start":{"line":24,"column":18},"end":{"line":24,"column":19}},"loc":{"start":{"line":25,"column":10},"end":{"line":29,"column":11}},"line":25},"2":{"name":"(anonymous_2)","decl":{"start":{"line":41,"column":17},"end":{"line":41,"column":18}},"loc":{"start":{"line":41,"column":23},"end":{"line":41,"column":77}},"line":41}},"branchMap":{"0":{"loc":{"start":{"line":7,"column":28},"end":{"line":11,"column":8}},"type":"cond-expr","locations":[{"start":{"line":8,"column":6},"end":{"line":10,"column":7}},{"start":{"line":11,"column":6},"end":{"line":11,"column":8}}],"line":7},"1":{"loc":{"start":{"line":15,"column":8},"end":{"line":15,"column":52}},"type":"cond-expr","locations":[{"start":{"line":15,"column":26},"end":{"line":15,"column":47}},{"start":{"line":15,"column":50},"end":{"line":15,"column":52}}],"line":15},"2":{"loc":{"start":{"line":26,"column":12},"end":{"line":26,"column":73}},"type":"cond-expr","locations":[{"start":{"line":26,"column":33},"end":{"line":26,"column":57}},{"start":{"line":26,"column":60},"end":{"line":26,"column":73}}],"line":26},"3":{"loc":{"start":{"line":38,"column":10},"end":{"line":38,"column":60}},"type":"cond-expr","locations":[{"start":{"line":38,"column":24},"end":{"line":38,"column":48}},{"start":{"line":38,"column":51},"end":{"line":38,"column":60}}],"line":38}},"s":{"0":32,"1":32,"2":1,"3":0,"4":14,"5":14},"f":{"0":32,"1":1,"2":0},"b":{"0":[32,0],"1":[0,32],"2":[0,1],"3":[0,32]},"_coverageSchema":"1a1c01bbd47fc00a2c39e90264f33305004495a9","hash":"9ccaf82580af07b6afbd7d9480f774271929e457"}
,"/home/runner/work/Alpha-Site/Alpha-Site/components/atoms/RadioField.stories.js": {"path":"/home/runner/work/Alpha-Site/Alpha-Site/components/atoms/RadioField.stories.js","statementMap":{"0":{"start":{"line":9,"column":6},"end":{"line":13,"column":12}},"1":{"start":{"line":18,"column":17},"end":{"line":18,"column":51}},"2":{"start":{"line":18,"column":27},"end":{"line":18,"column":51}},"3":{"start":{"line":20,"column":25},"end":{"line":20,"column":42}},"4":{"start":{"line":21,"column":0},"end":{"line":27,"column":2}},"5":{"start":{"line":29,"column":23},"end":{"line":29,"column":40}},"6":{"start":{"line":30,"column":0},"end":{"line":37,"column":2}},"7":{"start":{"line":39,"column":28},"end":{"line":39,"column":45}},"8":{"start":{"line":40,"column":0},"end":{"line":47,"column":2}}},"fnMap":{"0":{"name":"(anonymous_0)","decl":{"start":{"line":8,"column":4},"end":{"line":8,"column":5}},"loc":{"start":{"line":9,"column":6},"end":{"line":13,"column":12}},"line":9},"1":{"name":"(anonymous_1)","decl":{"start":{"line":18,"column":17},"end":{"line":18,"column":18}},"loc":{"start":{"line":18,"column":27},"end":{"line":18,"column":51}},"line":18}},"branchMap":{},"s":{"0":0,"1":1,"2":4,"3":1,"4":1,"5":1,"6":1,"7":1,"8":1},"f":{"0":0,"1":4},"b":{},"_coverageSchema":"1a1c01bbd47fc00a2c39e90264f33305004495a9","hash":"7aece865654419c8850d76ded4fb6d4861d3da9f"}
,"/home/runner/work/Alpha-Site/Alpha-Site/components/atoms/SearchBar.js": {"path":"/home/runner/work/Alpha-Site/Alpha-Site/components/atoms/SearchBar.js","statementMap":{"0":{"start":{"line":7,"column":2},"end":{"line":30,"column":4}},"1":{"start":{"line":33,"column":0},"end":{"line":53,"column":2}}},"fnMap":{"0":{"name":"SearchBar","decl":{"start":{"line":6,"column":16},"end":{"line":6,"column":25}},"loc":{"start":{"line":6,"column":33},"end":{"line":31,"column":1}},"line":6}},"branchMap":{},"s":{"0":14,"1":8},"f":{"0":14},"b":{},"_coverageSchema":"1a1c01bbd47fc00a2c39e90264f33305004495a9","hash":"e8f60c98a7e459d2d0d333eb8d48b2a3c199e78e"}
,"/home/runner/work/Alpha-Site/Alpha-Site/components/atoms/SearchBar.stories.js": {"path":"/home/runner/work/Alpha-Site/Alpha-Site/components/atoms/SearchBar.stories.js","statementMap":{"0":{"start":{"line":8,"column":17},"end":{"line":8,"column":50}},"1":{"start":{"line":8,"column":27},"end":{"line":8,"column":50}},"2":{"start":{"line":10,"column":23},"end":{"line":10,"column":40}},"3":{"start":{"line":12,"column":0},"end":{"line":14,"column":2}}},"fnMap":{"0":{"name":"(anonymous_0)","decl":{"start":{"line":8,"column":17},"end":{"line":8,"column":18}},"loc":{"start":{"line":8,"column":27},"end":{"line":8,"column":50}},"line":8}},"branchMap":{},"s":{"0":1,"1":2,"2":1,"3":1},"f":{"0":2},"b":{},"_coverageSchema":"1a1c01bbd47fc00a2c39e90264f33305004495a9","hash":"9ef6d5e5c46f23a948acdd380e146a4fa485980d"}
,"/home/runner/work/Alpha-Site/Alpha-Site/components/atoms/SelectField.js": {"path":"/home/runner/work/Alpha-Site/Alpha-Site/components/atoms/SelectField.js","statementMap":{"0":{"start":{"line":6,"column":16},"end":{"line":6,"column":40}},"1":{"start":{"line":8,"column":28},"end":{"line":12,"column":8}},"2":{"start":{"line":13,"column":2},"end":{"line":59,"column":4}},"3":{"start":{"line":44,"column":25},"end":{"line":44,"column":62}},"4":{"start":{"line":51,"column":10},"end":{"line":55,"column":12}},"5":{"start":{"line":62,"column":0},"end":{"line":64,"column":2}},"6":{"start":{"line":66,"column":0},"end":{"line":134,"column":2}}},"fnMap":{"0":{"name":"SelectField","decl":{"start":{"line":5,"column":16},"end":{"line":5,"column":27}},"loc":{"start":{"line":5,"column":35},"end":{"line":60,"column":1}},"line":5},"1":{"name":"(anonymous_1)","decl":{"start":{"line":44,"column":18},"end":{"line":44,"column":19}},"loc":{"start":{"line":44,"column":25},"end":{"line":44,"column":62}},"line":44},"2":{"name":"(anonymous_2)","decl":{"start":{"line":50,"column":27},"end":{"line":50,"column":28}},"loc":{"start":{"line":50,"column":52},"end":{"line":56,"column":9}},"line":50}},"branchMap":{"0":{"loc":{"start":{"line":8,"column":28},"end":{"line":12,"column":8}},"type":"cond-expr","locations":[{"start":{"line":9,"column":6},"end":{"line":11,"column":7}},{"start":{"line":12,"column":6},"end":{"line":12,"column":8}}],"line":8},"1":{"loc":{"start":{"line":16,"column":8},"end":{"line":16,"column":60}},"type":"cond-expr","locations":[{"start":{"line":16,"column":26},"end":{"line":16,"column":47}},{"start":{"line":16,"column":50},"end":{"line":16,"column":60}}],"line":16},"2":{"loc":{"start":{"line":21,"column":10},"end":{"line":21,"column":44}},"type":"cond-expr","locations":[{"start":{"line":21,"column":28},"end":{"line":21,"column":39}},{"start":{"line":21,"column":42},"end":{"line":21,"column":44}}],"line":21},"3":{"loc":{"start":{"line":25,"column":9},"end":{"line":27,"column":21}},"type":"cond-expr","locations":[{"start":{"line":26,"column":10},"end":{"line":26,"column":52}},{"start":{"line":27,"column":12},"end":{"line":27,"column":21}}],"line":25},"4":{"loc":{"start":{"line":29,"column":9},"end":{"line":33,"column":9}},"type":"cond-expr","locations":[{"start":{"line":30,"column":10},"end":{"line":30,"column":66}},{"start":{"line":32,"column":10},"end":{"line":32,"column":80}}],"line":29},"5":{"loc":{"start":{"line":35,"column":7},"end":{"line":35,"column":69}},"type":"cond-expr","locations":[{"start":{"line":35,"column":21},"end":{"line":35,"column":57}},{"start":{"line":35,"column":60},"end":{"line":35,"column":69}}],"line":35},"6":{"loc":{"start":{"line":38,"column":10},"end":{"line":38,"column":66}},"type":"cond-expr","locations":[{"start":{"line":38,"column":24},"end":{"line":38,"column":49}},{"start":{"line":38,"column":52},"end":{"line":38,"column":66}}],"line":38}},"s":{"0":3,"1":3,"2":3,"3":1,"4":21,"5":2,"6":2},"f":{"0":3,"1":1,"2":21},"b":{"0":[1,2],"1":[1,2],"2":[1,2],"3":[0,3],"4":[0,3],"5":[0,3],"6":[0,3]},"_coverageSchema":"1a1c01bbd47fc00a2c39e90264f33305004495a9","hash":"04b2e7f9fffe3bd5c4b83e867c0515f713af0924"}
,"/home/runner/work/Alpha-Site/Alpha-Site/components/atoms/SelectField.stories.js": {"path":"/home/runner/work/Alpha-Site/Alpha-Site/components/atoms/SelectField.stories.js","statementMap":{"0":{"start":{"line":9,"column":6},"end":{"line":13,"column":12}},"1":{"start":{"line":18,"column":17},"end":{"line":18,"column":52}},"2":{"start":{"line":18,"column":27},"end":{"line":18,"column":52}},"3":{"start":{"line":20,"column":23},"end":{"line":20,"column":40}},"4":{"start":{"line":21,"column":0},"end":{"line":49,"column":2}}},"fnMap":{"0":{"name":"(anonymous_0)","decl":{"start":{"line":8,"column":4},"end":{"line":8,"column":5}},"loc":{"start":{"line":9,"column":6},"end":{"line":13,"column":12}},"line":9},"1":{"name":"(anonymous_1)","decl":{"start":{"line":18,"column":17},"end":{"line":18,"column":18}},"loc":{"start":{"line":18,"column":27},"end":{"line":18,"column":52}},"line":18}},"branchMap":{},"s":{"0":0,"1":1,"2":2,"3":1,"4":1},"f":{"0":0,"1":2},"b":{},"_coverageSchema":"1a1c01bbd47fc00a2c39e90264f33305004495a9","hash":"3d54cf738c3c64772a2a71e3097c1f676b8f5c54"}
,"/home/runner/work/Alpha-Site/Alpha-Site/components/atoms/TextField.js": {"path":"/home/runner/work/Alpha-Site/Alpha-Site/components/atoms/TextField.js","statementMap":{"0":{"start":{"line":9,"column":16},"end":{"line":9,"column":40}},"1":{"start":{"line":11,"column":28},"end":{"line":15,"column":8}},"2":{"start":{"line":16,"column":2},"end":{"line":57,"column":4}},"3":{"start":{"line":51,"column":25},"end":{"line":51,"column":62}},"4":{"start":{"line":60,"column":0},"end":{"line":63,"column":2}},"5":{"start":{"line":65,"column":0},"end":{"line":150,"column":2}}},"fnMap":{"0":{"name":"TextField","decl":{"start":{"line":8,"column":16},"end":{"line":8,"column":25}},"loc":{"start":{"line":8,"column":33},"end":{"line":58,"column":1}},"line":8},"1":{"name":"(anonymous_1)","decl":{"start":{"line":51,"column":18},"end":{"line":51,"column":19}},"loc":{"start":{"line":51,"column":25},"end":{"line":51,"column":62}},"line":51}},"branchMap":{"0":{"loc":{"start":{"line":11,"column":28},"end":{"line":15,"column":8}},"type":"cond-expr","locations":[{"start":{"line":12,"column":6},"end":{"line":14,"column":7}},{"start":{"line":15,"column":6},"end":{"line":15,"column":8}}],"line":11},"1":{"loc":{"start":{"line":19,"column":8},"end":{"line":19,"column":60}},"type":"cond-expr","locations":[{"start":{"line":19,"column":26},"end":{"line":19,"column":47}},{"start":{"line":19,"column":50},"end":{"line":19,"column":60}}],"line":19},"2":{"loc":{"start":{"line":24,"column":10},"end":{"line":24,"column":44}},"type":"cond-expr","locations":[{"start":{"line":24,"column":28},"end":{"line":24,"column":39}},{"start":{"line":24,"column":42},"end":{"line":24,"column":44}}],"line":24},"3":{"loc":{"start":{"line":28,"column":9},"end":{"line":30,"column":21}},"type":"cond-expr","locations":[{"start":{"line":29,"column":10},"end":{"line":29,"column":52}},{"start":{"line":30,"column":12},"end":{"line":30,"column":21}}],"line":28},"4":{"loc":{"start":{"line":32,"column":9},"end":{"line":36,"column":9}},"type":"cond-expr","locations":[{"start":{"line":33,"column":10},"end":{"line":33,"column":66}},{"start":{"line":35,"column":10},"end":{"line":35,"column":80}}],"line":32},"5":{"loc":{"start":{"line":38,"column":7},"end":{"line":38,"column":69}},"type":"cond-expr","locations":[{"start":{"line":38,"column":21},"end":{"line":38,"column":57}},{"start":{"line":38,"column":60},"end":{"line":38,"column":69}}],"line":38},"6":{"loc":{"start":{"line":41,"column":10},"end":{"line":41,"column":66}},"type":"cond-expr","locations":[{"start":{"line":41,"column":24},"end":{"line":41,"column":49}},{"start":{"line":41,"column":52},"end":{"line":41,"column":66}}],"line":41}},"s":{"0":8,"1":8,"2":8,"3":2,"4":13,"5":13},"f":{"0":8,"1":2},"b":{"0":[5,3],"1":[2,6],"2":[3,5],"3":[2,6],"4":[2,6],"5":[0,8],"6":[0,8]},"_coverageSchema":"1a1c01bbd47fc00a2c39e90264f33305004495a9","hash":"a5d3063bd65ca4e04a4d5317022572ed2a2d65b9"}
,"/home/runner/work/Alpha-Site/Alpha-Site/components/atoms/TextField.stories.js": {"path":"/home/runner/work/Alpha-Site/Alpha-Site/components/atoms/TextField.stories.js","statementMap":{"0":{"start":{"line":9,"column":6},"end":{"line":13,"column":12}},"1":{"start":{"line":18,"column":17},"end":{"line":18,"column":50}},"2":{"start":{"line":18,"column":27},"end":{"line":18,"column":50}},"3":{"start":{"line":20,"column":23},"end":{"line":20,"column":40}},"4":{"start":{"line":21,"column":0},"end":{"line":27,"column":2}},"5":{"start":{"line":29,"column":28},"end":{"line":29,"column":45}},"6":{"start":{"line":30,"column":0},"end":{"line":37,"column":2}},"7":{"start":{"line":39,"column":25},"end":{"line":39,"column":42}},"8":{"start":{"line":40,"column":0},"end":{"line":48,"column":2}}},"fnMap":{"0":{"name":"(anonymous_0)","decl":{"start":{"line":8,"column":4},"end":{"line":8,"column":5}},"loc":{"start":{"line":9,"column":6},"end":{"line":13,"column":12}},"line":9},"1":{"name":"(anonymous_1)","decl":{"start":{"line":18,"column":17},"end":{"line":18,"column":18}},"loc":{"start":{"line":18,"column":27},"end":{"line":18,"column":50}},"line":18}},"branchMap":{},"s":{"0":0,"1":1,"2":4,"3":1,"4":1,"5":1,"6":1,"7":1,"8":1},"f":{"0":0,"1":4},"b":{},"_coverageSchema":"1a1c01bbd47fc00a2c39e90264f33305004495a9","hash":"9c318c8de0d08866e621ee3b4fb9c0e1318c4b88"}
,"/home/runner/work/Alpha-Site/Alpha-Site/components/molecules/CallToAction.js": {"path":"/home/runner/work/Alpha-Site/Alpha-Site/components/molecules/CallToAction.js","statementMap":{"0":{"start":{"line":10,"column":16},"end":{"line":10,"column":40}},"1":{"start":{"line":11,"column":2},"end":{"line":35,"column":4}},"2":{"start":{"line":38,"column":0},"end":{"line":58,"column":2}}},"fnMap":{"0":{"name":"CallToAction","decl":{"start":{"line":9,"column":16},"end":{"line":9,"column":28}},"loc":{"start":{"line":9,"column":36},"end":{"line":36,"column":1}},"line":9}},"branchMap":{},"s":{"0":8,"1":6,"2":4},"f":{"0":8},"b":{},"_coverageSchema":"1a1c01bbd47fc00a2c39e90264f33305004495a9","hash":"2a09248bbb780f04d6e6570bc7aacf7eadb72492"}
,"/home/runner/work/Alpha-Site/Alpha-Site/components/molecules/CallToAction.stories.js": {"path":"/home/runner/work/Alpha-Site/Alpha-Site/components/molecules/CallToAction.stories.js","statementMap":{"0":{"start":{"line":9,"column":17},"end":{"line":9,"column":53}},"1":{"start":{"line":9,"column":27},"end":{"line":9,"column":53}},"2":{"start":{"line":11,"column":23},"end":{"line":11,"column":40}},"3":{"start":{"line":12,"column":0},"end":{"line":17,"column":2}}},"fnMap":{"0":{"name":"(anonymous_0)","decl":{"start":{"line":9,"column":17},"end":{"line":9,"column":18}},"loc":{"start":{"line":9,"column":27},"end":{"line":9,"column":53}},"line":9}},"branchMap":{},"s":{"0":1,"1":3,"2":1,"3":1},"f":{"0":3},"b":{},"_coverageSchema":"1a1c01bbd47fc00a2c39e90264f33305004495a9","hash":"cb7a13e1c612f1c0b75364d974dddf188a47e85b"}
,"/home/runner/work/Alpha-Site/Alpha-Site/components/molecules/Details.js": {"path":"/home/runner/work/Alpha-Site/Alpha-Site/components/molecules/Details.js","statementMap":{"0":{"start":{"line":7,"column":2},"end":{"line":16,"column":4}},"1":{"start":{"line":19,"column":0},"end":{"line":48,"column":2}}},"fnMap":{"0":{"name":"Details","decl":{"start":{"line":6,"column":16},"end":{"line":6,"column":23}},"loc":{"start":{"line":6,"column":31},"end":{"line":17,"column":1}},"line":6}},"branchMap":{},"s":{"0":43,"1":12},"f":{"0":43},"b":{},"_coverageSchema":"1a1c01bbd47fc00a2c39e90264f33305004495a9","hash":"2cdb700ce9cfb4a4ddd1a4ecd8385ae0080b7a81"}
,"/home/runner/work/Alpha-Site/Alpha-Site/components/molecules/Details.stories.js": {"path":"/home/runner/work/Alpha-Site/Alpha-Site/components/molecules/Details.stories.js","statementMap":{"0":{"start":{"line":9,"column":17},"end":{"line":9,"column":48}},"1":{"start":{"line":9,"column":27},"end":{"line":9,"column":48}},"2":{"start":{"line":11,"column":23},"end":{"line":11,"column":40}},"3":{"start":{"line":12,"column":0},"end":{"line":17,"column":2}}},"fnMap":{"0":{"name":"(anonymous_0)","decl":{"start":{"line":9,"column":17},"end":{"line":9,"column":18}},"loc":{"start":{"line":9,"column":27},"end":{"line":9,"column":48}},"line":9}},"branchMap":{},"s":{"0":1,"1":2,"2":1,"3":1},"f":{"0":2},"b":{},"_coverageSchema":"1a1c01bbd47fc00a2c39e90264f33305004495a9","hash":"bc3241314f3df319e8c94d7e90a1e3d5ab6eb0ba"}
,"/home/runner/work/Alpha-Site/Alpha-Site/components/molecules/ErrorBox.js": {"path":"/home/runner/work/Alpha-Site/Alpha-Site/components/molecules/ErrorBox.js","statementMap":{"0":{"start":{"line":8,"column":2},"end":{"line":35,"column":4}},"1":{"start":{"line":21,"column":10},"end":{"line":31,"column":12}},"2":{"start":{"line":26,"column":31},"end":{"line":26,"column":48}},"3":{"start":{"line":38,"column":0},"end":{"line":40,"column":2}},"4":{"start":{"line":42,"column":0},"end":{"line":64,"column":2}}},"fnMap":{"0":{"name":"ErrorBox","decl":{"start":{"line":7,"column":16},"end":{"line":7,"column":24}},"loc":{"start":{"line":7,"column":32},"end":{"line":36,"column":1}},"line":7},"1":{"name":"(anonymous_1)","decl":{"start":{"line":20,"column":26},"end":{"line":20,"column":27}},"loc":{"start":{"line":20,"column":44},"end":{"line":32,"column":9}},"line":20},"2":{"name":"(anonymous_2)","decl":{"start":{"line":26,"column":25},"end":{"line":26,"column":26}},"loc":{"start":{"line":26,"column":31},"end":{"line":26,"column":48}},"line":26}},"branchMap":{},"s":{"0":3,"1":9,"2":1,"3":2,"4":2},"f":{"0":3,"1":9,"2":1},"b":{},"_coverageSchema":"1a1c01bbd47fc00a2c39e90264f33305004495a9","hash":"01c47156535830b3c64855c448891313ba1b093f"}
,"/home/runner/work/Alpha-Site/Alpha-Site/components/molecules/ErrorBox.stories.js": {"path":"/home/runner/work/Alpha-Site/Alpha-Site/components/molecules/ErrorBox.stories.js","statementMap":{"0":{"start":{"line":9,"column":6},"end":{"line":16,"column":12}},"1":{"start":{"line":21,"column":17},"end":{"line":21,"column":49}},"2":{"start":{"line":21,"column":27},"end":{"line":21,"column":49}},"3":{"start":{"line":23,"column":23},"end":{"line":23,"column":40}},"4":{"start":{"line":25,"column":0},"end":{"line":41,"column":2}}},"fnMap":{"0":{"name":"(anonymous_0)","decl":{"start":{"line":8,"column":4},"end":{"line":8,"column":5}},"loc":{"start":{"line":9,"column":6},"end":{"line":16,"column":12}},"line":9},"1":{"name":"(anonymous_1)","decl":{"start":{"line":21,"column":17},"end":{"line":21,"column":18}},"loc":{"start":{"line":21,"column":27},"end":{"line":21,"column":49}},"line":21}},"branchMap":{},"s":{"0":0,"1":1,"2":3,"3":1,"4":1},"f":{"0":0,"1":3},"b":{},"_coverageSchema":"1a1c01bbd47fc00a2c39e90264f33305004495a9","hash":"0a4f2238fd376fb7c8a22bcf68f593932b853557"}
,"/home/runner/work/Alpha-Site/Alpha-Site/components/molecules/Experiment.js": {"path":"/home/runner/work/Alpha-Site/Alpha-Site/components/molecules/Experiment.js","statementMap":{"0":{"start":{"line":8,"column":26},"end":{"line":34,"column":1}},"1":{"start":{"line":9,"column":21},"end":{"line":13,"column":3}},"2":{"start":{"line":14,"column":2},"end":{"line":33,"column":4}},"3":{"start":{"line":36,"column":0},"end":{"line":66,"column":2}}},"fnMap":{"0":{"name":"(anonymous_0)","decl":{"start":{"line":8,"column":26},"end":{"line":8,"column":27}},"loc":{"start":{"line":8,"column":37},"end":{"line":34,"column":1}},"line":8}},"branchMap":{"0":{"loc":{"start":{"line":17,"column":21},"end":{"line":17,"column":63}},"type":"binary-expr","locations":[{"start":{"line":17,"column":21},"end":{"line":17,"column":42}},{"start":{"line":17,"column":46},"end":{"line":17,"column":63}}],"line":17},"1":{"loc":{"start":{"line":26,"column":19},"end":{"line":26,"column":61}},"type":"binary-expr","locations":[{"start":{"line":26,"column":19},"end":{"line":26,"column":40}},{"start":{"line":26,"column":44},"end":{"line":26,"column":61}}],"line":26}},"s":{"0":2,"1":12,"2":12,"3":2},"f":{"0":12},"b":{"0":[12,2],"1":[12,2]},"_coverageSchema":"1a1c01bbd47fc00a2c39e90264f33305004495a9","hash":"6d369d7199757f4790e730444902c73a6eccd0dc"}
,"/home/runner/work/Alpha-Site/Alpha-Site/components/molecules/Experiment.stories.js": {"path":"/home/runner/work/Alpha-Site/Alpha-Site/components/molecules/Experiment.stories.js","statementMap":{"0":{"start":{"line":9,"column":17},"end":{"line":9,"column":51}},"1":{"start":{"line":9,"column":27},"end":{"line":9,"column":51}},"2":{"start":{"line":11,"column":23},"end":{"line":11,"column":40}},"3":{"start":{"line":13,"column":0},"end":{"line":18,"column":2}}},"fnMap":{"0":{"name":"(anonymous_0)","decl":{"start":{"line":9,"column":17},"end":{"line":9,"column":18}},"loc":{"start":{"line":9,"column":27},"end":{"line":9,"column":51}},"line":9}},"branchMap":{},"s":{"0":1,"1":2,"2":1,"3":1},"f":{"0":2},"b":{},"_coverageSchema":"1a1c01bbd47fc00a2c39e90264f33305004495a9","hash":"06b9000726d5547c8834762092965d157df29cc1"}
,"/home/runner/work/Alpha-Site/Alpha-Site/components/molecules/Filter.js": {"path":"/home/runner/work/Alpha-Site/Alpha-Site/components/molecules/Filter.js","statementMap":{"0":{"start":{"line":8,"column":2},"end":{"line":35,"column":4}},"1":{"start":{"line":19,"column":10},"end":{"line":31,"column":12}},"2":{"start":{"line":38,"column":0},"end":{"line":69,"column":2}}},"fnMap":{"0":{"name":"Filter","decl":{"start":{"line":7,"column":16},"end":{"line":7,"column":22}},"loc":{"start":{"line":7,"column":30},"end":{"line":36,"column":1}},"line":7},"1":{"name":"(anonymous_1)","decl":{"start":{"line":18,"column":27},"end":{"line":18,"column":28}},"loc":{"start":{"line":19,"column":10},"end":{"line":31,"column":12}},"line":19}},"branchMap":{},"s":{"0":5,"1":15,"2":2},"f":{"0":5,"1":15},"b":{},"_coverageSchema":"1a1c01bbd47fc00a2c39e90264f33305004495a9","hash":"3bb119fff939d7fc7febe049af9769a83d85b363"}
,"/home/runner/work/Alpha-Site/Alpha-Site/components/molecules/Filter.stories.js": {"path":"/home/runner/work/Alpha-Site/Alpha-Site/components/molecules/Filter.stories.js","statementMap":{"0":{"start":{"line":9,"column":17},"end":{"line":9,"column":47}},"1":{"start":{"line":9,"column":27},"end":{"line":9,"column":47}},"2":{"start":{"line":11,"column":23},"end":{"line":11,"column":40}},"3":{"start":{"line":13,"column":0},"end":{"line":32,"column":2}}},"fnMap":{"0":{"name":"(anonymous_0)","decl":{"start":{"line":9,"column":17},"end":{"line":9,"column":18}},"loc":{"start":{"line":9,"column":27},"end":{"line":9,"column":47}},"line":9}},"branchMap":{},"s":{"0":1,"1":3,"2":1,"3":1},"f":{"0":3},"b":{},"_coverageSchema":"1a1c01bbd47fc00a2c39e90264f33305004495a9","hash":"b47130587c5e882b79cfee068fc3a7467cef99e6"}
,"/home/runner/work/Alpha-Site/Alpha-Site/components/molecules/List.js": {"path":"/home/runner/work/Alpha-Site/Alpha-Site/components/molecules/List.js","statementMap":{"0":{"start":{"line":7,"column":16},"end":{"line":7,"column":18}},"1":{"start":{"line":8,"column":2},"end":{"line":27,"column":4}},"2":{"start":{"line":11,"column":8},"end":{"line":11,"column":41}},"3":{"start":{"line":11,"column":27},"end":{"line":11,"column":41}},"4":{"start":{"line":13,"column":10},"end":{"line":15,"column":167}},"5":{"start":{"line":17,"column":8},"end":{"line":24,"column":10}},"6":{"start":{"line":30,"column":0},"end":{"line":40,"column":2}}},"fnMap":{"0":{"name":"List","decl":{"start":{"line":6,"column":16},"end":{"line":6,"column":20}},"loc":{"start":{"line":6,"column":28},"end":{"line":28,"column":1}},"line":6},"1":{"name":"(anonymous_1)","decl":{"start":{"line":10,"column":23},"end":{"line":10,"column":24}},"loc":{"start":{"line":10,"column":38},"end":{"line":25,"column":7}},"line":10}},"branchMap":{"0":{"loc":{"start":{"line":11,"column":8},"end":{"line":11,"column":41}},"type":"if","locations":[{"start":{"line":11,"column":8},"end":{"line":11,"column":41}},{"start":{"line":11,"column":8},"end":{"line":11,"column":41}}],"line":11}},"s":{"0":3,"1":3,"2":12,"3":12,"4":12,"5":12,"6":2},"f":{"0":3,"1":12},"b":{"0":[12,0]},"_coverageSchema":"1a1c01bbd47fc00a2c39e90264f33305004495a9","hash":"50d0b48f3e82d8d1d6446e417146add6f7c58d05"}
,"/home/runner/work/Alpha-Site/Alpha-Site/components/molecules/List.stories.js": {"path":"/home/runner/work/Alpha-Site/Alpha-Site/components/molecules/List.stories.js","statementMap":{"0":{"start":{"line":9,"column":17},"end":{"line":9,"column":50}},"1":{"start":{"line":9,"column":27},"end":{"line":9,"column":50}},"2":{"start":{"line":11,"column":23},"end":{"line":11,"column":40}},"3":{"start":{"line":13,"column":0},"end":{"line":15,"column":2}}},"fnMap":{"0":{"name":"(anonymous_0)","decl":{"start":{"line":9,"column":17},"end":{"line":9,"column":18}},"loc":{"start":{"line":9,"column":27},"end":{"line":9,"column":50}},"line":9}},"branchMap":{},"s":{"0":1,"1":2,"2":1,"3":1},"f":{"0":2},"b":{},"_coverageSchema":"1a1c01bbd47fc00a2c39e90264f33305004495a9","hash":"61d180703c8f78d9df717c51d012880091b60745"}
,"/home/runner/work/Alpha-Site/Alpha-Site/components/molecules/Menu.js": {"path":"/home/runner/work/Alpha-Site/Alpha-Site/components/molecules/Menu.js","statementMap":{"0":{"start":{"line":11,"column":21},"end":{"line":11,"column":32}},"1":{"start":{"line":15,"column":23},"end":{"line":15,"column":60}},"2":{"start":{"line":16,"column":25},"end":{"line":16,"column":64}},"3":{"start":{"line":18,"column":4},"end":{"line":18,"column":44}},"4":{"start":{"line":19,"column":4},"end":{"line":21,"column":55}},"5":{"start":{"line":24,"column":2},"end":{"line":70,"column":4}},"6":{"start":{"line":47,"column":26},"end":{"line":47,"column":64}},"7":{"start":{"line":50,"column":12},"end":{"line":52,"column":21}},"8":{"start":{"line":55,"column":10},"end":{"line":61,"column":12}},"9":{"start":{"line":73,"column":0},"end":{"line":100,"column":2}}},"fnMap":{"0":{"name":"Menu","decl":{"start":{"line":9,"column":16},"end":{"line":9,"column":20}},"loc":{"start":{"line":9,"column":28},"end":{"line":71,"column":1}},"line":9},"1":{"name":"onMenuClick","decl":{"start":{"line":14,"column":11},"end":{"line":14,"column":22}},"loc":{"start":{"line":14,"column":25},"end":{"line":22,"column":3}},"line":14},"2":{"name":"(anonymous_2)","decl":{"start":{"line":46,"column":25},"end":{"line":46,"column":26}},"loc":{"start":{"line":46,"column":40},"end":{"line":62,"column":9}},"line":46}},"branchMap":{"0":{"loc":{"start":{"line":19,"column":4},"end":{"line":21,"column":54}},"type":"cond-expr","locations":[{"start":{"line":20,"column":8},"end":{"line":20,"column":55}},{"start":{"line":21,"column":8},"end":{"line":21,"column":54}}],"line":19},"1":{"loc":{"start":{"line":50,"column":12},"end":{"line":52,"column":20}},"type":"cond-expr","locations":[{"start":{"line":51,"column":17},"end":{"line":51,"column":69}},{"start":{"line":52,"column":16},"end":{"line":52,"column":20}}],"line":50}},"s":{"0":15,"1":1,"2":1,"3":1,"4":1,"5":15,"6":45,"7":45,"8":45,"9":8},"f":{"0":15,"1":1,"2":45},"b":{"0":[0,1],"1":[0,45]},"_coverageSchema":"1a1c01bbd47fc00a2c39e90264f33305004495a9","hash":"5d35967f4638e46f1c811ee68417a3ff9b41be91"}
,"/home/runner/work/Alpha-Site/Alpha-Site/components/molecules/Menu.stories.js": {"path":"/home/runner/work/Alpha-Site/Alpha-Site/components/molecules/Menu.stories.js","statementMap":{"0":{"start":{"line":9,"column":17},"end":{"line":9,"column":50}},"1":{"start":{"line":9,"column":27},"end":{"line":9,"column":50}},"2":{"start":{"line":11,"column":23},"end":{"line":11,"column":40}},"3":{"start":{"line":13,"column":0},"end":{"line":30,"column":2}}},"fnMap":{"0":{"name":"(anonymous_0)","decl":{"start":{"line":9,"column":17},"end":{"line":9,"column":18}},"loc":{"start":{"line":9,"column":27},"end":{"line":9,"column":50}},"line":9}},"branchMap":{},"s":{"0":1,"1":3,"2":1,"3":1},"f":{"0":3},"b":{},"_coverageSchema":"1a1c01bbd47fc00a2c39e90264f33305004495a9","hash":"e21f70c5f4a2f7d46802a6e4416bfdefec9647f1"}
,"/home/runner/work/Alpha-Site/Alpha-Site/components/molecules/OptionalListField.js": {"path":"/home/runner/work/Alpha-Site/Alpha-Site/components/molecules/OptionalListField.js","statementMap":{"0":{"start":{"line":11,"column":16},"end":{"line":11,"column":40}},"1":{"start":{"line":12,"column":42},"end":{"line":12,"column":74}},"2":{"start":{"line":13,"column":26},"end":{"line":23,"column":3}},"3":{"start":{"line":14,"column":4},"end":{"line":18,"column":5}},"4":{"start":{"line":15,"column":6},"end":{"line":15,"column":30}},"5":{"start":{"line":17,"column":6},"end":{"line":17,"column":29}},"6":{"start":{"line":20,"column":4},"end":{"line":22,"column":5}},"7":{"start":{"line":21,"column":6},"end":{"line":21,"column":53}},"8":{"start":{"line":24,"column":2},"end":{"line":74,"column":4}},"9":{"start":{"line":77,"column":0},"end":{"line":79,"column":2}},"10":{"start":{"line":81,"column":0},"end":{"line":150,"column":2}}},"fnMap":{"0":{"name":"OptionalListField","decl":{"start":{"line":10,"column":16},"end":{"line":10,"column":33}},"loc":{"start":{"line":10,"column":41},"end":{"line":75,"column":1}},"line":10},"1":{"name":"(anonymous_1)","decl":{"start":{"line":13,"column":26},"end":{"line":13,"column":27}},"loc":{"start":{"line":13,"column":55},"end":{"line":23,"column":3}},"line":13}},"branchMap":{"0":{"loc":{"start":{"line":12,"column":51},"end":{"line":12,"column":73}},"type":"binary-expr","locations":[{"start":{"line":12,"column":51},"end":{"line":12,"column":64}},{"start":{"line":12,"column":68},"end":{"line":12,"column":73}}],"line":12},"1":{"loc":{"start":{"line":14,"column":4},"end":{"line":18,"column":5}},"type":"if","locations":[{"start":{"line":14,"column":4},"end":{"line":18,"column":5}},{"start":{"line":14,"column":4},"end":{"line":18,"column":5}}],"line":14},"2":{"loc":{"start":{"line":20,"column":4},"end":{"line":22,"column":5}},"type":"if","locations":[{"start":{"line":20,"column":4},"end":{"line":22,"column":5}},{"start":{"line":20,"column":4},"end":{"line":22,"column":5}}],"line":20},"3":{"loc":{"start":{"line":26,"column":7},"end":{"line":52,"column":7}},"type":"cond-expr","locations":[{"start":{"line":27,"column":8},"end":{"line":38,"column":10}},{"start":{"line":40,"column":8},"end":{"line":51,"column":10}}],"line":26},"4":{"loc":{"start":{"line":53,"column":7},"end":{"line":72,"column":19}},"type":"cond-expr","locations":[{"start":{"line":54,"column":8},"end":{"line":71,"column":19}},{"start":{"line":72,"column":10},"end":{"line":72,"column":19}}],"line":53},"5":{"loc":{"start":{"line":53,"column":7},"end":{"line":53,"column":61}},"type":"binary-expr","locations":[{"start":{"line":53,"column":8},"end":{"line":53,"column":26}},{"start":{"line":53,"column":30},"end":{"line":53,"column":43}},{"start":{"line":53,"column":48},"end":{"line":53,"column":61}}],"line":53},"6":{"loc":{"start":{"line":56,"column":13},"end":{"line":60,"column":13}},"type":"cond-expr","locations":[{"start":{"line":57,"column":14},"end":{"line":57,"column":56}},{"start":{"line":59,"column":14},"end":{"line":59,"column":16}}],"line":56},"7":{"loc":{"start":{"line":62,"column":13},"end":{"line":68,"column":13}},"type":"cond-expr","locations":[{"start":{"line":63,"column":14},"end":{"line":63,"column":70}},{"start":{"line":65,"column":14},"end":{"line":67,"column":18}}],"line":62}},"s":{"0":8,"1":6,"2":6,"3":1,"4":0,"5":1,"6":1,"7":0,"8":6,"9":2,"10":2},"f":{"0":8,"1":1},"b":{"0":[6,3],"1":[0,1],"2":[0,1],"3":[4,2],"4":[4,2],"5":[6,2,5],"6":[0,4],"7":[0,4]},"_coverageSchema":"1a1c01bbd47fc00a2c39e90264f33305004495a9","hash":"f997b8b118b3cb636990e31b6aa0c5e57f3c4732"}
,"/home/runner/work/Alpha-Site/Alpha-Site/components/molecules/OptionalListField.stories.js": {"path":"/home/runner/work/Alpha-Site/Alpha-Site/components/molecules/OptionalListField.stories.js","statementMap":{"0":{"start":{"line":11,"column":6},"end":{"line":15,"column":12}},"1":{"start":{"line":20,"column":17},"end":{"line":20,"column":58}},"2":{"start":{"line":20,"column":27},"end":{"line":20,"column":58}},"3":{"start":{"line":22,"column":24},"end":{"line":22,"column":41}},"4":{"start":{"line":23,"column":0},"end":{"line":44,"column":2}},"5":{"start":{"line":46,"column":33},"end":{"line":46,"column":50}},"6":{"start":{"line":47,"column":0},"end":{"line":70,"column":2}},"7":{"start":{"line":72,"column":34},"end":{"line":72,"column":51}},"8":{"start":{"line":73,"column":0},"end":{"line":96,"column":2}},"9":{"start":{"line":98,"column":21},"end":{"line":98,"column":38}},"10":{"start":{"line":99,"column":0},"end":{"line":123,"column":2}},"11":{"start":{"line":125,"column":28},"end":{"line":125,"column":45}},"12":{"start":{"line":126,"column":0},"end":{"line":149,"column":2}}},"fnMap":{"0":{"name":"(anonymous_0)","decl":{"start":{"line":10,"column":4},"end":{"line":10,"column":5}},"loc":{"start":{"line":11,"column":6},"end":{"line":15,"column":12}},"line":11},"1":{"name":"(anonymous_1)","decl":{"start":{"line":20,"column":17},"end":{"line":20,"column":18}},"loc":{"start":{"line":20,"column":27},"end":{"line":20,"column":58}},"line":20}},"branchMap":{},"s":{"0":0,"1":1,"2":5,"3":1,"4":1,"5":1,"6":1,"7":1,"8":1,"9":1,"10":1,"11":1,"12":1},"f":{"0":0,"1":5},"b":{},"_coverageSchema":"1a1c01bbd47fc00a2c39e90264f33305004495a9","hash":"66e99441eae34ec5772f7a7c01734ee1b16bc7db"}
,"/home/runner/work/Alpha-Site/Alpha-Site/components/molecules/OptionalTextField.js": {"path":"/home/runner/work/Alpha-Site/Alpha-Site/components/molecules/OptionalTextField.js","statementMap":{"0":{"start":{"line":12,"column":42},"end":{"line":12,"column":74}},"1":{"start":{"line":13,"column":26},"end":{"line":23,"column":3}},"2":{"start":{"line":14,"column":4},"end":{"line":18,"column":5}},"3":{"start":{"line":15,"column":6},"end":{"line":15,"column":30}},"4":{"start":{"line":17,"column":6},"end":{"line":17,"column":29}},"5":{"start":{"line":20,"column":4},"end":{"line":22,"column":5}},"6":{"start":{"line":21,"column":6},"end":{"line":21,"column":53}},"7":{"start":{"line":24,"column":2},"end":{"line":93,"column":4}},"8":{"start":{"line":96,"column":0},"end":{"line":98,"column":2}},"9":{"start":{"line":100,"column":0},"end":{"line":239,"column":2}}},"fnMap":{"0":{"name":"OptionalTextField","decl":{"start":{"line":11,"column":16},"end":{"line":11,"column":33}},"loc":{"start":{"line":11,"column":41},"end":{"line":94,"column":1}},"line":11},"1":{"name":"(anonymous_1)","decl":{"start":{"line":13,"column":26},"end":{"line":13,"column":27}},"loc":{"start":{"line":13,"column":55},"end":{"line":23,"column":3}},"line":13},"2":{"name":"(anonymous_2)","decl":{"start":{"line":69,"column":66},"end":{"line":69,"column":67}},"loc":{"start":{"line":69,"column":72},"end":{"line":69,"column":74}},"line":69},"3":{"name":"(anonymous_3)","decl":{"start":{"line":85,"column":66},"end":{"line":85,"column":67}},"loc":{"start":{"line":85,"column":72},"end":{"line":85,"column":74}},"line":85}},"branchMap":{"0":{"loc":{"start":{"line":12,"column":51},"end":{"line":12,"column":73}},"type":"binary-expr","locations":[{"start":{"line":12,"column":51},"end":{"line":12,"column":64}},{"start":{"line":12,"column":68},"end":{"line":12,"column":73}}],"line":12},"1":{"loc":{"start":{"line":14,"column":4},"end":{"line":18,"column":5}},"type":"if","locations":[{"start":{"line":14,"column":4},"end":{"line":18,"column":5}},{"start":{"line":14,"column":4},"end":{"line":18,"column":5}}],"line":14},"2":{"loc":{"start":{"line":20,"column":4},"end":{"line":22,"column":5}},"type":"if","locations":[{"start":{"line":20,"column":4},"end":{"line":22,"column":5}},{"start":{"line":20,"column":4},"end":{"line":22,"column":5}}],"line":20},"3":{"loc":{"start":{"line":26,"column":7},"end":{"line":39,"column":7}},"type":"binary-expr","locations":[{"start":{"line":26,"column":7},"end":{"line":26,"column":39}},{"start":{"line":27,"column":8},"end":{"line":38,"column":10}}],"line":26},"4":{"loc":{"start":{"line":40,"column":7},"end":{"line":53,"column":7}},"type":"binary-expr","locations":[{"start":{"line":40,"column":7},"end":{"line":40,"column":41}},{"start":{"line":41,"column":8},"end":{"line":52,"column":10}}],"line":40},"5":{"loc":{"start":{"line":54,"column":7},"end":{"line":91,"column":19}},"type":"cond-expr","locations":[{"start":{"line":55,"column":8},"end":{"line":90,"column":9}},{"start":{"line":91,"column":10},"end":{"line":91,"column":19}}],"line":54},"6":{"loc":{"start":{"line":54,"column":7},"end":{"line":54,"column":61}},"type":"binary-expr","locations":[{"start":{"line":54,"column":8},"end":{"line":54,"column":26}},{"start":{"line":54,"column":30},"end":{"line":54,"column":43}},{"start":{"line":54,"column":48},"end":{"line":54,"column":61}}],"line":54},"7":{"loc":{"start":{"line":55,"column":8},"end":{"line":90,"column":9}},"type":"cond-expr","locations":[{"start":{"line":56,"column":10},"end":{"line":73,"column":12}},{"start":{"line":75,"column":10},"end":{"line":89,"column":12}}],"line":55},"8":{"loc":{"start":{"line":69,"column":14},"end":{"line":69,"column":74}},"type":"cond-expr","locations":[{"start":{"line":69,"column":40},"end":{"line":69,"column":63}},{"start":{"line":69,"column":66},"end":{"line":69,"column":74}}],"line":69},"9":{"loc":{"start":{"line":85,"column":14},"end":{"line":85,"column":74}},"type":"cond-expr","locations":[{"start":{"line":85,"column":40},"end":{"line":85,"column":63}},{"start":{"line":85,"column":66},"end":{"line":85,"column":74}}],"line":85}},"s":{"0":280,"1":280,"2":2,"3":0,"4":2,"5":2,"6":0,"7":280,"8":12,"9":12},"f":{"0":280,"1":2,"2":0,"3":0},"b":{"0":[280,279],"1":[0,2],"2":[0,2],"3":[280,277],"4":[280,3],"5":[3,277],"6":[280,277,278],"7":[1,2],"8":[0,1],"9":[0,2]},"_coverageSchema":"1a1c01bbd47fc00a2c39e90264f33305004495a9","hash":"77af6500f654f99138f74e55f7a85baef39a1f37"}
,"/home/runner/work/Alpha-Site/Alpha-Site/components/molecules/OptionalTextField.stories.js": {"path":"/home/runner/work/Alpha-Site/Alpha-Site/components/molecules/OptionalTextField.stories.js","statementMap":{"0":{"start":{"line":9,"column":6},"end":{"line":13,"column":12}},"1":{"start":{"line":18,"column":17},"end":{"line":18,"column":58}},"2":{"start":{"line":18,"column":27},"end":{"line":18,"column":58}},"3":{"start":{"line":20,"column":24},"end":{"line":20,"column":41}},"4":{"start":{"line":21,"column":0},"end":{"line":30,"column":2}},"5":{"start":{"line":32,"column":22},"end":{"line":32,"column":39}},"6":{"start":{"line":33,"column":0},"end":{"line":43,"column":2}},"7":{"start":{"line":45,"column":21},"end":{"line":45,"column":38}},"8":{"start":{"line":46,"column":0},"end":{"line":57,"column":2}},"9":{"start":{"line":59,"column":28},"end":{"line":59,"column":45}},"10":{"start":{"line":60,"column":0},"end":{"line":70,"column":2}},"11":{"start":{"line":72,"column":25},"end":{"line":72,"column":42}},"12":{"start":{"line":73,"column":0},"end":{"line":85,"column":2}}},"fnMap":{"0":{"name":"(anonymous_0)","decl":{"start":{"line":8,"column":4},"end":{"line":8,"column":5}},"loc":{"start":{"line":9,"column":6},"end":{"line":13,"column":12}},"line":9},"1":{"name":"(anonymous_1)","decl":{"start":{"line":18,"column":17},"end":{"line":18,"column":18}},"loc":{"start":{"line":18,"column":27},"end":{"line":18,"column":58}},"line":18}},"branchMap":{},"s":{"0":0,"1":1,"2":3,"3":1,"4":1,"5":1,"6":1,"7":1,"8":1,"9":1,"10":1,"11":1,"12":1},"f":{"0":0,"1":3},"b":{},"_coverageSchema":"1a1c01bbd47fc00a2c39e90264f33305004495a9","hash":"cd656f71836bd6e0eb30af8c4d5ebeba2b125155"}
,"/home/runner/work/Alpha-Site/Alpha-Site/components/molecules/Quote.js": {"path":"/home/runner/work/Alpha-Site/Alpha-Site/components/molecules/Quote.js","statementMap":{"0":{"start":{"line":7,"column":2},"end":{"line":18,"column":4}},"1":{"start":{"line":21,"column":0},"end":{"line":36,"column":2}}},"fnMap":{"0":{"name":"Quote","decl":{"start":{"line":6,"column":16},"end":{"line":6,"column":21}},"loc":{"start":{"line":6,"column":29},"end":{"line":19,"column":1}},"line":6}},"branchMap":{},"s":{"0":2,"1":1},"f":{"0":2},"b":{},"_coverageSchema":"1a1c01bbd47fc00a2c39e90264f33305004495a9","hash":"61c1fc8e90dcbf619bd3fe60e9758f0f0bcd06d3"}
,"/home/runner/work/Alpha-Site/Alpha-Site/components/molecules/Quote.stories.js": {"path":"/home/runner/work/Alpha-Site/Alpha-Site/components/molecules/Quote.stories.js","statementMap":{"0":{"start":{"line":9,"column":17},"end":{"line":9,"column":52}},"1":{"start":{"line":9,"column":27},"end":{"line":9,"column":52}},"2":{"start":{"line":11,"column":23},"end":{"line":11,"column":40}},"3":{"start":{"line":13,"column":0},"end":{"line":16,"column":2}}},"fnMap":{"0":{"name":"(anonymous_0)","decl":{"start":{"line":9,"column":17},"end":{"line":9,"column":18}},"loc":{"start":{"line":9,"column":27},"end":{"line":9,"column":52}},"line":9}},"branchMap":{},"s":{"0":1,"1":2,"2":1,"3":1},"f":{"0":2},"b":{},"_coverageSchema":"1a1c01bbd47fc00a2c39e90264f33305004495a9","hash":"b9db34aa7362446802615e49db3ede0a6a90e438"}
,"/home/runner/work/Alpha-Site/Alpha-Site/components/molecules/TextButtonField.js": {"path":"/home/runner/work/Alpha-Site/Alpha-Site/components/molecules/TextButtonField.js","statementMap":{"0":{"start":{"line":10,"column":2},"end":{"line":13,"column":38}},"1":{"start":{"line":11,"column":4},"end":{"line":13,"column":38}},"2":{"start":{"line":15,"column":2},"end":{"line":41,"column":4}},"3":{"start":{"line":44,"column":0},"end":{"line":98,"column":2}}},"fnMap":{"0":{"name":"TextButtonField","decl":{"start":{"line":7,"column":16},"end":{"line":7,"column":31}},"loc":{"start":{"line":7,"column":39},"end":{"line":42,"column":1}},"line":7}},"branchMap":{"0":{"loc":{"start":{"line":10,"column":2},"end":{"line":13,"column":38}},"type":"if","locations":[{"start":{"line":10,"column":2},"end":{"line":13,"column":38}},{"start":{"line":10,"column":2},"end":{"line":13,"column":38}}],"line":10},"1":{"loc":{"start":{"line":11,"column":4},"end":{"line":13,"column":37}},"type":"cond-expr","locations":[{"start":{"line":12,"column":9},"end":{"line":12,"column":25}},{"start":{"line":13,"column":9},"end":{"line":13,"column":36}}],"line":11},"2":{"loc":{"start":{"line":17,"column":7},"end":{"line":24,"column":7}},"type":"cond-expr","locations":[{"start":{"line":18,"column":8},"end":{"line":18,"column":63}},{"start":{"line":20,"column":8},"end":{"line":23,"column":10}}],"line":17},"3":{"loc":{"start":{"line":26,"column":7},"end":{"line":39,"column":7}},"type":"cond-expr","locations":[{"start":{"line":27,"column":8},"end":{"line":36,"column":10}},{"start":{"line":38,"column":8},"end":{"line":38,"column":10}}],"line":26}},"s":{"0":10,"1":8,"2":9,"3":3},"f":{"0":10},"b":{"0":[8,1],"1":[5,3],"2":[3,6],"3":[9,0]},"_coverageSchema":"1a1c01bbd47fc00a2c39e90264f33305004495a9","hash":"8d17c26354422815960209fb2dab3b4f775fb334"}
,"/home/runner/work/Alpha-Site/Alpha-Site/components/molecules/TextButtonField.stories.js": {"path":"/home/runner/work/Alpha-Site/Alpha-Site/components/molecules/TextButtonField.stories.js","statementMap":{"0":{"start":{"line":9,"column":17},"end":{"line":9,"column":72}},"1":{"start":{"line":9,"column":27},"end":{"line":9,"column":72}},"2":{"start":{"line":11,"column":23},"end":{"line":11,"column":40}},"3":{"start":{"line":12,"column":25},"end":{"line":12,"column":42}},"4":{"start":{"line":13,"column":24},"end":{"line":13,"column":41}},"5":{"start":{"line":14,"column":22},"end":{"line":14,"column":39}},"6":{"start":{"line":16,"column":0},"end":{"line":22,"column":2}},"7":{"start":{"line":24,"column":0},"end":{"line":29,"column":2}},"8":{"start":{"line":31,"column":0},"end":{"line":37,"column":2}},"9":{"start":{"line":39,"column":0},"end":{"line":45,"column":2}}},"fnMap":{"0":{"name":"(anonymous_0)","decl":{"start":{"line":9,"column":17},"end":{"line":9,"column":18}},"loc":{"start":{"line":9,"column":27},"end":{"line":9,"column":72}},"line":9}},"branchMap":{},"s":{"0":1,"1":6,"2":1,"3":1,"4":1,"5":1,"6":1,"7":1,"8":1,"9":1},"f":{"0":6},"b":{},"_coverageSchema":"1a1c01bbd47fc00a2c39e90264f33305004495a9","hash":"38c82d85afc8fde4f2fbe65d87b971438703493c"}
,"/home/runner/work/Alpha-Site/Alpha-Site/components/organisms/Footer.js": {"path":"/home/runner/work/Alpha-Site/Alpha-Site/components/organisms/Footer.js","statementMap":{"0":{"start":{"line":8,"column":2},"end":{"line":65,"column":4}},"1":{"start":{"line":15,"column":14},"end":{"line":24,"column":16}},"2":{"start":{"line":34,"column":16},"end":{"line":51,"column":18}},"3":{"start":{"line":68,"column":0},"end":{"line":97,"column":2}}},"fnMap":{"0":{"name":"Footer","decl":{"start":{"line":7,"column":16},"end":{"line":7,"column":22}},"loc":{"start":{"line":7,"column":30},"end":{"line":66,"column":1}},"line":7},"1":{"name":"(anonymous_1)","decl":{"start":{"line":14,"column":38},"end":{"line":14,"column":39}},"loc":{"start":{"line":14,"column":56},"end":{"line":25,"column":13}},"line":14},"2":{"name":"(anonymous_2)","decl":{"start":{"line":33,"column":31},"end":{"line":33,"column":32}},"loc":{"start":{"line":33,"column":49},"end":{"line":52,"column":15}},"line":33}},"branchMap":{"0":{"loc":{"start":{"line":38,"column":22},"end":{"line":40,"column":78}},"type":"cond-expr","locations":[{"start":{"line":39,"column":26},"end":{"line":39,"column":91}},{"start":{"line":40,"column":26},"end":{"line":40,"column":78}}],"line":38}},"s":{"0":13,"1":116,"2":56,"3":8},"f":{"0":13,"1":116,"2":56},"b":{"0":[13,43]},"_coverageSchema":"1a1c01bbd47fc00a2c39e90264f33305004495a9","hash":"304662f7d47a371ecf115fb2c5c920993d811f45"}
[...]
{"line":694,"column":26},"end":{"line":694,"column":27}},"loc":{"start":{"line":694,"column":52},"end":{"line":694,"column":72}},"line":694},"31":{"name":"(anonymous_31)","decl":{"start":{"line":702,"column":26},"end":{"line":702,"column":27}},"loc":{"start":{"line":702,"column":52},"end":{"line":702,"column":72}},"line":702},"32":{"name":"(anonymous_32)","decl":{"start":{"line":723,"column":33},"end":{"line":723,"column":34}},"loc":{"start":{"line":723,"column":59},"end":{"line":723,"column":77}},"line":723},"33":{"name":"(anonymous_33)","decl":{"start":{"line":837,"column":26},"end":{"line":837,"column":27}},"loc":{"start":{"line":837,"column":52},"end":{"line":837,"column":70}},"line":837},"34":{"name":"(anonymous_34)","decl":{"start":{"line":842,"column":26},"end":{"line":842,"column":27}},"loc":{"start":{"line":842,"column":52},"end":{"line":842,"column":70}},"line":842},"35":{"name":"(anonymous_35)","decl":{"start":{"line":861,"column":26},"end":{"line":861,"column":27}},"loc":{"start":{"line":861,"column":52},"end":{"line":861,"column":73}},"line":861},"36":{"name":"(anonymous_36)","decl":{"start":{"line":869,"column":26},"end":{"line":869,"column":27}},"loc":{"start":{"line":869,"column":52},"end":{"line":869,"column":73}},"line":869},"37":{"name":"(anonymous_37)","decl":{"start":{"line":877,"column":26},"end":{"line":877,"column":27}},"loc":{"start":{"line":877,"column":52},"end":{"line":877,"column":73}},"line":877},"38":{"name":"(anonymous_38)","decl":{"start":{"line":885,"column":26},"end":{"line":885,"column":27}},"loc":{"start":{"line":885,"column":52},"end":{"line":885,"column":73}},"line":885},"39":{"name":"(anonymous_39)","decl":{"start":{"line":893,"column":26},"end":{"line":893,"column":27}},"loc":{"start":{"line":893,"column":52},"end":{"line":893,"column":73}},"line":893},"40":{"name":"(anonymous_40)","decl":{"start":{"line":901,"column":26},"end":{"line":901,"column":27}},"loc":{"start":{"line":901,"column":52},"end":{"line":901,"column":73}},"line":901},"41":{"name":"(anonymous_41)","decl":{"start":{"line":912,"column":24},"end":{"line":912,"column":25}},"loc":{"start":{"line":912,"column":50},"end":{"line":918,"column":15}},"line":912},"42":{"name":"(anonymous_42)","decl":{"start":{"line":954,"column":30},"end":{"line":954,"column":31}},"loc":{"start":{"line":954,"column":52},"end":{"line":961,"column":1}},"line":954}},"branchMap":{"0":{"loc":{"start":{"line":35,"column":10},"end":{"line":43,"column":11}},"type":"switch","locations":[{"start":{"line":36,"column":12},"end":{"line":38,"column":20}},{"start":{"line":39,"column":12},"end":{"line":40,"column":46}},{"start":{"line":41,"column":12},"end":{"line":42,"column":20}}],"line":35},"1":{"loc":{"start":{"line":54,"column":10},"end":{"line":69,"column":11}},"type":"switch","locations":[{"start":{"line":55,"column":12},"end":{"line":57,"column":20}},{"start":{"line":58,"column":12},"end":{"line":60,"column":20}},{"start":{"line":61,"column":12},"end":{"line":63,"column":20}},{"start":{"line":64,"column":12},"end":{"line":66,"column":20}},{"start":{"line":67,"column":12},"end":{"line":68,"column":20}}],"line":54},"2":{"loc":{"start":{"line":78,"column":10},"end":{"line":84,"column":11}},"type":"switch","locations":[{"start":{"line":79,"column":12},"end":{"line":81,"column":20}},{"start":{"line":82,"column":12},"end":{"line":83,"column":20}}],"line":78},"3":{"loc":{"start":{"line":107,"column":10},"end":{"line":113,"column":11}},"type":"switch","locations":[{"start":{"line":108,"column":12},"end":{"line":110,"column":20}},{"start":{"line":111,"column":12},"end":{"line":112,"column":20}}],"line":107},"4":{"loc":{"start":{"line":122,"column":10},"end":{"line":128,"column":11}},"type":"switch","locations":[{"start":{"line":123,"column":12},"end":{"line":125,"column":20}},{"start":{"line":126,"column":12},"end":{"line":127,"column":20}}],"line":122},"5":{"loc":{"start":{"line":173,"column":4},"end":{"line":185,"column":5}},"type":"if","locations":[{"start":{"line":173,"column":4},"end":{"line":185,"column":5}},{"start":{"line":173,"column":4},"end":{"line":185,"column":5}}],"line":173},"6":{"loc":{"start":{"line":175,"column":6},"end":{"line":182,"column":7}},"type":"if","locations":[{"start":{"line":175,"column":6},"end":{"line":182,"column":7}},{"start":{"line":175,"column":6},"end":{"line":182,"column":7}}],"line":175},"7":{"loc":{"start":{"line":179,"column":8},"end":{"line":181,"column":9}},"type":"if","locations":[{"start":{"line":179,"column":8},"end":{"line":181,"column":9}},{"start":{"line":179,"column":8},"end":{"line":181,"column":9}}],"line":179},"8":{"loc":{"start":{"line":243,"column":8},"end":{"line":246,"column":26}},"type":"binary-expr","locations":[{"start":{"line":243,"column":9},"end":{"line":243,"column":27}},{"start":{"line":244,"column":10},"end":{"line":244,"column":37}},{"start":{"line":245,"column":11},"end":{"line":245,"column":37}},{"start":{"line":245,"column":41},"end":{"line":245,"column":65}},{"start":{"line":246,"column":8},"end":{"line":246,"column":26}}],"line":243},"9":{"loc":{"start":{"line":257,"column":4},"end":{"line":332,"column":5}},"type":"if","locations":[{"start":{"line":257,"column":4},"end":{"line":332,"column":5}},{"start":{"line":257,"column":4},"end":{"line":332,"column":5}}],"line":257},"10":{"loc":{"start":{"line":275,"column":8},"end":{"line":289,"column":9}},"type":"if","locations":[{"start":{"line":275,"column":8},"end":{"line":289,"column":9}},{"start":{"line":275,"column":8},"end":{"line":289,"column":9}}],"line":275},"11":{"loc":{"start":{"line":283,"column":13},"end":{"line":289,"column":9}},"type":"if","locations":[{"start":{"line":283,"column":13},"end":{"line":289,"column":9}},{"start":{"line":283,"column":13},"end":{"line":289,"column":9}}],"line":283},"12":{"loc":{"start":{"line":298,"column":8},"end":{"line":304,"column":9}},"type":"if","locations":[{"start":{"line":298,"column":8},"end":{"line":304,"column":9}},{"start":{"line":298,"column":8},"end":{"line":304,"column":9}}],"line":298},"13":{"loc":{"start":{"line":302,"column":13},"end":{"line":304,"column":9}},"type":"if","locations":[{"start":{"line":302,"column":13},"end":{"line":304,"column":9}},{"start":{"line":302,"column":13},"end":{"line":304,"column":9}}],"line":302},"14":{"loc":{"start":{"line":325,"column":6},"end":{"line":331,"column":7}},"type":"if","locations":[{"start":{"line":325,"column":6},"end":{"line":331,"column":7}},{"start":{"line":325,"column":6},"end":{"line":331,"column":7}}],"line":325},"15":{"loc":{"start":{"line":325,"column":10},"end":{"line":325,"column":60}},"type":"binary-expr","locations":[{"start":{"line":325,"column":10},"end":{"line":325,"column":33}},{"start":{"line":325,"column":37},"end":{"line":325,"column":60}}],"line":325},"16":{"loc":{"start":{"line":327,"column":13},"end":{"line":331,"column":7}},"type":"if","locations":[{"start":{"line":327,"column":13},"end":{"line":331,"column":7}},{"start":{"line":327,"column":13},"end":{"line":331,"column":7}}],"line":327},"17":{"loc":{"start":{"line":347,"column":19},"end":{"line":347,"column":56}},"type":"cond-expr","locations":[{"start":{"line":347,"column":43},"end":{"line":347,"column":48}},{"start":{"line":347,"column":51},"end":{"line":347,"column":56}}],"line":347},"18":{"loc":{"start":{"line":353,"column":9},"end":{"line":359,"column":21}},"type":"cond-expr","locations":[{"start":{"line":354,"column":10},"end":{"line":358,"column":12}},{"start":{"line":359,"column":12},"end":{"line":359,"column":21}}],"line":353},"19":{"loc":{"start":{"line":444,"column":15},"end":{"line":446,"column":27}},"type":"cond-expr","locations":[{"start":{"line":445,"column":16},"end":{"line":445,"column":54}},{"start":{"line":446,"column":18},"end":{"line":446,"column":27}}],"line":444},"20":{"loc":{"start":{"line":906,"column":13},"end":{"line":908,"column":25}},"type":"cond-expr","locations":[{"start":{"line":907,"column":14},"end":{"line":907,"column":61}},{"start":{"line":908,"column":16},"end":{"line":908,"column":25}}],"line":906},"21":{"loc":{"start":{"line":913,"column":16},"end":{"line":917,"column":17}},"type":"if","locations":[{"start":{"line":913,"column":16},"end":{"line":917,"column":17}},{"start":{"line":913,"column":16},"end":{"line":917,"column":17}}],"line":913}},"s":{"0":1,"1":1,"2":1,"3":0,"4":0,"5":0,"6":0,"7":0,"8":0,"9":0,"10":0,"11":0,"12":0,"13":0,"14":0,"15":0,"16":0,"17":0,"18":0,"19":0,"20":0,"21":0,"22":0,"23":0,"24":0,"25":0,"26":0,"27":0,"28":0,"29":0,"30":0,"31":0,"32":0,"33":0,"34":0,"35":0,"36":0,"37":0,"38":0,"39":0,"40":1,"41":1,"42":1,"43":1,"44":1,"45":1,"46":1,"47":1,"48":1,"49":1,"50":1,"51":1,"52":1,"53":1,"54":1,"55":1,"56":1,"57":1,"58":1,"59":1,"60":1,"61":1,"62":0,"63":1,"64":0,"65":0,"66":0,"67":0,"68":0,"69":0,"70":0,"71":0,"72":0,"73":1,"74":0,"75":0,"76":0,"77":0,"78":0,"79":0,"80":0,"81":0,"82":0,"83":0,"84":0,"85":0,"86":0,"87":0,"88":0,"89":0,"90":0,"91":0,"92":0,"93":1,"94":0,"95":0,"96":0,"97":0,"98":0,"99":0,"100":0,"101":0,"102":0,"103":0,"104":0,"105":0,"106":0,"107":0,"108":0,"109":0,"110":0,"111":0,"112":0,"113":0,"114":0,"115":0,"116":0,"117":0,"118":0,"119":0,"120":0,"121":0,"122":0,"123":0,"124":0,"125":0,"126":0,"127":0,"128":0,"129":0,"130":0,"131":0,"132":0,"133":0,"134":0,"135":1,"136":0,"137":0,"138":0,"139":0,"140":0,"141":0,"142":0,"143":0,"144":0,"145":0,"146":0,"147":0,"148":0,"149":0,"150":0,"151":0,"152":0,"153":0,"154":0,"155":0,"156":0,"157":0,"158":0,"159":0,"160":0,"161":0,"162":0,"163":0,"164":0,"165":1,"166":0},"f":{"0":1,"1":0,"2":0,"3":0,"4":0,"5":0,"6":0,"7":0,"8":0,"9":0,"10":0,"11":0,"12":0,"13":0,"14":0,"15":0,"16":0,"17":0,"18":0,"19":0,"20":0,"21":0,"22":0,"23":0,"24":0,"25":0,"26":0,"27":0,"28":0,"29":0,"30":0,"31":0,"32":0,"33":0,"34":0,"35":0,"36":0,"37":0,"38":0,"39":0,"40":0,"41":0,"42":0},"b":{"0":[0,0,0],"1":[0,0,0,0,0],"2":[0,0],"3":[0,0],"4":[0,0],"5":[0,0],"6":[0,0],"7":[0,0],"8":[0,0,0,0,0],"9":[0,0],"10":[0,0],"11":[0,0],"12":[0,0],"13":[0,0],"14":[0,0],"15":[0,0],"16":[0,0],"17":[0,1],"18":[0,1],"19":[0,1],"20":[0,1],"21":[0,0]},"_coverageSchema":"1a1c01bbd47fc00a2c39e90264f33305004495a9","hash":"c1e86593347905521161d1cef12292a5808560f5"}
,"/home/runner/work/Alpha-Site/Alpha-Site/pages/thankyou.js": {"path":"/home/runner/work/Alpha-Site/Alpha-Site/pages/thankyou.js","statementMap":{"0":{"start":{"line":8,"column":16},"end":{"line":8,"column":40}},"1":{"start":{"line":9,"column":21},"end":{"line":9,"column":32}},"2":{"start":{"line":11,"column":2},"end":{"line":67,"column":4}},"3":{"start":{"line":70,"column":30},"end":{"line":77,"column":1}},"4":{"start":{"line":71,"column":2},"end":{"line":76,"column":4}}},"fnMap":{"0":{"name":"Confirmation","decl":{"start":{"line":7,"column":24},"end":{"line":7,"column":36}},"loc":{"start":{"line":7,"column":44},"end":{"line":68,"column":1}},"line":7},"1":{"name":"(anonymous_1)","decl":{"start":{"line":70,"column":30},"end":{"line":70,"column":31}},"loc":{"start":{"line":70,"column":52},"end":{"line":77,"column":1}},"line":70}},"branchMap":{"0":{"loc":{"start":{"line":23,"column":19},"end":{"line":23,"column":56}},"type":"cond-expr","locations":[{"start":{"line":23,"column":43},"end":{"line":23,"column":48}},{"start":{"line":23,"column":51},"end":{"line":23,"column":56}}],"line":23}},"s":{"0":1,"1":1,"2":1,"3":1,"4":0},"f":{"0":1,"1":0},"b":{"0":[0,1]},"_coverageSchema":"1a1c01bbd47fc00a2c39e90264f33305004495a9","hash":"e28e78c67508cb4b7d11e014017a0052803213bf"}
,"/home/runner/work/Alpha-Site/Alpha-Site/pages/api/report-a-problem.js": {"path":"/home/runner/work/Alpha-Site/Alpha-Site/pages/api/report-a-problem.js","statementMap":{"0":{"start":{"line":8,"column":2},"end":{"line":60,"column":3}},"1":{"start":{"line":10,"column":4},"end":{"line":56,"column":5}},"2":{"start":{"line":14,"column":6},"end":{"line":14,"column":32}},"3":{"start":{"line":16,"column":6},"end":{"line":55,"column":7}},"4":{"start":{"line":17,"column":31},"end":{"line":44,"column":9}},"5":{"start":{"line":46,"column":8},"end":{"line":51,"column":9}},"6":{"start":{"line":47,"column":10},"end":{"line":47,"column":36}},"7":{"start":{"line":49,"column":10},"end":{"line":49,"column":43}},"8":{"start":{"line":50,"column":10},"end":{"line":50,"column":39}},"9":{"start":{"line":53,"column":8},"end":{"line":53,"column":25}},"10":{"start":{"line":54,"column":8},"end":{"line":54,"column":37}},"11":{"start":{"line":58,"column":4},"end":{"line":58,"column":37}},"12":{"start":{"line":59,"column":4},"end":{"line":59,"column":60}}},"fnMap":{"0":{"name":"handler","decl":{"start":{"line":7,"column":15},"end":{"line":7,"column":22}},"loc":{"start":{"line":7,"column":33},"end":{"line":61,"column":1}},"line":7}},"branchMap":{"0":{"loc":{"start":{"line":8,"column":2},"end":{"line":60,"column":3}},"type":"if","locations":[{"start":{"line":8,"column":2},"end":{"line":60,"column":3}},{"start":{"line":8,"column":2},"end":{"line":60,"column":3}}],"line":8},"1":{"loc":{"start":{"line":10,"column":4},"end":{"line":56,"column":5}},"type":"if","locations":[{"start":{"line":10,"column":4},"end":{"line":56,"column":5}},{"start":{"line":10,"column":4},"end":{"line":56,"column":5}}],"line":10},"2":{"loc":{"start":{"line":11,"column":6},"end":{"line":12,"column":43}},"type":"binary-expr","locations":[{"start":{"line":11,"column":6},"end":{"line":11,"column":39}},{"start":{"line":12,"column":6},"end":{"line":12,"column":43}}],"line":11},"3":{"loc":{"start":{"line":20,"column":23},"end":{"line":20,"column":55}},"type":"binary-expr","locations":[{"start":{"line":20,"column":23},"end":{"line":20,"column":42}},{"start":{"line":20,"column":46},"end":{"line":20,"column":55}}],"line":20},"4":{"loc":{"start":{"line":46,"column":8},"end":{"line":51,"column":9}},"type":"if","locations":[{"start":{"line":46,"column":8},"end":{"line":51,"column":9}},{"start":{"line":46,"column":8},"end":{"line":51,"column":9}}],"line":46}},"s":{"0":5,"1":5,"2":2,"3":3,"4":3,"5":2,"6":1,"7":1,"8":1,"9":1,"10":1,"11":0,"12":0},"f":{"0":5},"b":{"0":[5,0],"1":[2,3],"2":[5,4],"3":[3,0],"4":[1,1]},"_coverageSchema":"1a1c01bbd47fc00a2c39e90264f33305004495a9","hash":"6dff72e0cffc7ea159c8c3f5b5ba833d690902c0"}
,"/home/runner/work/Alpha-Site/Alpha-Site/pages/api/sign-up.js": {"path":"/home/runner/work/Alpha-Site/Alpha-Site/pages/api/sign-up.js","statementMap":{"0":{"start":{"line":9,"column":2},"end":{"line":11,"column":3}},"1":{"start":{"line":10,"column":4},"end":{"line":10,"column":46}},"2":{"start":{"line":14,"column":2},"end":{"line":83,"column":3}},"3":{"start":{"line":15,"column":15},"end":{"line":15,"column":23}},"4":{"start":{"line":16,"column":17},"end":{"line":19,"column":5}},"5":{"start":{"line":28,"column":4},"end":{"line":45,"column":5}},"6":{"start":{"line":29,"column":22},"end":{"line":29,"column":33}},"7":{"start":{"line":30,"column":6},"end":{"line":30,"column":34}},"8":{"start":{"line":31,"column":6},"end":{"line":31,"column":29}},"9":{"start":{"line":32,"column":6},"end":{"line":32,"column":73}},"10":{"start":{"line":33,"column":6},"end":{"line":33,"column":45}},"11":{"start":{"line":35,"column":6},"end":{"line":40,"column":7}},"12":{"start":{"line":36,"column":8},"end":{"line":39,"column":11}},"13":{"start":{"line":41,"column":6},"end":{"line":44,"column":9}},"14":{"start":{"line":48,"column":4},"end":{"line":77,"column":5}},"15":{"start":{"line":49,"column":28},"end":{"line":49,"column":67}},"16":{"start":{"line":50,"column":29},"end":{"line":61,"column":7}},"17":{"start":{"line":64,"column":6},"end":{"line":71,"column":7}},"18":{"start":{"line":65,"column":8},"end":{"line":70,"column":11}},"19":{"start":{"line":73,"column":6},"end":{"line":76,"column":9}},"20":{"start":{"line":79,"column":4},"end":{"line":79,"column":40}},"21":{"start":{"line":81,"column":4},"end":{"line":81,"column":37}},"22":{"start":{"line":82,"column":4},"end":{"line":82,"column":60}},"23":{"start":{"line":86,"column":15},"end":{"line":89,"column":2}}},"fnMap":{"0":{"name":"handler","decl":{"start":{"line":7,"column":15},"end":{"line":7,"column":22}},"loc":{"start":{"line":7,"column":33},"end":{"line":84,"column":1}},"line":7}},"branchMap":{"0":{"loc":{"start":{"line":9,"column":2},"end":{"line":11,"column":3}},"type":"if","locations":[{"start":{"line":9,"column":2},"end":{"line":11,"column":3}},{"start":{"line":9,"column":2},"end":{"line":11,"column":3}}],"line":9},"1":{"loc":{"start":{"line":14,"column":2},"end":{"line":83,"column":3}},"type":"if","locations":[{"start":{"line":14,"column":2},"end":{"line":83,"column":3}},{"start":{"line":14,"column":2},"end":{"line":83,"column":3}}],"line":14},"2":{"loc":{"start":{"line":35,"column":6},"end":{"line":40,"column":7}},"type":"if","locations":[{"start":{"line":35,"column":6},"end":{"line":40,"column":7}},{"start":{"line":35,"column":6},"end":{"line":40,"column":7}}],"line":35},"3":{"loc":{"start":{"line":55,"column":8},"end":{"line":57,"column":55}},"type":"cond-expr","locations":[{"start":{"line":56,"column":12},"end":{"line":56,"column":54}},{"start":{"line":57,"column":12},"end":{"line":57,"column":55}}],"line":55},"4":{"loc":{"start":{"line":64,"column":6},"end":{"line":71,"column":7}},"type":"if","locations":[{"start":{"line":64,"column":6},"end":{"line":71,"column":7}},{"start":{"line":64,"column":6},"end":{"line":71,"column":7}}],"line":64}},"s":{"0":5,"1":1,"2":4,"3":4,"4":4,"5":4,"6":4,"7":4,"8":4,"9":4,"10":3,"11":1,"12":1,"13":0,"14":3,"15":3,"16":3,"17":2,"18":0,"19":1,"20":2,"21":0,"22":0,"23":1},"f":{"0":5},"b":{"0":[1,4],"1":[4,0],"2":[1,0],"3":[1,2],"4":[0,2]},"_coverageSchema":"1a1c01bbd47fc00a2c39e90264f33305004495a9","hash":"a48e4990784aa9c8d6f57fb5b85dc680b5dbd866"}
,"/home/runner/work/Alpha-Site/Alpha-Site/pages/api/validate.js": {"path":"/home/runner/work/Alpha-Site/Alpha-Site/pages/api/validate.js","statementMap":{"0":{"start":{"line":11,"column":13},"end":{"line":11,"column":31}},"1":{"start":{"line":14,"column":2},"end":{"line":35,"column":3}},"2":{"start":{"line":15,"column":17},"end":{"line":18,"column":5}},"3":{"start":{"line":19,"column":4},"end":{"line":34,"column":5}},"4":{"start":{"line":20,"column":6},"end":{"line":20,"column":52}},"5":{"start":{"line":23,"column":6},"end":{"line":25,"column":7}},"6":{"start":{"line":24,"column":8},"end":{"line":24,"column":36}},"7":{"start":{"line":28,"column":6},"end":{"line":30,"column":7}},"8":{"start":{"line":29,"column":8},"end":{"line":29,"column":45}},"9":{"start":{"line":32,"column":6},"end":{"line":32,"column":21}},"10":{"start":{"line":33,"column":6},"end":{"line":33,"column":34}},"11":{"start":{"line":37,"column":2},"end":{"line":37,"column":30}}},"fnMap":{"0":{"name":"handler","decl":{"start":{"line":4,"column":30},"end":{"line":4,"column":37}},"loc":{"start":{"line":4,"column":48},"end":{"line":38,"column":1}},"line":4}},"branchMap":{"0":{"loc":{"start":{"line":11,"column":13},"end":{"line":11,"column":31}},"type":"binary-expr","locations":[{"start":{"line":11,"column":13},"end":{"line":11,"column":25}},{"start":{"line":11,"column":29},"end":{"line":11,"column":31}}],"line":11},"1":{"loc":{"start":{"line":14,"column":2},"end":{"line":35,"column":3}},"type":"if","locations":[{"start":{"line":14,"column":2},"end":{"line":35,"column":3}},{"start":{"line":14,"column":2},"end":{"line":35,"column":3}}],"line":14},"2":{"loc":{"start":{"line":23,"column":6},"end":{"line":25,"column":7}},"type":"if","locations":[{"start":{"line":23,"column":6},"end":{"line":25,"column":7}},{"start":{"line":23,"column":6},"end":{"line":25,"column":7}}],"line":23},"3":{"loc":{"start":{"line":28,"column":6},"end":{"line":30,"column":7}},"type":"if","locations":[{"start":{"line":28,"column":6},"end":{"line":30,"column":7}},{"start":{"line":28,"column":6},"end":{"line":30,"column":7}}],"line":28}},"s":{"0":3,"1":3,"2":2,"3":2,"4":2,"5":2,"6":1,"7":1,"8":1,"9":0,"10":0,"11":1},"f":{"0":3},"b":{"0":[3,1],"1":[2,1],"2":[1,1],"3":[1,0]},"_coverageSchema":"1a1c01bbd47fc00a2c39e90264f33305004495a9","hash":"4bf20336afce73b2a464f0517a85bb5b3d77342a"}
}
