TN:
SF:components/index.js
FNF:0
FNH:0
LF:0
LH:0
BRF:0
BRH:0
end_of_record
TN:
SF:components/atoms/ActionButton.js
FN:6,ActionButton
FNF:1
FNH:1
FNDA:12,ActionButton
DA:7,12
DA:41,3
LF:2
LH:2
BRDA:11,0,0,4
BRDA:11,0,1,8
BRDA:11,1,0,12
BRDA:11,1,1,5
BRDA:11,1,2,4
BRDA:16,2,0,7
BRDA:16,2,1,5
BRDA:16,3,0,12
BRDA:16,3,1,7
BRDA:20,4,0,0
BRDA:20,4,1,12
BRDA:20,5,0,12
BRDA:20,5,1,0
BRDA:22,6,0,1
BRDA:22,6,1,11
BRDA:28,7,0,12
BRDA:28,7,1,12
BRDA:32,8,0,0
BRDA:32,8,1,12
BRF:19
BRH:16
end_of_record
TN:
SF:components/atoms/ActionButton.stories.js
FN:8,(anonymous_0)
FNF:1
FNH:1
FNDA:4,(anonymous_0)
DA:8,4
DA:10,1
DA:11,1
DA:12,1
DA:14,1
DA:20,1
DA:27,1
LF:7
LH:7
BRF:0
BRH:0
end_of_record
TN:
SF:components/atoms/Banner.js
FN:8,(anonymous_0)
FNF:1
FNH:1
FNDA:4,(anonymous_0)
DA:8,3
DA:9,4
DA:24,3
LF:3
LH:3
BRF:0
BRH:0
end_of_record
TN:
SF:components/atoms/Banner.stories.js
FN:9,(anonymous_0)
FNF:1
FNH:1
FNDA:2,(anonymous_0)
DA:9,2
DA:11,1
DA:13,1
LF:3
LH:3
BRF:0
BRH:0
end_of_record
TN:
SF:components/atoms/SearchBar.js
FN:6,SearchBar
FNF:1
FNH:1
FNDA:6,SearchBar
DA:7,6
DA:34,3
LF:2
LH:2
BRF:0
BRH:0
end_of_record
TN:
SF:components/atoms/SearchBar.stories.js
FN:8,(anonymous_0)
FNF:1
FNH:1
FNDA:2,(anonymous_0)
DA:8,2
DA:10,1
DA:12,1
LF:3
LH:3
BRF:0
BRH:0
end_of_record
TN:
SF:components/organisms/Layout.js
FN:7,(anonymous_0)
FNF:1
FNH:1
FNDA:4,(anonymous_0)
DA:7,2
DA:14,4
DA:100,2
LF:3
LH:3
BRDA:40,0,0,2
BRDA:40,0,1,2
BRDA:40,1,0,4
BRDA:40,1,1,2
BRF:4
BRH:4
end_of_record
TN:
SF:components/organisms/Layout.stories.js
FN:9,(anonymous_0)
FN:23,(anonymous_1)
FNF:2
FNH:2
FNDA:3,(anonymous_0)
FNDA:3,(anonymous_1)
DA:9,1
DA:10,3
DA:23,3
DA:25,1
DA:26,1
DA:28,1
LF:6
LH:6
BRF:0
BRH:0
end_of_record
TN:
SF:lib/index.js
FNF:0
FNH:0
LF:0
LH:0
BRF:0
BRH:0
end_of_record
TN:
SF:pages/_app.js
FN:5,MyApp
FNF:1
FNH:0
FNDA:0,MyApp
DA:6,0
LF:1
LH:0
BRF:0
BRH:0
end_of_record
TN:
SF:pages/_document.js
FN:6,(anonymous_0)
FN:11,(anonymous_1)
FNF:2
FNH:0
FNDA:0,(anonymous_0)
FNDA:0,(anonymous_1)
DA:7,0
DA:8,0
DA:12,0
LF:3
LH:0
BRF:0
BRH:0
end_of_record
TN:
SF:pages/index.js
FN:4,Home
FNF:1
FNH:1
FNDA:1,Home
DA:5,1
LF:1
LH:1
BRF:0
BRH:0
end_of_record
TN:
SF:pages/api/hello.js
FN:3,(anonymous_0)
FNF:1
FNH:0
FNDA:0,(anonymous_0)
DA:4,0
LF:1
LH:0
BRF:0
BRH:0
end_of_record
