TN:
SF:components/index.js
FNF:0
FNH:0
LF:0
LH:0
BRF:0
BRH:0
end_of_record
TN:
SF:components/atoms/ActionButton.js
FN:8,ActionButton
FN:22,(anonymous_1)
FN:26,(anonymous_2)
FNF:3
FNH:2
FNDA:36,ActionButton
FNDA:36,(anonymous_1)
FNDA:0,(anonymous_2)
DA:11,36
DA:13,36
DA:15,36
DA:17,36
DA:19,36
DA:22,36
DA:23,36
DA:25,36
DA:26,36
DA:27,0
DA:28,0
DA:29,0
DA:35,36
DA:102,7
LF:14
LH:11
BRDA:25,0,0,36
BRDA:25,0,1,0
BRDA:27,1,0,0
BRDA:27,1,1,0
BRDA:27,2,0,0
BRDA:27,2,1,0
BRDA:35,3,0,9
BRDA:35,3,1,27
BRDA:40,4,0,8
BRDA:40,4,1,1
BRDA:40,5,0,9
BRDA:40,5,1,8
BRDA:40,5,2,8
BRDA:40,5,3,8
BRDA:47,6,0,1
BRDA:47,6,1,8
BRDA:47,7,0,9
BRDA:47,7,1,1
BRDA:48,8,0,0
BRDA:48,8,1,9
BRDA:48,9,0,9
BRDA:48,9,1,0
BRDA:49,10,0,0
BRDA:49,10,1,9
BRDA:49,11,0,9
BRDA:49,11,1,0
BRDA:50,12,0,0
BRDA:50,12,1,9
BRDA:54,13,0,9
BRDA:54,13,1,9
BRDA:60,14,0,0
BRDA:60,14,1,9
BRDA:60,15,0,9
BRDA:60,15,1,0
BRDA:65,16,0,0
BRDA:65,16,1,9
BRDA:65,17,0,9
BRDA:65,17,1,0
BRDA:74,18,0,13
BRDA:74,18,1,14
BRDA:74,19,0,27
BRDA:74,19,1,22
BRDA:74,19,2,21
BRDA:74,19,3,20
BRDA:78,20,0,4
BRDA:78,20,1,23
BRDA:78,21,0,27
BRDA:78,21,1,5
BRDA:79,22,0,1
BRDA:79,22,1,26
BRDA:79,23,0,27
BRDA:79,23,1,1
BRDA:80,24,0,7
BRDA:80,24,1,20
BRDA:80,25,0,27
BRDA:80,25,1,7
BRDA:81,26,0,2
BRDA:81,26,1,25
BRDA:86,27,0,27
BRDA:86,27,1,19
BRDA:90,28,0,0
BRDA:90,28,1,27
BRDA:90,29,0,27
BRDA:90,29,1,0
BRDA:95,30,0,0
BRDA:95,30,1,27
BRDA:95,31,0,27
BRDA:95,31,1,0
BRF:68
BRH:50
end_of_record
TN:
SF:components/atoms/ActionButton.stories.js
FN:8,(anonymous_0)
FNF:1
FNH:1
FNDA:6,(anonymous_0)
DA:8,6
DA:10,1
DA:11,1
DA:12,1
DA:13,1
DA:14,1
DA:16,1
DA:23,1
DA:31,1
DA:39,1
DA:46,1
LF:11
LH:11
BRF:0
BRH:0
end_of_record
TN:
SF:components/atoms/Banner.js
FN:8,(anonymous_0)
FNF:1
FNH:1
FNDA:5,(anonymous_0)
DA:8,3
DA:9,5
DA:28,3
LF:3
LH:3
BRF:0
BRH:0
end_of_record
TN:
SF:components/atoms/Banner.stories.js
FN:9,(anonymous_0)
FNF:1
FNH:1
FNDA:2,(anonymous_0)
DA:9,2
DA:11,1
DA:13,1
LF:3
LH:3
BRF:0
BRH:0
end_of_record
TN:
SF:components/atoms/Breadcrumb.js
FN:7,Breadcrumb
FN:20,(anonymous_1)
FNF:2
FNH:2
FNDA:8,Breadcrumb
FNDA:3,(anonymous_1)
DA:8,8
DA:21,3
DA:41,3
LF:3
LH:3
BRDA:19,0,0,1
BRDA:19,0,1,7
BRF:2
BRH:2
end_of_record
TN:
SF:components/atoms/Breadcrumb.stories.js
FN:8,(anonymous_0)
FNF:1
FNH:1
FNDA:3,(anonymous_0)
DA:8,3
DA:10,1
DA:11,1
DA:13,1
LF:4
LH:4
BRF:0
BRH:0
end_of_record
TN:
SF:components/atoms/CheckBox.js
FN:6,CheckBox
FN:24,(anonymous_1)
FN:41,(anonymous_2)
FNF:3
FNH:2
FNDA:64,CheckBox
FNDA:4,(anonymous_1)
FNDA:0,(anonymous_2)
DA:7,64
DA:12,64
DA:25,4
DA:41,0
DA:55,5
DA:61,5
LF:6
LH:5
BRDA:7,0,0,4
BRDA:7,0,1,60
BRDA:15,1,0,0
BRDA:15,1,1,64
BRDA:26,2,0,2
BRDA:26,2,1,2
BRDA:38,3,0,0
BRDA:38,3,1,64
BRDA:43,4,0,0
BRDA:43,4,1,64
BRDA:47,5,0,0
BRDA:47,5,1,64
BRF:12
BRH:8
end_of_record
TN:
SF:components/atoms/CheckBox.stories.js
FN:8,(anonymous_0)
FN:18,(anonymous_1)
FNF:2
FNH:1
FNDA:0,(anonymous_0)
FNDA:4,(anonymous_1)
DA:9,0
DA:18,4
DA:20,1
DA:21,1
DA:29,1
DA:30,1
DA:39,1
DA:40,1
DA:49,1
DA:50,1
LF:10
LH:9
BRF:0
BRH:0
end_of_record
TN:
SF:components/atoms/DateModified.js
FN:4,DateModified
FNF:1
FNH:1
FNDA:8,DateModified
DA:5,8
DA:7,8
DA:10,8
DA:24,3
LF:4
LH:4
BRDA:7,0,0,2
BRDA:7,0,1,6
BRDA:14,1,0,6
BRDA:14,1,1,2
BRF:4
BRH:4
end_of_record
TN:
SF:components/atoms/DateModified.stories.js
FN:8,(anonymous_0)
FNF:1
FNH:1
FNDA:3,(anonymous_0)
DA:8,3
DA:10,1
DA:12,1
LF:3
LH:3
BRF:0
BRH:0
end_of_record
TN:
SF:components/atoms/ErrorLabel.js
FN:6,ErrorLabel
FNF:1
FNH:1
FNDA:2,ErrorLabel
DA:7,2
DA:14,8
LF:2
LH:2
BRF:0
BRH:0
end_of_record
TN:
SF:components/atoms/ErrorLabel.stories.js
FN:9,(anonymous_0)
FNF:1
FNH:1
FNDA:2,(anonymous_0)
DA:9,2
DA:11,1
DA:12,1
LF:3
LH:3
BRF:0
BRH:0
end_of_record
TN:
SF:components/atoms/MultiTextField.js
FN:7,MultiTextField
FN:38,(anonymous_1)
FNF:2
FNH:2
FNDA:3,MultiTextField
FNDA:1,(anonymous_1)
DA:8,3
DA:38,1
DA:53,5
DA:58,5
LF:4
LH:4
BRDA:11,0,0,0
BRDA:11,0,1,3
BRDA:16,1,0,0
BRDA:16,1,1,3
BRDA:20,2,0,0
BRDA:20,2,1,3
BRDA:24,3,0,0
BRDA:24,3,1,3
BRDA:30,4,0,0
BRDA:30,4,1,3
BRDA:33,5,0,0
BRDA:33,5,1,3
BRF:12
BRH:6
end_of_record
TN:
SF:components/atoms/MultiTextField.stories.js
FN:8,(anonymous_0)
FN:18,(anonymous_1)
FNF:2
FNH:1
FNDA:0,(anonymous_0)
FNDA:2,(anonymous_1)
DA:9,0
DA:18,2
DA:20,1
DA:21,1
DA:29,1
DA:30,1
DA:39,1
DA:40,1
LF:8
LH:7
BRF:0
BRH:0
end_of_record
TN:
SF:components/atoms/PhaseBanner.js
FN:8,(anonymous_0)
FNF:1
FNH:1
FNDA:7,(anonymous_0)
DA:8,3
DA:9,7
DA:23,3
LF:3
LH:3
BRF:0
BRH:0
end_of_record
TN:
SF:components/atoms/PhaseBanner.stories.js
FN:9,(anonymous_0)
FNF:1
FNH:1
FNDA:2,(anonymous_0)
DA:9,2
DA:11,1
DA:13,1
LF:3
LH:3
BRF:0
BRH:0
end_of_record
TN:
SF:components/atoms/RadioButton.js
FN:6,RadioButton
FN:22,(anonymous_1)
FN:25,(anonymous_2)
FNF:3
FNH:2
FNDA:15,RadioButton
FNDA:3,(anonymous_1)
FNDA:0,(anonymous_2)
DA:7,15
DA:14,15
DA:23,3
DA:26,0
DA:27,0
DA:28,0
DA:29,0
DA:31,0
DA:51,2
DA:55,2
LF:10
LH:5
BRDA:7,0,0,14
BRDA:7,0,1,1
BRDA:12,1,0,1
BRDA:12,1,1,1
BRDA:26,2,0,0
BRDA:26,2,1,0
BRDA:28,3,0,0
BRDA:28,3,1,0
BRDA:41,4,0,4
BRDA:41,4,1,11
BRDA:42,5,0,4
BRDA:42,5,1,11
BRF:12
BRH:8
end_of_record
TN:
SF:components/atoms/RadioButton.stories.js
FN:9,(anonymous_0)
FNF:1
FNH:1
FNDA:6,(anonymous_0)
DA:9,6
DA:11,1
DA:12,1
DA:20,1
DA:21,1
DA:30,1
DA:31,1
DA:40,1
DA:41,1
DA:50,1
DA:51,1
LF:11
LH:11
BRF:0
BRH:0
end_of_record
TN:
SF:components/atoms/RadioField.js
FN:6,RadioField
FN:24,(anonymous_1)
FN:41,(anonymous_2)
FNF:3
FNH:2
FNDA:5,RadioField
FNDA:1,(anonymous_1)
FNDA:0,(anonymous_2)
DA:7,5
DA:12,5
DA:25,1
DA:41,0
DA:49,5
DA:54,5
LF:6
LH:5
BRDA:7,0,0,5
BRDA:7,0,1,0
BRDA:15,1,0,0
BRDA:15,1,1,5
BRDA:26,2,0,0
BRDA:26,2,1,1
BRDA:38,3,0,0
BRDA:38,3,1,5
BRF:8
BRH:4
end_of_record
TN:
SF:components/atoms/RadioField.stories.js
FN:8,(anonymous_0)
FN:18,(anonymous_1)
FNF:2
FNH:1
FNDA:0,(anonymous_0)
FNDA:4,(anonymous_1)
DA:9,0
DA:18,4
DA:20,1
DA:21,1
DA:29,1
DA:30,1
DA:39,1
DA:40,1
LF:8
LH:7
BRF:0
BRH:0
end_of_record
TN:
SF:components/atoms/SearchBar.js
FN:6,SearchBar
FNF:1
FNH:1
FNDA:7,SearchBar
DA:7,7
DA:33,3
LF:2
LH:2
BRF:0
BRH:0
end_of_record
TN:
SF:components/atoms/SearchBar.stories.js
FN:8,(anonymous_0)
FNF:1
FNH:1
FNDA:2,(anonymous_0)
DA:8,2
DA:10,1
DA:12,1
LF:3
LH:3
BRF:0
BRH:0
end_of_record
TN:
SF:components/atoms/SelectField.js
FN:4,SelectField
FN:41,(anonymous_1)
FN:47,(anonymous_2)
FNF:3
FNH:3
FNDA:2,SelectField
FNDA:1,(anonymous_1)
FNDA:8,(anonymous_2)
DA:5,2
DA:10,2
DA:41,1
DA:48,8
DA:59,1
DA:63,1
LF:6
LH:6
BRDA:5,0,0,0
BRDA:5,0,1,2
BRDA:13,1,0,0
BRDA:13,1,1,2
BRDA:18,2,0,0
BRDA:18,2,1,2
BRDA:22,3,0,0
BRDA:22,3,1,2
BRDA:26,4,0,0
BRDA:26,4,1,2
BRDA:32,5,0,0
BRDA:32,5,1,2
BRDA:35,6,0,0
BRDA:35,6,1,2
BRF:14
BRH:7
end_of_record
TN:
SF:components/atoms/SelectField.stories.js
FN:8,(anonymous_0)
FN:18,(anonymous_1)
FNF:2
FNH:1
FNDA:0,(anonymous_0)
FNDA:2,(anonymous_1)
DA:9,0
DA:18,2
DA:20,1
DA:21,1
LF:4
LH:3
BRF:0
BRH:0
end_of_record
TN:
SF:components/atoms/TextField.js
FN:7,TextField
FN:48,(anonymous_1)
FNF:2
FNH:2
FNDA:6,TextField
FNDA:2,(anonymous_1)
DA:8,6
DA:13,6
DA:48,2
DA:57,5
DA:62,5
LF:5
LH:5
BRDA:8,0,0,3
BRDA:8,0,1,3
BRDA:16,1,0,0
BRDA:16,1,1,6
BRDA:21,2,0,1
BRDA:21,2,1,5
BRDA:25,3,0,0
BRDA:25,3,1,6
BRDA:29,4,0,0
BRDA:29,4,1,6
BRDA:35,5,0,0
BRDA:35,5,1,6
BRDA:38,6,0,0
BRDA:38,6,1,6
BRF:14
BRH:9
end_of_record
TN:
SF:components/atoms/TextField.stories.js
FN:8,(anonymous_0)
FN:18,(anonymous_1)
FNF:2
FNH:1
FNDA:0,(anonymous_0)
FNDA:4,(anonymous_1)
DA:9,0
DA:18,4
DA:20,1
DA:21,1
DA:29,1
DA:30,1
DA:39,1
DA:40,1
LF:8
LH:7
BRF:0
BRH:0
end_of_record
TN:
SF:components/molecules/Details.js
FN:6,Details
FNF:1
FNH:1
FNDA:12,Details
DA:7,12
DA:19,4
LF:2
LH:2
BRF:0
BRH:0
end_of_record
TN:
SF:components/molecules/Details.stories.js
FN:9,(anonymous_0)
FNF:1
FNH:1
FNDA:2,(anonymous_0)
DA:9,2
DA:11,1
DA:12,1
LF:3
LH:3
BRF:0
BRH:0
end_of_record
TN:
SF:components/molecules/ErrorBox.js
FN:7,ErrorBox
FN:9,(anonymous_1)
FN:20,(anonymous_2)
FN:26,(anonymous_3)
FNF:4
FNH:2
FNDA:2,ErrorBox
FNDA:0,(anonymous_1)
FNDA:6,(anonymous_2)
FNDA:0,(anonymous_3)
DA:9,2
DA:12,0
DA:15,2
DA:21,6
DA:26,0
DA:38,1
DA:42,1
LF:7
LH:5
BRF:0
BRH:0
end_of_record
TN:
SF:components/molecules/ErrorBox.stories.js
FN:8,(anonymous_0)
FN:21,(anonymous_1)
FNF:2
FNH:1
FNDA:0,(anonymous_0)
FNDA:2,(anonymous_1)
DA:9,0
DA:21,2
DA:23,1
DA:25,1
LF:4
LH:3
BRF:0
BRH:0
end_of_record
TN:
SF:components/molecules/Experiment.js
FN:8,(anonymous_0)
FNF:1
FNH:1
FNDA:2,(anonymous_0)
DA:8,1
DA:9,2
DA:14,2
DA:36,1
LF:4
LH:4
BRDA:17,0,0,2
BRDA:17,0,1,2
BRDA:26,1,0,2
BRDA:26,1,1,2
BRF:4
BRH:4
end_of_record
TN:
SF:components/molecules/Experiment.stories.js
FN:9,(anonymous_0)
FNF:1
FNH:1
FNDA:2,(anonymous_0)
DA:9,2
DA:11,1
DA:13,1
LF:3
LH:3
BRF:0
BRH:0
end_of_record
TN:
SF:components/molecules/Filter.js
FN:7,Filter
FN:18,(anonymous_1)
FNF:2
FNH:2
FNDA:3,Filter
FNDA:9,(anonymous_1)
DA:8,3
DA:19,9
DA:38,1
LF:3
LH:3
BRF:0
BRH:0
end_of_record
TN:
SF:components/molecules/Filter.stories.js
FN:9,(anonymous_0)
FNF:1
FNH:1
FNDA:3,(anonymous_0)
DA:9,3
DA:11,1
DA:13,1
LF:3
LH:3
BRF:0
BRH:0
end_of_record
TN:
SF:components/molecules/List.js
FN:6,List
FN:10,(anonymous_1)
FNF:2
FNH:2
FNDA:3,List
FNDA:12,(anonymous_1)
DA:7,3
DA:8,3
DA:11,12
DA:13,12
DA:17,12
DA:30,2
LF:6
LH:6
BRDA:11,0,0,12
BRDA:11,0,1,0
BRF:2
BRH:1
end_of_record
TN:
SF:components/molecules/List.stories.js
FN:9,(anonymous_0)
FNF:1
FNH:1
FNDA:2,(anonymous_0)
DA:9,2
DA:11,1
DA:13,1
LF:3
LH:3
BRF:0
BRH:0
end_of_record
TN:
SF:components/molecules/Menu.js
FN:9,Menu
FN:14,onMenuClick
FN:45,(anonymous_2)
FNF:3
FNH:2
FNDA:7,Menu
FNDA:0,onMenuClick
FNDA:21,(anonymous_2)
DA:11,7
DA:15,0
DA:16,0
DA:18,0
DA:19,0
DA:24,7
DA:46,21
DA:49,21
DA:54,21
DA:72,3
LF:10
LH:6
BRDA:19,0,0,0
BRDA:19,0,1,0
BRDA:49,1,0,0
BRDA:49,1,1,21
BRF:4
BRH:1
end_of_record
TN:
SF:components/molecules/Menu.stories.js
FN:9,(anonymous_0)
FNF:1
FNH:1
FNDA:2,(anonymous_0)
DA:9,2
DA:11,1
DA:13,1
LF:3
LH:3
BRF:0
BRH:0
end_of_record
TN:
SF:components/molecules/OptionalTextField.js
FN:11,OptionalTextField
FN:13,(anonymous_1)
FN:69,(anonymous_2)
FN:85,(anonymous_3)
FNF:4
FNH:2
FNDA:61,OptionalTextField
FNDA:2,(anonymous_1)
FNDA:0,(anonymous_2)
FNDA:0,(anonymous_3)
DA:12,61
DA:13,61
DA:14,2
DA:15,0
DA:17,2
DA:20,2
DA:21,0
DA:24,61
DA:96,4
DA:100,4
LF:10
LH:8
BRDA:12,0,0,61
BRDA:12,0,1,60
BRDA:14,1,0,0
BRDA:14,1,1,2
BRDA:20,2,0,0
BRDA:20,2,1,2
BRDA:26,3,0,61
BRDA:26,3,1,60
BRDA:40,4,0,61
BRDA:40,4,1,1
BRDA:54,5,0,3
BRDA:54,5,1,58
BRDA:54,6,0,61
BRDA:54,6,1,60
BRDA:54,6,2,59
BRDA:55,7,0,1
BRDA:55,7,1,2
BRDA:69,8,0,0
BRDA:69,8,1,1
BRDA:85,9,0,0
BRDA:85,9,1,2
BRF:21
BRH:17
end_of_record
TN:
SF:components/molecules/OptionalTextField.stories.js
FN:8,(anonymous_0)
FN:18,(anonymous_1)
FNF:2
FNH:1
FNDA:0,(anonymous_0)
FNDA:3,(anonymous_1)
DA:9,0
DA:18,3
DA:20,1
DA:21,1
DA:32,1
DA:33,1
DA:45,1
DA:46,1
DA:59,1
DA:60,1
DA:72,1
DA:73,1
LF:12
LH:11
BRF:0
BRH:0
end_of_record
TN:
SF:components/molecules/Quote.js
FN:6,Quote
FNF:1
FNH:1
FNDA:3,Quote
DA:7,3
DA:21,2
LF:2
LH:2
BRF:0
BRH:0
end_of_record
TN:
SF:components/molecules/Quote.stories.js
FN:9,(anonymous_0)
FNF:1
FNH:1
FNDA:2,(anonymous_0)
DA:9,2
DA:11,1
DA:13,1
LF:3
LH:3
BRF:0
BRH:0
end_of_record
TN:
SF:components/molecules/TextButtonField.js
FN:7,TextButtonField
FNF:1
FNH:1
FNDA:7,TextButtonField
DA:10,7
DA:11,6
DA:15,7
DA:44,2
LF:4
LH:4
BRDA:10,0,0,6
BRDA:10,0,1,1
BRDA:11,1,0,3
BRDA:11,1,1,3
BRDA:17,2,0,1
BRDA:17,2,1,6
BRDA:26,3,0,7
BRDA:26,3,1,0
BRF:8
BRH:7
end_of_record
TN:
SF:components/molecules/TextButtonField.stories.js
FN:9,(anonymous_0)
FNF:1
FNH:1
FNDA:6,(anonymous_0)
DA:9,6
DA:11,1
DA:12,1
DA:13,1
DA:14,1
DA:16,1
DA:24,1
DA:31,1
DA:39,1
LF:9
LH:9
BRF:0
BRH:0
end_of_record
TN:
SF:components/organisms/Footer.js
FN:7,Footer
FN:14,(anonymous_1)
FN:33,(anonymous_2)
FNF:3
FNH:3
FNDA:6,Footer
FNDA:53,(anonymous_1)
FNDA:28,(anonymous_2)
DA:8,6
DA:15,53
DA:34,28
DA:68,3
LF:4
LH:4
BRDA:38,0,0,6
BRDA:38,0,1,22
BRF:2
BRH:2
end_of_record
TN:
SF:components/organisms/Footer.stories.js
FN:9,(anonymous_0)
FNF:1
FNH:1
FNDA:1,(anonymous_0)
DA:9,1
DA:11,1
DA:12,1
LF:3
LH:3
BRF:0
BRH:0
end_of_record
TN:
SF:components/organisms/Layout.js
FN:14,(anonymous_0)
FN:23,(anonymous_1)
FN:60,(anonymous_2)
FN:71,(anonymous_3)
FN:76,(anonymous_4)
FNF:5
FNH:1
FNDA:0,(anonymous_0)
FNDA:5,(anonymous_1)
FNDA:0,(anonymous_2)
FNDA:0,(anonymous_3)
FNDA:0,(anonymous_4)
DA:14,2
DA:15,0
DA:23,2
DA:31,5
DA:32,5
DA:34,5
DA:60,0
DA:71,0
DA:76,0
DA:196,2
LF:10
LH:6
BRDA:15,0,0,0
BRDA:15,0,1,0
BRDA:32,1,0,0
BRDA:32,1,1,5
BRDA:54,2,0,5
BRDA:54,2,1,0
BRDA:62,3,0,5
BRDA:62,3,1,0
BRDA:78,4,0,5
BRDA:78,4,1,0
BRDA:110,5,0,3
BRDA:110,5,1,2
BRDA:110,6,0,5
BRDA:110,6,1,3
BRF:14
BRH:8
end_of_record
TN:
SF:components/organisms/Layout.stories.js
FN:9,(anonymous_0)
FN:23,(anonymous_1)
FNF:2
FNH:2
FNDA:4,(anonymous_0)
FNDA:4,(anonymous_1)
DA:9,1
DA:10,4
DA:23,4
DA:25,1
DA:26,1
DA:28,1
DA:33,1
LF:7
LH:7
BRF:0
BRH:0
end_of_record
TN:
SF:components/organisms/ReportAProblem.js
FN:11,ReportAProblem
FN:15,(anonymous_1)
FN:30,(anonymous_2)
FNF:3
FNH:2
FNDA:10,ReportAProblem
FNDA:2,(anonymous_1)
FNDA:0,(anonymous_2)
DA:12,10
DA:13,10
DA:15,10
DA:17,2
DA:19,2
DA:22,2
DA:24,2
DA:34,0
DA:37,2
DA:40,10
DA:277,3
LF:11
LH:10
BRDA:46,0,0,2
BRDA:46,0,1,8
BRF:2
BRH:2
end_of_record
TN:
SF:components/organisms/ReportAProblem.stories.js
FN:9,(anonymous_0)
FNF:1
FNH:1
FNDA:3,(anonymous_0)
DA:9,3
DA:11,1
LF:2
LH:2
BRF:0
BRH:0
end_of_record
TN:
SF:lib/index.js
FNF:0
FNH:0
LF:0
LH:0
BRF:0
BRH:0
end_of_record
TN:
SF:lib/mongodb/connect.js
FN:20,connectToDatabase
FN:33,(anonymous_1)
FN:53,closeConnection
FNF:3
FNH:3
FNDA:9,connectToDatabase
FNDA:5,(anonymous_1)
FNDA:4,closeConnection
DA:8,5
DA:10,5
DA:11,5
DA:22,9
DA:23,4
DA:27,5
DA:28,5
DA:33,5
DA:35,5
DA:37,5
DA:42,5
DA:43,5
DA:50,5
DA:54,4
DA:55,4
DA:56,0
DA:57,0
DA:58,0
LF:18
LH:15
BRDA:10,0,0,5
BRDA:10,0,1,0
BRDA:22,1,0,4
BRDA:22,1,1,5
BRDA:27,2,0,5
BRDA:27,2,1,0
BRDA:54,3,0,4
BRDA:54,3,1,0
BRF:8
BRH:5
end_of_record
TN:
SF:lib/notify/submitEmail.js
FN:3,(anonymous_0)
FNF:1
FNH:1
FNDA:1,(anonymous_0)
DA:3,3
DA:11,1
DA:29,1
LF:3
LH:3
BRF:0
BRH:0
end_of_record
TN:
SF:lib/users/createUser.js
FN:11,createUser
FNF:1
FNH:1
FNDA:7,createUser
DA:12,7
LF:1
LH:1
BRDA:11,0,0,0
BRF:1
BRH:0
end_of_record
TN:
SF:lib/users/getUser.js
FN:9,getUserByCUID
FN:21,getUserByEmail
FNF:2
FNH:2
FNDA:2,getUserByCUID
FNDA:1,getUserByEmail
DA:11,2
DA:12,2
DA:22,1
DA:23,1
LF:4
LH:4
BRF:0
BRH:0
end_of_record
TN:
SF:lib/users/verifyUser.js
FN:9,verifyUser
FNF:1
FNH:1
FNDA:2,verifyUser
DA:10,2
LF:1
LH:1
BRF:0
BRH:0
end_of_record
TN:
SF:middlewares/joi.js
FN:11,validate
FN:12,(anonymous_1)
FN:19,(anonymous_2)
FNF:3
FNH:3
FNDA:2,validate
FNDA:7,(anonymous_1)
FNDA:4,(anonymous_2)
DA:12,2
DA:13,7
DA:14,7
DA:15,7
DA:16,5
DA:18,2
DA:19,2
DA:20,4
DA:22,2
LF:9
LH:9
BRDA:11,0,0,0
BRDA:15,1,0,5
BRDA:15,1,1,2
BRF:3
BRH:2
end_of_record
TN:
SF:pages/404.js
FN:7,error404
FN:103,(anonymous_1)
FNF:2
FNH:0
FNDA:0,error404
FNDA:0,(anonymous_1)
DA:8,0
DA:103,0
LF:2
LH:0
BRF:0
BRH:0
end_of_record
TN:
SF:pages/_app.js
FN:15,MyApp
FN:18,(anonymous_1)
FNF:2
FNH:0
FNDA:0,MyApp
FNDA:0,(anonymous_1)
DA:11,0
DA:12,0
DA:16,0
DA:18,0
DA:19,0
DA:20,0
DA:21,0
DA:22,0
DA:27,0
LF:9
LH:0
BRDA:11,0,0,0
BRDA:11,0,1,0
BRDA:19,1,0,0
BRDA:19,1,1,0
BRDA:21,2,0,0
BRDA:21,2,1,0
BRF:6
BRH:0
end_of_record
TN:
SF:pages/_document.js
FN:6,(anonymous_0)
FN:11,(anonymous_1)
FNF:2
FNH:0
FNDA:0,(anonymous_0)
FNDA:0,(anonymous_1)
DA:7,0
DA:8,0
DA:12,0
LF:3
LH:0
BRF:0
BRH:0
end_of_record
TN:
SF:pages/about.js
FN:7,About
FN:46,(anonymous_1)
FNF:2
FNH:0
FNDA:0,About
FNDA:0,(anonymous_1)
DA:8,0
DA:9,0
DA:11,0
DA:46,0
DA:47,0
LF:5
LH:0
BRF:0
BRH:0
end_of_record
TN:
SF:pages/experiments.js
FN:10,Experiments
FN:19,(anonymous_1)
FN:27,(anonymous_2)
FN:48,(anonymous_3)
FN:56,(anonymous_4)
FN:93,(anonymous_5)
FN:99,(anonymous_6)
FNF:7
FNH:0
FNDA:0,Experiments
FNDA:0,(anonymous_1)
FNDA:0,(anonymous_2)
FNDA:0,(anonymous_3)
FNDA:0,(anonymous_4)
FNDA:0,(anonymous_5)
FNDA:0,(anonymous_6)
DA:11,0
DA:12,0
DA:13,0
DA:14,0
DA:19,0
DA:20,0
DA:27,0
DA:28,0
DA:48,0
DA:49,0
DA:50,0
DA:51,0
DA:53,0
DA:54,0
DA:56,0
DA:62,0
DA:93,0
DA:94,0
DA:95,0
DA:97,0
DA:100,0
DA:101,0
DA:107,0
DA:119,0
LF:24
LH:0
BRDA:31,0,0,0
BRDA:31,0,1,0
BRDA:38,1,0,0
BRDA:38,1,1,0
BRDA:49,2,0,0
BRDA:49,2,1,0
BRDA:100,3,0,0
BRDA:100,3,1,0
BRF:8
BRH:0
end_of_record
TN:
SF:pages/index.js
FN:11,Home
FN:94,(anonymous_1)
FNF:2
FNH:1
FNDA:1,Home
FNDA:0,(anonymous_1)
DA:12,1
DA:13,1
DA:15,1
DA:94,1
LF:4
LH:4
BRF:0
BRH:0
end_of_record
TN:
SF:pages/signup.js
FN:29,(anonymous_0)
FN:30,(anonymous_1)
FN:48,(anonymous_2)
FN:49,(anonymous_3)
FN:72,(anonymous_4)
FN:73,(anonymous_5)
FN:101,(anonymous_6)
FN:102,(anonymous_7)
FN:116,(anonymous_8)
FN:117,(anonymous_9)
FN:130,Signup
FN:166,(anonymous_11)
FN:180,(anonymous_12)
FN:202,(anonymous_13)
FN:232,(anonymous_14)
FN:262,(anonymous_15)
FN:439,(anonymous_16)
FN:449,(anonymous_17)
FN:543,(anonymous_18)
FN:551,(anonymous_19)
FN:564,(anonymous_20)
FN:577,(anonymous_21)
FN:595,(anonymous_22)
FN:605,(anonymous_23)
FN:615,(anonymous_24)
FN:625,(anonymous_25)
FN:635,(anonymous_26)
FN:660,(anonymous_27)
FN:674,(anonymous_28)
FN:682,(anonymous_29)
FN:690,(anonymous_30)
FN:782,(anonymous_31)
FN:798,(anonymous_32)
FN:833,(anonymous_33)
FN:841,(anonymous_34)
FN:849,(anonymous_35)
FN:857,(anonymous_36)
FN:865,(anonymous_37)
FN:873,(anonymous_38)
FN:884,(anonymous_39)
FN:926,(anonymous_40)
FNF:41
FNH:0
FNDA:0,(anonymous_0)
FNDA:0,(anonymous_1)
FNDA:0,(anonymous_2)
FNDA:0,(anonymous_3)
FNDA:0,(anonymous_4)
FNDA:0,(anonymous_5)
FNDA:0,(anonymous_6)
FNDA:0,(anonymous_7)
FNDA:0,(anonymous_8)
FNDA:0,(anonymous_9)
FNDA:0,Signup
FNDA:0,(anonymous_11)
FNDA:0,(anonymous_12)
FNDA:0,(anonymous_13)
FNDA:0,(anonymous_14)
FNDA:0,(anonymous_15)
FNDA:0,(anonymous_16)
FNDA:0,(anonymous_17)
FNDA:0,(anonymous_18)
FNDA:0,(anonymous_19)
FNDA:0,(anonymous_20)
FNDA:0,(anonymous_21)
FNDA:0,(anonymous_22)
FNDA:0,(anonymous_23)
FNDA:0,(anonymous_24)
FNDA:0,(anonymous_25)
FNDA:0,(anonymous_26)
FNDA:0,(anonymous_27)
FNDA:0,(anonymous_28)
FNDA:0,(anonymous_29)
FNDA:0,(anonymous_30)
FNDA:0,(anonymous_31)
FNDA:0,(anonymous_32)
FNDA:0,(anonymous_33)
FNDA:0,(anonymous_34)
FNDA:0,(anonymous_35)
FNDA:0,(anonymous_36)
FNDA:0,(anonymous_37)
FNDA:0,(anonymous_38)
FNDA:0,(anonymous_39)
FNDA:0,(anonymous_40)
DA:25,0
DA:30,0
DA:31,0
DA:33,0
DA:34,0
DA:36,0
DA:38,0
DA:41,0
DA:49,0
DA:50,0
DA:52,0
DA:53,0
DA:55,0
DA:56,0
DA:58,0
DA:59,0
DA:61,0
DA:62,0
DA:64,0
DA:67,0
DA:73,0
DA:74,0
DA:76,0
DA:77,0
DA:79,0
DA:82,0
DA:102,0
DA:103,0
DA:105,0
DA:106,0
DA:108,0
DA:111,0
DA:117,0
DA:118,0
DA:120,0
DA:121,0
DA:123,0
DA:126,0
DA:131,0
DA:132,0
DA:134,0
DA:135,0
DA:137,0
DA:138,0
DA:140,0
DA:141,0
DA:143,0
DA:144,0
DA:146,0
DA:147,0
DA:149,0
DA:151,0
DA:152,0
DA:154,0
DA:155,0
DA:157,0
DA:159,0
DA:160,0
DA:162,0
DA:164,0
DA:166,0
DA:168,0
DA:169,0
DA:170,0
DA:171,0
DA:172,0
DA:173,0
DA:176,0
DA:180,0
DA:181,0
DA:182,0
DA:183,0
DA:184,0
DA:185,0
DA:186,0
DA:188,0
DA:189,0
DA:190,0
DA:191,0
DA:192,0
DA:193,0
DA:194,0
DA:195,0
DA:196,0
DA:197,0
DA:198,0
DA:199,0
DA:202,0
DA:203,0
DA:205,0
DA:206,0
DA:207,0
DA:208,0
DA:209,0
DA:210,0
DA:211,0
DA:214,0
DA:231,0
DA:233,0
DA:240,0
DA:245,0
DA:247,0
DA:249,0
DA:257,0
DA:262,0
DA:263,0
DA:264,0
DA:265,0
DA:266,0
DA:273,0
DA:274,0
DA:280,0
DA:284,0
DA:285,0
DA:286,0
DA:288,0
DA:289,0
DA:292,0
DA:293,0
DA:295,0
DA:299,0
DA:300,0
DA:305,0
DA:314,0
DA:315,0
DA:316,0
DA:317,0
DA:321,0
DA:328,0
DA:439,0
DA:449,0
DA:543,0
DA:551,0
DA:565,0
DA:566,0
DA:577,0
DA:596,0
DA:606,0
DA:616,0
DA:626,0
DA:636,0
DA:661,0
DA:662,0
DA:674,0
DA:682,0
DA:690,0
DA:784,0
DA:785,0
DA:787,0
DA:800,0
DA:801,0
DA:802,0
DA:803,0
DA:804,0
DA:805,0
DA:806,0
DA:809,0
DA:833,0
DA:841,0
DA:849,0
DA:857,0
DA:865,0
DA:873,0
DA:885,0
DA:886,0
DA:888,0
DA:926,0
DA:927,0
LF:168
LH:0
BRDA:31,0,0,0
BRDA:31,0,1,0
BRDA:31,0,2,0
BRDA:50,1,0,0
BRDA:50,1,1,0
BRDA:50,1,2,0
BRDA:50,1,3,0
BRDA:50,1,4,0
BRDA:74,2,0,0
BRDA:74,2,1,0
BRDA:103,3,0,0
BRDA:103,3,1,0
BRDA:118,4,0,0
BRDA:118,4,1,0
BRDA:168,5,0,0
BRDA:168,5,1,0
BRDA:170,6,0,0
BRDA:170,6,1,0
BRDA:233,7,0,0
BRDA:233,7,1,0
BRDA:233,7,2,0
BRDA:233,7,3,0
BRDA:233,7,4,0
BRDA:247,8,0,0
BRDA:247,8,1,0
BRDA:265,9,0,0
BRDA:265,9,1,0
BRDA:273,10,0,0
BRDA:273,10,1,0
BRDA:288,11,0,0
BRDA:288,11,1,0
BRDA:292,12,0,0
BRDA:292,12,1,0
BRDA:314,13,0,0
BRDA:314,13,1,0
BRDA:314,14,0,0
BRDA:314,14,1,0
BRDA:316,15,0,0
BRDA:316,15,1,0
BRDA:342,16,0,0
BRDA:342,16,1,0
BRDA:429,17,0,0
BRDA:429,17,1,0
BRDA:784,18,0,0
BRDA:784,18,1,0
BRDA:800,19,0,0
BRDA:800,19,1,0
BRDA:802,20,0,0
BRDA:802,20,1,0
BRDA:878,21,0,0
BRDA:878,21,1,0
BRDA:885,22,0,0
BRDA:885,22,1,0
BRF:53
BRH:0
end_of_record
TN:
SF:pages/splash.js
FN:6,(anonymous_0)
FN:12,Splash
FN:71,(anonymous_2)
FNF:3
FNH:0
FNDA:0,(anonymous_0)
FNDA:0,Splash
FNDA:0,(anonymous_2)
DA:6,0
DA:7,0
DA:13,0
DA:71,0
LF:4
LH:0
BRDA:7,0,0,0
BRDA:7,0,1,0
BRF:2
BRH:0
end_of_record
TN:
SF:pages/api/report-a-problem.js
FN:7,handler
FNF:1
FNH:1
FNDA:5,handler
DA:8,5
DA:10,5
DA:14,2
DA:16,3
DA:17,3
DA:46,2
DA:47,1
DA:49,1
DA:50,1
DA:53,1
DA:54,1
DA:58,0
DA:59,0
LF:13
LH:11
BRDA:8,0,0,5
BRDA:8,0,1,0
BRDA:10,1,0,2
BRDA:10,1,1,3
BRDA:11,2,0,5
BRDA:11,2,1,4
BRDA:20,3,0,3
BRDA:20,3,1,0
BRDA:46,4,0,1
BRDA:46,4,1,1
BRF:10
BRH:8
end_of_record
TN:
SF:pages/api/sign-up.js
FN:7,handler
FNF:1
FNH:1
FNDA:5,handler
DA:9,5
DA:10,1
DA:14,4
DA:15,4
DA:16,4
DA:28,4
DA:29,4
DA:30,4
DA:31,4
DA:32,4
DA:33,3
DA:35,1
DA:36,1
DA:41,0
DA:48,3
DA:49,3
DA:50,3
DA:64,2
DA:65,0
DA:73,1
DA:79,2
DA:81,0
DA:82,0
DA:86,1
LF:24
LH:20
BRDA:9,0,0,1
BRDA:9,0,1,4
BRDA:14,1,0,4
BRDA:14,1,1,0
BRDA:35,2,0,1
BRDA:35,2,1,0
BRDA:55,3,0,1
BRDA:55,3,1,2
BRDA:64,4,0,0
BRDA:64,4,1,2
BRF:10
BRH:7
end_of_record
