TN:
SF:components/index.js
FNF:0
FNH:0
LF:0
LH:0
BRF:0
BRH:0
end_of_record
TN:
SF:components/atoms/ActionButton.js
FN:6,ActionButton
FNF:1
FNH:1
FNDA:6,ActionButton
DA:7,6
DA:41,2
LF:2
LH:2
BRDA:11,0,0,2
BRDA:11,0,1,4
BRDA:11,1,0,6
BRDA:11,1,1,3
BRDA:11,1,2,2
BRDA:16,2,0,3
BRDA:16,2,1,3
BRDA:16,3,0,6
BRDA:16,3,1,3
BRDA:20,4,0,0
BRDA:20,4,1,6
BRDA:20,5,0,6
BRDA:20,5,1,0
BRDA:22,6,0,1
BRDA:22,6,1,5
BRDA:28,7,0,6
BRDA:28,7,1,6
BRDA:32,8,0,0
BRDA:32,8,1,6
BRF:19
BRH:16
end_of_record
TN:
SF:components/atoms/ActionButton.stories.js
FN:8,(anonymous_0)
FNF:1
FNH:1
FNDA:3,(anonymous_0)
DA:8,3
DA:10,1
DA:11,1
DA:12,1
DA:14,1
DA:20,1
DA:27,1
LF:7
LH:7
BRF:0
BRH:0
end_of_record
TN:
SF:lib/index.js
FNF:0
FNH:0
LF:0
LH:0
BRF:0
BRH:0
end_of_record
TN:
SF:pages/_app.js
FN:3,MyApp
FNF:1
FNH:0
FNDA:0,MyApp
DA:4,0
LF:1
LH:0
BRF:0
BRH:0
end_of_record
TN:
SF:pages/_document.js
FN:6,(anonymous_0)
FN:11,(anonymous_1)
FNF:2
FNH:0
FNDA:0,(anonymous_0)
FNDA:0,(anonymous_1)
DA:7,0
DA:8,0
DA:12,0
LF:3
LH:0
BRF:0
BRH:0
end_of_record
TN:
SF:pages/index.js
FN:4,Home
FNF:1
FNH:1
FNDA:1,Home
DA:5,1
LF:1
LH:1
BRF:0
BRH:0
end_of_record
TN:
SF:pages/api/hello.js
FN:3,(anonymous_0)
FNF:1
FNH:0
FNDA:0,(anonymous_0)
DA:4,0
LF:1
LH:0
BRF:0
BRH:0
end_of_record
