TN:
SF:components/index.js
FNF:0
FNH:0
DA:1,0
LF:1
LH:0
BRF:0
BRH:0
end_of_record
TN:
SF:components/atoms/ActionButton.js
FN:8,ActionButton
FN:35,(anonymous_3)
FN:38,(anonymous_4)
FNF:3
FNH:3
FNDA:67,ActionButton
FNDA:65,(anonymous_3)
FNDA:1,(anonymous_4)
DA:1,21
DA:2,21
DA:3,21
DA:8,72
DA:11,67
DA:13,67
DA:15,67
DA:17,67
DA:19,67
DA:22,67
DA:35,65
DA:36,65
DA:37,65
DA:38,60
DA:39,1
DA:40,1
DA:41,1
DA:114,21
LF:18
LH:18
BRDA:22,0,0,9
BRDA:22,0,1,56
BRDA:24,1,0,3
BRDA:24,1,1,53
BRDA:26,2,0,1
BRDA:26,2,1,52
BRDA:28,3,0,1
BRDA:28,3,1,51
BRDA:30,4,0,2
BRDA:30,4,1,49
BRDA:37,5,0,60
BRDA:39,6,0,1
BRDA:39,7,0,1
BRDA:39,7,1,0
BRDA:48,8,0,22
BRDA:50,9,0,6
BRDA:50,9,1,16
BRDA:55,10,0,22
BRDA:55,10,1,14
BRDA:62,11,0,0
BRDA:62,11,1,22
BRDA:62,12,0,22
BRDA:62,12,1,3
BRDA:67,13,0,3
BRDA:67,13,1,19
BRDA:67,14,0,22
BRDA:67,14,1,3
BRDA:76,15,0,0
BRDA:76,15,1,43
BRDA:77,16,0,12
BRDA:77,16,1,31
BRDA:83,17,0,43
BRDA:83,17,1,15
BRDA:86,18,0,13
BRDA:86,18,1,30
BRDA:88,19,0,0
BRDA:88,19,1,43
BRDA:88,20,0,43
BRDA:88,20,1,0
BRDA:91,21,0,6
BRDA:91,21,1,37
BRDA:91,22,0,43
BRDA:91,22,1,6
BRDA:104,23,0,0
BRDA:104,23,1,43
BRDA:104,24,0,43
BRDA:104,24,1,0
BRF:47
BRH:40
end_of_record
TN:
SF:components/atoms/ActionButton.stories.js
FNF:0
FNH:0
DA:1,1
DA:3,1
DA:10,5
DA:11,3
DA:12,3
DA:13,3
DA:14,5
DA:16,1
DA:22,1
DA:29,1
DA:36,1
DA:43,1
LF:12
LH:12
BRF:0
BRH:0
end_of_record
TN:
SF:components/atoms/Alert.js
FN:11,Alert
FNF:1
FNH:1
FNDA:2,Alert
DA:1,1
DA:2,1
DA:3,1
DA:11,3
DA:41,1
LF:5
LH:5
BRDA:16,0,0,0
BRDA:16,0,1,2
BRDA:21,1,0,0
BRF:3
BRH:1
end_of_record
TN:
SF:components/atoms/Alert.stories.js
FNF:0
FNH:0
DA:1,1
DA:3,1
DA:10,4
DA:12,1
LF:4
LH:4
BRF:0
BRH:0
end_of_record
TN:
SF:components/atoms/Banner.js
FN:8,(anonymous_4)
FNF:1
FNH:1
FNDA:4,(anonymous_4)
DA:1,8
DA:2,8
DA:8,8
DA:28,8
DA:40,8
LF:5
LH:5
BRF:0
BRH:0
end_of_record
TN:
SF:components/atoms/Banner.stories.js
FNF:0
FNH:0
DA:1,1
DA:2,1
DA:4,1
DA:11,4
DA:13,1
LF:5
LH:5
BRF:0
BRH:0
end_of_record
TN:
SF:components/atoms/Breadcrumb.js
FN:9,Breadcrumb
FN:23,(anonymous_3)
FNF:2
FNH:2
FNDA:15,Breadcrumb
FNDA:8,(anonymous_3)
DA:1,8
DA:2,8
DA:3,8
DA:4,8
DA:9,15
DA:24,8
DA:50,8
LF:7
LH:7
BRDA:22,0,0,6
BRDA:22,0,1,8
BRF:2
BRH:2
end_of_record
TN:
SF:components/atoms/Breadcrumb.stories.js
FNF:0
FNH:0
DA:1,1
DA:3,1
DA:10,4
DA:11,3
DA:13,1
LF:5
LH:5
BRF:0
BRH:0
end_of_record
TN:
SF:components/atoms/CheckBox.js
FN:6,CheckBox
FN:24,(anonymous_3)
FNF:2
FNH:2
FNDA:73,CheckBox
FNDA:6,(anonymous_3)
DA:1,4
DA:6,72
DA:7,73
DA:25,6
DA:54,4
DA:60,4
LF:6
LH:6
BRDA:7,0,0,12
BRDA:7,0,1,56
BRDA:15,1,0,50
BRDA:15,1,1,18
BRDA:26,2,0,4
BRDA:26,2,1,2
BRDA:32,3,0,0
BRDA:32,3,1,68
BRDA:39,4,0,0
BRDA:39,4,1,68
BRDA:40,5,0,0
BRDA:40,5,1,68
BRDA:43,6,0,0
BRDA:43,6,1,68
BRF:14
BRH:10
end_of_record
TN:
SF:components/atoms/CheckBox.stories.js
FNF:0
FNH:0
DA:1,1
DA:2,1
DA:4,1
DA:20,7
DA:21,1
DA:29,6
DA:30,1
DA:39,1
DA:40,1
DA:49,1
DA:50,1
LF:11
LH:11
BRF:0
BRH:0
end_of_record
TN:
SF:components/atoms/DSButton.js
FN:6,DSButton
FNF:1
FNH:1
FNDA:14,DSButton
DA:1,11
DA:2,11
DA:6,11
DA:9,14
DA:11,14
DA:13,14
DA:15,14
DA:17,14
DA:20,14
DA:94,11
DA:101,11
LF:11
LH:11
BRDA:20,0,0,6
BRDA:20,0,1,4
BRDA:22,1,0,1
BRDA:22,1,1,3
BRDA:24,2,0,1
BRDA:24,2,1,2
BRDA:26,3,0,1
BRDA:26,3,1,1
BRDA:28,4,0,1
BRDA:28,4,1,0
BRDA:33,5,0,8
BRDA:42,6,0,0
BRDA:42,6,1,8
BRDA:42,7,0,8
BRDA:42,7,1,0
BRDA:49,8,0,1
BRDA:49,8,1,7
BRDA:55,9,0,0
BRDA:55,9,1,8
BRDA:55,10,0,8
BRDA:55,10,1,0
BRDA:65,11,0,2
BRDA:65,11,1,0
BRDA:72,12,0,0
BRDA:72,12,1,2
BRDA:72,13,0,2
BRDA:72,13,1,0
BRDA:81,14,0,0
BRDA:81,14,1,2
BRDA:81,15,0,2
BRDA:81,15,1,0
BRF:31
BRH:21
end_of_record
TN:
SF:components/atoms/DSButton.stories.js
FNF:0
FNH:0
DA:1,1
DA:3,1
DA:10,2
DA:11,1
DA:12,2
DA:13,2
DA:14,2
DA:15,2
DA:17,1
DA:24,1
DA:33,1
DA:40,1
DA:48,1
DA:55,1
LF:14
LH:14
BRF:0
BRH:0
end_of_record
TN:
SF:components/atoms/DateModified.js
FN:4,DateModified
FNF:1
FNH:1
FNDA:22,DateModified
DA:1,8
DA:2,8
DA:4,16
DA:5,22
DA:7,14
DA:8,14
DA:9,8
DA:10,2
DA:11,6
DA:28,8
DA:32,8
LF:11
LH:11
BRDA:8,0,0,8
BRDA:9,1,0,2
BRDA:9,1,1,6
BRDA:19,2,0,6
BRF:4
BRH:4
end_of_record
TN:
SF:components/atoms/DateModified.stories.js
FNF:0
FNH:0
DA:1,1
DA:3,1
DA:10,5
DA:12,1
LF:4
LH:4
BRF:0
BRH:0
end_of_record
TN:
SF:components/atoms/ErrorLabel.js
FN:6,ErrorLabel
FNF:1
FNH:1
FNDA:5,ErrorLabel
DA:1,15
DA:6,7
DA:16,15
LF:3
LH:3
BRF:0
BRH:0
end_of_record
TN:
SF:components/atoms/ErrorLabel.stories.js
FNF:0
FNH:0
DA:1,1
DA:2,1
DA:4,1
DA:11,5
DA:12,1
LF:5
LH:5
BRF:0
BRH:0
end_of_record
TN:
SF:components/atoms/HTMList.js
FN:3,HTMList
FN:4,(anonymous_3)
FN:7,(anonymous_4)
FN:8,(anonymous_5)
FNF:4
FNH:4
FNDA:7,HTMList
FNDA:7,(anonymous_3)
FNDA:18,(anonymous_4)
FNDA:13,(anonymous_5)
DA:1,1
DA:3,7
DA:4,7
DA:5,7
DA:7,18
DA:9,13
DA:21,1
LF:7
LH:7
BRDA:3,0,0,5
BRDA:15,1,0,6
BRF:2
BRH:2
end_of_record
TN:
SF:components/atoms/Image.js
FN:3,Image
FNF:1
FNH:1
FNDA:22,Image
DA:1,15
DA:3,22
DA:4,22
DA:13,15
LF:4
LH:4
BRDA:4,0,0,19
BRDA:4,1,0,4
BRF:2
BRH:2
end_of_record
TN:
SF:components/atoms/Image.stories.js
FNF:0
FNH:0
DA:1,1
DA:3,1
DA:7,1
DA:8,1
DA:12,1
DA:13,1
DA:14,1
DA:15,1
DA:17,1
DA:23,1
DA:30,1
DA:36,1
LF:12
LH:12
BRF:0
BRH:0
end_of_record
TN:
SF:components/atoms/Link.js
FN:6,Link
FN:42,onKeyDown
FNF:2
FNH:1
FNDA:333,Link
FNDA:0,onKeyDown
DA:2,12
DA:6,323
DA:8,333
DA:9,333
DA:11,1
DA:13,1
DA:15,1
DA:17,1
DA:19,61
DA:21,61
DA:23,252
DA:25,252
DA:27,1
DA:29,1
DA:31,1
DA:33,1
DA:35,5
DA:37,5
DA:40,322
DA:43,0
DA:99,12
DA:104,12
LF:22
LH:21
BRDA:9,0,0,1
BRDA:9,0,1,1
BRDA:9,0,2,61
BRDA:9,0,3,252
BRDA:9,0,4,1
BRDA:9,0,5,1
BRDA:9,0,6,5
BRDA:40,1,0,322
BRDA:40,1,1,322
BRDA:47,2,0,0
BRDA:52,3,0,0
BRDA:52,3,1,0
BRDA:58,4,0,0
BRDA:58,4,1,0
BRDA:65,5,0,0
BRDA:65,5,1,0
BRDA:82,6,0,322
BRDA:82,6,1,322
BRDA:84,7,0,0
BRDA:84,7,1,322
BRDA:88,8,0,0
BRDA:88,8,1,322
BRF:22
BRH:13
end_of_record
TN:
SF:components/atoms/Link.stories.js
FNF:0
FNH:0
DA:1,1
DA:3,1
DA:10,5
DA:11,3
DA:12,3
DA:13,3
DA:14,3
DA:15,3
DA:17,1
DA:23,1
DA:30,1
DA:37,1
DA:44,1
DA:51,1
LF:14
LH:14
BRF:0
BRH:0
end_of_record
TN:
SF:components/atoms/MultiTextField.js
FN:8,MultiTextField
FN:41,(anonymous_3)
FNF:2
FNH:2
FNDA:8,MultiTextField
FNDA:1,(anonymous_3)
DA:1,3
DA:2,3
DA:3,3
DA:8,6
DA:9,8
DA:41,1
DA:57,3
DA:62,3
LF:8
LH:8
BRDA:14,0,0,0
BRDA:14,0,1,4
BRDA:19,1,0,1
BRDA:19,1,1,3
BRDA:23,2,0,0
BRDA:23,2,1,4
BRDA:33,3,0,0
BRDA:33,3,1,4
BRDA:36,4,0,0
BRDA:36,4,1,4
BRF:10
BRH:6
end_of_record
TN:
SF:components/atoms/MultiTextField.stories.js
FNF:0
FNH:0
DA:1,1
DA:2,1
DA:4,1
DA:20,4
DA:21,1
DA:29,1
DA:30,1
DA:39,1
DA:40,1
LF:9
LH:9
BRF:0
BRH:0
end_of_record
TN:
SF:components/atoms/ProjectInfo.js
FN:4,ProjectInfo
FNF:1
FNH:1
FNDA:7,ProjectInfo
DA:1,6
DA:2,6
DA:4,8
DA:40,6
LF:4
LH:4
BRDA:10,0,0,7
BRDA:10,0,1,7
BRDA:14,1,0,7
BRDA:14,1,1,2
BRF:4
BRH:4
end_of_record
TN:
SF:components/atoms/ProjectInfo.stories.js
FNF:0
FNH:0
DA:1,1
DA:3,1
DA:10,4
DA:12,1
LF:4
LH:4
BRF:0
BRH:0
end_of_record
TN:
SF:components/atoms/RadioButton.js
FN:6,RadioButton
FN:22,(anonymous_3)
FN:25,(anonymous_4)
FNF:3
FNH:3
FNDA:19,RadioButton
FNDA:3,(anonymous_3)
FNDA:1,(anonymous_4)
DA:1,2
DA:6,18
DA:7,19
DA:23,3
DA:26,1
DA:27,1
DA:28,1
DA:29,0
DA:31,1
DA:51,2
DA:55,2
LF:11
LH:10
BRDA:7,0,0,15
BRDA:7,0,1,1
BRDA:12,1,0,1
BRDA:12,1,1,1
BRDA:26,2,0,1
BRDA:28,3,0,0
BRDA:41,4,0,4
BRDA:41,4,1,12
BRDA:42,5,0,4
BRDA:42,5,1,12
BRF:10
BRH:9
end_of_record
TN:
SF:components/atoms/RadioButton.stories.js
FNF:0
FNH:0
DA:1,1
DA:2,1
DA:4,1
DA:11,12
DA:12,1
DA:20,2
DA:21,1
DA:30,3
DA:31,1
DA:40,3
DA:41,1
DA:50,3
DA:51,1
LF:13
LH:13
BRF:0
BRH:0
end_of_record
TN:
SF:components/atoms/RadioField.js
FN:6,RadioField
FN:24,(anonymous_3)
FN:42,(anonymous_4)
FNF:3
FNH:2
FNDA:12,RadioField
FNDA:1,(anonymous_3)
FNDA:0,(anonymous_4)
DA:1,4
DA:6,10
DA:7,12
DA:25,1
DA:42,0
DA:50,4
DA:55,4
LF:7
LH:6
BRDA:7,0,0,8
BRDA:7,0,1,0
BRDA:15,1,0,0
BRDA:15,1,1,8
BRDA:26,2,0,0
BRDA:26,2,1,1
BRDA:32,3,0,0
BRDA:32,3,1,8
BRDA:39,4,0,0
BRDA:39,4,1,8
BRF:10
BRH:5
end_of_record
TN:
SF:components/atoms/RadioField.stories.js
FNF:0
FNH:0
DA:1,1
DA:2,1
DA:4,1
DA:20,7
DA:21,1
DA:29,4
DA:30,1
DA:39,1
DA:40,1
LF:9
LH:9
BRF:0
BRH:0
end_of_record
TN:
SF:components/atoms/SearchBar.js
FN:6,SearchBar
FNF:1
FNH:1
FNDA:2,SearchBar
DA:1,1
DA:6,3
DA:33,1
LF:3
LH:3
BRF:0
BRH:0
end_of_record
TN:
SF:components/atoms/SearchBar.stories.js
FNF:0
FNH:0
DA:1,1
DA:3,1
DA:10,4
DA:12,1
LF:4
LH:4
BRF:0
BRH:0
end_of_record
TN:
SF:components/atoms/SelectField.js
FN:5,SelectField
FN:15,(anonymous_3)
FN:49,(anonymous_4)
FN:60,(anonymous_5)
FNF:4
FNH:3
FNDA:4,SelectField
FNDA:6,(anonymous_3)
FNDA:0,(anonymous_4)
FNDA:8,(anonymous_5)
DA:1,1
DA:2,1
DA:3,1
DA:5,4
DA:6,4
DA:8,2
DA:14,2
DA:15,2
DA:16,6
DA:17,6
DA:49,0
DA:61,8
DA:84,1
DA:88,1
LF:14
LH:13
BRDA:8,0,0,0
BRDA:8,0,1,2
BRDA:14,1,0,2
BRDA:24,2,0,0
BRDA:24,2,1,2
BRDA:29,3,0,0
BRDA:29,3,1,2
BRDA:33,4,0,0
BRDA:33,4,1,2
BRDA:40,5,0,0
BRDA:40,5,1,2
BRDA:43,6,0,0
BRDA:43,6,1,2
BRDA:48,7,0,0
BRDA:48,7,1,2
BRDA:67,8,0,0
BRDA:67,8,1,2
BRF:17
BRH:9
end_of_record
TN:
SF:components/atoms/SelectField.stories.js
FNF:0
FNH:0
DA:1,1
DA:2,1
DA:4,1
DA:20,4
DA:21,1
LF:5
LH:5
BRF:0
BRH:0
end_of_record
TN:
SF:components/atoms/TableOfContents.js
FN:3,TableOfContents
FN:9,(anonymous_3)
FNF:2
FNH:2
FNDA:2,TableOfContents
FNDA:2,(anonymous_3)
DA:1,1
DA:3,3
DA:10,2
DA:25,1
LF:4
LH:4
BRF:0
BRH:0
end_of_record
TN:
SF:components/atoms/TableOfContents.stories.js
FNF:0
FNH:0
DA:1,1
DA:3,1
DA:10,4
DA:12,1
LF:4
LH:4
BRF:0
BRH:0
end_of_record
TN:
SF:components/atoms/TextField.js
FN:8,TextField
FN:61,(anonymous_3)
FNF:2
FNH:2
FNDA:9,TextField
FNDA:2,(anonymous_3)
DA:1,3
DA:2,3
DA:3,3
DA:8,8
DA:9,9
DA:11,6
DA:61,2
DA:71,3
DA:76,3
LF:9
LH:9
BRDA:11,0,0,3
BRDA:11,0,1,3
BRDA:19,1,0,0
BRDA:19,1,1,6
BRDA:24,2,0,1
BRDA:24,2,1,5
BRDA:28,3,0,0
BRDA:28,3,1,6
BRDA:35,4,0,0
BRDA:35,4,1,6
BRDA:46,5,0,0
BRDA:46,5,1,6
BRDA:49,6,0,0
BRDA:49,6,1,6
BRDA:50,7,0,0
BRDA:50,7,1,6
BRDA:60,8,0,0
BRDA:60,8,1,6
BRF:18
BRH:11
end_of_record
TN:
SF:components/atoms/TextField.stories.js
FNF:0
FNH:0
DA:1,1
DA:2,1
DA:4,1
DA:20,4
DA:21,1
DA:29,2
DA:30,1
DA:39,3
DA:40,1
LF:9
LH:9
BRF:0
BRH:0
end_of_record
TN:
SF:components/fragment_renderer/FragmentRender.js
FN:19,(anonymous_2)
FN:179,FragmentRender
FN:182,(anonymous_4)
FNF:3
FNH:3
FNDA:7,(anonymous_2)
FNDA:8,FragmentRender
FNDA:7,(anonymous_4)
DA:1,1
DA:2,1
DA:3,1
DA:4,1
DA:5,1
DA:6,1
DA:7,1
DA:8,1
DA:10,1
DA:19,1
DA:20,7
DA:22,1
DA:48,2
DA:50,1
DA:69,1
DA:105,0
DA:109,1
DA:121,1
DA:129,1
DA:140,1
DA:175,0
DA:179,8
DA:182,8
DA:183,7
DA:184,7
DA:185,0
DA:187,7
DA:199,7
LF:28
LH:25
BRDA:20,0,0,1
BRDA:20,0,1,2
BRDA:20,0,2,1
BRDA:20,0,3,1
BRDA:20,0,4,1
BRDA:20,0,5,1
BRDA:20,0,6,0
BRDA:24,1,0,1
BRDA:24,1,1,0
BRDA:28,2,0,1
BRDA:28,2,1,0
BRDA:37,3,0,1
BRDA:37,3,1,0
BRDA:41,4,0,1
BRDA:41,4,1,0
BRDA:48,5,0,1
BRDA:48,5,1,1
BRDA:48,5,2,0
BRDA:52,6,0,1
BRDA:52,6,1,0
BRDA:55,7,0,1
BRDA:55,7,1,0
BRDA:56,8,0,1
BRDA:56,8,1,0
BRDA:63,9,0,1
BRDA:63,9,1,0
BRDA:71,10,0,1
BRDA:71,10,1,0
BRDA:74,11,0,1
BRDA:74,11,1,0
BRDA:75,12,0,1
BRDA:75,12,1,0
BRDA:82,13,0,1
BRDA:82,13,1,0
BRDA:87,14,0,1
BRDA:87,14,1,0
BRDA:91,15,0,1
BRDA:91,15,1,0
BRDA:97,16,0,1
BRDA:97,16,1,0
BRDA:111,17,0,1
BRDA:111,17,1,0
BRDA:115,18,0,1
BRDA:115,18,1,0
BRDA:123,19,0,1
BRDA:123,19,1,0
BRDA:133,20,0,1
BRDA:133,20,1,0
BRDA:136,21,0,1
BRDA:136,21,1,0
BRDA:143,22,0,1
BRDA:143,22,1,0
BRDA:147,23,0,1
BRDA:147,23,1,0
BRDA:153,24,0,1
BRDA:153,24,1,0
BRDA:157,25,0,1
BRDA:157,25,1,0
BRDA:161,26,0,1
BRDA:161,26,1,0
BRDA:167,27,0,1
BRDA:167,27,1,0
BRDA:184,28,0,0
BRF:63
BRH:34
end_of_record
TN:
SF:components/fragment_renderer/FragmentRender.stories.js
FNF:0
FNH:0
DA:1,1
DA:2,1
DA:3,1
DA:5,1
DA:13,1
DA:14,1
DA:15,1
DA:16,1
DA:17,1
DA:18,1
DA:19,1
DA:21,1
DA:89,1
DA:682,1
DA:1279,1
DA:1337,1
DA:1395,1
DA:1414,1
LF:18
LH:18
BRF:0
BRH:0
end_of_record
TN:
SF:components/fragment_renderer/PageHead.js
FN:3,PageHead
FNF:1
FNH:0
FNDA:0,PageHead
DA:1,0
DA:3,0
LF:2
LH:0
BRDA:8,0,0,0
BRDA:8,0,1,0
BRDA:15,1,0,0
BRDA:15,1,1,0
BRDA:26,2,0,0
BRDA:26,2,1,0
BRDA:36,3,0,0
BRDA:36,3,1,0
BRDA:43,4,0,0
BRDA:43,4,1,0
BRDA:49,5,0,0
BRDA:49,5,1,0
BRDA:62,6,0,0
BRDA:62,6,1,0
BRDA:82,7,0,0
BRDA:82,7,1,0
BRDA:91,8,0,0
BRDA:91,8,1,0
BRDA:99,9,0,0
BRDA:99,9,1,0
BRDA:111,10,0,0
BRDA:111,10,1,0
BRDA:124,11,0,0
BRDA:124,11,1,0
BRDA:133,12,0,0
BRDA:133,12,1,0
BRDA:142,13,0,0
BRDA:142,13,1,0
BRDA:154,14,0,0
BRDA:154,14,1,0
BRF:30
BRH:0
end_of_record
TN:
SF:components/fragment_renderer/fragment_components/ArticleCTA.js
FN:3,ArticleCTA
FNF:1
FNH:1
FNDA:2,ArticleCTA
DA:1,2
DA:3,3
LF:2
LH:2
BRF:0
BRH:0
end_of_record
TN:
SF:components/fragment_renderer/fragment_components/ArticleCTA.stories.js
FNF:0
FNH:0
DA:1,1
DA:2,1
DA:4,1
DA:11,1
DA:12,1
LF:5
LH:5
BRF:0
BRH:0
end_of_record
TN:
SF:components/fragment_renderer/fragment_components/BasicTextWithImage.js
FN:4,BasicTextWithImage
FNF:1
FNH:1
FNDA:3,BasicTextWithImage
DA:1,3
DA:2,3
DA:4,4
LF:3
LH:3
BRF:0
BRH:0
end_of_record
TN:
SF:components/fragment_renderer/fragment_components/BasicTextWithImage.stories.js
FNF:0
FNH:0
DA:1,1
DA:2,1
DA:4,1
DA:11,1
DA:12,1
LF:5
LH:5
BRF:0
BRH:0
end_of_record
TN:
SF:components/fragment_renderer/fragment_components/Button.js
FN:3,Button
FNF:1
FNH:1
FNDA:3,Button
DA:1,2
DA:3,4
DA:5,3
LF:3
LH:3
BRDA:5,0,0,0
BRDA:5,0,1,3
BRDA:7,1,0,2
BRDA:7,1,1,1
BRDA:9,2,0,1
BRDA:9,2,1,0
BRF:6
BRH:4
end_of_record
TN:
SF:components/fragment_renderer/fragment_components/Button.stories.js
FNF:0
FNH:0
DA:1,1
DA:2,1
DA:4,1
DA:11,1
DA:12,1
DA:13,1
DA:20,1
LF:7
LH:7
BRF:0
BRH:0
end_of_record
TN:
SF:components/fragment_renderer/fragment_components/ImageFragment.js
FN:3,ImageFragment
FNF:1
FNH:0
FNDA:0,ImageFragment
DA:1,0
DA:3,0
LF:2
LH:0
BRDA:9,0,0,0
BRDA:9,0,1,0
BRDA:14,1,0,0
BRDA:14,1,1,0
BRDA:25,2,0,0
BRDA:25,2,1,0
BRF:6
BRH:0
end_of_record
TN:
SF:components/fragment_renderer/fragment_components/ImageFragment.stories.js
FNF:0
FNH:0
DA:1,0
DA:2,0
DA:4,0
LF:3
LH:0
BRF:0
BRH:0
end_of_record
TN:
SF:components/fragment_renderer/fragment_components/ImageVerticalLineContent.js
FN:5,ImageVerticalLineContent
FNF:1
FNH:1
FNDA:5,ImageVerticalLineContent
DA:1,3
DA:2,3
DA:3,3
DA:5,6
LF:4
LH:4
BRDA:29,0,0,3
BRDA:29,0,1,2
BRF:2
BRH:2
end_of_record
TN:
SF:components/fragment_renderer/fragment_components/ImageVerticalLineContent.stories.js
FNF:0
FNH:0
DA:1,1
DA:2,1
DA:3,1
DA:4,1
DA:6,1
DA:14,1
DA:15,1
DA:16,1
DA:36,1
LF:9
LH:9
BRF:0
BRH:0
end_of_record
TN:
SF:components/fragment_renderer/fragment_components/ImageWithCollapse.js
FN:4,ImageWithCollapse
FNF:1
FNH:1
FNDA:3,ImageWithCollapse
DA:1,2
DA:2,2
DA:4,4
LF:3
LH:3
BRDA:30,0,0,3
BRDA:30,0,1,0
BRF:2
BRH:1
end_of_record
TN:
SF:components/fragment_renderer/fragment_components/ImageWithCollapse.stories.js
FNF:0
FNH:0
DA:1,1
DA:2,1
DA:3,1
DA:4,1
DA:6,1
DA:13,2
DA:14,1
LF:7
LH:7
BRF:0
BRH:0
end_of_record
TN:
SF:components/fragment_renderer/fragment_components/QuoteVerticalLineContent.js
FN:3,QuoteVerticalLineContent
FNF:1
FNH:1
FNDA:2,QuoteVerticalLineContent
DA:1,2
DA:3,3
LF:2
LH:2
BRF:0
BRH:0
end_of_record
TN:
SF:components/fragment_renderer/fragment_components/QuoteVerticalLineContent.stories.js
FNF:0
FNH:0
DA:1,1
DA:2,1
DA:4,1
DA:12,1
DA:13,1
LF:5
LH:5
BRF:0
BRH:0
end_of_record
TN:
SF:components/fragment_renderer/fragment_components/TextContent.js
FN:3,TextContent
FNF:1
FNH:1
FNDA:2,TextContent
DA:1,2
DA:3,3
LF:2
LH:2
BRF:0
BRH:0
end_of_record
TN:
SF:components/fragment_renderer/fragment_components/TextContent.stories.js
FNF:0
FNH:0
DA:1,1
DA:2,1
DA:4,1
DA:11,1
DA:13,1
LF:5
LH:5
BRF:0
BRH:0
end_of_record
TN:
SF:components/fragment_renderer/fragment_components/TextWithImage.js
FN:4,TextWithImage
FNF:1
FNH:1
FNDA:5,TextWithImage
DA:1,2
DA:2,2
DA:4,5
DA:15,5
DA:40,0
LF:5
LH:4
BRDA:15,0,0,0
BRF:1
BRH:0
end_of_record
TN:
SF:components/fragment_renderer/fragment_components/TextWithImage.stories.js
FNF:0
FNH:0
DA:1,1
DA:2,1
DA:3,1
DA:4,1
DA:6,1
DA:13,1
DA:14,1
DA:15,1
DA:17,1
DA:37,1
DA:57,1
LF:11
LH:11
BRF:0
BRH:0
end_of_record
TN:
SF:components/molecules/CTA.js
FN:5,CTA
FN:13,(anonymous_2)
FNF:2
FNH:2
FNDA:5,CTA
FNDA:5,(anonymous_2)
DA:1,3
DA:2,3
DA:3,3
DA:5,7
DA:13,5
LF:5
LH:5
BRDA:10,0,0,3
BRDA:29,1,0,0
BRDA:36,2,0,5
BRF:3
BRH:2
end_of_record
TN:
SF:components/molecules/CTA.stories.js
FNF:0
FNH:0
DA:1,1
DA:2,1
DA:3,1
DA:10,4
DA:11,1
DA:23,2
DA:24,1
LF:7
LH:7
BRF:0
BRH:0
end_of_record
TN:
SF:components/molecules/Card.js
FN:11,(anonymous_4)
FNF:1
FNH:1
FNDA:8,(anonymous_4)
DA:1,6
DA:2,6
DA:3,6
DA:4,6
DA:5,6
DA:11,6
DA:12,8
DA:19,8
DA:98,6
DA:160,9
LF:10
LH:10
BRDA:19,0,0,8
BRDA:19,0,1,7
BRDA:30,1,0,5
BRDA:30,1,1,3
BRDA:49,2,0,0
BRDA:49,2,1,8
BRDA:50,3,0,0
BRDA:50,3,1,0
BRDA:61,4,0,1
BRDA:61,4,1,7
BRDA:72,5,0,0
BRDA:72,5,1,8
BRDA:82,6,0,0
BRDA:82,6,1,8
BRF:14
BRH:9
end_of_record
TN:
SF:components/molecules/Card.stories.js
FNF:0
FNH:0
DA:1,1
DA:2,1
DA:3,1
DA:5,1
DA:12,4
DA:13,2
DA:14,1
DA:15,1
DA:16,1
DA:18,1
DA:26,1
DA:35,1
DA:44,1
DA:52,1
LF:14
LH:14
BRF:0
BRH:0
end_of_record
TN:
SF:components/molecules/Collapse.js
FN:3,Collapse
FNF:1
FNH:1
FNDA:22,Collapse
DA:1,7
DA:3,17
DA:4,22
DA:5,15
DA:26,7
DA:30,7
LF:6
LH:6
BRF:0
BRH:0
end_of_record
TN:
SF:components/molecules/Collapse.stories.js
FNF:0
FNH:0
DA:1,1
DA:2,1
DA:4,1
DA:11,2
DA:12,1
DA:19,2
DA:20,1
LF:7
LH:7
BRF:0
BRH:0
end_of_record
TN:
SF:components/molecules/ContextualAlert.js
FN:3,ContextualAlert
FNF:1
FNH:1
FNDA:8,ContextualAlert
DA:1,2
DA:3,8
DA:4,8
DA:5,8
DA:6,8
DA:7,8
DA:18,8
DA:21,6
DA:30,6
DA:38,6
DA:73,2
LF:11
LH:11
BRDA:21,0,0,1
BRDA:21,0,1,5
BRDA:23,1,0,1
BRDA:23,1,1,4
BRDA:25,2,0,2
BRDA:25,2,1,2
BRDA:30,3,0,1
BRDA:30,3,1,5
BRDA:32,4,0,1
BRDA:32,4,1,4
BRDA:34,5,0,2
BRDA:34,5,1,2
BRDA:38,6,0,0
BRDA:38,6,1,6
BRDA:53,7,0,0
BRDA:61,8,0,0
BRF:16
BRH:13
end_of_record
TN:
SF:components/molecules/ContextualAlert.stories.js
FNF:0
FNH:0
DA:1,1
DA:2,1
DA:9,4
DA:10,2
DA:11,2
DA:12,2
DA:14,1
DA:33,1
DA:43,1
DA:53,1
LF:10
LH:10
BRF:0
BRH:0
end_of_record
TN:
SF:components/molecules/CopyToClipboard.js
FN:5,CopyToClipboard
FN:20,(anonymous_3)
FNF:2
FNH:2
FNDA:7,CopyToClipboard
FNDA:1,(anonymous_3)
DA:1,2
DA:2,2
DA:3,2
DA:5,6
DA:6,7
DA:20,1
DA:39,2
DA:44,2
LF:8
LH:8
BRDA:6,0,0,4
BRDA:6,0,1,0
BRF:2
BRH:1
end_of_record
TN:
SF:components/molecules/CopyToClipboard.stories.js
FNF:0
FNH:0
DA:1,1
DA:2,1
DA:4,1
DA:11,5
DA:13,1
LF:5
LH:5
BRF:0
BRH:0
end_of_record
TN:
SF:components/molecules/Details.js
FN:6,Details
FNF:1
FNH:1
FNDA:11,Details
DA:1,2
DA:6,11
DA:19,2
LF:3
LH:3
BRF:0
BRH:0
end_of_record
TN:
SF:components/molecules/Details.stories.js
FNF:0
FNH:0
DA:1,1
DA:2,1
DA:4,1
DA:11,6
DA:12,1
LF:5
LH:5
BRF:0
BRH:0
end_of_record
TN:
SF:components/molecules/ErrorBox.js
FN:7,ErrorBox
FN:23,(anonymous_3)
FN:29,(anonymous_4)
FNF:3
FNH:3
FNDA:5,ErrorBox
FNDA:9,(anonymous_3)
FNDA:1,(anonymous_4)
DA:1,1
DA:2,1
DA:7,5
DA:24,9
DA:29,1
DA:43,1
DA:47,1
LF:7
LH:7
BRF:0
BRH:0
end_of_record
TN:
SF:components/molecules/ErrorBox.stories.js
FNF:0
FNH:0
DA:1,1
DA:2,1
DA:4,1
DA:23,11
DA:25,1
LF:5
LH:5
BRF:0
BRH:0
end_of_record
TN:
SF:components/molecules/FeedbackWidget.js
FN:15,(anonymous_7)
FN:31,(anonymous_8)
FN:42,(anonymous_9)
FN:43,(anonymous_10)
FN:57,setFocusAfterSubmit
FN:71,(anonymous_12)
FN:176,(anonymous_13)
FN:201,(anonymous_14)
FN:272,(anonymous_15)
FN:273,(anonymous_16)
FNF:10
FNH:5
FNDA:10,(anonymous_7)
FNDA:7,(anonymous_8)
FNDA:1,(anonymous_9)
FNDA:1,(anonymous_10)
FNDA:0,setFocusAfterSubmit
FNDA:1,(anonymous_12)
FNDA:0,(anonymous_13)
FNDA:0,(anonymous_14)
FNDA:0,(anonymous_15)
FNDA:0,(anonymous_16)
DA:1,9
DA:2,9
DA:3,9
DA:4,9
DA:5,9
DA:6,9
DA:7,9
DA:8,9
DA:9,9
DA:15,9
DA:21,10
DA:22,10
DA:23,10
DA:24,10
DA:25,10
DA:26,10
DA:27,10
DA:29,10
DA:31,10
DA:32,7
DA:33,2
DA:34,2
DA:39,10
DA:43,1
DA:44,1
DA:46,0
DA:47,0
DA:49,1
DA:50,1
DA:53,1
DA:58,0
DA:61,10
DA:62,10
DA:63,10
DA:71,10
DA:73,1
DA:75,1
DA:77,1
DA:79,1
DA:81,1
DA:88,1
DA:92,1
DA:94,1
DA:96,0
DA:105,0
DA:106,0
DA:107,0
DA:108,0
DA:110,0
DA:113,0
DA:114,0
DA:115,0
DA:117,1
DA:176,0
DA:202,0
DA:203,0
DA:272,0
DA:274,0
DA:300,9
DA:307,9
LF:60
LH:43
BRDA:32,0,0,2
BRDA:44,1,0,0
BRDA:44,1,1,1
BRDA:94,2,0,0
BRDA:94,2,1,1
BRDA:105,3,0,0
BRDA:105,3,1,0
BRDA:105,4,0,0
BRDA:105,4,1,0
BRDA:123,5,0,8
BRDA:123,5,1,2
BRDA:138,6,0,0
BRDA:138,6,1,8
BRDA:140,7,0,0
BRDA:140,7,1,0
BRDA:143,8,0,0
BRDA:143,8,1,0
BRDA:151,9,0,0
BRDA:151,9,1,0
BRDA:256,10,0,2
BRDA:256,10,1,6
BRF:21
BRH:8
end_of_record
TN:
SF:components/molecules/FeedbackWidget.stories.js
FNF:0
FNH:0
DA:1,1
DA:2,1
DA:4,1
DA:11,8
DA:13,1
LF:5
LH:5
BRF:0
BRH:0
end_of_record
TN:
SF:components/molecules/Filter.js
FN:7,Filter
FN:19,(anonymous_3)
FNF:2
FNH:2
FNDA:5,Filter
FNDA:9,(anonymous_3)
DA:1,1
DA:2,1
DA:7,5
DA:20,9
DA:40,1
LF:5
LH:5
BRF:0
BRH:0
end_of_record
TN:
SF:components/molecules/Filter.stories.js
FNF:0
FNH:0
DA:1,1
DA:2,1
DA:4,1
DA:11,12
DA:13,1
LF:5
LH:5
BRF:0
BRH:0
end_of_record
TN:
SF:components/molecules/Heading.js
FN:3,Heading
FNF:1
FNH:1
FNDA:9,Heading
DA:1,7
DA:3,10
DA:4,9
DA:27,7
LF:4
LH:4
BRDA:12,0,0,9
BRDA:12,0,1,1
BRF:2
BRH:2
end_of_record
TN:
SF:components/molecules/Heading.stories.js
FNF:0
FNH:0
DA:1,1
DA:3,1
DA:10,3
DA:11,1
DA:13,1
DA:18,1
LF:6
LH:6
BRF:0
BRH:0
end_of_record
TN:
SF:components/molecules/List.js
FN:6,List
FN:10,(anonymous_3)
FNF:2
FNH:2
FNDA:2,List
FNDA:8,(anonymous_3)
DA:1,1
DA:6,3
DA:7,2
DA:12,8
DA:15,8
DA:16,8
DA:31,1
LF:7
LH:7
BRDA:15,0,0,6
BRF:1
BRH:1
end_of_record
TN:
SF:components/molecules/List.stories.js
FNF:0
FNH:0
DA:1,1
DA:2,1
DA:4,1
DA:11,5
DA:13,1
LF:5
LH:5
BRF:0
BRH:0
end_of_record
TN:
SF:components/molecules/MainBand.js
FN:4,MainBand
FN:21,(anonymous_2)
FNF:2
FNH:2
FNDA:20,MainBand
FNDA:252,(anonymous_2)
DA:1,8
DA:2,8
DA:4,12
DA:5,20
DA:22,252
LF:5
LH:5
BRDA:26,0,0,12
BRDA:26,0,1,240
BRF:2
BRH:2
end_of_record
TN:
SF:components/molecules/Menu.js
FN:9,Menu
FN:29,(anonymous_3)
FN:44,(anonymous_4)
FN:63,(anonymous_5)
FNF:4
FNH:3
FNDA:4,Menu
FNDA:1,(anonymous_3)
FNDA:0,(anonymous_4)
FNDA:12,(anonymous_5)
DA:1,1
DA:2,1
DA:3,1
DA:4,1
DA:9,4
DA:11,4
DA:12,4
DA:13,4
DA:29,1
DA:44,0
DA:64,12
DA:65,12
DA:67,12
DA:94,1
LF:14
LH:13
BRDA:46,0,0,1
BRDA:46,0,1,3
BRDA:59,1,0,1
BRDA:59,1,1,3
BRDA:72,2,0,0
BRDA:72,2,1,12
BRDA:77,3,0,0
BRDA:77,3,1,12
BRDA:78,4,0,0
BRDA:78,4,1,0
BRF:10
BRH:6
end_of_record
TN:
SF:components/molecules/Menu.stories.js
FNF:0
FNH:0
DA:1,1
DA:2,1
DA:4,1
DA:11,6
DA:13,1
LF:5
LH:5
BRF:0
BRH:0
end_of_record
TN:
SF:components/molecules/OptionalListField.js
FN:9,OptionalListField
FN:11,(anonymous_3)
FN:22,(anonymous_4)
FNF:3
FNH:3
FNDA:7,OptionalListField
FNDA:1,(anonymous_3)
FNDA:5,(anonymous_4)
DA:1,1
DA:2,1
DA:3,1
DA:4,1
DA:9,7
DA:10,7
DA:11,5
DA:12,1
DA:13,0
DA:15,1
DA:18,1
DA:19,0
DA:22,5
DA:23,5
DA:24,0
DA:26,5
DA:27,5
DA:29,0
DA:79,1
DA:83,1
LF:20
LH:16
BRDA:10,0,0,7
BRDA:10,0,1,2
BRDA:12,1,0,0
BRDA:12,1,1,1
BRDA:18,2,0,0
BRDA:23,3,0,0
BRDA:26,4,0,5
BRDA:34,5,0,4
BRDA:60,6,0,4
BRDA:60,6,1,1
BRDA:60,7,0,5
BRDA:60,7,1,2
BRDA:60,7,2,4
BRDA:63,8,0,0
BRDA:63,8,1,4
BRF:15
BRH:11
end_of_record
TN:
SF:components/molecules/OptionalListField.stories.js
FNF:0
FNH:0
DA:1,1
DA:2,1
DA:3,1
DA:4,1
DA:6,1
DA:22,1
DA:23,1
DA:48,2
DA:49,1
DA:76,2
DA:77,1
DA:104,2
DA:105,1
DA:133,2
DA:134,1
LF:15
LH:15
BRF:0
BRH:0
end_of_record
TN:
SF:components/molecules/OptionalTextField.js
FN:12,OptionalTextField
FN:16,(anonymous_3)
FN:76,(anonymous_4)
FN:94,(anonymous_5)
FNF:4
FNH:2
FNDA:58,OptionalTextField
FNDA:3,(anonymous_3)
FNDA:0,(anonymous_4)
FNDA:0,(anonymous_5)
DA:1,2
DA:2,2
DA:3,2
DA:4,2
DA:5,2
DA:6,2
DA:7,2
DA:12,56
DA:13,58
DA:14,55
DA:15,55
DA:16,55
DA:17,3
DA:18,0
DA:19,0
DA:21,3
DA:22,3
DA:25,3
DA:26,0
DA:106,2
DA:110,2
LF:21
LH:18
BRDA:13,0,0,58
BRDA:13,0,1,54
BRDA:17,1,0,0
BRDA:17,1,1,3
BRDA:25,2,0,0
BRDA:31,3,0,55
BRDA:47,4,0,55
BRDA:61,5,0,4
BRDA:61,5,1,51
BRDA:61,6,0,55
BRDA:61,6,1,54
BRDA:61,6,2,52
BRDA:62,7,0,2
BRDA:62,7,1,2
BRDA:76,8,0,0
BRDA:76,8,1,2
BRDA:94,9,0,0
BRDA:94,9,1,2
BRF:18
BRH:14
end_of_record
TN:
SF:components/molecules/OptionalTextField.stories.js
FNF:0
FNH:0
DA:1,1
DA:2,1
DA:4,1
DA:20,1
DA:21,1
DA:32,1
DA:33,1
DA:45,2
DA:46,1
DA:59,2
DA:60,1
DA:72,2
DA:73,1
LF:13
LH:13
BRF:0
BRH:0
end_of_record
TN:
SF:components/molecules/Quote.js
FN:6,Quote
FNF:1
FNH:1
FNDA:2,Quote
DA:1,1
DA:6,3
DA:21,1
LF:3
LH:3
BRF:0
BRH:0
end_of_record
TN:
SF:components/molecules/Quote.stories.js
FNF:0
FNH:0
DA:1,1
DA:2,1
DA:4,1
DA:11,5
DA:13,1
LF:5
LH:5
BRF:0
BRH:0
end_of_record
TN:
SF:components/molecules/SubFooterBand.js
FN:50,(anonymous_1)
FN:54,SubFooterBand
FN:78,(anonymous_3)
FN:98,(anonymous_4)
FNF:4
FNH:3
FNDA:12,(anonymous_1)
FNDA:12,SubFooterBand
FNDA:0,(anonymous_3)
FNDA:60,(anonymous_4)
DA:1,8
DA:2,8
DA:4,8
DA:27,8
DA:50,8
DA:51,12
DA:54,12
DA:79,0
DA:99,60
LF:9
LH:8
BRDA:51,0,0,0
BRDA:51,0,1,12
BRDA:59,1,0,0
BRDA:59,1,1,12
BRDA:60,2,0,0
BRDA:60,2,1,12
BRDA:63,3,0,0
BRDA:77,4,0,0
BRDA:77,4,1,12
BRDA:83,5,0,0
BRDA:83,5,1,0
BRDA:87,6,0,0
BRDA:87,6,1,0
BRDA:103,7,0,12
BRDA:103,7,1,48
BRDA:108,8,0,0
BRDA:108,8,1,60
BRDA:126,9,0,0
BRDA:126,9,1,12
BRDA:131,10,0,0
BRDA:131,10,1,12
BRF:21
BRH:9
end_of_record
TN:
SF:components/molecules/TextButtonField.js
FN:7,TextButtonField
FNF:1
FNH:1
FNDA:6,TextButtonField
DA:1,1
DA:2,1
DA:7,7
DA:10,6
DA:11,5
DA:44,1
LF:6
LH:6
BRDA:10,0,0,5
BRDA:11,1,0,2
BRDA:11,1,1,3
BRDA:18,2,0,0
BRDA:26,3,0,6
BRDA:26,3,1,0
BRF:6
BRH:4
end_of_record
TN:
SF:components/molecules/TextButtonField.stories.js
FNF:0
FNH:0
DA:1,1
DA:2,1
DA:4,1
DA:11,8
DA:12,3
DA:13,3
DA:14,3
DA:16,1
DA:24,1
DA:31,1
DA:39,1
LF:11
LH:11
BRF:0
BRH:0
end_of_record
TN:
SF:components/molecules/TopNavBar.js
FN:4,TopNavBar
FN:18,(anonymous_6)
FN:22,(anonymous_7)
FN:24,(anonymous_8)
FNF:4
FNH:1
FNDA:14,TopNavBar
FNDA:0,(anonymous_6)
FNDA:0,(anonymous_7)
FNDA:0,(anonymous_8)
DA:1,8
DA:2,8
DA:4,16
DA:14,14
DA:15,14
DA:18,14
DA:19,0
DA:22,14
DA:23,0
DA:24,0
DA:25,0
DA:26,0
LF:12
LH:7
BRDA:19,0,0,0
BRDA:19,0,1,0
BRDA:54,1,0,0
BRDA:54,1,1,14
BRDA:60,2,0,0
BRDA:62,3,0,0
BRDA:62,3,1,0
BRDA:77,4,0,0
BRDA:77,4,1,14
BRDA:107,5,0,0
BRDA:107,5,1,14
BRDA:111,6,0,0
BRDA:111,6,1,0
BRDA:116,7,0,0
BRDA:116,7,1,0
BRDA:123,8,0,0
BRDA:123,8,1,0
BRDA:130,9,0,0
BRDA:130,9,1,0
BRF:19
BRH:3
end_of_record
TN:
SF:components/molecules/TopNavBar.stories.js
FNF:0
FNH:0
DA:1,1
DA:2,1
DA:4,1
DA:11,6
DA:13,1
LF:5
LH:5
BRF:0
BRH:0
end_of_record
TN:
SF:components/organisms/Feedback.js
FN:6,Feedback
FN:13,handleSubmit
FN:114,(anonymous_4)
FN:120,(anonymous_5)
FNF:4
FNH:1
FNDA:11,Feedback
FNDA:0,handleSubmit
FNDA:0,(anonymous_4)
FNDA:0,(anonymous_5)
DA:1,7
DA:2,7
DA:3,7
DA:4,7
DA:7,11
DA:8,11
DA:10,11
DA:11,11
DA:14,0
DA:15,0
DA:16,0
DA:24,0
DA:114,0
DA:120,0
DA:132,11
LF:15
LH:9
BRDA:30,0,0,11
BRDA:44,1,0,11
BRDA:44,1,1,0
BRDA:109,2,0,11
BRDA:109,2,1,11
BRF:5
BRH:4
end_of_record
TN:
SF:components/organisms/Footer.js
FN:31,(anonymous_2)
FNF:1
FNH:1
FNDA:12,(anonymous_2)
DA:2,8
DA:3,8
DA:4,8
DA:5,8
DA:7,8
DA:31,13
DA:86,8
DA:91,8
LF:8
LH:8
BRDA:45,0,0,0
BRDA:45,0,1,12
BRDA:45,1,0,12
BRDA:45,1,1,0
BRF:4
BRH:2
end_of_record
TN:
SF:components/organisms/Footer.stories.js
FNF:0
FNH:0
DA:1,1
DA:2,1
DA:4,1
DA:11,1
DA:12,1
LF:5
LH:5
BRF:0
BRH:0
end_of_record
TN:
SF:components/organisms/HelpIcon.js
FN:5,(anonymous_1)
FN:7,(anonymous_2)
FN:8,(anonymous_3)
FNF:3
FNH:1
FNDA:8,(anonymous_1)
FNDA:0,(anonymous_2)
FNDA:0,(anonymous_3)
DA:1,7
DA:2,7
DA:3,7
DA:5,9
DA:6,8
DA:7,8
DA:8,8
LF:7
LH:7
BRDA:30,0,0,8
BRDA:43,1,0,0
BRDA:43,1,1,0
BRDA:67,2,0,0
BRDA:67,2,1,0
BRF:5
BRH:1
end_of_record
TN:
SF:components/organisms/HelpIcon.stories.js
FNF:0
FNH:0
DA:1,1
DA:2,1
DA:4,1
DA:11,1
DA:12,1
DA:13,1
DA:15,1
DA:21,1
DA:27,1
LF:9
LH:9
BRF:0
BRH:0
end_of_record
TN:
SF:components/organisms/Layout.js
FN:15,(anonymous_2)
FNF:1
FNH:1
FNDA:11,(anonymous_2)
DA:1,7
DA:2,7
DA:3,7
DA:4,7
DA:5,7
DA:6,7
DA:7,7
DA:8,7
DA:9,7
DA:10,7
DA:15,14
DA:32,11
DA:33,11
DA:34,11
DA:156,7
LF:15
LH:15
BRDA:33,0,0,0
BRDA:33,0,1,11
BRDA:35,1,0,11
BRDA:35,1,1,0
BRDA:35,2,0,11
BRDA:35,2,1,11
BRDA:56,3,0,0
BRDA:56,3,1,11
BRDA:78,4,0,11
BRDA:78,4,1,0
BRDA:93,5,0,11
BRDA:93,5,1,0
BRDA:106,6,0,11
BRDA:106,6,1,0
BRDA:126,7,0,2
BRDA:126,7,1,9
BRDA:126,8,0,11
BRDA:126,8,1,2
BRDA:132,9,0,11
BRDA:132,9,1,0
BRF:20
BRH:13
end_of_record
TN:
SF:components/organisms/Layout.stories.js
FN:9,(anonymous_5)
FNF:1
FNH:1
FNDA:7,(anonymous_5)
DA:1,1
DA:2,1
DA:4,1
DA:9,1
DA:25,6
DA:26,4
DA:28,1
DA:33,1
LF:8
LH:8
BRF:0
BRH:0
end_of_record
TN:
SF:components/organisms/PhaseBanner.js
FN:12,(anonymous_7)
FN:24,(anonymous_8)
FNF:2
FNH:2
FNDA:3,(anonymous_7)
FNDA:1,(anonymous_8)
DA:1,8
DA:2,8
DA:3,8
DA:5,8
DA:6,8
DA:12,8
DA:20,3
DA:21,3
DA:22,3
DA:24,3
DA:25,1
DA:26,0
DA:28,1
DA:31,1
DA:112,8
DA:135,8
LF:16
LH:15
BRDA:25,0,0,0
BRDA:25,0,1,1
BRDA:40,1,0,2
BRDA:40,1,1,1
BRDA:49,2,0,2
BRDA:49,2,1,1
BRDA:68,3,0,2
BRDA:68,3,1,1
BRF:8
BRH:7
end_of_record
TN:
SF:components/organisms/PhaseBanner.stories.js
FNF:0
FNH:0
DA:1,1
DA:2,1
DA:4,1
DA:11,2
DA:12,2
DA:14,1
DA:19,1
LF:7
LH:7
BRF:0
BRH:0
end_of_record
TN:
SF:components/organisms/ReportAProblem.js
FN:14,ReportAProblem
FN:20,(anonymous_3)
FN:84,(anonymous_4)
FNF:3
FNH:2
FNDA:9,ReportAProblem
FNDA:3,(anonymous_3)
FNDA:0,(anonymous_4)
DA:1,1
DA:2,1
DA:3,1
DA:4,1
DA:5,1
DA:6,1
DA:7,1
DA:8,1
DA:9,1
DA:14,7
DA:15,9
DA:16,8
DA:18,8
DA:20,8
DA:22,3
DA:25,3
DA:26,3
DA:27,24
DA:28,21
DA:29,1
DA:35,3
DA:37,3
DA:40,3
DA:41,5
DA:42,5
DA:46,3
DA:47,3
DA:51,3
DA:52,0
DA:62,3
DA:73,3
DA:74,21
DA:78,3
DA:88,0
DA:91,3
DA:92,1
DA:95,3
DA:373,1
LF:38
LH:36
BRDA:27,0,0,21
BRDA:28,1,0,1
BRDA:51,2,0,0
BRDA:51,2,1,3
BRDA:91,3,0,1
BRDA:105,4,0,1
BRDA:105,4,1,7
BRDA:125,5,0,1
BRDA:350,6,0,2
BRDA:350,6,1,5
BRF:10
BRH:9
end_of_record
TN:
SF:components/organisms/ReportAProblem.stories.js
FNF:0
FNH:0
DA:1,1
DA:2,1
DA:4,1
DA:11,10
LF:4
LH:4
BRF:0
BRH:0
end_of_record
TN:
SF:components/text_node_renderer/TextRecur.jsx
FN:26,TextRecur
FN:43,(anonymous_3)
FNF:2
FNH:2
FNDA:692,TextRecur
FNDA:584,(anonymous_3)
DA:1,10
DA:3,10
DA:4,10
DA:5,10
DA:6,10
DA:7,10
DA:8,10
DA:9,10
DA:10,10
DA:11,10
DA:14,10
DA:26,107
DA:27,692
DA:28,691
DA:30,691
DA:36,1
DA:44,584
LF:17
LH:17
BRDA:30,0,0,1
BRDA:31,1,0,691
BRDA:31,1,1,691
BRDA:31,1,2,30
BRDA:31,1,3,6
BRDA:41,2,0,360
BRDA:41,2,1,330
BRDA:41,3,0,690
BRDA:41,3,1,377
BRF:9
BRH:9
end_of_record
TN:
SF:components/text_node_renderer/TextRender.jsx
FN:4,TextRender
FN:7,(anonymous_3)
FNF:2
FNH:2
FNDA:37,TextRender
FNDA:107,(anonymous_3)
DA:1,10
DA:2,10
DA:4,35
DA:8,107
LF:4
LH:4
BRF:0
BRH:0
end_of_record
TN:
SF:components/text_node_renderer/nodes/Header.jsx
FN:1,Header
FNF:1
FNH:1
FNDA:17,Header
DA:1,10
DA:2,17
LF:2
LH:2
BRDA:5,0,0,1
BRDA:5,0,1,0
BRDA:9,1,0,1
BRDA:9,1,1,8
BRF:4
BRH:3
end_of_record
TN:
SF:components/text_node_renderer/nodes/LineBreak.jsx
FN:1,LineBreak
FNF:1
FNH:1
FNDA:17,LineBreak
DA:1,10
DA:2,17
LF:2
LH:2
BRF:0
BRH:0
end_of_record
TN:
SF:components/text_node_renderer/nodes/Link.jsx
FN:1,Link
FNF:1
FNH:1
FNDA:3,Link
DA:1,10
LF:1
LH:1
BRF:0
BRH:0
end_of_record
TN:
SF:components/text_node_renderer/nodes/ListItem.jsx
FN:1,ListItem
FNF:1
FNH:1
FNDA:222,ListItem
DA:1,10
LF:1
LH:1
BRF:0
BRH:0
end_of_record
TN:
SF:components/text_node_renderer/nodes/OrderedList.jsx
FN:1,UnorderedList
FNF:1
FNH:1
FNDA:2,UnorderedList
DA:1,10
LF:1
LH:1
BRF:0
BRH:0
end_of_record
TN:
SF:components/text_node_renderer/nodes/Paragraph.jsx
FN:1,Paragraph
FNF:1
FNH:1
FNDA:67,Paragraph
DA:1,10
LF:1
LH:1
BRF:0
BRH:0
end_of_record
TN:
SF:components/text_node_renderer/nodes/Span.jsx
FN:1,Span
FNF:1
FNH:0
FNDA:0,Span
DA:1,10
LF:1
LH:1
BRF:0
BRH:0
end_of_record
TN:
SF:components/text_node_renderer/nodes/Text.jsx
FN:1,Text
FNF:1
FNH:1
FNDA:310,Text
DA:1,10
DA:3,310
LF:2
LH:2
BRF:0
BRH:0
end_of_record
TN:
SF:components/text_node_renderer/nodes/UnorderedList.jsx
FN:1,UnorderedList
FNF:1
FNH:1
FNDA:53,UnorderedList
DA:1,10
LF:1
LH:1
BRF:0
BRH:0
end_of_record
TN:
SF:lib/notify/postFeedbackToGcNotify.js
FN:1,postFeedbackToGcNotify
FNF:1
FNH:0
FNDA:0,postFeedbackToGcNotify
DA:1,1
DA:2,0
LF:2
LH:1
BRF:0
BRH:0
end_of_record
TN:
SF:lib/notify/submitEmail.js
FN:3,(anonymous_3)
FN:32,(anonymous_4)
FNF:2
FNH:1
FNDA:1,(anonymous_3)
FNDA:0,(anonymous_4)
DA:1,2
DA:3,2
DA:11,1
DA:29,1
DA:32,2
DA:42,0
DA:64,0
LF:7
LH:5
BRF:0
BRH:0
end_of_record
TN:
SF:lib/utils/createBreadcrumbs.js
FN:1,(anonymous_1)
FN:2,(anonymous_2)
FNF:2
FNH:2
FNDA:5,(anonymous_1)
FNDA:5,(anonymous_2)
DA:1,5
DA:2,5
DA:3,5
LF:3
LH:3
BRDA:5,0,0,0
BRDA:5,0,1,5
BRDA:7,1,0,0
BRDA:7,1,1,5
BRF:4
BRH:2
end_of_record
TN:
SF:lib/utils/generateCollapseElements.js
FN:1,(anonymous_1)
FN:10,(anonymous_2)
FN:21,(anonymous_3)
FNF:3
FNH:0
FNDA:0,(anonymous_1)
FNDA:0,(anonymous_2)
FNDA:0,(anonymous_3)
DA:1,0
DA:2,0
DA:4,0
DA:5,0
DA:6,0
DA:9,0
DA:10,0
DA:11,0
DA:15,0
DA:20,0
DA:21,0
DA:22,0
DA:26,0
DA:31,0
DA:32,0
DA:37,0
DA:38,0
DA:42,0
LF:18
LH:0
BRDA:5,0,0,0
BRDA:5,0,1,0
BRDA:9,1,0,0
BRDA:9,1,1,0
BRDA:20,2,0,0
BRDA:20,2,1,0
BRDA:31,3,0,0
BRDA:31,3,1,0
BRDA:37,4,0,0
BRF:9
BRH:0
end_of_record
TN:
SF:lib/utils/getAllUpdateIds.js
FN:1,getAllUpdateIds
FN:2,(anonymous_2)
FNF:2
FNH:0
FNDA:0,getAllUpdateIds
FNDA:0,(anonymous_2)
DA:1,0
DA:2,0
LF:2
LH:0
BRF:0
BRH:0
end_of_record
TN:
SF:lib/utils/maskEmail.js
FN:2,maskEmail
FNF:1
FNH:1
FNDA:1,maskEmail
DA:2,1
DA:3,1
DA:4,1
DA:6,1
DA:7,14
DA:8,1
DA:9,13
DA:10,10
DA:11,10
DA:13,3
DA:14,3
DA:18,1
LF:12
LH:12
BRDA:7,0,0,1
BRDA:7,0,1,13
BRDA:9,1,0,10
BRDA:9,1,1,3
BRDA:9,2,0,13
BRDA:9,2,1,12
BRDA:9,2,2,11
BRF:7
BRH:7
end_of_record
TN:
SF:lib/utils/stripFeedback.js
FN:1,stripFeedback
FNF:1
FNH:1
FNDA:7,stripFeedback
DA:1,7
DA:3,7
DA:9,7
DA:15,7
DA:21,7
DA:25,7
DA:30,7
LF:7
LH:7
BRF:0
BRH:0
end_of_record
TN:
SF:middlewares/initMiddleware.js
FN:3,initMiddleware
FN:4,(anonymous_2)
FN:5,(anonymous_3)
FN:6,(anonymous_4)
FNF:4
FNH:0
FNDA:0,initMiddleware
FNDA:0,(anonymous_2)
FNDA:0,(anonymous_3)
FNDA:0,(anonymous_4)
DA:3,0
DA:4,0
DA:5,0
DA:6,0
DA:7,0
DA:8,0
DA:10,0
LF:7
LH:0
BRDA:7,0,0,0
BRF:1
BRH:0
end_of_record
TN:
SF:middlewares/joi.js
FN:11,validate
FN:12,(anonymous_2)
FN:19,(anonymous_3)
FNF:3
FNH:3
FNDA:1,validate
FNDA:1,(anonymous_2)
FNDA:2,(anonymous_3)
DA:1,1
DA:2,1
DA:11,1
DA:12,1
DA:13,1
DA:14,1
DA:15,1
DA:16,0
DA:18,1
DA:19,1
DA:20,2
DA:22,1
LF:12
LH:11
BRDA:11,0,0,0
BRDA:15,1,0,0
BRDA:15,1,1,1
BRF:3
BRH:1
end_of_record
TN:
SF:pages/404.js
FN:10,error404
FN:16,(anonymous_5)
FN:231,(anonymous_6)
FNF:3
FNH:2
FNDA:2,error404
FNDA:1,(anonymous_5)
FNDA:0,(anonymous_6)
DA:1,1
DA:2,1
DA:3,1
DA:4,1
DA:5,1
DA:6,1
DA:7,1
DA:8,1
DA:10,1
DA:11,2
DA:12,2
DA:13,2
DA:14,2
DA:16,2
DA:17,1
DA:18,0
DA:19,0
DA:23,1
DA:24,0
DA:26,1
DA:31,2
DA:32,1
DA:231,1
DA:232,0
DA:234,0
LF:25
LH:20
BRDA:17,0,0,0
BRDA:18,1,0,0
BRDA:18,1,1,0
BRDA:23,2,0,0
BRDA:23,2,1,1
BRDA:31,3,0,1
BRDA:52,4,0,0
BRDA:52,4,1,1
BRDA:67,5,0,0
BRDA:67,5,1,1
BRDA:117,6,0,0
BRDA:117,6,1,1
BRDA:122,7,0,0
BRDA:122,7,1,1
BRDA:161,8,0,0
BRDA:161,8,1,1
BRDA:213,9,0,0
BRDA:213,9,1,1
BRDA:218,10,0,0
BRDA:218,10,1,1
BRDA:237,11,0,0
BRDA:237,11,1,0
BRF:22
BRH:9
end_of_record
TN:
SF:pages/500.js
FN:10,error500
FN:16,(anonymous_5)
FN:260,(anonymous_6)
FNF:3
FNH:2
FNDA:2,error500
FNDA:1,(anonymous_5)
FNDA:0,(anonymous_6)
DA:1,1
DA:2,1
DA:3,1
DA:4,1
DA:5,1
DA:6,1
DA:7,1
DA:8,1
DA:10,1
DA:11,2
DA:12,2
DA:13,2
DA:14,2
DA:16,2
DA:17,1
DA:18,0
DA:19,0
DA:23,1
DA:24,0
DA:26,1
DA:31,2
DA:32,1
DA:260,1
DA:261,0
DA:263,0
LF:25
LH:20
BRDA:17,0,0,0
BRDA:18,1,0,0
BRDA:18,1,1,0
BRDA:23,2,0,0
BRDA:23,2,1,1
BRDA:31,3,0,1
BRDA:66,4,0,0
BRDA:66,4,1,1
BRDA:146,5,0,0
BRDA:146,5,1,1
BRDA:151,6,0,0
BRDA:151,6,1,1
BRDA:190,7,0,0
BRDA:190,7,1,1
BRDA:242,8,0,0
BRDA:242,8,1,1
BRDA:247,9,0,0
BRDA:247,9,1,1
BRDA:266,10,0,0
BRDA:266,10,1,0
BRF:20
BRH:8
end_of_record
TN:
SF:pages/_app.js
FN:23,MyApp
FNF:1
FNH:0
FNDA:0,MyApp
DA:1,0
DA:2,0
DA:3,0
DA:4,0
DA:5,0
DA:6,0
DA:7,0
DA:8,0
DA:10,0
DA:12,0
DA:17,0
DA:33,0
LF:12
LH:0
BRF:0
BRH:0
end_of_record
TN:
SF:pages/cdcp-apply.js
FN:9,CDCPLanding
FN:36,(anonymous_5)
FN:125,(anonymous_6)
FNF:3
FNH:0
FNDA:0,CDCPLanding
FNDA:0,(anonymous_5)
FNDA:0,(anonymous_6)
DA:1,0
DA:2,0
DA:3,0
DA:4,0
DA:5,0
DA:6,0
DA:7,0
DA:9,0
DA:10,0
DA:12,0
DA:36,0
DA:37,0
DA:38,0
DA:39,0
DA:125,0
DA:126,0
LF:16
LH:0
BRDA:37,0,0,0
BRDA:38,1,0,0
BRDA:38,1,1,0
BRDA:46,2,0,0
BRDA:46,2,1,0
BRDA:63,3,0,0
BRDA:63,3,1,0
BRDA:69,4,0,0
BRDA:69,4,1,0
BRDA:129,5,0,0
BRDA:129,5,1,0
BRF:11
BRH:0
end_of_record
TN:
SF:pages/error.js
FN:10,ErrorPage
FN:25,(anonymous_5)
FN:435,(anonymous_6)
FNF:3
FNH:0
FNDA:0,ErrorPage
FNDA:0,(anonymous_5)
FNDA:0,(anonymous_6)
DA:1,0
DA:2,0
DA:3,0
DA:4,0
DA:5,0
DA:6,0
DA:7,0
DA:8,0
DA:10,0
DA:11,0
DA:12,0
DA:13,0
DA:15,0
DA:17,0
DA:19,0
DA:21,0
DA:23,0
DA:25,0
DA:26,0
DA:27,0
DA:28,0
DA:435,0
DA:436,0
DA:438,0
LF:24
LH:0
BRDA:15,0,0,0
BRDA:15,0,1,0
BRDA:17,1,0,0
BRDA:17,1,1,0
BRDA:19,2,0,0
BRDA:19,2,1,0
BRDA:21,3,0,0
BRDA:21,3,1,0
BRDA:23,4,0,0
BRDA:23,4,1,0
BRDA:26,5,0,0
BRDA:27,6,0,0
BRDA:27,6,1,0
BRDA:45,7,0,0
BRDA:45,7,1,0
BRDA:67,8,0,0
BRDA:67,8,1,0
BRDA:98,9,0,0
BRDA:98,9,1,0
BRDA:132,10,0,0
BRDA:132,10,1,0
BRDA:156,11,0,0
BRDA:156,11,1,0
BRDA:169,12,0,0
BRDA:169,12,1,0
BRDA:174,13,0,0
BRDA:174,13,1,0
BRDA:192,14,0,0
BRDA:192,14,1,0
BRDA:209,15,0,0
BRDA:243,16,0,0
BRDA:289,17,0,0
BRDA:289,17,1,0
BRDA:309,18,0,0
BRDA:309,18,1,0
BRDA:326,19,0,0
BRDA:360,20,0,0
BRDA:418,21,0,0
BRDA:418,21,1,0
BRDA:423,22,0,0
BRDA:423,22,1,0
BRDA:441,23,0,0
BRDA:441,23,1,0
BRF:43
BRH:0
end_of_record
TN:
SF:pages/home.js
FN:11,Home
FN:15,(anonymous_5)
FN:22,(anonymous_6)
FN:38,(anonymous_7)
FN:44,(anonymous_8)
FN:90,(anonymous_9)
FN:411,(anonymous_10)
FNF:7
FNH:5
FNDA:2,Home
FNDA:1,(anonymous_5)
FNDA:1,(anonymous_6)
FNDA:0,(anonymous_7)
FNDA:1,(anonymous_8)
FNDA:1,(anonymous_9)
FNDA:0,(anonymous_10)
DA:1,1
DA:2,1
DA:3,1
DA:4,1
DA:5,1
DA:6,1
DA:7,1
DA:8,1
DA:9,1
DA:11,1
DA:12,2
DA:13,1
DA:15,1
DA:16,1
DA:22,1
DA:24,1
DA:32,1
DA:33,1
DA:34,5
DA:38,1
DA:39,0
DA:43,1
DA:45,1
DA:90,1
DA:91,1
DA:92,0
DA:93,0
DA:411,1
DA:412,0
DA:415,0
DA:419,0
LF:31
LH:25
BRDA:49,0,0,1
BRDA:49,0,1,0
BRDA:53,1,0,0
BRDA:53,1,1,1
BRDA:57,2,0,0
BRDA:57,2,1,1
BRDA:62,3,0,0
BRDA:62,3,1,1
BRDA:67,4,0,1
BRDA:67,4,1,0
BRDA:72,5,0,1
BRDA:72,5,1,0
BRDA:76,6,0,0
BRDA:76,6,1,1
BRDA:78,7,0,0
BRDA:78,7,1,1
BRDA:81,8,0,0
BRDA:81,8,1,1
BRDA:91,9,0,0
BRDA:92,10,0,0
BRDA:92,10,1,0
BRDA:102,11,0,0
BRDA:102,11,1,1
BRDA:109,12,0,0
BRDA:109,12,1,1
BRDA:114,13,0,0
BRDA:114,13,1,1
BRDA:125,14,0,0
BRDA:125,14,1,1
BRDA:135,15,0,0
BRDA:135,15,1,1
BRDA:140,16,0,0
BRDA:140,16,1,1
BRDA:146,17,0,0
BRDA:146,17,1,1
BRDA:159,18,0,0
BRDA:159,18,1,1
BRDA:181,19,0,0
BRDA:181,19,1,1
BRDA:190,20,0,0
BRDA:190,20,1,1
BRDA:196,21,0,0
BRDA:196,21,1,1
BRDA:208,22,0,0
BRDA:208,22,1,1
BRDA:219,23,0,0
BRDA:219,23,1,1
BRDA:228,24,0,0
BRDA:228,24,1,1
BRDA:235,25,0,0
BRDA:235,25,1,1
BRDA:247,26,0,0
BRDA:247,26,1,1
BRDA:258,27,0,0
BRDA:258,27,1,1
BRDA:265,28,0,0
BRDA:265,28,1,1
BRDA:270,29,0,0
BRDA:270,29,1,1
BRDA:283,30,0,0
BRDA:283,30,1,1
BRDA:301,31,0,0
BRDA:301,31,1,1
BRDA:307,32,0,0
BRDA:307,32,1,1
BRDA:315,33,0,0
BRDA:315,33,1,1
BRDA:324,34,0,0
BRDA:324,34,1,1
BRDA:335,35,0,0
BRDA:335,35,1,1
BRDA:347,36,0,0
BRDA:347,36,1,1
BRDA:353,37,0,0
BRDA:422,38,0,0
BRDA:422,38,1,0
BRDA:427,39,0,0
BRDA:427,39,1,0
BRF:78
BRH:35
end_of_record
TN:
SF:pages/index.js
FN:8,Index
FN:11,(anonymous_5)
FN:188,(anonymous_6)
FNF:3
FNH:2
FNDA:1,Index
FNDA:1,(anonymous_5)
FNDA:0,(anonymous_6)
DA:1,1
DA:2,1
DA:3,1
DA:4,1
DA:5,1
DA:6,1
DA:8,1
DA:9,1
DA:11,1
DA:12,1
DA:13,0
DA:14,0
DA:16,1
DA:188,1
LF:14
LH:12
BRDA:12,0,0,0
BRDA:13,1,0,0
BRDA:13,1,1,0
BRDA:47,2,0,0
BRDA:47,2,1,1
BRDA:190,3,0,0
BRDA:190,3,1,0
BRDA:191,4,0,0
BRDA:191,4,1,0
BRF:9
BRH:1
end_of_record
TN:
SF:pages/notsupported.js
FN:10,notSupported
FN:16,(anonymous_5)
FN:23,onClickEn
FN:28,onClickFr
FN:470,(anonymous_8)
FNF:5
FNH:2
FNDA:2,notSupported
FNDA:1,(anonymous_5)
FNDA:0,onClickEn
FNDA:0,onClickFr
FNDA:0,(anonymous_8)
DA:1,1
DA:2,1
DA:3,1
DA:4,1
DA:5,1
DA:6,1
DA:8,1
DA:10,1
DA:11,2
DA:12,1
DA:13,1
DA:14,1
DA:16,1
DA:17,1
DA:18,0
DA:19,0
DA:24,0
DA:25,0
DA:29,0
DA:30,0
DA:470,1
DA:471,0
DA:473,0
LF:23
LH:15
BRDA:17,0,0,0
BRDA:18,1,0,0
BRDA:18,1,1,0
BRDA:72,2,0,0
BRDA:72,2,1,1
BRDA:78,3,0,0
BRDA:78,3,1,1
BRDA:153,4,0,0
BRDA:153,4,1,1
BRDA:158,5,0,0
BRDA:158,5,1,1
BRDA:181,6,0,0
BRDA:181,6,1,1
BRDA:209,7,0,0
BRDA:209,7,1,1
BRDA:214,8,0,0
BRDA:214,8,1,1
BRDA:228,9,0,0
BRDA:228,9,1,1
BRDA:233,10,0,0
BRDA:233,10,1,1
BRDA:247,11,0,0
BRDA:247,11,1,1
BRDA:252,12,0,0
BRDA:252,12,1,1
BRDA:266,13,0,0
BRDA:266,13,1,1
BRDA:271,14,0,0
BRDA:271,14,1,1
BRDA:292,15,0,0
BRDA:292,15,1,1
BRDA:293,16,0,0
BRDA:293,16,1,1
BRDA:368,17,0,0
BRDA:368,17,1,1
BRDA:370,18,0,0
BRDA:370,18,1,1
BRDA:452,19,0,0
BRDA:452,19,1,1
BRDA:457,20,0,0
BRDA:457,20,1,1
BRDA:476,21,0,0
BRDA:476,21,1,0
BRF:43
BRH:19
end_of_record
TN:
SF:pages/api/healthcheck.js
FN:2,handler
FNF:1
FNH:0
FNDA:0,handler
DA:2,0
DA:3,0
LF:2
LH:0
BRF:0
BRH:0
end_of_record
TN:
SF:pages/api/report-a-problem.js
FN:7,handler
FNF:1
FNH:1
FNDA:5,handler
DA:1,1
DA:8,5
DA:10,5
DA:14,2
DA:16,3
DA:17,3
DA:46,2
DA:47,1
DA:49,1
DA:50,1
DA:53,1
DA:54,1
DA:58,0
DA:59,0
DA:63,5
LF:15
LH:13
BRDA:8,0,0,5
BRDA:8,0,1,0
BRDA:10,1,0,2
BRDA:10,1,1,3
BRDA:11,2,0,5
BRDA:11,2,1,4
BRDA:20,3,0,3
BRDA:20,3,1,0
BRDA:46,4,0,1
BRDA:46,4,1,1
BRF:10
BRH:8
end_of_record
TN:
SF:pages/api/robots.js
FN:7,handler
FNF:1
FNH:1
FNDA:2,handler
DA:7,2
DA:8,2
DA:9,1
DA:10,1
DA:11,1
DA:12,1
DA:13,1
DA:14,1
DA:16,1
DA:17,1
DA:19,2
LF:11
LH:11
BRDA:8,0,0,1
BRDA:8,0,1,1
BRF:2
BRH:2
end_of_record
TN:
SF:pages/api/submit-feedback.js
FN:3,handler
FNF:1
FNH:1
FNDA:3,handler
DA:1,1
DA:3,3
DA:4,3
DA:5,3
DA:6,1
DA:8,2
DA:9,2
DA:10,2
DA:11,1
DA:13,1
DA:16,1
DA:17,1
LF:12
LH:12
BRDA:5,0,0,1
BRDA:5,0,1,2
BRDA:10,1,0,1
BRDA:10,1,1,1
BRF:4
BRH:4
end_of_record
TN:
SF:pages/projects/benefits-navigator/[id].js
FN:11,BenefitNavigatorArticles
FN:15,(anonymous_6)
FN:86,getStaticPaths
FN:93,(anonymous_8)
FN:100,(anonymous_9)
FN:111,(anonymous_10)
FNF:6
FNH:0
FNDA:0,BenefitNavigatorArticles
FNDA:0,(anonymous_6)
FNDA:0,getStaticPaths
FNDA:0,(anonymous_8)
FNDA:0,(anonymous_9)
FNDA:0,(anonymous_10)
DA:1,0
DA:2,0
DA:3,0
DA:4,0
DA:5,0
DA:6,0
DA:7,0
DA:8,0
DA:9,0
DA:11,0
DA:12,0
DA:13,0
DA:15,0
DA:16,0
DA:17,0
DA:18,0
DA:86,0
DA:88,0
DA:92,0
DA:93,0
DA:94,0
DA:100,0
DA:102,0
DA:106,0
DA:109,0
DA:111,0
DA:112,0
DA:119,0
DA:120,0
DA:125,0
LF:30
LH:0
BRDA:16,0,0,0
BRDA:17,1,0,0
BRDA:17,1,1,0
BRDA:27,2,0,0
BRDA:27,2,1,0
BRDA:42,3,0,0
BRDA:42,3,1,0
BRDA:48,4,0,0
BRDA:48,4,1,0
BRDA:51,5,0,0
BRDA:51,5,1,0
BRDA:60,6,0,0
BRDA:60,6,1,0
BRDA:63,7,0,0
BRDA:63,7,1,0
BRDA:113,8,0,0
BRDA:113,8,1,0
BRDA:119,9,0,0
BRDA:119,10,0,0
BRDA:119,10,1,0
BRDA:130,11,0,0
BRDA:130,11,1,0
BRDA:133,12,0,0
BRDA:133,12,1,0
BRF:24
BRH:0
end_of_record
TN:
SF:pages/projects/benefits-navigator/index.js
FN:15,BenefitsNavigatorOverview
FN:20,(anonymous_5)
FN:28,(anonymous_6)
FN:55,(anonymous_7)
FN:640,(anonymous_8)
FNF:5
FNH:4
FNDA:2,BenefitsNavigatorOverview
FNDA:12,(anonymous_5)
FNDA:1,(anonymous_6)
FNDA:1,(anonymous_7)
FNDA:0,(anonymous_8)
DA:1,1
DA:2,1
DA:3,1
DA:4,1
DA:5,1
DA:6,1
DA:7,1
DA:8,1
DA:9,1
DA:10,1
DA:11,1
DA:12,1
DA:13,1
DA:15,1
DA:16,2
DA:17,1
DA:18,1
DA:21,12
DA:28,1
DA:29,1
DA:55,1
DA:56,1
DA:57,0
DA:58,0
DA:640,1
DA:642,0
DA:646,0
DA:650,0
LF:28
LH:23
BRDA:21,0,0,12
BRDA:21,0,1,11
BRDA:21,0,2,10
BRDA:21,0,3,9
BRDA:33,1,0,0
BRDA:33,1,1,1
BRDA:38,2,0,0
BRDA:38,2,1,1
BRDA:44,3,0,0
BRDA:44,3,1,1
BRDA:45,4,0,0
BRDA:45,4,1,1
BRDA:47,5,0,0
BRDA:47,5,1,1
BRDA:56,6,0,0
BRDA:57,7,0,0
BRDA:57,7,1,0
BRDA:67,8,0,0
BRDA:67,8,1,1
BRDA:78,9,0,0
BRDA:78,9,1,1
BRDA:85,10,0,0
BRDA:85,10,1,1
BRDA:97,11,0,0
BRDA:97,11,1,1
BRDA:107,12,0,0
BRDA:107,12,1,1
BRDA:117,13,0,0
BRDA:117,13,1,1
BRDA:122,14,0,0
BRDA:122,14,1,1
BRDA:128,15,0,0
BRDA:128,15,1,1
BRDA:144,16,0,0
BRDA:144,16,1,1
BRDA:164,17,0,0
BRDA:164,17,1,1
BRDA:173,18,0,0
BRDA:173,18,1,1
BRDA:179,19,0,0
BRDA:179,19,1,1
BRDA:191,20,0,0
BRDA:191,20,1,1
BRDA:204,21,0,0
BRDA:204,21,1,1
BRDA:213,22,0,0
BRDA:213,22,1,1
BRDA:220,23,0,0
BRDA:220,23,1,1
BRDA:232,24,0,0
BRDA:232,24,1,1
BRDA:247,25,0,0
BRDA:247,25,1,1
BRDA:258,26,0,0
BRDA:258,26,1,1
BRDA:263,27,0,0
BRDA:263,27,1,1
BRDA:277,28,0,0
BRDA:277,28,1,1
BRDA:286,29,0,0
BRDA:286,29,1,1
BRDA:291,30,0,0
BRDA:291,30,1,1
BRDA:296,31,0,0
BRDA:296,31,1,1
BRDA:304,32,0,0
BRDA:304,32,1,1
BRDA:311,33,0,0
BRDA:311,33,1,1
BRDA:318,34,0,0
BRDA:318,34,1,1
BRDA:323,35,0,0
BRDA:323,35,1,1
BRDA:328,36,0,0
BRDA:328,36,1,1
BRDA:340,37,0,0
BRDA:340,37,1,1
BRDA:345,38,0,0
BRDA:345,38,1,1
BRDA:350,39,0,0
BRDA:350,39,1,1
BRDA:356,40,0,0
BRDA:356,40,1,1
BRDA:363,41,0,0
BRDA:363,41,1,1
BRDA:370,42,0,0
BRDA:370,42,1,1
BRDA:378,43,0,0
BRDA:378,43,1,1
BRDA:384,44,0,0
BRDA:384,44,1,1
BRDA:393,45,0,0
BRDA:393,45,1,1
BRDA:400,46,0,0
BRDA:400,46,1,1
BRDA:422,47,0,0
BRDA:422,47,1,1
BRDA:435,48,0,0
BRDA:435,48,1,1
BRDA:444,49,0,0
BRDA:444,49,1,1
BRDA:459,50,0,0
BRDA:459,50,1,1
BRDA:466,51,0,0
BRDA:466,51,1,1
BRDA:488,52,0,0
BRDA:488,52,1,1
BRDA:501,53,0,0
BRDA:501,53,1,1
BRDA:510,54,0,0
BRDA:510,54,1,1
BRDA:525,55,0,0
BRDA:525,55,1,1
BRDA:532,56,0,0
BRDA:532,56,1,1
BRDA:554,57,0,0
BRDA:554,57,1,1
BRDA:567,58,0,0
BRDA:567,58,1,1
BRDA:576,59,0,0
BRDA:576,59,1,1
BRDA:593,60,0,0
BRDA:593,60,1,1
BRDA:599,61,0,0
BRDA:599,61,1,1
BRDA:605,62,0,0
BRDA:605,62,1,1
BRDA:617,63,0,0
BRDA:617,63,1,1
BRDA:627,64,0,0
BRDA:627,64,1,1
BRDA:653,65,0,0
BRDA:653,65,1,0
BRDA:659,66,0,0
BRDA:659,66,1,0
BRF:135
BRH:66
end_of_record
TN:
SF:pages/projects/dashboard/[id].js
FN:11,MscaDashboardArticles
FN:15,(anonymous_6)
FN:86,getStaticPaths
FN:93,(anonymous_8)
FN:100,(anonymous_9)
FN:111,(anonymous_10)
FNF:6
FNH:0
FNDA:0,MscaDashboardArticles
FNDA:0,(anonymous_6)
FNDA:0,getStaticPaths
FNDA:0,(anonymous_8)
FNDA:0,(anonymous_9)
FNDA:0,(anonymous_10)
DA:1,0
DA:2,0
DA:3,0
DA:4,0
DA:5,0
DA:6,0
DA:7,0
DA:8,0
DA:9,0
DA:11,0
DA:12,0
DA:13,0
DA:15,0
DA:16,0
DA:17,0
DA:18,0
DA:86,0
DA:88,0
DA:92,0
DA:93,0
DA:94,0
DA:100,0
DA:102,0
DA:106,0
DA:109,0
DA:111,0
DA:112,0
DA:119,0
DA:120,0
DA:125,0
LF:30
LH:0
BRDA:16,0,0,0
BRDA:17,1,0,0
BRDA:17,1,1,0
BRDA:27,2,0,0
BRDA:27,2,1,0
BRDA:42,3,0,0
BRDA:42,3,1,0
BRDA:48,4,0,0
BRDA:48,4,1,0
BRDA:51,5,0,0
BRDA:51,5,1,0
BRDA:60,6,0,0
BRDA:60,6,1,0
BRDA:63,7,0,0
BRDA:63,7,1,0
BRDA:113,8,0,0
BRDA:113,8,1,0
BRDA:119,9,0,0
BRDA:119,10,0,0
BRDA:119,10,1,0
BRDA:130,11,0,0
BRDA:130,11,1,0
BRDA:133,12,0,0
BRDA:133,12,1,0
BRF:24
BRH:0
end_of_record
TN:
SF:pages/projects/dashboard/index.js
FN:15,MscaDashboard
FN:19,(anonymous_5)
FN:26,(anonymous_6)
FN:695,(anonymous_7)
FNF:4
FNH:3
FNDA:2,MscaDashboard
FNDA:12,(anonymous_5)
FNDA:1,(anonymous_6)
FNDA:0,(anonymous_7)
DA:1,1
DA:2,1
DA:3,1
DA:4,1
DA:5,1
DA:6,1
DA:7,1
DA:8,1
DA:9,1
DA:10,1
DA:11,1
DA:12,1
DA:13,1
DA:15,1
DA:16,2
DA:18,1
DA:20,12
DA:26,1
DA:27,1
DA:28,0
DA:29,0
DA:695,1
DA:697,0
DA:701,0
DA:705,0
LF:25
LH:20
BRDA:20,0,0,12
BRDA:20,0,1,11
BRDA:20,0,2,10
BRDA:20,0,3,9
BRDA:27,1,0,0
BRDA:28,2,0,0
BRDA:28,2,1,0
BRDA:38,3,0,0
BRDA:38,3,1,1
BRDA:49,4,0,0
BRDA:49,4,1,1
BRDA:56,5,0,0
BRDA:56,5,1,1
BRDA:68,6,0,0
BRDA:68,6,1,1
BRDA:78,7,0,0
BRDA:78,7,1,1
BRDA:88,8,0,0
BRDA:88,8,1,1
BRDA:93,9,0,0
BRDA:93,9,1,1
BRDA:99,10,0,0
BRDA:99,10,1,1
BRDA:115,11,0,0
BRDA:115,11,1,1
BRDA:135,12,0,0
BRDA:135,12,1,1
BRDA:144,13,0,0
BRDA:144,13,1,1
BRDA:150,14,0,0
BRDA:150,14,1,1
BRDA:162,15,0,0
BRDA:162,15,1,1
BRDA:173,16,0,0
BRDA:173,16,1,1
BRDA:182,17,0,0
BRDA:182,17,1,1
BRDA:189,18,0,0
BRDA:189,18,1,1
BRDA:201,19,0,0
BRDA:201,19,1,1
BRDA:214,20,0,0
BRDA:214,20,1,1
BRDA:225,21,0,0
BRDA:225,21,1,1
BRDA:230,22,0,1
BRDA:230,22,1,1
BRDA:230,23,0,0
BRDA:230,23,1,1
BRDA:244,24,0,0
BRDA:244,24,1,1
BRDA:253,25,0,0
BRDA:253,25,1,1
BRDA:258,26,0,0
BRDA:258,26,1,1
BRDA:263,27,0,0
BRDA:263,27,1,1
BRDA:271,28,0,0
BRDA:271,28,1,1
BRDA:278,29,0,0
BRDA:278,29,1,1
BRDA:285,30,0,0
BRDA:285,30,1,1
BRDA:290,31,0,0
BRDA:290,31,1,1
BRDA:295,32,0,0
BRDA:295,32,1,1
BRDA:308,33,0,0
BRDA:308,33,1,1
BRDA:314,34,0,0
BRDA:314,34,1,1
BRDA:320,35,0,0
BRDA:320,35,1,1
BRDA:327,36,0,0
BRDA:327,36,1,1
BRDA:334,37,0,0
BRDA:334,37,1,1
BRDA:341,38,0,0
BRDA:341,38,1,1
BRDA:348,39,0,0
BRDA:348,39,1,1
BRDA:361,40,0,0
BRDA:361,40,1,1
BRDA:366,41,0,0
BRDA:366,41,1,1
BRDA:374,42,0,0
BRDA:374,42,1,1
BRDA:384,43,0,0
BRDA:384,43,1,1
BRDA:391,44,0,0
BRDA:391,44,1,1
BRDA:413,45,0,0
BRDA:413,45,1,1
BRDA:426,46,0,0
BRDA:426,46,1,1
BRDA:435,47,0,0
BRDA:435,47,1,1
BRDA:450,48,0,0
BRDA:450,48,1,1
BRDA:457,49,0,0
BRDA:457,49,1,1
BRDA:479,50,0,0
BRDA:479,50,1,1
BRDA:492,51,0,0
BRDA:492,51,1,1
BRDA:501,52,0,0
BRDA:501,52,1,1
BRDA:516,53,0,0
BRDA:516,53,1,1
BRDA:523,54,0,0
BRDA:523,54,1,1
BRDA:545,55,0,0
BRDA:545,55,1,1
BRDA:558,56,0,0
BRDA:558,56,1,1
BRDA:567,57,0,0
BRDA:567,57,1,1
BRDA:582,58,0,0
BRDA:582,58,1,1
BRDA:589,59,0,0
BRDA:589,59,1,1
BRDA:611,60,0,0
BRDA:611,60,1,1
BRDA:624,61,0,0
BRDA:624,61,1,1
BRDA:633,62,0,0
BRDA:633,62,1,1
BRDA:653,63,0,0
BRDA:653,63,1,1
BRDA:658,64,0,0
BRDA:658,64,1,1
BRDA:663,65,0,0
BRDA:663,65,1,1
BRDA:674,66,0,0
BRDA:674,66,1,1
BRDA:678,67,0,0
BRDA:678,67,1,1
BRDA:684,68,0,0
BRDA:684,68,1,1
BRDA:708,69,0,0
BRDA:708,69,1,0
BRDA:713,70,0,0
BRDA:713,70,1,0
BRF:143
BRH:71
end_of_record
TN:
SF:pages/projects/digital-standards-playbook/[id].js
FN:12,DigitalStandardsArticles
FN:17,(anonymous_6)
FN:88,getStaticPaths
FN:96,(anonymous_8)
FN:103,(anonymous_9)
FN:114,(anonymous_10)
FNF:6
FNH:0
FNDA:0,DigitalStandardsArticles
FNDA:0,(anonymous_6)
FNDA:0,getStaticPaths
FNDA:0,(anonymous_8)
FNDA:0,(anonymous_9)
FNDA:0,(anonymous_10)
DA:1,0
DA:2,0
DA:3,0
DA:4,0
DA:5,0
DA:6,0
DA:7,0
DA:8,0
DA:9,0
DA:10,0
DA:12,0
DA:13,0
DA:14,0
DA:15,0
DA:17,0
DA:18,0
DA:19,0
DA:20,0
DA:88,0
DA:90,0
DA:94,0
DA:96,0
DA:97,0
DA:103,0
DA:105,0
DA:109,0
DA:112,0
DA:114,0
DA:115,0
DA:122,0
DA:123,0
DA:128,0
LF:32
LH:0
BRDA:18,0,0,0
BRDA:19,1,0,0
BRDA:19,1,1,0
BRDA:29,2,0,0
BRDA:29,2,1,0
BRDA:44,3,0,0
BRDA:44,3,1,0
BRDA:50,4,0,0
BRDA:50,4,1,0
BRDA:53,5,0,0
BRDA:53,5,1,0
BRDA:62,6,0,0
BRDA:62,6,1,0
BRDA:65,7,0,0
BRDA:65,7,1,0
BRDA:116,8,0,0
BRDA:116,8,1,0
BRDA:122,9,0,0
BRDA:122,10,0,0
BRDA:122,10,1,0
BRDA:133,11,0,0
BRDA:133,11,1,0
BRDA:136,12,0,0
BRDA:136,12,1,0
BRF:24
BRH:0
end_of_record
TN:
SF:pages/projects/digital-standards-playbook/index.js
FN:14,DigitalStandardsPlaybookPage
FN:19,(anonymous_5)
FN:26,(anonymous_6)
FN:53,(anonymous_7)
FN:460,(anonymous_8)
FNF:5
FNH:4
FNDA:2,DigitalStandardsPlaybookPage
FNDA:12,(anonymous_5)
FNDA:1,(anonymous_6)
FNDA:1,(anonymous_7)
FNDA:0,(anonymous_8)
DA:1,1
DA:2,1
DA:3,1
DA:4,1
DA:5,1
DA:6,1
DA:7,1
DA:8,1
DA:9,1
DA:10,1
DA:11,1
DA:12,1
DA:14,1
DA:15,2
DA:16,1
DA:18,1
DA:20,12
DA:26,1
DA:27,1
DA:53,1
DA:54,1
DA:55,0
DA:56,0
DA:460,1
DA:462,0
DA:466,0
DA:470,0
LF:27
LH:22
BRDA:20,0,0,12
BRDA:20,0,1,11
BRDA:20,0,2,10
BRDA:20,0,3,9
BRDA:31,1,0,0
BRDA:31,1,1,1
BRDA:36,2,0,0
BRDA:36,2,1,1
BRDA:42,3,0,0
BRDA:42,3,1,1
BRDA:43,4,0,0
BRDA:43,4,1,1
BRDA:45,5,0,0
BRDA:45,5,1,1
BRDA:54,6,0,0
BRDA:55,7,0,0
BRDA:55,7,1,0
BRDA:65,8,0,0
BRDA:65,8,1,1
BRDA:67,9,0,1
BRDA:67,9,1,1
BRDA:76,10,0,0
BRDA:76,10,1,1
BRDA:83,11,0,0
BRDA:83,11,1,1
BRDA:95,12,0,0
BRDA:95,12,1,1
BRDA:105,13,0,0
BRDA:105,13,1,1
BRDA:115,14,0,0
BRDA:115,14,1,1
BRDA:120,15,0,0
BRDA:120,15,1,1
BRDA:126,16,0,0
BRDA:126,16,1,1
BRDA:142,17,0,0
BRDA:142,17,1,1
BRDA:162,18,0,0
BRDA:162,18,1,1
BRDA:171,19,0,0
BRDA:171,19,1,1
BRDA:177,20,0,0
BRDA:177,20,1,1
BRDA:189,21,0,0
BRDA:189,21,1,1
BRDA:200,22,0,0
BRDA:200,22,1,1
BRDA:209,23,0,0
BRDA:209,23,1,1
BRDA:216,24,0,0
BRDA:216,24,1,1
BRDA:228,25,0,0
BRDA:228,25,1,1
BRDA:241,26,0,0
BRDA:241,26,1,1
BRDA:252,27,0,0
BRDA:252,27,1,1
BRDA:257,28,0,1
BRDA:257,28,1,1
BRDA:257,29,0,0
BRDA:257,29,1,1
BRDA:271,30,0,0
BRDA:271,30,1,1
BRDA:280,31,0,0
BRDA:280,31,1,1
BRDA:285,32,0,0
BRDA:285,32,1,1
BRDA:290,33,0,0
BRDA:290,33,1,1
BRDA:298,34,0,0
BRDA:298,34,1,1
BRDA:305,35,0,0
BRDA:305,35,1,1
BRDA:312,36,0,0
BRDA:312,36,1,1
BRDA:317,37,0,0
BRDA:317,37,1,1
BRDA:322,38,0,0
BRDA:322,38,1,1
BRDA:335,39,0,0
BRDA:335,39,1,1
BRDA:341,40,0,0
BRDA:341,40,1,1
BRDA:347,41,0,0
BRDA:347,41,1,1
BRDA:354,42,0,0
BRDA:354,42,1,1
BRDA:360,43,0,0
BRDA:360,43,1,1
BRDA:367,44,0,0
BRDA:367,44,1,1
BRDA:374,45,0,0
BRDA:374,45,1,1
BRDA:380,46,0,0
BRDA:380,46,1,1
BRDA:386,47,0,0
BRDA:386,47,1,1
BRDA:398,48,0,0
BRDA:398,48,1,1
BRDA:403,49,0,0
BRDA:403,49,1,1
BRDA:411,50,0,0
BRDA:411,50,1,1
BRDA:418,51,0,0
BRDA:418,51,1,1
BRDA:425,52,0,0
BRDA:425,52,1,1
BRDA:431,53,0,0
BRDA:431,53,1,1
BRDA:437,54,0,0
BRDA:437,54,1,1
BRDA:446,55,0,0
BRDA:446,55,1,1
BRDA:473,56,0,0
BRDA:473,56,1,0
BRDA:479,57,0,0
BRDA:479,57,1,0
BRF:117
BRH:59
end_of_record
TN:
SF:pages/projects/making-easier-get-benefits/[id].js
FN:12,IntegratedChannelStrategyArticles
FN:17,(anonymous_6)
FN:88,getStaticPaths
FN:96,(anonymous_8)
FN:103,(anonymous_9)
FN:114,(anonymous_10)
FNF:6
FNH:0
FNDA:0,IntegratedChannelStrategyArticles
FNDA:0,(anonymous_6)
FNDA:0,getStaticPaths
FNDA:0,(anonymous_8)
FNDA:0,(anonymous_9)
FNDA:0,(anonymous_10)
DA:1,0
DA:2,0
DA:3,0
DA:4,0
DA:5,0
DA:6,0
DA:7,0
DA:8,0
DA:9,0
DA:10,0
DA:12,0
DA:13,0
DA:14,0
DA:15,0
DA:17,0
DA:18,0
DA:19,0
DA:20,0
DA:88,0
DA:90,0
DA:94,0
DA:96,0
DA:97,0
DA:103,0
DA:105,0
DA:109,0
DA:112,0
DA:114,0
DA:115,0
DA:122,0
DA:123,0
DA:128,0
LF:32
LH:0
BRDA:18,0,0,0
BRDA:19,1,0,0
BRDA:19,1,1,0
BRDA:29,2,0,0
BRDA:29,2,1,0
BRDA:44,3,0,0
BRDA:44,3,1,0
BRDA:50,4,0,0
BRDA:50,4,1,0
BRDA:53,5,0,0
BRDA:53,5,1,0
BRDA:62,6,0,0
BRDA:62,6,1,0
BRDA:65,7,0,0
BRDA:65,7,1,0
BRDA:116,8,0,0
BRDA:116,8,1,0
BRDA:122,9,0,0
BRDA:122,10,0,0
BRDA:122,10,1,0
BRDA:133,11,0,0
BRDA:133,11,1,0
BRDA:136,12,0,0
BRDA:136,12,1,0
BRF:24
BRH:0
end_of_record
TN:
SF:pages/projects/making-easier-get-benefits/index.js
FN:15,IntegratedChannelStrategyPage
FN:20,(anonymous_5)
FN:28,(anonymous_6)
FN:55,(anonymous_7)
FN:355,(anonymous_8)
FNF:5
FNH:3
FNDA:2,IntegratedChannelStrategyPage
FNDA:12,(anonymous_5)
FNDA:0,(anonymous_6)
FNDA:1,(anonymous_7)
FNDA:0,(anonymous_8)
DA:1,1
DA:2,1
DA:3,1
DA:4,1
DA:5,1
DA:6,1
DA:7,1
DA:8,1
DA:9,1
DA:10,1
DA:11,1
DA:12,1
DA:13,1
DA:15,1
DA:16,2
DA:17,1
DA:18,1
DA:21,12
DA:28,1
DA:29,0
DA:55,1
DA:56,1
DA:57,0
DA:58,0
DA:355,1
DA:357,0
DA:361,0
DA:365,0
LF:28
LH:22
BRDA:21,0,0,12
BRDA:21,0,1,11
BRDA:21,0,2,10
BRDA:21,0,3,9
BRDA:33,1,0,0
BRDA:33,1,1,0
BRDA:38,2,0,0
BRDA:38,2,1,0
BRDA:38,3,0,0
BRDA:38,3,1,0
BRDA:44,4,0,0
BRDA:44,4,1,0
BRDA:45,5,0,0
BRDA:45,5,1,0
BRDA:47,6,0,0
BRDA:47,6,1,0
BRDA:56,7,0,0
BRDA:57,8,0,0
BRDA:57,8,1,0
BRDA:67,9,0,0
BRDA:67,9,1,1
BRDA:78,10,0,0
BRDA:78,10,1,1
BRDA:85,11,0,0
BRDA:85,11,1,1
BRDA:97,12,0,0
BRDA:97,12,1,1
BRDA:107,13,0,0
BRDA:107,13,1,1
BRDA:117,14,0,0
BRDA:117,14,1,1
BRDA:122,15,0,0
BRDA:122,15,1,1
BRDA:128,16,0,0
BRDA:128,16,1,1
BRDA:144,17,0,0
BRDA:144,17,1,1
BRDA:164,18,0,0
BRDA:164,18,1,1
BRDA:173,19,0,0
BRDA:173,19,1,1
BRDA:179,20,0,0
BRDA:179,20,1,1
BRDA:191,21,0,0
BRDA:191,21,1,1
BRDA:202,22,0,0
BRDA:202,22,1,1
BRDA:211,23,0,0
BRDA:211,23,1,1
BRDA:218,24,0,0
BRDA:218,24,1,1
BRDA:230,25,0,0
BRDA:230,25,1,1
BRDA:243,26,0,0
BRDA:243,26,1,1
BRDA:254,27,0,0
BRDA:254,27,1,1
BRDA:259,28,0,1
BRDA:259,28,1,0
BRDA:259,29,0,0
BRDA:259,29,1,1
BRDA:273,30,0,0
BRDA:273,30,1,1
BRDA:282,31,0,0
BRDA:282,31,1,1
BRDA:287,32,0,0
BRDA:287,32,1,1
BRDA:292,33,0,0
BRDA:292,33,1,1
BRDA:300,34,0,0
BRDA:300,34,1,1
BRDA:307,35,0,0
BRDA:307,35,1,1
BRDA:314,36,0,0
BRDA:314,36,1,1
BRDA:319,37,0,0
BRDA:319,37,1,1
BRDA:324,38,0,0
BRDA:324,38,1,1
BRDA:338,39,0,0
BRDA:338,39,1,1
BRDA:368,40,0,0
BRDA:368,40,1,0
BRDA:374,41,0,0
BRDA:374,41,1,0
BRF:85
BRH:35
end_of_record
TN:
SF:pages/projects/oas-benefits-estimator/[id].js
FN:12,OASBenefitsEstimatorArticles
FN:17,(anonymous_6)
FN:88,getStaticPaths
FN:96,(anonymous_8)
FN:103,(anonymous_9)
FN:114,(anonymous_10)
FNF:6
FNH:0
FNDA:0,OASBenefitsEstimatorArticles
FNDA:0,(anonymous_6)
FNDA:0,getStaticPaths
FNDA:0,(anonymous_8)
FNDA:0,(anonymous_9)
FNDA:0,(anonymous_10)
DA:1,0
DA:2,0
DA:3,0
DA:4,0
DA:5,0
DA:6,0
DA:7,0
DA:8,0
DA:9,0
DA:10,0
DA:12,0
DA:13,0
DA:14,0
DA:15,0
DA:17,0
DA:18,0
DA:19,0
DA:20,0
DA:88,0
DA:90,0
DA:94,0
DA:96,0
DA:97,0
DA:103,0
DA:105,0
DA:109,0
DA:112,0
DA:114,0
DA:115,0
DA:122,0
DA:123,0
DA:128,0
LF:32
LH:0
BRDA:18,0,0,0
BRDA:19,1,0,0
BRDA:19,1,1,0
BRDA:29,2,0,0
BRDA:29,2,1,0
BRDA:44,3,0,0
BRDA:44,3,1,0
BRDA:50,4,0,0
BRDA:50,4,1,0
BRDA:53,5,0,0
BRDA:53,5,1,0
BRDA:62,6,0,0
BRDA:62,6,1,0
BRDA:65,7,0,0
BRDA:65,7,1,0
BRDA:116,8,0,0
BRDA:116,8,1,0
BRDA:122,9,0,0
BRDA:122,10,0,0
BRDA:122,10,1,0
BRDA:133,11,0,0
BRDA:133,11,1,0
BRDA:136,12,0,0
BRDA:136,12,1,0
BRF:24
BRH:0
end_of_record
TN:
SF:pages/projects/oas-benefits-estimator/index.js
FN:14,OasBenefitsEstimator
FN:19,(anonymous_5)
FN:27,(anonymous_6)
FN:54,(anonymous_7)
FN:412,(anonymous_8)
FNF:5
FNH:4
FNDA:2,OasBenefitsEstimator
FNDA:12,(anonymous_5)
FNDA:2,(anonymous_6)
FNDA:1,(anonymous_7)
FNDA:0,(anonymous_8)
DA:1,1
DA:2,1
DA:3,1
DA:4,1
DA:5,1
DA:6,1
DA:7,1
DA:8,1
DA:9,1
DA:10,1
DA:11,1
DA:12,1
DA:14,1
DA:15,2
DA:16,1
DA:17,1
DA:20,12
DA:27,1
DA:28,2
DA:54,1
DA:55,1
DA:56,0
DA:57,0
DA:412,1
DA:414,0
DA:418,0
DA:422,0
LF:27
LH:22
BRDA:20,0,0,12
BRDA:20,0,1,11
BRDA:20,0,2,10
BRDA:20,0,3,9
BRDA:32,1,0,0
BRDA:32,1,1,2
BRDA:37,2,0,2
BRDA:37,2,1,0
BRDA:37,3,0,0
BRDA:37,3,1,2
BRDA:43,4,0,0
BRDA:43,4,1,2
BRDA:44,5,0,0
BRDA:44,5,1,2
BRDA:46,6,0,0
BRDA:46,6,1,2
BRDA:55,7,0,0
BRDA:56,8,0,0
BRDA:56,8,1,0
BRDA:66,9,0,0
BRDA:66,9,1,1
BRDA:77,10,0,0
BRDA:77,10,1,1
BRDA:84,11,0,0
BRDA:84,11,1,1
BRDA:96,12,0,0
BRDA:96,12,1,1
BRDA:106,13,0,0
BRDA:106,13,1,1
BRDA:116,14,0,0
BRDA:116,14,1,1
BRDA:121,15,0,0
BRDA:121,15,1,1
BRDA:127,16,0,0
BRDA:127,16,1,1
BRDA:143,17,0,0
BRDA:143,17,1,1
BRDA:163,18,0,0
BRDA:163,18,1,1
BRDA:172,19,0,0
BRDA:172,19,1,1
BRDA:178,20,0,0
BRDA:178,20,1,1
BRDA:190,21,0,0
BRDA:190,21,1,1
BRDA:201,22,0,0
BRDA:201,22,1,1
BRDA:210,23,0,0
BRDA:210,23,1,1
BRDA:217,24,0,0
BRDA:217,24,1,1
BRDA:229,25,0,0
BRDA:229,25,1,1
BRDA:242,26,0,0
BRDA:242,26,1,1
BRDA:253,27,0,0
BRDA:253,27,1,1
BRDA:258,28,0,1
BRDA:258,28,1,0
BRDA:258,29,0,0
BRDA:258,29,1,1
BRDA:272,30,0,0
BRDA:272,30,1,1
BRDA:281,31,0,0
BRDA:281,31,1,1
BRDA:286,32,0,0
BRDA:286,32,1,1
BRDA:291,33,0,0
BRDA:291,33,1,1
BRDA:299,34,0,0
BRDA:299,34,1,1
BRDA:306,35,0,0
BRDA:306,35,1,1
BRDA:313,36,0,0
BRDA:313,36,1,1
BRDA:318,37,0,0
BRDA:318,37,1,1
BRDA:323,38,0,0
BRDA:323,38,1,1
BRDA:335,39,0,0
BRDA:335,39,1,1
BRDA:344,40,0,0
BRDA:344,40,1,1
BRDA:349,41,0,0
BRDA:349,41,1,1
BRDA:356,42,0,0
BRDA:356,42,1,1
BRDA:361,43,0,0
BRDA:361,43,1,1
BRDA:366,44,0,0
BRDA:366,44,1,1
BRDA:371,45,0,0
BRDA:371,45,1,1
BRDA:377,46,0,0
BRDA:377,46,1,1
BRDA:386,47,0,0
BRDA:386,47,1,1
BRDA:391,48,0,0
BRDA:391,48,1,1
BRDA:399,49,0,0
BRDA:399,49,1,1
BRDA:425,50,0,0
BRDA:425,50,1,0
BRDA:431,51,0,0
BRDA:431,51,1,0
BRF:105
BRH:51
end_of_record
