{"/home/runner/work/Alpha-Site/Alpha-Site/components/index.js": {"path":"/home/runner/work/Alpha-Site/Alpha-Site/components/index.js","statementMap":{},"fnMap":{},"branchMap":{},"s":{},"f":{},"b":{}}
,"/home/runner/work/Alpha-Site/Alpha-Site/components/atoms/ActionButton.js": {"path":"/home/runner/work/Alpha-Site/Alpha-Site/components/atoms/ActionButton.js","statementMap":{"0":{"start":{"line":11,"column":4},"end":{"line":11,"column":66}},"1":{"start":{"line":13,"column":4},"end":{"line":13,"column":131}},"2":{"start":{"line":15,"column":4},"end":{"line":15,"column":114}},"3":{"start":{"line":17,"column":4},"end":{"line":17,"column":85}},"4":{"start":{"line":19,"column":4},"end":{"line":19,"column":65}},"5":{"start":{"line":22,"column":2},"end":{"line":32,"column":5}},"6":{"start":{"line":23,"column":15},"end":{"line":23,"column":48}},"7":{"start":{"line":24,"column":4},"end":{"line":31,"column":5}},"8":{"start":{"line":25,"column":6},"end":{"line":30,"column":9}},"9":{"start":{"line":26,"column":8},"end":{"line":29,"column":9}},"10":{"start":{"line":27,"column":10},"end":{"line":27,"column":33}},"11":{"start":{"line":28,"column":10},"end":{"line":28,"column":23}},"12":{"start":{"line":34,"column":2},"end":{"line":99,"column":4}},"13":{"start":{"line":102,"column":0},"end":{"line":186,"column":2}}},"fnMap":{"0":{"name":"ActionButton","decl":{"start":{"line":8,"column":16},"end":{"line":8,"column":28}},"loc":{"start":{"line":8,"column":36},"end":{"line":100,"column":1}},"line":8},"1":{"name":"(anonymous_1)","decl":{"start":{"line":22,"column":12},"end":{"line":22,"column":13}},"loc":{"start":{"line":22,"column":18},"end":{"line":32,"column":3}},"line":22},"2":{"name":"(anonymous_2)","decl":{"start":{"line":25,"column":39},"end":{"line":25,"column":40}},"loc":{"start":{"line":25,"column":50},"end":{"line":30,"column":7}},"line":25}},"branchMap":{"0":{"loc":{"start":{"line":24,"column":4},"end":{"line":31,"column":5}},"type":"if","locations":[{"start":{"line":24,"column":4},"end":{"line":31,"column":5}},{"start":{"line":24,"column":4},"end":{"line":31,"column":5}}],"line":24},"1":{"loc":{"start":{"line":26,"column":8},"end":{"line":29,"column":9}},"type":"if","locations":[{"start":{"line":26,"column":8},"end":{"line":29,"column":9}},{"start":{"line":26,"column":8},"end":{"line":29,"column":9}}],"line":26},"2":{"loc":{"start":{"line":26,"column":12},"end":{"line":26,"column":57}},"type":"binary-expr","locations":[{"start":{"line":26,"column":12},"end":{"line":26,"column":36}},{"start":{"line":26,"column":40},"end":{"line":26,"column":57}}],"line":26},"3":{"loc":{"start":{"line":34,"column":9},"end":{"line":99,"column":3}},"type":"cond-expr","locations":[{"start":{"line":35,"column":4},"end":{"line":68,"column":11}},{"start":{"line":70,"column":4},"end":{"line":98,"column":13}}],"line":34},"4":{"loc":{"start":{"line":39,"column":10},"end":{"line":44,"column":29}},"type":"cond-expr","locations":[{"start":{"line":43,"column":14},"end":{"line":43,"column":26}},{"start":{"line":44,"column":14},"end":{"line":44,"column":29}}],"line":39},"5":{"loc":{"start":{"line":39,"column":10},"end":{"line":42,"column":23}},"type":"binary-expr","locations":[{"start":{"line":39,"column":10},"end":{"line":39,"column":26}},{"start":{"line":40,"column":10},"end":{"line":40,"column":25}},{"start":{"line":41,"column":10},"end":{"line":41,"column":25}},{"start":{"line":42,"column":10},"end":{"line":42,"column":23}}],"line":39},"6":{"loc":{"start":{"line":46,"column":10},"end":{"line":46,"column":79}},"type":"cond-expr","locations":[{"start":{"line":46,"column":47},"end":{"line":46,"column":61}},{"start":{"line":46,"column":64},"end":{"line":46,"column":79}}],"line":46},"7":{"loc":{"start":{"line":46,"column":10},"end":{"line":46,"column":44}},"type":"binary-expr","locations":[{"start":{"line":46,"column":10},"end":{"line":46,"column":25}},{"start":{"line":46,"column":29},"end":{"line":46,"column":44}}],"line":46},"8":{"loc":{"start":{"line":47,"column":10},"end":{"line":47,"column":77}},"type":"cond-expr","locations":[{"start":{"line":47,"column":46},"end":{"line":47,"column":59}},{"start":{"line":47,"column":62},"end":{"line":47,"column":77}}],"line":47},"9":{"loc":{"start":{"line":47,"column":10},"end":{"line":47,"column":43}},"type":"binary-expr","locations":[{"start":{"line":47,"column":10},"end":{"line":47,"column":24}},{"start":{"line":47,"column":28},"end":{"line":47,"column":43}}],"line":47},"10":{"loc":{"start":{"line":48,"column":10},"end":{"line":48,"column":61}},"type":"cond-expr","locations":[{"start":{"line":48,"column":44},"end":{"line":48,"column":56}},{"start":{"line":48,"column":59},"end":{"line":48,"column":61}}],"line":48},"11":{"loc":{"start":{"line":48,"column":10},"end":{"line":48,"column":41}},"type":"binary-expr","locations":[{"start":{"line":48,"column":10},"end":{"line":48,"column":22}},{"start":{"line":48,"column":26},"end":{"line":48,"column":41}}],"line":48},"12":{"loc":{"start":{"line":49,"column":10},"end":{"line":49,"column":58}},"type":"cond-expr","locations":[{"start":{"line":49,"column":27},"end":{"line":49,"column":40}},{"start":{"line":49,"column":43},"end":{"line":49,"column":58}}],"line":49},"13":{"loc":{"start":{"line":53,"column":17},"end":{"line":53,"column":41}},"type":"binary-expr","locations":[{"start":{"line":53,"column":17},"end":{"line":53,"column":29}},{"start":{"line":53,"column":33},"end":{"line":53,"column":41}}],"line":53},"14":{"loc":{"start":{"line":59,"column":9},"end":{"line":61,"column":21}},"type":"cond-expr","locations":[{"start":{"line":60,"column":10},"end":{"line":60,"column":72}},{"start":{"line":61,"column":12},"end":{"line":61,"column":21}}],"line":59},"15":{"loc":{"start":{"line":59,"column":9},"end":{"line":59,"column":37}},"type":"binary-expr","locations":[{"start":{"line":59,"column":9},"end":{"line":59,"column":19}},{"start":{"line":59,"column":23},"end":{"line":59,"column":37}}],"line":59},"16":{"loc":{"start":{"line":64,"column":9},"end":{"line":66,"column":21}},"type":"cond-expr","locations":[{"start":{"line":65,"column":10},"end":{"line":65,"column":72}},{"start":{"line":66,"column":12},"end":{"line":66,"column":21}}],"line":64},"17":{"loc":{"start":{"line":64,"column":9},"end":{"line":64,"column":36}},"type":"binary-expr","locations":[{"start":{"line":64,"column":9},"end":{"line":64,"column":19}},{"start":{"line":64,"column":23},"end":{"line":64,"column":36}}],"line":64},"18":{"loc":{"start":{"line":73,"column":8},"end":{"line":75,"column":27}},"type":"cond-expr","locations":[{"start":{"line":74,"column":12},"end":{"line":74,"column":24}},{"start":{"line":75,"column":12},"end":{"line":75,"column":27}}],"line":73},"19":{"loc":{"start":{"line":73,"column":8},"end":{"line":73,"column":79}},"type":"binary-expr","locations":[{"start":{"line":73,"column":8},"end":{"line":73,"column":24}},{"start":{"line":73,"column":28},"end":{"line":73,"column":43}},{"start":{"line":73,"column":47},"end":{"line":73,"column":62}},{"start":{"line":73,"column":66},"end":{"line":73,"column":79}}],"line":73},"20":{"loc":{"start":{"line":77,"column":8},"end":{"line":77,"column":77}},"type":"cond-expr","locations":[{"start":{"line":77,"column":45},"end":{"line":77,"column":59}},{"start":{"line":77,"column":62},"end":{"line":77,"column":77}}],"line":77},"21":{"loc":{"start":{"line":77,"column":8},"end":{"line":77,"column":42}},"type":"binary-expr","locations":[{"start":{"line":77,"column":8},"end":{"line":77,"column":23}},{"start":{"line":77,"column":27},"end":{"line":77,"column":42}}],"line":77},"22":{"loc":{"start":{"line":78,"column":8},"end":{"line":78,"column":75}},"type":"cond-expr","locations":[{"start":{"line":78,"column":44},"end":{"line":78,"column":57}},{"start":{"line":78,"column":60},"end":{"line":78,"column":75}}],"line":78},"23":{"loc":{"start":{"line":78,"column":8},"end":{"line":78,"column":41}},"type":"binary-expr","locations":[{"start":{"line":78,"column":8},"end":{"line":78,"column":22}},{"start":{"line":78,"column":26},"end":{"line":78,"column":41}}],"line":78},"24":{"loc":{"start":{"line":79,"column":8},"end":{"line":79,"column":59}},"type":"cond-expr","locations":[{"start":{"line":79,"column":42},"end":{"line":79,"column":54}},{"start":{"line":79,"column":57},"end":{"line":79,"column":59}}],"line":79},"25":{"loc":{"start":{"line":79,"column":8},"end":{"line":79,"column":39}},"type":"binary-expr","locations":[{"start":{"line":79,"column":8},"end":{"line":79,"column":20}},{"start":{"line":79,"column":24},"end":{"line":79,"column":39}}],"line":79},"26":{"loc":{"start":{"line":80,"column":8},"end":{"line":80,"column":56}},"type":"cond-expr","locations":[{"start":{"line":80,"column":25},"end":{"line":80,"column":38}},{"start":{"line":80,"column":41},"end":{"line":80,"column":56}}],"line":80},"27":{"loc":{"start":{"line":85,"column":15},"end":{"line":85,"column":39}},"type":"binary-expr","locations":[{"start":{"line":85,"column":15},"end":{"line":85,"column":27}},{"start":{"line":85,"column":31},"end":{"line":85,"column":39}}],"line":85},"28":{"loc":{"start":{"line":88,"column":32},"end":{"line":88,"column":78}},"type":"cond-expr","locations":[{"start":{"line":88,"column":58},"end":{"line":88,"column":66}},{"start":{"line":88,"column":69},"end":{"line":88,"column":78}}],"line":88},"29":{"loc":{"start":{"line":90,"column":7},"end":{"line":92,"column":19}},"type":"cond-expr","locations":[{"start":{"line":91,"column":8},"end":{"line":91,"column":70}},{"start":{"line":92,"column":10},"end":{"line":92,"column":19}}],"line":90},"30":{"loc":{"start":{"line":90,"column":7},"end":{"line":90,"column":35}},"type":"binary-expr","locations":[{"start":{"line":90,"column":7},"end":{"line":90,"column":17}},{"start":{"line":90,"column":21},"end":{"line":90,"column":35}}],"line":90},"31":{"loc":{"start":{"line":95,"column":7},"end":{"line":97,"column":19}},"type":"cond-expr","locations":[{"start":{"line":96,"column":8},"end":{"line":96,"column":70}},{"start":{"line":97,"column":10},"end":{"line":97,"column":19}}],"line":95},"32":{"loc":{"start":{"line":95,"column":7},"end":{"line":95,"column":34}},"type":"binary-expr","locations":[{"start":{"line":95,"column":7},"end":{"line":95,"column":17}},{"start":{"line":95,"column":21},"end":{"line":95,"column":34}}],"line":95}},"s":{"0":110,"1":110,"2":110,"3":110,"4":110,"5":110,"6":94,"7":94,"8":76,"9":1,"10":1,"11":1,"12":109,"13":19},"f":{"0":110,"1":94,"2":1},"b":{"0":[76,18],"1":[1,0],"2":[1,0],"3":[44,65],"4":[30,14],"5":[44,41,41,41],"6":[3,41],"7":[44,3],"8":[0,44],"9":[44,0],"10":[11,33],"11":[44,11],"12":[0,44],"13":[44,41],"14":[0,44],"15":[44,11],"16":[11,33],"17":[44,11],"18":[46,19],"19":[65,62,60,59],"20":[2,63],"21":[65,3],"22":[2,63],"23":[65,2],"24":[13,52],"25":[65,13],"26":[2,63],"27":[65,15],"28":[40,25],"29":[0,65],"30":[65,0],"31":[0,65],"32":[65,0]},"_coverageSchema":"1a1c01bbd47fc00a2c39e90264f33305004495a9","hash":"ab11e7bfcebd9e942e61d1ac62e54c7bbbc54cbe"}
,"/home/runner/work/Alpha-Site/Alpha-Site/components/atoms/ActionButton.stories.js": {"path":"/home/runner/work/Alpha-Site/Alpha-Site/components/atoms/ActionButton.stories.js","statementMap":{"0":{"start":{"line":8,"column":17},"end":{"line":8,"column":53}},"1":{"start":{"line":8,"column":27},"end":{"line":8,"column":53}},"2":{"start":{"line":10,"column":23},"end":{"line":10,"column":40}},"3":{"start":{"line":11,"column":25},"end":{"line":11,"column":42}},"4":{"start":{"line":12,"column":24},"end":{"line":12,"column":41}},"5":{"start":{"line":13,"column":24},"end":{"line":13,"column":41}},"6":{"start":{"line":14,"column":20},"end":{"line":14,"column":37}},"7":{"start":{"line":16,"column":0},"end":{"line":21,"column":2}},"8":{"start":{"line":23,"column":0},"end":{"line":29,"column":2}},"9":{"start":{"line":31,"column":0},"end":{"line":37,"column":2}},"10":{"start":{"line":39,"column":0},"end":{"line":44,"column":2}},"11":{"start":{"line":46,"column":0},"end":{"line":52,"column":2}}},"fnMap":{"0":{"name":"(anonymous_0)","decl":{"start":{"line":8,"column":17},"end":{"line":8,"column":18}},"loc":{"start":{"line":8,"column":27},"end":{"line":8,"column":53}},"line":8}},"branchMap":{},"s":{"0":1,"1":7,"2":1,"3":1,"4":1,"5":1,"6":1,"7":1,"8":1,"9":1,"10":1,"11":1},"f":{"0":7},"b":{},"_coverageSchema":"1a1c01bbd47fc00a2c39e90264f33305004495a9","hash":"413787ae8a7514b3ae55572c0eb2937b1ab6dcd9"}
,"/home/runner/work/Alpha-Site/Alpha-Site/components/atoms/Banner.js": {"path":"/home/runner/work/Alpha-Site/Alpha-Site/components/atoms/Banner.js","statementMap":{"0":{"start":{"line":8,"column":22},"end":{"line":25,"column":1}},"1":{"start":{"line":9,"column":2},"end":{"line":24,"column":4}},"2":{"start":{"line":27,"column":0},"end":{"line":37,"column":2}}},"fnMap":{"0":{"name":"(anonymous_0)","decl":{"start":{"line":8,"column":22},"end":{"line":8,"column":23}},"loc":{"start":{"line":8,"column":51},"end":{"line":25,"column":1}},"line":8}},"branchMap":{},"s":{"0":10,"1":5,"2":10},"f":{"0":5},"b":{},"_coverageSchema":"1a1c01bbd47fc00a2c39e90264f33305004495a9","hash":"8d8baf41784f6bb0a54825069af4450c98011174"}
,"/home/runner/work/Alpha-Site/Alpha-Site/components/atoms/Banner.stories.js": {"path":"/home/runner/work/Alpha-Site/Alpha-Site/components/atoms/Banner.stories.js","statementMap":{"0":{"start":{"line":9,"column":17},"end":{"line":9,"column":47}},"1":{"start":{"line":9,"column":27},"end":{"line":9,"column":47}},"2":{"start":{"line":11,"column":23},"end":{"line":11,"column":40}},"3":{"start":{"line":13,"column":0},"end":{"line":16,"column":2}}},"fnMap":{"0":{"name":"(anonymous_0)","decl":{"start":{"line":9,"column":17},"end":{"line":9,"column":18}},"loc":{"start":{"line":9,"column":27},"end":{"line":9,"column":47}},"line":9}},"branchMap":{},"s":{"0":1,"1":2,"2":1,"3":1},"f":{"0":2},"b":{},"_coverageSchema":"1a1c01bbd47fc00a2c39e90264f33305004495a9","hash":"d91e9ba337806448ff4744706687fef323496d13"}
,"/home/runner/work/Alpha-Site/Alpha-Site/components/atoms/Breadcrumb.js": {"path":"/home/runner/work/Alpha-Site/Alpha-Site/components/atoms/Breadcrumb.js","statementMap":{"0":{"start":{"line":8,"column":2},"end":{"line":38,"column":4}},"1":{"start":{"line":21,"column":14},"end":{"line":33,"column":16}},"2":{"start":{"line":41,"column":0},"end":{"line":58,"column":2}}},"fnMap":{"0":{"name":"Breadcrumb","decl":{"start":{"line":7,"column":16},"end":{"line":7,"column":26}},"loc":{"start":{"line":7,"column":34},"end":{"line":39,"column":1}},"line":7},"1":{"name":"(anonymous_1)","decl":{"start":{"line":20,"column":28},"end":{"line":20,"column":29}},"loc":{"start":{"line":20,"column":43},"end":{"line":34,"column":13}},"line":20}},"branchMap":{"0":{"loc":{"start":{"line":19,"column":9},"end":{"line":35,"column":16}},"type":"cond-expr","locations":[{"start":{"line":20,"column":12},"end":{"line":34,"column":14}},{"start":{"line":35,"column":12},"end":{"line":35,"column":16}}],"line":19}},"s":{"0":17,"1":11,"2":10},"f":{"0":17,"1":11},"b":{"0":[9,8]},"_coverageSchema":"1a1c01bbd47fc00a2c39e90264f33305004495a9","hash":"6e515e8dd9d673caba73da21916209f425aea98c"}
,"/home/runner/work/Alpha-Site/Alpha-Site/components/atoms/Breadcrumb.stories.js": {"path":"/home/runner/work/Alpha-Site/Alpha-Site/components/atoms/Breadcrumb.stories.js","statementMap":{"0":{"start":{"line":8,"column":17},"end":{"line":8,"column":51}},"1":{"start":{"line":8,"column":27},"end":{"line":8,"column":51}},"2":{"start":{"line":10,"column":23},"end":{"line":10,"column":40}},"3":{"start":{"line":11,"column":25},"end":{"line":11,"column":42}},"4":{"start":{"line":13,"column":0},"end":{"line":19,"column":2}}},"fnMap":{"0":{"name":"(anonymous_0)","decl":{"start":{"line":8,"column":17},"end":{"line":8,"column":18}},"loc":{"start":{"line":8,"column":27},"end":{"line":8,"column":51}},"line":8}},"branchMap":{},"s":{"0":1,"1":3,"2":1,"3":1,"4":1},"f":{"0":3},"b":{},"_coverageSchema":"1a1c01bbd47fc00a2c39e90264f33305004495a9","hash":"d90ebdc28234f43315129a694f4ffdd0273a9a5f"}
,"/home/runner/work/Alpha-Site/Alpha-Site/components/atoms/CheckBox.js": {"path":"/home/runner/work/Alpha-Site/Alpha-Site/components/atoms/CheckBox.js","statementMap":{"0":{"start":{"line":8,"column":16},"end":{"line":8,"column":40}},"1":{"start":{"line":10,"column":28},"end":{"line":14,"column":8}},"2":{"start":{"line":15,"column":2},"end":{"line":54,"column":4}},"3":{"start":{"line":28,"column":10},"end":{"line":32,"column":11}},"4":{"start":{"line":57,"column":0},"end":{"line":61,"column":2}},"5":{"start":{"line":63,"column":0},"end":{"line":127,"column":2}}},"fnMap":{"0":{"name":"CheckBox","decl":{"start":{"line":7,"column":16},"end":{"line":7,"column":24}},"loc":{"start":{"line":7,"column":32},"end":{"line":55,"column":1}},"line":7},"1":{"name":"(anonymous_1)","decl":{"start":{"line":27,"column":18},"end":{"line":27,"column":19}},"loc":{"start":{"line":28,"column":10},"end":{"line":32,"column":11}},"line":28}},"branchMap":{"0":{"loc":{"start":{"line":10,"column":28},"end":{"line":14,"column":8}},"type":"cond-expr","locations":[{"start":{"line":11,"column":6},"end":{"line":13,"column":7}},{"start":{"line":14,"column":6},"end":{"line":14,"column":8}}],"line":10},"1":{"loc":{"start":{"line":18,"column":8},"end":{"line":18,"column":60}},"type":"cond-expr","locations":[{"start":{"line":18,"column":26},"end":{"line":18,"column":47}},{"start":{"line":18,"column":50},"end":{"line":18,"column":60}}],"line":18},"2":{"loc":{"start":{"line":29,"column":12},"end":{"line":29,"column":73}},"type":"cond-expr","locations":[{"start":{"line":29,"column":33},"end":{"line":29,"column":57}},{"start":{"line":29,"column":60},"end":{"line":29,"column":73}}],"line":29},"3":{"loc":{"start":{"line":41,"column":10},"end":{"line":41,"column":60}},"type":"cond-expr","locations":[{"start":{"line":41,"column":24},"end":{"line":41,"column":48}},{"start":{"line":41,"column":51},"end":{"line":41,"column":60}}],"line":41},"4":{"loc":{"start":{"line":45,"column":9},"end":{"line":47,"column":21}},"type":"cond-expr","locations":[{"start":{"line":46,"column":10},"end":{"line":46,"column":52}},{"start":{"line":47,"column":12},"end":{"line":47,"column":21}}],"line":45},"5":{"loc":{"start":{"line":49,"column":9},"end":{"line":51,"column":21}},"type":"cond-expr","locations":[{"start":{"line":50,"column":10},"end":{"line":50,"column":66}},{"start":{"line":51,"column":12},"end":{"line":51,"column":21}}],"line":49}},"s":{"0":293,"1":292,"2":292,"3":5,"4":16,"5":16},"f":{"0":293,"1":5},"b":{"0":[13,279],"1":[1,291],"2":[3,2],"3":[0,292],"4":[1,291],"5":[1,291]},"_coverageSchema":"1a1c01bbd47fc00a2c39e90264f33305004495a9","hash":"51f620f25c1c2541d465d867b38595cb85246ac2"}
,"/home/runner/work/Alpha-Site/Alpha-Site/components/atoms/CheckBox.stories.js": {"path":"/home/runner/work/Alpha-Site/Alpha-Site/components/atoms/CheckBox.stories.js","statementMap":{"0":{"start":{"line":9,"column":6},"end":{"line":13,"column":12}},"1":{"start":{"line":18,"column":17},"end":{"line":18,"column":49}},"2":{"start":{"line":18,"column":27},"end":{"line":18,"column":49}},"3":{"start":{"line":20,"column":25},"end":{"line":20,"column":42}},"4":{"start":{"line":21,"column":0},"end":{"line":27,"column":2}},"5":{"start":{"line":29,"column":23},"end":{"line":29,"column":40}},"6":{"start":{"line":30,"column":0},"end":{"line":37,"column":2}},"7":{"start":{"line":39,"column":28},"end":{"line":39,"column":45}},"8":{"start":{"line":40,"column":0},"end":{"line":47,"column":2}},"9":{"start":{"line":49,"column":24},"end":{"line":49,"column":41}},"10":{"start":{"line":50,"column":0},"end":{"line":57,"column":2}}},"fnMap":{"0":{"name":"(anonymous_0)","decl":{"start":{"line":8,"column":4},"end":{"line":8,"column":5}},"loc":{"start":{"line":9,"column":6},"end":{"line":13,"column":12}},"line":9},"1":{"name":"(anonymous_1)","decl":{"start":{"line":18,"column":17},"end":{"line":18,"column":18}},"loc":{"start":{"line":18,"column":27},"end":{"line":18,"column":49}},"line":18}},"branchMap":{},"s":{"0":0,"1":1,"2":4,"3":1,"4":1,"5":1,"6":1,"7":1,"8":1,"9":1,"10":1},"f":{"0":0,"1":4},"b":{},"_coverageSchema":"1a1c01bbd47fc00a2c39e90264f33305004495a9","hash":"f9d96e67664d95a70a2ab1faa1eecc2839130afe"}
,"/home/runner/work/Alpha-Site/Alpha-Site/components/atoms/DateModified.js": {"path":"/home/runner/work/Alpha-Site/Alpha-Site/components/atoms/DateModified.js","statementMap":{"0":{"start":{"line":5,"column":16},"end":{"line":5,"column":40}},"1":{"start":{"line":7,"column":24},"end":{"line":9,"column":10}},"2":{"start":{"line":10,"column":2},"end":{"line":21,"column":4}},"3":{"start":{"line":24,"column":0},"end":{"line":27,"column":2}}},"fnMap":{"0":{"name":"DateModified","decl":{"start":{"line":4,"column":16},"end":{"line":4,"column":28}},"loc":{"start":{"line":4,"column":36},"end":{"line":22,"column":1}},"line":4}},"branchMap":{"0":{"loc":{"start":{"line":7,"column":24},"end":{"line":9,"column":10}},"type":"cond-expr","locations":[{"start":{"line":8,"column":6},"end":{"line":8,"column":53}},{"start":{"line":9,"column":6},"end":{"line":9,"column":10}}],"line":7},"1":{"loc":{"start":{"line":14,"column":9},"end":{"line":18,"column":9}},"type":"cond-expr","locations":[{"start":{"line":15,"column":10},"end":{"line":15,"column":44}},{"start":{"line":17,"column":10},"end":{"line":17,"column":69}}],"line":14}},"s":{"0":17,"1":17,"2":17,"3":10},"f":{"0":17},"b":{"0":[2,15],"1":[15,2]},"_coverageSchema":"1a1c01bbd47fc00a2c39e90264f33305004495a9","hash":"a68d0f95af0540f9f1d93cfae17857db2d743463"}
,"/home/runner/work/Alpha-Site/Alpha-Site/components/atoms/DateModified.stories.js": {"path":"/home/runner/work/Alpha-Site/Alpha-Site/components/atoms/DateModified.stories.js","statementMap":{"0":{"start":{"line":8,"column":17},"end":{"line":8,"column":53}},"1":{"start":{"line":8,"column":27},"end":{"line":8,"column":53}},"2":{"start":{"line":10,"column":23},"end":{"line":10,"column":40}},"3":{"start":{"line":12,"column":0},"end":{"line":14,"column":2}}},"fnMap":{"0":{"name":"(anonymous_0)","decl":{"start":{"line":8,"column":17},"end":{"line":8,"column":18}},"loc":{"start":{"line":8,"column":27},"end":{"line":8,"column":53}},"line":8}},"branchMap":{},"s":{"0":1,"1":3,"2":1,"3":1},"f":{"0":3},"b":{},"_coverageSchema":"1a1c01bbd47fc00a2c39e90264f33305004495a9","hash":"ba7a5111ab4fbad5c64bf56b3ee50a9e6f45442d"}
,"/home/runner/work/Alpha-Site/Alpha-Site/components/atoms/ErrorLabel.js": {"path":"/home/runner/work/Alpha-Site/Alpha-Site/components/atoms/ErrorLabel.js","statementMap":{"0":{"start":{"line":7,"column":2},"end":{"line":11,"column":4}},"1":{"start":{"line":14,"column":0},"end":{"line":16,"column":2}}},"fnMap":{"0":{"name":"ErrorLabel","decl":{"start":{"line":6,"column":16},"end":{"line":6,"column":26}},"loc":{"start":{"line":6,"column":34},"end":{"line":12,"column":1}},"line":6}},"branchMap":{},"s":{"0":2,"1":18},"f":{"0":2},"b":{},"_coverageSchema":"1a1c01bbd47fc00a2c39e90264f33305004495a9","hash":"a1c60fea3c3fbb68241ff7f41ba082172748ea28"}
,"/home/runner/work/Alpha-Site/Alpha-Site/components/atoms/ErrorLabel.stories.js": {"path":"/home/runner/work/Alpha-Site/Alpha-Site/components/atoms/ErrorLabel.stories.js","statementMap":{"0":{"start":{"line":9,"column":17},"end":{"line":9,"column":51}},"1":{"start":{"line":9,"column":27},"end":{"line":9,"column":51}},"2":{"start":{"line":11,"column":23},"end":{"line":11,"column":40}},"3":{"start":{"line":12,"column":0},"end":{"line":14,"column":2}}},"fnMap":{"0":{"name":"(anonymous_0)","decl":{"start":{"line":9,"column":17},"end":{"line":9,"column":18}},"loc":{"start":{"line":9,"column":27},"end":{"line":9,"column":51}},"line":9}},"branchMap":{},"s":{"0":1,"1":2,"2":1,"3":1},"f":{"0":2},"b":{},"_coverageSchema":"1a1c01bbd47fc00a2c39e90264f33305004495a9","hash":"22f1fc2292a962d5e46856e89133c0bbec263e1d"}
,"/home/runner/work/Alpha-Site/Alpha-Site/components/atoms/MultiTextField.js": {"path":"/home/runner/work/Alpha-Site/Alpha-Site/components/atoms/MultiTextField.js","statementMap":{"0":{"start":{"line":9,"column":16},"end":{"line":9,"column":40}},"1":{"start":{"line":11,"column":2},"end":{"line":59,"column":4}},"2":{"start":{"line":46,"column":25},"end":{"line":46,"column":62}},"3":{"start":{"line":62,"column":0},"end":{"line":65,"column":2}},"4":{"start":{"line":67,"column":0},"end":{"line":151,"column":2}}},"fnMap":{"0":{"name":"MultiTextField","decl":{"start":{"line":8,"column":16},"end":{"line":8,"column":30}},"loc":{"start":{"line":8,"column":38},"end":{"line":60,"column":1}},"line":8},"1":{"name":"(anonymous_1)","decl":{"start":{"line":46,"column":18},"end":{"line":46,"column":19}},"loc":{"start":{"line":46,"column":25},"end":{"line":46,"column":62}},"line":46}},"branchMap":{"0":{"loc":{"start":{"line":14,"column":8},"end":{"line":14,"column":60}},"type":"cond-expr","locations":[{"start":{"line":14,"column":26},"end":{"line":14,"column":47}},{"start":{"line":14,"column":50},"end":{"line":14,"column":60}}],"line":14},"1":{"loc":{"start":{"line":19,"column":10},"end":{"line":19,"column":44}},"type":"cond-expr","locations":[{"start":{"line":19,"column":28},"end":{"line":19,"column":39}},{"start":{"line":19,"column":42},"end":{"line":19,"column":44}}],"line":19},"2":{"loc":{"start":{"line":23,"column":9},"end":{"line":25,"column":21}},"type":"cond-expr","locations":[{"start":{"line":24,"column":10},"end":{"line":24,"column":52}},{"start":{"line":25,"column":12},"end":{"line":25,"column":21}}],"line":23},"3":{"loc":{"start":{"line":27,"column":9},"end":{"line":33,"column":9}},"type":"cond-expr","locations":[{"start":{"line":28,"column":10},"end":{"line":28,"column":66}},{"start":{"line":30,"column":10},"end":{"line":32,"column":14}}],"line":27},"4":{"loc":{"start":{"line":38,"column":7},"end":{"line":38,"column":69}},"type":"cond-expr","locations":[{"start":{"line":38,"column":21},"end":{"line":38,"column":57}},{"start":{"line":38,"column":60},"end":{"line":38,"column":69}}],"line":38},"5":{"loc":{"start":{"line":41,"column":10},"end":{"line":41,"column":66}},"type":"cond-expr","locations":[{"start":{"line":41,"column":24},"end":{"line":41,"column":49}},{"start":{"line":41,"column":52},"end":{"line":41,"column":66}}],"line":41}},"s":{"0":3,"1":3,"2":1,"3":15,"4":15},"f":{"0":3,"1":1},"b":{"0":[0,3],"1":[0,3],"2":[0,3],"3":[0,3],"4":[0,3],"5":[0,3]},"_coverageSchema":"1a1c01bbd47fc00a2c39e90264f33305004495a9","hash":"8ddb3295382e06398ba183c78da657fd55177573"}
,"/home/runner/work/Alpha-Site/Alpha-Site/components/atoms/MultiTextField.stories.js": {"path":"/home/runner/work/Alpha-Site/Alpha-Site/components/atoms/MultiTextField.stories.js","statementMap":{"0":{"start":{"line":9,"column":6},"end":{"line":13,"column":12}},"1":{"start":{"line":18,"column":17},"end":{"line":18,"column":57}},"2":{"start":{"line":18,"column":27},"end":{"line":18,"column":57}},"3":{"start":{"line":20,"column":23},"end":{"line":20,"column":40}},"4":{"start":{"line":21,"column":0},"end":{"line":27,"column":2}},"5":{"start":{"line":29,"column":25},"end":{"line":29,"column":42}},"6":{"start":{"line":30,"column":0},"end":{"line":37,"column":2}},"7":{"start":{"line":39,"column":24},"end":{"line":39,"column":41}},"8":{"start":{"line":40,"column":0},"end":{"line":49,"column":2}}},"fnMap":{"0":{"name":"(anonymous_0)","decl":{"start":{"line":8,"column":4},"end":{"line":8,"column":5}},"loc":{"start":{"line":9,"column":6},"end":{"line":13,"column":12}},"line":9},"1":{"name":"(anonymous_1)","decl":{"start":{"line":18,"column":17},"end":{"line":18,"column":18}},"loc":{"start":{"line":18,"column":27},"end":{"line":18,"column":57}},"line":18}},"branchMap":{},"s":{"0":0,"1":1,"2":2,"3":1,"4":1,"5":1,"6":1,"7":1,"8":1},"f":{"0":0,"1":2},"b":{},"_coverageSchema":"1a1c01bbd47fc00a2c39e90264f33305004495a9","hash":"85ae7f00ffc99de5bc78b79bdb8b3bc278bcfb50"}
,"/home/runner/work/Alpha-Site/Alpha-Site/components/atoms/PhaseBanner.js": {"path":"/home/runner/work/Alpha-Site/Alpha-Site/components/atoms/PhaseBanner.js","statementMap":{"0":{"start":{"line":8,"column":27},"end":{"line":21,"column":1}},"1":{"start":{"line":9,"column":2},"end":{"line":20,"column":4}},"2":{"start":{"line":23,"column":0},"end":{"line":32,"column":2}}},"fnMap":{"0":{"name":"(anonymous_0)","decl":{"start":{"line":8,"column":27},"end":{"line":8,"column":28}},"loc":{"start":{"line":8,"column":52},"end":{"line":21,"column":1}},"line":8}},"branchMap":{},"s":{"0":10,"1":16,"2":10},"f":{"0":16},"b":{},"_coverageSchema":"1a1c01bbd47fc00a2c39e90264f33305004495a9","hash":"70a73adc5ad7d9a4efd46c58d6d7a3b1ce7d01f1"}
,"/home/runner/work/Alpha-Site/Alpha-Site/components/atoms/PhaseBanner.stories.js": {"path":"/home/runner/work/Alpha-Site/Alpha-Site/components/atoms/PhaseBanner.stories.js","statementMap":{"0":{"start":{"line":9,"column":17},"end":{"line":9,"column":52}},"1":{"start":{"line":9,"column":27},"end":{"line":9,"column":52}},"2":{"start":{"line":11,"column":23},"end":{"line":11,"column":40}},"3":{"start":{"line":13,"column":0},"end":{"line":16,"column":2}}},"fnMap":{"0":{"name":"(anonymous_0)","decl":{"start":{"line":9,"column":17},"end":{"line":9,"column":18}},"loc":{"start":{"line":9,"column":27},"end":{"line":9,"column":52}},"line":9}},"branchMap":{},"s":{"0":1,"1":2,"2":1,"3":1},"f":{"0":2},"b":{},"_coverageSchema":"1a1c01bbd47fc00a2c39e90264f33305004495a9","hash":"a7b7ed2cbaa0022a86bae2e487eadf6aa71eb7a3"}
,"/home/runner/work/Alpha-Site/Alpha-Site/components/atoms/RadioButton.js": {"path":"/home/runner/work/Alpha-Site/Alpha-Site/components/atoms/RadioButton.js","statementMap":{"0":{"start":{"line":7,"column":28},"end":{"line":13,"column":7}},"1":{"start":{"line":14,"column":2},"end":{"line":48,"column":4}},"2":{"start":{"line":23,"column":10},"end":{"line":23,"column":41}},"3":{"start":{"line":26,"column":10},"end":{"line":32,"column":11}},"4":{"start":{"line":27,"column":12},"end":{"line":27,"column":31}},"5":{"start":{"line":28,"column":12},"end":{"line":30,"column":13}},"6":{"start":{"line":29,"column":14},"end":{"line":29,"column":45}},"7":{"start":{"line":31,"column":12},"end":{"line":31,"column":43}},"8":{"start":{"line":51,"column":0},"end":{"line":53,"column":2}},"9":{"start":{"line":55,"column":0},"end":{"line":115,"column":2}}},"fnMap":{"0":{"name":"RadioButton","decl":{"start":{"line":6,"column":16},"end":{"line":6,"column":27}},"loc":{"start":{"line":6,"column":35},"end":{"line":49,"column":1}},"line":6},"1":{"name":"(anonymous_1)","decl":{"start":{"line":22,"column":18},"end":{"line":22,"column":19}},"loc":{"start":{"line":22,"column":25},"end":{"line":24,"column":9}},"line":22},"2":{"name":"(anonymous_2)","decl":{"start":{"line":25,"column":17},"end":{"line":25,"column":18}},"loc":{"start":{"line":25,"column":24},"end":{"line":33,"column":9}},"line":25}},"branchMap":{"0":{"loc":{"start":{"line":7,"column":28},"end":{"line":13,"column":7}},"type":"cond-expr","locations":[{"start":{"line":8,"column":6},"end":{"line":10,"column":7}},{"start":{"line":11,"column":6},"end":{"line":13,"column":7}}],"line":7},"1":{"loc":{"start":{"line":12,"column":24},"end":{"line":12,"column":46}},"type":"binary-expr","locations":[{"start":{"line":12,"column":24},"end":{"line":12,"column":37}},{"start":{"line":12,"column":41},"end":{"line":12,"column":46}}],"line":12},"2":{"loc":{"start":{"line":26,"column":10},"end":{"line":32,"column":11}},"type":"if","locations":[{"start":{"line":26,"column":10},"end":{"line":32,"column":11}},{"start":{"line":26,"column":10},"end":{"line":32,"column":11}}],"line":26},"3":{"loc":{"start":{"line":28,"column":12},"end":{"line":30,"column":13}},"type":"if","locations":[{"start":{"line":28,"column":12},"end":{"line":30,"column":13}},{"start":{"line":28,"column":12},"end":{"line":30,"column":13}}],"line":28},"4":{"loc":{"start":{"line":41,"column":10},"end":{"line":41,"column":51}},"type":"cond-expr","locations":[{"start":{"line":41,"column":31},"end":{"line":41,"column":46}},{"start":{"line":41,"column":49},"end":{"line":41,"column":51}}],"line":41},"5":{"loc":{"start":{"line":42,"column":11},"end":{"line":42,"column":51}},"type":"cond-expr","locations":[{"start":{"line":42,"column":31},"end":{"line":42,"column":46}},{"start":{"line":42,"column":49},"end":{"line":42,"column":51}}],"line":42}},"s":{"0":22,"1":22,"2":3,"3":1,"4":1,"5":1,"6":0,"7":1,"8":3,"9":3},"f":{"0":22,"1":3,"2":1},"b":{"0":[21,1],"1":[1,1],"2":[1,0],"3":[0,1],"4":[6,16],"5":[6,16]},"_coverageSchema":"1a1c01bbd47fc00a2c39e90264f33305004495a9","hash":"7dcbc94d1c1a42e917851635ae5fc82a3e0056f5"}
,"/home/runner/work/Alpha-Site/Alpha-Site/components/atoms/RadioButton.stories.js": {"path":"/home/runner/work/Alpha-Site/Alpha-Site/components/atoms/RadioButton.stories.js","statementMap":{"0":{"start":{"line":9,"column":17},"end":{"line":9,"column":52}},"1":{"start":{"line":9,"column":27},"end":{"line":9,"column":52}},"2":{"start":{"line":11,"column":23},"end":{"line":11,"column":40}},"3":{"start":{"line":12,"column":0},"end":{"line":18,"column":2}},"4":{"start":{"line":20,"column":23},"end":{"line":20,"column":40}},"5":{"start":{"line":21,"column":0},"end":{"line":28,"column":2}},"6":{"start":{"line":30,"column":28},"end":{"line":30,"column":45}},"7":{"start":{"line":31,"column":0},"end":{"line":38,"column":2}},"8":{"start":{"line":40,"column":28},"end":{"line":40,"column":45}},"9":{"start":{"line":41,"column":0},"end":{"line":48,"column":2}},"10":{"start":{"line":50,"column":27},"end":{"line":50,"column":44}},"11":{"start":{"line":51,"column":0},"end":{"line":58,"column":2}}},"fnMap":{"0":{"name":"(anonymous_0)","decl":{"start":{"line":9,"column":17},"end":{"line":9,"column":18}},"loc":{"start":{"line":9,"column":27},"end":{"line":9,"column":52}},"line":9}},"branchMap":{},"s":{"0":1,"1":7,"2":1,"3":1,"4":1,"5":1,"6":1,"7":1,"8":1,"9":1,"10":1,"11":1},"f":{"0":7},"b":{},"_coverageSchema":"1a1c01bbd47fc00a2c39e90264f33305004495a9","hash":"803eee603b2ad0ede81d3a0421739193c5c6a613"}
,"/home/runner/work/Alpha-Site/Alpha-Site/components/atoms/RadioField.js": {"path":"/home/runner/work/Alpha-Site/Alpha-Site/components/atoms/RadioField.js","statementMap":{"0":{"start":{"line":7,"column":28},"end":{"line":11,"column":8}},"1":{"start":{"line":12,"column":2},"end":{"line":46,"column":4}},"2":{"start":{"line":25,"column":10},"end":{"line":29,"column":11}},"3":{"start":{"line":41,"column":23},"end":{"line":41,"column":77}},"4":{"start":{"line":49,"column":0},"end":{"line":52,"column":2}},"5":{"start":{"line":54,"column":0},"end":{"line":113,"column":2}}},"fnMap":{"0":{"name":"RadioField","decl":{"start":{"line":6,"column":16},"end":{"line":6,"column":26}},"loc":{"start":{"line":6,"column":34},"end":{"line":47,"column":1}},"line":6},"1":{"name":"(anonymous_1)","decl":{"start":{"line":24,"column":18},"end":{"line":24,"column":19}},"loc":{"start":{"line":25,"column":10},"end":{"line":29,"column":11}},"line":25},"2":{"name":"(anonymous_2)","decl":{"start":{"line":41,"column":17},"end":{"line":41,"column":18}},"loc":{"start":{"line":41,"column":23},"end":{"line":41,"column":77}},"line":41}},"branchMap":{"0":{"loc":{"start":{"line":7,"column":28},"end":{"line":11,"column":8}},"type":"cond-expr","locations":[{"start":{"line":8,"column":6},"end":{"line":10,"column":7}},{"start":{"line":11,"column":6},"end":{"line":11,"column":8}}],"line":7},"1":{"loc":{"start":{"line":15,"column":8},"end":{"line":15,"column":52}},"type":"cond-expr","locations":[{"start":{"line":15,"column":26},"end":{"line":15,"column":47}},{"start":{"line":15,"column":50},"end":{"line":15,"column":52}}],"line":15},"2":{"loc":{"start":{"line":26,"column":12},"end":{"line":26,"column":73}},"type":"cond-expr","locations":[{"start":{"line":26,"column":33},"end":{"line":26,"column":57}},{"start":{"line":26,"column":60},"end":{"line":26,"column":73}}],"line":26},"3":{"loc":{"start":{"line":38,"column":10},"end":{"line":38,"column":60}},"type":"cond-expr","locations":[{"start":{"line":38,"column":24},"end":{"line":38,"column":48}},{"start":{"line":38,"column":51},"end":{"line":38,"column":60}}],"line":38}},"s":{"0":32,"1":32,"2":1,"3":0,"4":16,"5":16},"f":{"0":32,"1":1,"2":0},"b":{"0":[32,0],"1":[0,32],"2":[0,1],"3":[0,32]},"_coverageSchema":"1a1c01bbd47fc00a2c39e90264f33305004495a9","hash":"9ccaf82580af07b6afbd7d9480f774271929e457"}
,"/home/runner/work/Alpha-Site/Alpha-Site/components/atoms/RadioField.stories.js": {"path":"/home/runner/work/Alpha-Site/Alpha-Site/components/atoms/RadioField.stories.js","statementMap":{"0":{"start":{"line":9,"column":6},"end":{"line":13,"column":12}},"1":{"start":{"line":18,"column":17},"end":{"line":18,"column":51}},"2":{"start":{"line":18,"column":27},"end":{"line":18,"column":51}},"3":{"start":{"line":20,"column":25},"end":{"line":20,"column":42}},"4":{"start":{"line":21,"column":0},"end":{"line":27,"column":2}},"5":{"start":{"line":29,"column":23},"end":{"line":29,"column":40}},"6":{"start":{"line":30,"column":0},"end":{"line":37,"column":2}},"7":{"start":{"line":39,"column":28},"end":{"line":39,"column":45}},"8":{"start":{"line":40,"column":0},"end":{"line":47,"column":2}}},"fnMap":{"0":{"name":"(anonymous_0)","decl":{"start":{"line":8,"column":4},"end":{"line":8,"column":5}},"loc":{"start":{"line":9,"column":6},"end":{"line":13,"column":12}},"line":9},"1":{"name":"(anonymous_1)","decl":{"start":{"line":18,"column":17},"end":{"line":18,"column":18}},"loc":{"start":{"line":18,"column":27},"end":{"line":18,"column":51}},"line":18}},"branchMap":{},"s":{"0":0,"1":1,"2":4,"3":1,"4":1,"5":1,"6":1,"7":1,"8":1},"f":{"0":0,"1":4},"b":{},"_coverageSchema":"1a1c01bbd47fc00a2c39e90264f33305004495a9","hash":"7aece865654419c8850d76ded4fb6d4861d3da9f"}
,"/home/runner/work/Alpha-Site/Alpha-Site/components/atoms/SearchBar.js": {"path":"/home/runner/work/Alpha-Site/Alpha-Site/components/atoms/SearchBar.js","statementMap":{"0":{"start":{"line":7,"column":2},"end":{"line":30,"column":4}},"1":{"start":{"line":33,"column":0},"end":{"line":53,"column":2}}},"fnMap":{"0":{"name":"SearchBar","decl":{"start":{"line":6,"column":16},"end":{"line":6,"column":25}},"loc":{"start":{"line":6,"column":33},"end":{"line":31,"column":1}},"line":6}},"branchMap":{},"s":{"0":2,"1":1},"f":{"0":2},"b":{},"_coverageSchema":"1a1c01bbd47fc00a2c39e90264f33305004495a9","hash":"e8f60c98a7e459d2d0d333eb8d48b2a3c199e78e"}
,"/home/runner/work/Alpha-Site/Alpha-Site/components/atoms/SearchBar.stories.js": {"path":"/home/runner/work/Alpha-Site/Alpha-Site/components/atoms/SearchBar.stories.js","statementMap":{"0":{"start":{"line":8,"column":17},"end":{"line":8,"column":50}},"1":{"start":{"line":8,"column":27},"end":{"line":8,"column":50}},"2":{"start":{"line":10,"column":23},"end":{"line":10,"column":40}},"3":{"start":{"line":12,"column":0},"end":{"line":14,"column":2}}},"fnMap":{"0":{"name":"(anonymous_0)","decl":{"start":{"line":8,"column":17},"end":{"line":8,"column":18}},"loc":{"start":{"line":8,"column":27},"end":{"line":8,"column":50}},"line":8}},"branchMap":{},"s":{"0":1,"1":2,"2":1,"3":1},"f":{"0":2},"b":{},"_coverageSchema":"1a1c01bbd47fc00a2c39e90264f33305004495a9","hash":"9ef6d5e5c46f23a948acdd380e146a4fa485980d"}
,"/home/runner/work/Alpha-Site/Alpha-Site/components/atoms/SelectField.js": {"path":"/home/runner/work/Alpha-Site/Alpha-Site/components/atoms/SelectField.js","statementMap":{"0":{"start":{"line":6,"column":16},"end":{"line":6,"column":40}},"1":{"start":{"line":8,"column":28},"end":{"line":12,"column":8}},"2":{"start":{"line":14,"column":2},"end":{"line":17,"column":5}},"3":{"start":{"line":15,"column":19},"end":{"line":15,"column":42}},"4":{"start":{"line":16,"column":4},"end":{"line":16,"column":72}},"5":{"start":{"line":19,"column":2},"end":{"line":83,"column":4}},"6":{"start":{"line":51,"column":25},"end":{"line":51,"column":62}},"7":{"start":{"line":63,"column":10},"end":{"line":67,"column":12}},"8":{"start":{"line":86,"column":0},"end":{"line":88,"column":2}},"9":{"start":{"line":90,"column":0},"end":{"line":163,"column":2}}},"fnMap":{"0":{"name":"SelectField","decl":{"start":{"line":5,"column":16},"end":{"line":5,"column":27}},"loc":{"start":{"line":5,"column":35},"end":{"line":84,"column":1}},"line":5},"1":{"name":"(anonymous_1)","decl":{"start":{"line":14,"column":21},"end":{"line":14,"column":22}},"loc":{"start":{"line":14,"column":37},"end":{"line":17,"column":3}},"line":14},"2":{"name":"(anonymous_2)","decl":{"start":{"line":51,"column":18},"end":{"line":51,"column":19}},"loc":{"start":{"line":51,"column":25},"end":{"line":51,"column":62}},"line":51},"3":{"name":"(anonymous_3)","decl":{"start":{"line":62,"column":27},"end":{"line":62,"column":28}},"loc":{"start":{"line":62,"column":52},"end":{"line":68,"column":9}},"line":62}},"branchMap":{"0":{"loc":{"start":{"line":8,"column":28},"end":{"line":12,"column":8}},"type":"cond-expr","locations":[{"start":{"line":9,"column":6},"end":{"line":11,"column":7}},{"start":{"line":12,"column":6},"end":{"line":12,"column":8}}],"line":8},"1":{"loc":{"start":{"line":22,"column":8},"end":{"line":22,"column":60}},"type":"cond-expr","locations":[{"start":{"line":22,"column":26},"end":{"line":22,"column":47}},{"start":{"line":22,"column":50},"end":{"line":22,"column":60}}],"line":22},"2":{"loc":{"start":{"line":27,"column":10},"end":{"line":27,"column":44}},"type":"cond-expr","locations":[{"start":{"line":27,"column":28},"end":{"line":27,"column":39}},{"start":{"line":27,"column":42},"end":{"line":27,"column":44}}],"line":27},"3":{"loc":{"start":{"line":31,"column":9},"end":{"line":33,"column":21}},"type":"cond-expr","locations":[{"start":{"line":32,"column":10},"end":{"line":32,"column":52}},{"start":{"line":33,"column":12},"end":{"line":33,"column":21}}],"line":31},"4":{"loc":{"start":{"line":35,"column":9},"end":{"line":41,"column":9}},"type":"cond-expr","locations":[{"start":{"line":36,"column":10},"end":{"line":36,"column":66}},{"start":{"line":38,"column":10},"end":{"line":40,"column":17}}],"line":35},"5":{"loc":{"start":{"line":43,"column":7},"end":{"line":43,"column":69}},"type":"cond-expr","locations":[{"start":{"line":43,"column":21},"end":{"line":43,"column":57}},{"start":{"line":43,"column":60},"end":{"line":43,"column":69}}],"line":43},"6":{"loc":{"start":{"line":46,"column":10},"end":{"line":46,"column":66}},"type":"cond-expr","locations":[{"start":{"line":46,"column":24},"end":{"line":46,"column":49}},{"start":{"line":46,"column":52},"end":{"line":46,"column":66}}],"line":46},"7":{"loc":{"start":{"line":69,"column":9},"end":{"line":80,"column":9}},"type":"cond-expr","locations":[{"start":{"line":70,"column":10},"end":{"line":77,"column":19}},{"start":{"line":79,"column":10},"end":{"line":79,"column":12}}],"line":69}},"s":{"0":3,"1":3,"2":3,"3":43,"4":43,"5":3,"6":0,"7":21,"8":2,"9":2},"f":{"0":3,"1":43,"2":0,"3":21},"b":{"0":[1,2],"1":[1,2],"2":[1,2],"3":[0,3],"4":[0,3],"5":[0,3],"6":[0,3],"7":[1,2]},"_coverageSchema":"1a1c01bbd47fc00a2c39e90264f33305004495a9","hash":"d9ba43e438aa4ecd13d19c8c573b7a0858b57426"}
,"/home/runner/work/Alpha-Site/Alpha-Site/components/atoms/SelectField.stories.js": {"path":"/home/runner/work/Alpha-Site/Alpha-Site/components/atoms/SelectField.stories.js","statementMap":{"0":{"start":{"line":9,"column":6},"end":{"line":13,"column":12}},"1":{"start":{"line":18,"column":17},"end":{"line":18,"column":52}},"2":{"start":{"line":18,"column":27},"end":{"line":18,"column":52}},"3":{"start":{"line":20,"column":23},"end":{"line":20,"column":40}},"4":{"start":{"line":21,"column":0},"end":{"line":49,"column":2}}},"fnMap":{"0":{"name":"(anonymous_0)","decl":{"start":{"line":8,"column":4},"end":{"line":8,"column":5}},"loc":{"start":{"line":9,"column":6},"end":{"line":13,"column":12}},"line":9},"1":{"name":"(anonymous_1)","decl":{"start":{"line":18,"column":17},"end":{"line":18,"column":18}},"loc":{"start":{"line":18,"column":27},"end":{"line":18,"column":52}},"line":18}},"branchMap":{},"s":{"0":0,"1":1,"2":2,"3":1,"4":1},"f":{"0":0,"1":2},"b":{},"_coverageSchema":"1a1c01bbd47fc00a2c39e90264f33305004495a9","hash":"3d54cf738c3c64772a2a71e3097c1f676b8f5c54"}
,"/home/runner/work/Alpha-Site/Alpha-Site/components/atoms/TextField.js": {"path":"/home/runner/work/Alpha-Site/Alpha-Site/components/atoms/TextField.js","statementMap":{"0":{"start":{"line":9,"column":16},"end":{"line":9,"column":40}},"1":{"start":{"line":11,"column":28},"end":{"line":15,"column":8}},"2":{"start":{"line":16,"column":2},"end":{"line":66,"column":4}},"3":{"start":{"line":60,"column":25},"end":{"line":60,"column":62}},"4":{"start":{"line":69,"column":0},"end":{"line":72,"column":2}},"5":{"start":{"line":74,"column":0},"end":{"line":169,"column":2}}},"fnMap":{"0":{"name":"TextField","decl":{"start":{"line":8,"column":16},"end":{"line":8,"column":25}},"loc":{"start":{"line":8,"column":33},"end":{"line":67,"column":1}},"line":8},"1":{"name":"(anonymous_1)","decl":{"start":{"line":60,"column":18},"end":{"line":60,"column":19}},"loc":{"start":{"line":60,"column":25},"end":{"line":60,"column":62}},"line":60}},"branchMap":{"0":{"loc":{"start":{"line":11,"column":28},"end":{"line":15,"column":8}},"type":"cond-expr","locations":[{"start":{"line":12,"column":6},"end":{"line":14,"column":7}},{"start":{"line":15,"column":6},"end":{"line":15,"column":8}}],"line":11},"1":{"loc":{"start":{"line":19,"column":8},"end":{"line":19,"column":60}},"type":"cond-expr","locations":[{"start":{"line":19,"column":26},"end":{"line":19,"column":47}},{"start":{"line":19,"column":50},"end":{"line":19,"column":60}}],"line":19},"2":{"loc":{"start":{"line":24,"column":10},"end":{"line":24,"column":44}},"type":"cond-expr","locations":[{"start":{"line":24,"column":28},"end":{"line":24,"column":39}},{"start":{"line":24,"column":42},"end":{"line":24,"column":44}}],"line":24},"3":{"loc":{"start":{"line":28,"column":9},"end":{"line":30,"column":21}},"type":"cond-expr","locations":[{"start":{"line":29,"column":10},"end":{"line":29,"column":52}},{"start":{"line":30,"column":12},"end":{"line":30,"column":21}}],"line":28},"4":{"loc":{"start":{"line":32,"column":9},"end":{"line":38,"column":9}},"type":"cond-expr","locations":[{"start":{"line":33,"column":10},"end":{"line":33,"column":66}},{"start":{"line":35,"column":10},"end":{"line":37,"column":14}}],"line":32},"5":{"loc":{"start":{"line":46,"column":7},"end":{"line":46,"column":69}},"type":"cond-expr","locations":[{"start":{"line":46,"column":21},"end":{"line":46,"column":57}},{"start":{"line":46,"column":60},"end":{"line":46,"column":69}}],"line":46},"6":{"loc":{"start":{"line":49,"column":10},"end":{"line":49,"column":66}},"type":"cond-expr","locations":[{"start":{"line":49,"column":24},"end":{"line":49,"column":49}},{"start":{"line":49,"column":52},"end":{"line":49,"column":66}}],"line":49},"7":{"loc":{"start":{"line":50,"column":12},"end":{"line":50,"column":42}},"type":"cond-expr","locations":[{"start":{"line":50,"column":28},"end":{"line":50,"column":37}},{"start":{"line":50,"column":40},"end":{"line":50,"column":42}}],"line":50}},"s":{"0":9,"1":9,"2":9,"3":2,"4":15,"5":15},"f":{"0":9,"1":2},"b":{"0":[6,3],"1":[3,6],"2":[4,5],"3":[3,6],"4":[3,6],"5":[0,9],"6":[0,9],"7":[1,8]},"_coverageSchema":"1a1c01bbd47fc00a2c39e90264f33305004495a9","hash":"ba2ada3e19bbf5996da5eeb586a723cd50f82262"}
,"/home/runner/work/Alpha-Site/Alpha-Site/components/atoms/TextField.stories.js": {"path":"/home/runner/work/Alpha-Site/Alpha-Site/components/atoms/TextField.stories.js","statementMap":{"0":{"start":{"line":9,"column":6},"end":{"line":13,"column":12}},"1":{"start":{"line":18,"column":17},"end":{"line":18,"column":50}},"2":{"start":{"line":18,"column":27},"end":{"line":18,"column":50}},"3":{"start":{"line":20,"column":23},"end":{"line":20,"column":40}},"4":{"start":{"line":21,"column":0},"end":{"line":27,"column":2}},"5":{"start":{"line":29,"column":28},"end":{"line":29,"column":45}},"6":{"start":{"line":30,"column":0},"end":{"line":37,"column":2}},"7":{"start":{"line":39,"column":25},"end":{"line":39,"column":42}},"8":{"start":{"line":40,"column":0},"end":{"line":48,"column":2}}},"fnMap":{"0":{"name":"(anonymous_0)","decl":{"start":{"line":8,"column":4},"end":{"line":8,"column":5}},"loc":{"start":{"line":9,"column":6},"end":{"line":13,"column":12}},"line":9},"1":{"name":"(anonymous_1)","decl":{"start":{"line":18,"column":17},"end":{"line":18,"column":18}},"loc":{"start":{"line":18,"column":27},"end":{"line":18,"column":50}},"line":18}},"branchMap":{},"s":{"0":0,"1":1,"2":4,"3":1,"4":1,"5":1,"6":1,"7":1,"8":1},"f":{"0":0,"1":4},"b":{},"_coverageSchema":"1a1c01bbd47fc00a2c39e90264f33305004495a9","hash":"9c318c8de0d08866e621ee3b4fb9c0e1318c4b88"}
,"/home/runner/work/Alpha-Site/Alpha-Site/components/molecules/CallToAction.js": {"path":"/home/runner/work/Alpha-Site/Alpha-Site/components/molecules/CallToAction.js","statementMap":{"0":{"start":{"line":10,"column":16},"end":{"line":10,"column":40}},"1":{"start":{"line":11,"column":2},"end":{"line":43,"column":4}},"2":{"start":{"line":46,"column":0},"end":{"line":71,"column":2}}},"fnMap":{"0":{"name":"CallToAction","decl":{"start":{"line":9,"column":16},"end":{"line":9,"column":28}},"loc":{"start":{"line":9,"column":36},"end":{"line":44,"column":1}},"line":9}},"branchMap":{"0":{"loc":{"start":{"line":16,"column":11},"end":{"line":23,"column":11}},"type":"cond-expr","locations":[{"start":{"line":17,"column":12},"end":{"line":17,"column":70}},{"start":{"line":19,"column":12},"end":{"line":22,"column":14}}],"line":16}},"s":{"0":10,"1":8,"2":5},"f":{"0":10},"b":{"0":[2,6]},"_coverageSchema":"1a1c01bbd47fc00a2c39e90264f33305004495a9","hash":"c83d95cb033f70147fa31c63ebd41b184751694c"}
,"/home/runner/work/Alpha-Site/Alpha-Site/components/molecules/CallToAction.stories.js": {"path":"/home/runner/work/Alpha-Site/Alpha-Site/components/molecules/CallToAction.stories.js","statementMap":{"0":{"start":{"line":9,"column":17},"end":{"line":9,"column":53}},"1":{"start":{"line":9,"column":27},"end":{"line":9,"column":53}},"2":{"start":{"line":11,"column":23},"end":{"line":11,"column":40}},"3":{"start":{"line":12,"column":25},"end":{"line":12,"column":42}},"4":{"start":{"line":13,"column":0},"end":{"line":18,"column":2}},"5":{"start":{"line":20,"column":0},"end":{"line":25,"column":2}}},"fnMap":{"0":{"name":"(anonymous_0)","decl":{"start":{"line":9,"column":17},"end":{"line":9,"column":18}},"loc":{"start":{"line":9,"column":27},"end":{"line":9,"column":53}},"line":9}},"branchMap":{},"s":{"0":1,"1":4,"2":1,"3":1,"4":1,"5":1},"f":{"0":4},"b":{},"_coverageSchema":"1a1c01bbd47fc00a2c39e90264f33305004495a9","hash":"1e6d95ae7b523c25065c9d81c575def1095235da"}
,"/home/runner/work/Alpha-Site/Alpha-Site/components/molecules/Details.js": {"path":"/home/runner/work/Alpha-Site/Alpha-Site/components/molecules/Details.js","statementMap":{"0":{"start":{"line":7,"column":2},"end":{"line":16,"column":4}},"1":{"start":{"line":19,"column":0},"end":{"line":48,"column":2}}},"fnMap":{"0":{"name":"Details","decl":{"start":{"line":6,"column":16},"end":{"line":6,"column":23}},"loc":{"start":{"line":6,"column":31},"end":{"line":17,"column":1}},"line":6}},"branchMap":{},"s":{"0":43,"1":14},"f":{"0":43},"b":{},"_coverageSchema":"1a1c01bbd47fc00a2c39e90264f33305004495a9","hash":"2cdb700ce9cfb4a4ddd1a4ecd8385ae0080b7a81"}
,"/home/runner/work/Alpha-Site/Alpha-Site/components/molecules/Details.stories.js": {"path":"/home/runner/work/Alpha-Site/Alpha-Site/components/molecules/Details.stories.js","statementMap":{"0":{"start":{"line":9,"column":17},"end":{"line":9,"column":48}},"1":{"start":{"line":9,"column":27},"end":{"line":9,"column":48}},"2":{"start":{"line":11,"column":23},"end":{"line":11,"column":40}},"3":{"start":{"line":12,"column":0},"end":{"line":17,"column":2}}},"fnMap":{"0":{"name":"(anonymous_0)","decl":{"start":{"line":9,"column":17},"end":{"line":9,"column":18}},"loc":{"start":{"line":9,"column":27},"end":{"line":9,"column":48}},"line":9}},"branchMap":{},"s":{"0":1,"1":2,"2":1,"3":1},"f":{"0":2},"b":{},"_coverageSchema":"1a1c01bbd47fc00a2c39e90264f33305004495a9","hash":"bc3241314f3df319e8c94d7e90a1e3d5ab6eb0ba"}
,"/home/runner/work/Alpha-Site/Alpha-Site/components/molecules/ErrorBox.js": {"path":"/home/runner/work/Alpha-Site/Alpha-Site/components/molecules/ErrorBox.js","statementMap":{"0":{"start":{"line":8,"column":2},"end":{"line":40,"column":4}},"1":{"start":{"line":24,"column":10},"end":{"line":36,"column":12}},"2":{"start":{"line":29,"column":31},"end":{"line":29,"column":48}},"3":{"start":{"line":43,"column":0},"end":{"line":45,"column":2}},"4":{"start":{"line":47,"column":0},"end":{"line":69,"column":2}}},"fnMap":{"0":{"name":"ErrorBox","decl":{"start":{"line":7,"column":16},"end":{"line":7,"column":24}},"loc":{"start":{"line":7,"column":32},"end":{"line":41,"column":1}},"line":7},"1":{"name":"(anonymous_1)","decl":{"start":{"line":23,"column":26},"end":{"line":23,"column":27}},"loc":{"start":{"line":23,"column":44},"end":{"line":37,"column":9}},"line":23},"2":{"name":"(anonymous_2)","decl":{"start":{"line":29,"column":25},"end":{"line":29,"column":26}},"loc":{"start":{"line":29,"column":31},"end":{"line":29,"column":48}},"line":29}},"branchMap":{},"s":{"0":3,"1":9,"2":1,"3":3,"4":3},"f":{"0":3,"1":9,"2":1},"b":{},"_coverageSchema":"1a1c01bbd47fc00a2c39e90264f33305004495a9","hash":"349b07dc2d0836e26d1c4b3a7d4d90a1851bf608"}
,"/home/runner/work/Alpha-Site/Alpha-Site/components/molecules/ErrorBox.stories.js": {"path":"/home/runner/work/Alpha-Site/Alpha-Site/components/molecules/ErrorBox.stories.js","statementMap":{"0":{"start":{"line":9,"column":6},"end":{"line":16,"column":12}},"1":{"start":{"line":21,"column":17},"end":{"line":21,"column":49}},"2":{"start":{"line":21,"column":27},"end":{"line":21,"column":49}},"3":{"start":{"line":23,"column":23},"end":{"line":23,"column":40}},"4":{"start":{"line":25,"column":0},"end":{"line":41,"column":2}}},"fnMap":{"0":{"name":"(anonymous_0)","decl":{"start":{"line":8,"column":4},"end":{"line":8,"column":5}},"loc":{"start":{"line":9,"column":6},"end":{"line":16,"column":12}},"line":9},"1":{"name":"(anonymous_1)","decl":{"start":{"line":21,"column":17},"end":{"line":21,"column":18}},"loc":{"start":{"line":21,"column":27},"end":{"line":21,"column":49}},"line":21}},"branchMap":{},"s":{"0":0,"1":1,"2":3,"3":1,"4":1},"f":{"0":0,"1":3},"b":{},"_coverageSchema":"1a1c01bbd47fc00a2c39e90264f33305004495a9","hash":"0a4f2238fd376fb7c8a22bcf68f593932b853557"}
,"/home/runner/work/Alpha-Site/Alpha-Site/components/molecules/Experiment.js": {"path":"/home/runner/work/Alpha-Site/Alpha-Site/components/molecules/Experiment.js","statementMap":{"0":{"start":{"line":8,"column":26},"end":{"line":35,"column":1}},"1":{"start":{"line":9,"column":21},"end":{"line":13,"column":3}},"2":{"start":{"line":14,"column":2},"end":{"line":34,"column":4}},"3":{"start":{"line":37,"column":0},"end":{"line":72,"column":2}}},"fnMap":{"0":{"name":"(anonymous_0)","decl":{"start":{"line":8,"column":26},"end":{"line":8,"column":27}},"loc":{"start":{"line":8,"column":37},"end":{"line":35,"column":1}},"line":8}},"branchMap":{"0":{"loc":{"start":{"line":17,"column":21},"end":{"line":17,"column":63}},"type":"binary-expr","locations":[{"start":{"line":17,"column":21},"end":{"line":17,"column":42}},{"start":{"line":17,"column":46},"end":{"line":17,"column":63}}],"line":17},"1":{"loc":{"start":{"line":27,"column":19},"end":{"line":27,"column":61}},"type":"binary-expr","locations":[{"start":{"line":27,"column":19},"end":{"line":27,"column":40}},{"start":{"line":27,"column":44},"end":{"line":27,"column":61}}],"line":27}},"s":{"0":2,"1":12,"2":12,"3":2},"f":{"0":12},"b":{"0":[12,2],"1":[12,2]},"_coverageSchema":"1a1c01bbd47fc00a2c39e90264f33305004495a9","hash":"af3eaddcd200d70d7fba308e241f4007a346451c"}
,"/home/runner/work/Alpha-Site/Alpha-Site/components/molecules/Experiment.stories.js": {"path":"/home/runner/work/Alpha-Site/Alpha-Site/components/molecules/Experiment.stories.js","statementMap":{"0":{"start":{"line":9,"column":17},"end":{"line":9,"column":51}},"1":{"start":{"line":9,"column":27},"end":{"line":9,"column":51}},"2":{"start":{"line":11,"column":23},"end":{"line":11,"column":40}},"3":{"start":{"line":13,"column":0},"end":{"line":18,"column":2}}},"fnMap":{"0":{"name":"(anonymous_0)","decl":{"start":{"line":9,"column":17},"end":{"line":9,"column":18}},"loc":{"start":{"line":9,"column":27},"end":{"line":9,"column":51}},"line":9}},"branchMap":{},"s":{"0":1,"1":2,"2":1,"3":1},"f":{"0":2},"b":{},"_coverageSchema":"1a1c01bbd47fc00a2c39e90264f33305004495a9","hash":"06b9000726d5547c8834762092965d157df29cc1"}
,"/home/runner/work/Alpha-Site/Alpha-Site/components/molecules/Filter.js": {"path":"/home/runner/work/Alpha-Site/Alpha-Site/components/molecules/Filter.js","statementMap":{"0":{"start":{"line":8,"column":2},"end":{"line":35,"column":4}},"1":{"start":{"line":19,"column":10},"end":{"line":31,"column":12}},"2":{"start":{"line":38,"column":0},"end":{"line":69,"column":2}}},"fnMap":{"0":{"name":"Filter","decl":{"start":{"line":7,"column":16},"end":{"line":7,"column":22}},"loc":{"start":{"line":7,"column":30},"end":{"line":36,"column":1}},"line":7},"1":{"name":"(anonymous_1)","decl":{"start":{"line":18,"column":27},"end":{"line":18,"column":28}},"loc":{"start":{"line":19,"column":10},"end":{"line":31,"column":12}},"line":19}},"branchMap":{},"s":{"0":5,"1":15,"2":2},"f":{"0":5,"1":15},"b":{},"_coverageSchema":"1a1c01bbd47fc00a2c39e90264f33305004495a9","hash":"3bb119fff939d7fc7febe049af9769a83d85b363"}
,"/home/runner/work/Alpha-Site/Alpha-Site/components/molecules/Filter.stories.js": {"path":"/home/runner/work/Alpha-Site/Alpha-Site/components/molecules/Filter.stories.js","statementMap":{"0":{"start":{"line":9,"column":17},"end":{"line":9,"column":47}},"1":{"start":{"line":9,"column":27},"end":{"line":9,"column":47}},"2":{"start":{"line":11,"column":23},"end":{"line":11,"column":40}},"3":{"start":{"line":13,"column":0},"end":{"line":32,"column":2}}},"fnMap":{"0":{"name":"(anonymous_0)","decl":{"start":{"line":9,"column":17},"end":{"line":9,"column":18}},"loc":{"start":{"line":9,"column":27},"end":{"line":9,"column":47}},"line":9}},"branchMap":{},"s":{"0":1,"1":3,"2":1,"3":1},"f":{"0":3},"b":{},"_coverageSchema":"1a1c01bbd47fc00a2c39e90264f33305004495a9","hash":"b47130587c5e882b79cfee068fc3a7467cef99e6"}
,"/home/runner/work/Alpha-Site/Alpha-Site/components/molecules/List.js": {"path":"/home/runner/work/Alpha-Site/Alpha-Site/components/molecules/List.js","statementMap":{"0":{"start":{"line":7,"column":16},"end":{"line":7,"column":18}},"1":{"start":{"line":8,"column":2},"end":{"line":26,"column":4}},"2":{"start":{"line":12,"column":10},"end":{"line":14,"column":207}},"3":{"start":{"line":15,"column":8},"end":{"line":15,"column":41}},"4":{"start":{"line":15,"column":27},"end":{"line":15,"column":41}},"5":{"start":{"line":16,"column":8},"end":{"line":23,"column":10}},"6":{"start":{"line":29,"column":0},"end":{"line":39,"column":2}}},"fnMap":{"0":{"name":"List","decl":{"start":{"line":6,"column":16},"end":{"line":6,"column":20}},"loc":{"start":{"line":6,"column":28},"end":{"line":27,"column":1}},"line":6},"1":{"name":"(anonymous_1)","decl":{"start":{"line":10,"column":23},"end":{"line":10,"column":24}},"loc":{"start":{"line":10,"column":38},"end":{"line":24,"column":7}},"line":10}},"branchMap":{"0":{"loc":{"start":{"line":15,"column":8},"end":{"line":15,"column":41}},"type":"if","locations":[{"start":{"line":15,"column":8},"end":{"line":15,"column":41}},{"start":{"line":15,"column":8},"end":{"line":15,"column":41}}],"line":15}},"s":{"0":3,"1":3,"2":12,"3":12,"4":9,"5":12,"6":2},"f":{"0":3,"1":12},"b":{"0":[9,3]},"_coverageSchema":"1a1c01bbd47fc00a2c39e90264f33305004495a9","hash":"70e4b64069dd5c0047ad8ee35385a43c33f1bf6d"}
,"/home/runner/work/Alpha-Site/Alpha-Site/components/molecules/List.stories.js": {"path":"/home/runner/work/Alpha-Site/Alpha-Site/components/molecules/List.stories.js","statementMap":{"0":{"start":{"line":9,"column":17},"end":{"line":9,"column":50}},"1":{"start":{"line":9,"column":27},"end":{"line":9,"column":50}},"2":{"start":{"line":11,"column":23},"end":{"line":11,"column":40}},"3":{"start":{"line":13,"column":0},"end":{"line":15,"column":2}}},"fnMap":{"0":{"name":"(anonymous_0)","decl":{"start":{"line":9,"column":17},"end":{"line":9,"column":18}},"loc":{"start":{"line":9,"column":27},"end":{"line":9,"column":50}},"line":9}},"branchMap":{},"s":{"0":1,"1":2,"2":1,"3":1},"f":{"0":2},"b":{},"_coverageSchema":"1a1c01bbd47fc00a2c39e90264f33305004495a9","hash":"61d180703c8f78d9df717c51d012880091b60745"}
,"/home/runner/work/Alpha-Site/Alpha-Site/components/molecules/Menu.js": {"path":"/home/runner/work/Alpha-Site/Alpha-Site/components/molecules/Menu.js","statementMap":{"0":{"start":{"line":11,"column":21},"end":{"line":11,"column":32}},"1":{"start":{"line":15,"column":23},"end":{"line":15,"column":60}},"2":{"start":{"line":16,"column":25},"end":{"line":16,"column":64}},"3":{"start":{"line":18,"column":4},"end":{"line":18,"column":44}},"4":{"start":{"line":19,"column":4},"end":{"line":21,"column":55}},"5":{"start":{"line":24,"column":2},"end":{"line":70,"column":4}},"6":{"start":{"line":47,"column":26},"end":{"line":47,"column":64}},"7":{"start":{"line":50,"column":12},"end":{"line":52,"column":21}},"8":{"start":{"line":55,"column":10},"end":{"line":61,"column":12}},"9":{"start":{"line":73,"column":0},"end":{"line":100,"column":2}}},"fnMap":{"0":{"name":"Menu","decl":{"start":{"line":9,"column":16},"end":{"line":9,"column":20}},"loc":{"start":{"line":9,"column":28},"end":{"line":71,"column":1}},"line":9},"1":{"name":"onMenuClick","decl":{"start":{"line":14,"column":11},"end":{"line":14,"column":22}},"loc":{"start":{"line":14,"column":25},"end":{"line":22,"column":3}},"line":14},"2":{"name":"(anonymous_2)","decl":{"start":{"line":46,"column":25},"end":{"line":46,"column":26}},"loc":{"start":{"line":46,"column":40},"end":{"line":62,"column":9}},"line":46}},"branchMap":{"0":{"loc":{"start":{"line":19,"column":4},"end":{"line":21,"column":54}},"type":"cond-expr","locations":[{"start":{"line":20,"column":8},"end":{"line":20,"column":55}},{"start":{"line":21,"column":8},"end":{"line":21,"column":54}}],"line":19},"1":{"loc":{"start":{"line":50,"column":12},"end":{"line":52,"column":20}},"type":"cond-expr","locations":[{"start":{"line":51,"column":17},"end":{"line":51,"column":69}},{"start":{"line":52,"column":16},"end":{"line":52,"column":20}}],"line":50}},"s":{"0":17,"1":1,"2":1,"3":1,"4":1,"5":17,"6":51,"7":51,"8":51,"9":10},"f":{"0":17,"1":1,"2":51},"b":{"0":[0,1],"1":[0,51]},"_coverageSchema":"1a1c01bbd47fc00a2c39e90264f33305004495a9","hash":"5d35967f4638e46f1c811ee68417a3ff9b41be91"}
,"/home/runner/work/Alpha-Site/Alpha-Site/components/molecules/Menu.stories.js": {"path":"/home/runner/work/Alpha-Site/Alpha-Site/components/molecules/Menu.stories.js","statementMap":{"0":{"start":{"line":9,"column":17},"end":{"line":9,"column":50}},"1":{"start":{"line":9,"column":27},"end":{"line":9,"column":50}},"2":{"start":{"line":11,"column":23},"end":{"line":11,"column":40}},"3":{"start":{"line":13,"column":0},"end":{"line":30,"column":2}}},"fnMap":{"0":{"name":"(anonymous_0)","decl":{"start":{"line":9,"column":17},"end":{"line":9,"column":18}},"loc":{"start":{"line":9,"column":27},"end":{"line":9,"column":50}},"line":9}},"branchMap":{},"s":{"0":1,"1":3,"2":1,"3":1},"f":{"0":3},"b":{},"_coverageSchema":"1a1c01bbd47fc00a2c39e90264f33305004495a9","hash":"e21f70c5f4a2f7d46802a6e4416bfdefec9647f1"}
,"/home/runner/work/Alpha-Site/Alpha-Site/components/molecules/OptionalListField.js": {"path":"/home/runner/work/Alpha-Site/Alpha-Site/components/molecules/OptionalListField.js","statementMap":{"0":{"start":{"line":11,"column":16},"end":{"line":11,"column":40}},"1":{"start":{"line":12,"column":42},"end":{"line":12,"column":74}},"2":{"start":{"line":13,"column":26},"end":{"line":23,"column":3}},"3":{"start":{"line":14,"column":4},"end":{"line":18,"column":5}},"4":{"start":{"line":15,"column":6},"end":{"line":15,"column":30}},"5":{"start":{"line":17,"column":6},"end":{"line":17,"column":29}},"6":{"start":{"line":20,"column":4},"end":{"line":22,"column":5}},"7":{"start":{"line":21,"column":6},"end":{"line":21,"column":53}},"8":{"start":{"line":24,"column":2},"end":{"line":74,"column":4}},"9":{"start":{"line":77,"column":0},"end":{"line":79,"column":2}},"10":{"start":{"line":81,"column":0},"end":{"line":150,"column":2}}},"fnMap":{"0":{"name":"OptionalListField","decl":{"start":{"line":10,"column":16},"end":{"line":10,"column":33}},"loc":{"start":{"line":10,"column":41},"end":{"line":75,"column":1}},"line":10},"1":{"name":"(anonymous_1)","decl":{"start":{"line":13,"column":26},"end":{"line":13,"column":27}},"loc":{"start":{"line":13,"column":55},"end":{"line":23,"column":3}},"line":13}},"branchMap":{"0":{"loc":{"start":{"line":12,"column":51},"end":{"line":12,"column":73}},"type":"binary-expr","locations":[{"start":{"line":12,"column":51},"end":{"line":12,"column":64}},{"start":{"line":12,"column":68},"end":{"line":12,"column":73}}],"line":12},"1":{"loc":{"start":{"line":14,"column":4},"end":{"line":18,"column":5}},"type":"if","locations":[{"start":{"line":14,"column":4},"end":{"line":18,"column":5}},{"start":{"line":14,"column":4},"end":{"line":18,"column":5}}],"line":14},"2":{"loc":{"start":{"line":20,"column":4},"end":{"line":22,"column":5}},"type":"if","locations":[{"start":{"line":20,"column":4},"end":{"line":22,"column":5}},{"start":{"line":20,"column":4},"end":{"line":22,"column":5}}],"line":20},"3":{"loc":{"start":{"line":26,"column":7},"end":{"line":52,"column":7}},"type":"cond-expr","locations":[{"start":{"line":27,"column":8},"end":{"line":38,"column":10}},{"start":{"line":40,"column":8},"end":{"line":51,"column":10}}],"line":26},"4":{"loc":{"start":{"line":53,"column":7},"end":{"line":72,"column":19}},"type":"cond-expr","locations":[{"start":{"line":54,"column":8},"end":{"line":71,"column":19}},{"start":{"line":72,"column":10},"end":{"line":72,"column":19}}],"line":53},"5":{"loc":{"start":{"line":53,"column":7},"end":{"line":53,"column":61}},"type":"binary-expr","locations":[{"start":{"line":53,"column":8},"end":{"line":53,"column":26}},{"start":{"line":53,"column":30},"end":{"line":53,"column":43}},{"start":{"line":53,"column":48},"end":{"line":53,"column":61}}],"line":53},"6":{"loc":{"start":{"line":56,"column":13},"end":{"line":60,"column":13}},"type":"cond-expr","locations":[{"start":{"line":57,"column":14},"end":{"line":57,"column":56}},{"start":{"line":59,"column":14},"end":{"line":59,"column":16}}],"line":56},"7":{"loc":{"start":{"line":62,"column":13},"end":{"line":68,"column":13}},"type":"cond-expr","locations":[{"start":{"line":63,"column":14},"end":{"line":63,"column":70}},{"start":{"line":65,"column":14},"end":{"line":67,"column":18}}],"line":62}},"s":{"0":8,"1":6,"2":6,"3":1,"4":0,"5":1,"6":1,"7":0,"8":6,"9":2,"10":2},"f":{"0":8,"1":1},"b":{"0":[6,3],"1":[0,1],"2":[0,1],"3":[4,2],"4":[4,2],"5":[6,2,5],"6":[0,4],"7":[0,4]},"_coverageSchema":"1a1c01bbd47fc00a2c39e90264f33305004495a9","hash":"f997b8b118b3cb636990e31b6aa0c5e57f3c4732"}
,"/home/runner/work/Alpha-Site/Alpha-Site/components/molecules/OptionalListField.stories.js": {"path":"/home/runner/work/Alpha-Site/Alpha-Site/components/molecules/OptionalListField.stories.js","statementMap":{"0":{"start":{"line":11,"column":6},"end":{"line":15,"column":12}},"1":{"start":{"line":20,"column":17},"end":{"line":20,"column":58}},"2":{"start":{"line":20,"column":27},"end":{"line":20,"column":58}},"3":{"start":{"line":22,"column":24},"end":{"line":22,"column":41}},"4":{"start":{"line":23,"column":0},"end":{"line":44,"column":2}},"5":{"start":{"line":46,"column":33},"end":{"line":46,"column":50}},"6":{"start":{"line":47,"column":0},"end":{"line":70,"column":2}},"7":{"start":{"line":72,"column":34},"end":{"line":72,"column":51}},"8":{"start":{"line":73,"column":0},"end":{"line":96,"column":2}},"9":{"start":{"line":98,"column":21},"end":{"line":98,"column":38}},"10":{"start":{"line":99,"column":0},"end":{"line":123,"column":2}},"11":{"start":{"line":125,"column":28},"end":{"line":125,"column":45}},"12":{"start":{"line":126,"column":0},"end":{"line":149,"column":2}}},"fnMap":{"0":{"name":"(anonymous_0)","decl":{"start":{"line":10,"column":4},"end":{"line":10,"column":5}},"loc":{"start":{"line":11,"column":6},"end":{"line":15,"column":12}},"line":11},"1":{"name":"(anonymous_1)","decl":{"start":{"line":20,"column":17},"end":{"line":20,"column":18}},"loc":{"start":{"line":20,"column":27},"end":{"line":20,"column":58}},"line":20}},"branchMap":{},"s":{"0":0,"1":1,"2":5,"3":1,"4":1,"5":1,"6":1,"7":1,"8":1,"9":1,"10":1,"11":1,"12":1},"f":{"0":0,"1":5},"b":{},"_coverageSchema":"1a1c01bbd47fc00a2c39e90264f33305004495a9","hash":"66e99441eae34ec5772f7a7c01734ee1b16bc7db"}
,"/home/runner/work/Alpha-Site/Alpha-Site/components/molecules/OptionalTextField.js": {"path":"/home/runner/work/Alpha-Site/Alpha-Site/components/molecules/OptionalTextField.js","statementMap":{"0":{"start":{"line":12,"column":42},"end":{"line":12,"column":74}},"1":{"start":{"line":13,"column":26},"end":{"line":23,"column":3}},"2":{"start":{"line":14,"column":4},"end":{"line":18,"column":5}},"3":{"start":{"line":15,"column":6},"end":{"line":15,"column":30}},"4":{"start":{"line":17,"column":6},"end":{"line":17,"column":29}},"5":{"start":{"line":20,"column":4},"end":{"line":22,"column":5}},"6":{"start":{"line":21,"column":6},"end":{"line":21,"column":53}},"7":{"start":{"line":24,"column":2},"end":{"line":96,"column":4}},"8":{"start":{"line":99,"column":0},"end":{"line":101,"column":2}},"9":{"start":{"line":103,"column":0},"end":{"line":252,"column":2}}},"fnMap":{"0":{"name":"OptionalTextField","decl":{"start":{"line":11,"column":16},"end":{"line":11,"column":33}},"loc":{"start":{"line":11,"column":41},"end":{"line":97,"column":1}},"line":11},"1":{"name":"(anonymous_1)","decl":{"start":{"line":13,"column":26},"end":{"line":13,"column":27}},"loc":{"start":{"line":13,"column":55},"end":{"line":23,"column":3}},"line":13},"2":{"name":"(anonymous_2)","decl":{"start":{"line":69,"column":66},"end":{"line":69,"column":67}},"loc":{"start":{"line":69,"column":72},"end":{"line":69,"column":74}},"line":69},"3":{"name":"(anonymous_3)","decl":{"start":{"line":87,"column":66},"end":{"line":87,"column":67}},"loc":{"start":{"line":87,"column":72},"end":{"line":87,"column":74}},"line":87}},"branchMap":{"0":{"loc":{"start":{"line":12,"column":51},"end":{"line":12,"column":73}},"type":"binary-expr","locations":[{"start":{"line":12,"column":51},"end":{"line":12,"column":64}},{"start":{"line":12,"column":68},"end":{"line":12,"column":73}}],"line":12},"1":{"loc":{"start":{"line":14,"column":4},"end":{"line":18,"column":5}},"type":"if","locations":[{"start":{"line":14,"column":4},"end":{"line":18,"column":5}},{"start":{"line":14,"column":4},"end":{"line":18,"column":5}}],"line":14},"2":{"loc":{"start":{"line":20,"column":4},"end":{"line":22,"column":5}},"type":"if","locations":[{"start":{"line":20,"column":4},"end":{"line":22,"column":5}},{"start":{"line":20,"column":4},"end":{"line":22,"column":5}}],"line":20},"3":{"loc":{"start":{"line":26,"column":7},"end":{"line":39,"column":7}},"type":"binary-expr","locations":[{"start":{"line":26,"column":7},"end":{"line":26,"column":39}},{"start":{"line":27,"column":8},"end":{"line":38,"column":10}}],"line":26},"4":{"loc":{"start":{"line":40,"column":7},"end":{"line":53,"column":7}},"type":"binary-expr","locations":[{"start":{"line":40,"column":7},"end":{"line":40,"column":41}},{"start":{"line":41,"column":8},"end":{"line":52,"column":10}}],"line":40},"5":{"loc":{"start":{"line":54,"column":7},"end":{"line":94,"column":19}},"type":"cond-expr","locations":[{"start":{"line":55,"column":8},"end":{"line":93,"column":9}},{"start":{"line":94,"column":10},"end":{"line":94,"column":19}}],"line":54},"6":{"loc":{"start":{"line":54,"column":7},"end":{"line":54,"column":61}},"type":"binary-expr","locations":[{"start":{"line":54,"column":8},"end":{"line":54,"column":26}},{"start":{"line":54,"column":30},"end":{"line":54,"column":43}},{"start":{"line":54,"column":48},"end":{"line":54,"column":61}}],"line":54},"7":{"loc":{"start":{"line":55,"column":8},"end":{"line":93,"column":9}},"type":"cond-expr","locations":[{"start":{"line":56,"column":10},"end":{"line":75,"column":12}},{"start":{"line":77,"column":10},"end":{"line":92,"column":12}}],"line":55},"8":{"loc":{"start":{"line":69,"column":14},"end":{"line":69,"column":74}},"type":"cond-expr","locations":[{"start":{"line":69,"column":40},"end":{"line":69,"column":63}},{"start":{"line":69,"column":66},"end":{"line":69,"column":74}}],"line":69},"9":{"loc":{"start":{"line":87,"column":14},"end":{"line":87,"column":74}},"type":"cond-expr","locations":[{"start":{"line":87,"column":40},"end":{"line":87,"column":63}},{"start":{"line":87,"column":66},"end":{"line":87,"column":74}}],"line":87}},"s":{"0":280,"1":280,"2":2,"3":0,"4":2,"5":2,"6":0,"7":280,"8":14,"9":14},"f":{"0":280,"1":2,"2":0,"3":0},"b":{"0":[280,279],"1":[0,2],"2":[0,2],"3":[280,277],"4":[280,3],"5":[3,277],"6":[280,277,278],"7":[1,2],"8":[0,1],"9":[0,2]},"_coverageSchema":"1a1c01bbd47fc00a2c39e90264f33305004495a9","hash":"3cc69a677aa5e8c3f7ad3249d90a1e7704795ffc"}
,"/home/runner/work/Alpha-Site/Alpha-Site/components/molecules/OptionalTextField.stories.js": {"path":"/home/runner/work/Alpha-Site/Alpha-Site/components/molecules/OptionalTextField.stories.js","statementMap":{"0":{"start":{"line":9,"column":6},"end":{"line":13,"column":12}},"1":{"start":{"line":18,"column":17},"end":{"line":18,"column":58}},"2":{"start":{"line":18,"column":27},"end":{"line":18,"column":58}},"3":{"start":{"line":20,"column":24},"end":{"line":20,"column":41}},"4":{"start":{"line":21,"column":0},"end":{"line":30,"column":2}},"5":{"start":{"line":32,"column":22},"end":{"line":32,"column":39}},"6":{"start":{"line":33,"column":0},"end":{"line":43,"column":2}},"7":{"start":{"line":45,"column":21},"end":{"line":45,"column":38}},"8":{"start":{"line":46,"column":0},"end":{"line":57,"column":2}},"9":{"start":{"line":59,"column":28},"end":{"line":59,"column":45}},"10":{"start":{"line":60,"column":0},"end":{"line":70,"column":2}},"11":{"start":{"line":72,"column":25},"end":{"line":72,"column":42}},"12":{"start":{"line":73,"column":0},"end":{"line":85,"column":2}}},"fnMap":{"0":{"name":"(anonymous_0)","decl":{"start":{"line":8,"column":4},"end":{"line":8,"column":5}},"loc":{"start":{"line":9,"column":6},"end":{"line":13,"column":12}},"line":9},"1":{"name":"(anonymous_1)","decl":{"start":{"line":18,"column":17},"end":{"line":18,"column":18}},"loc":{"start":{"line":18,"column":27},"end":{"line":18,"column":58}},"line":18}},"branchMap":{},"s":{"0":0,"1":1,"2":3,"3":1,"4":1,"5":1,"6":1,"7":1,"8":1,"9":1,"10":1,"11":1,"12":1},"f":{"0":0,"1":3},"b":{},"_coverageSchema":"1a1c01bbd47fc00a2c39e90264f33305004495a9","hash":"cd656f71836bd6e0eb30af8c4d5ebeba2b125155"}
,"/home/runner/work/Alpha-Site/Alpha-Site/components/molecules/Quote.js": {"path":"/home/runner/work/Alpha-Site/Alpha-Site/components/molecules/Quote.js","statementMap":{"0":{"start":{"line":7,"column":2},"end":{"line":18,"column":4}},"1":{"start":{"line":21,"column":0},"end":{"line":36,"column":2}}},"fnMap":{"0":{"name":"Quote","decl":{"start":{"line":6,"column":16},"end":{"line":6,"column":21}},"loc":{"start":{"line":6,"column":29},"end":{"line":19,"column":1}},"line":6}},"branchMap":{},"s":{"0":2,"1":1},"f":{"0":2},"b":{},"_coverageSchema":"1a1c01bbd47fc00a2c39e90264f33305004495a9","hash":"61c1fc8e90dcbf619bd3fe60e9758f0f0bcd06d3"}
,"/home/runner/work/Alpha-Site/Alpha-Site/components/molecules/Quote.stories.js": {"path":"/home/runner/work/Alpha-Site/Alpha-Site/components/molecules/Quote.stories.js","statementMap":{"0":{"start":{"line":9,"column":17},"end":{"line":9,"column":52}},"1":{"start":{"line":9,"column":27},"end":{"line":9,"column":52}},"2":{"start":{"line":11,"column":23},"end":{"line":11,"column":40}},"3":{"start":{"line":13,"column":0},"end":{"line":16,"column":2}}},"fnMap":{"0":{"name":"(anonymous_0)","decl":{"start":{"line":9,"column":17},"end":{"line":9,"column":18}},"loc":{"start":{"line":9,"column":27},"end":{"line":9,"column":52}},"line":9}},"branchMap":{},"s":{"0":1,"1":2,"2":1,"3":1},"f":{"0":2},"b":{},"_coverageSchema":"1a1c01bbd47fc00a2c39e90264f33305004495a9","hash":"b9db34aa7362446802615e49db3ede0a6a90e438"}
,"/home/runner/work/Alpha-Site/Alpha-Site/components/molecules/TextButtonField.js": {"path":"/home/runner/work/Alpha-Site/Alpha-Site/components/molecules/TextButtonField.js","statementMap":{"0":{"start":{"line":10,"column":2},"end":{"line":13,"column":38}},"1":{"start":{"line":11,"column":4},"end":{"line":13,"column":38}},"2":{"start":{"line":15,"column":2},"end":{"line":41,"column":4}},"3":{"start":{"line":44,"column":0},"end":{"line":98,"column":2}}},"fnMap":{"0":{"name":"TextButtonField","decl":{"start":{"line":7,"column":16},"end":{"line":7,"column":31}},"loc":{"start":{"line":7,"column":39},"end":{"line":42,"column":1}},"line":7}},"branchMap":{"0":{"loc":{"start":{"line":10,"column":2},"end":{"line":13,"column":38}},"type":"if","locations":[{"start":{"line":10,"column":2},"end":{"line":13,"column":38}},{"start":{"line":10,"column":2},"end":{"line":13,"column":38}}],"line":10},"1":{"loc":{"start":{"line":11,"column":4},"end":{"line":13,"column":37}},"type":"cond-expr","locations":[{"start":{"line":12,"column":9},"end":{"line":12,"column":25}},{"start":{"line":13,"column":9},"end":{"line":13,"column":36}}],"line":11},"2":{"loc":{"start":{"line":17,"column":7},"end":{"line":24,"column":7}},"type":"cond-expr","locations":[{"start":{"line":18,"column":8},"end":{"line":18,"column":63}},{"start":{"line":20,"column":8},"end":{"line":23,"column":10}}],"line":17},"3":{"loc":{"start":{"line":26,"column":7},"end":{"line":39,"column":7}},"type":"cond-expr","locations":[{"start":{"line":27,"column":8},"end":{"line":36,"column":10}},{"start":{"line":38,"column":8},"end":{"line":38,"column":10}}],"line":26}},"s":{"0":8,"1":6,"2":7,"3":2},"f":{"0":8},"b":{"0":[6,1],"1":[3,3],"2":[1,6],"3":[7,0]},"_coverageSchema":"1a1c01bbd47fc00a2c39e90264f33305004495a9","hash":"8d17c26354422815960209fb2dab3b4f775fb334"}
,"/home/runner/work/Alpha-Site/Alpha-Site/components/molecules/TextButtonField.stories.js": {"path":"/home/runner/work/Alpha-Site/Alpha-Site/components/molecules/TextButtonField.stories.js","statementMap":{"0":{"start":{"line":9,"column":17},"end":{"line":9,"column":72}},"1":{"start":{"line":9,"column":27},"end":{"line":9,"column":72}},"2":{"start":{"line":11,"column":23},"end":{"line":11,"column":40}},"3":{"start":{"line":12,"column":25},"end":{"line":12,"column":42}},"4":{"start":{"line":13,"column":24},"end":{"line":13,"column":41}},"5":{"start":{"line":14,"column":22},"end":{"line":14,"column":39}},"6":{"start":{"line":16,"column":0},"end":{"line":22,"column":2}},"7":{"start":{"line":24,"column":0},"end":{"line":29,"column":2}},"8":{"start":{"line":31,"column":0},"end":{"line":37,"column":2}},"9":{"start":{"line":39,"column":0},"end":{"line":45,"column":2}}},"fnMap":{"0":{"name":"(anonymous_0)","decl":{"start":{"line":9,"column":17},"end":{"line":9,"column":18}},"loc":{"start":{"line":9,"column":27},"end":{"line":9,"column":72}},"line":9}},"branchMap":{},"s":{"0":1,"1":6,"2":1,"3":1,"4":1,"5":1,"6":1,"7":1,"8":1,"9":1},"f":{"0":6},"b":{},"_coverageSchema":"1a1c01bbd47fc00a2c39e90264f33305004495a9","hash":"38c82d85afc8fde4f2fbe65d87b971438703493c"}
[...]
,"/home/runner/work/Alpha-Site/Alpha-Site/pages/thankyou.js": {"path":"/home/runner/work/Alpha-Site/Alpha-Site/pages/thankyou.js","statementMap":{"0":{"start":{"line":9,"column":16},"end":{"line":9,"column":40}},"1":{"start":{"line":10,"column":28},"end":{"line":10,"column":39}},"2":{"start":{"line":11,"column":22},"end":{"line":11,"column":37}},"3":{"start":{"line":12,"column":19},"end":{"line":12,"column":34}},"4":{"start":{"line":14,"column":2},"end":{"line":87,"column":4}},"5":{"start":{"line":90,"column":30},"end":{"line":97,"column":1}},"6":{"start":{"line":91,"column":2},"end":{"line":96,"column":4}}},"fnMap":{"0":{"name":"Confirmation","decl":{"start":{"line":8,"column":24},"end":{"line":8,"column":36}},"loc":{"start":{"line":8,"column":44},"end":{"line":88,"column":1}},"line":8},"1":{"name":"(anonymous_1)","decl":{"start":{"line":90,"column":30},"end":{"line":90,"column":31}},"loc":{"start":{"line":90,"column":52},"end":{"line":97,"column":1}},"line":90}},"branchMap":{"0":{"loc":{"start":{"line":12,"column":19},"end":{"line":12,"column":34}},"type":"binary-expr","locations":[{"start":{"line":12,"column":19},"end":{"line":12,"column":28}},{"start":{"line":12,"column":32},"end":{"line":12,"column":34}}],"line":12},"1":{"loc":{"start":{"line":21,"column":9},"end":{"line":25,"column":9}},"type":"cond-expr","locations":[{"start":{"line":22,"column":10},"end":{"line":22,"column":70}},{"start":{"line":24,"column":10},"end":{"line":24,"column":12}}],"line":21},"2":{"loc":{"start":{"line":31,"column":19},"end":{"line":31,"column":56}},"type":"cond-expr","locations":[{"start":{"line":31,"column":43},"end":{"line":31,"column":48}},{"start":{"line":31,"column":51},"end":{"line":31,"column":56}}],"line":31},"3":{"loc":{"start":{"line":66,"column":15},"end":{"line":68,"column":46}},"type":"cond-expr","locations":[{"start":{"line":67,"column":18},"end":{"line":67,"column":37}},{"start":{"line":68,"column":18},"end":{"line":68,"column":46}}],"line":66},"4":{"loc":{"start":{"line":71,"column":15},"end":{"line":73,"column":48}},"type":"cond-expr","locations":[{"start":{"line":72,"column":18},"end":{"line":72,"column":37}},{"start":{"line":73,"column":18},"end":{"line":73,"column":48}}],"line":71},"5":{"loc":{"start":{"line":75,"column":13},"end":{"line":81,"column":13}},"type":"cond-expr","locations":[{"start":{"line":76,"column":14},"end":{"line":78,"column":18}},{"start":{"line":80,"column":14},"end":{"line":80,"column":16}}],"line":75}},"s":{"0":1,"1":1,"2":1,"3":1,"4":1,"5":1,"6":0},"f":{"0":1,"1":0},"b":{"0":[1,1],"1":[0,1],"2":[0,1],"3":[0,1],"4":[0,1],"5":[0,1]},"_coverageSchema":"1a1c01bbd47fc00a2c39e90264f33305004495a9","hash":"2e789679c1c306fa1289800be0fb1c871360f16e"}
,"/home/runner/work/Alpha-Site/Alpha-Site/pages/api/report-a-problem.js": {"path":"/home/runner/work/Alpha-Site/Alpha-Site/pages/api/report-a-problem.js","statementMap":{"0":{"start":{"line":8,"column":2},"end":{"line":60,"column":3}},"1":{"start":{"line":10,"column":4},"end":{"line":56,"column":5}},"2":{"start":{"line":14,"column":6},"end":{"line":14,"column":32}},"3":{"start":{"line":16,"column":6},"end":{"line":55,"column":7}},"4":{"start":{"line":17,"column":31},"end":{"line":44,"column":9}},"5":{"start":{"line":46,"column":8},"end":{"line":51,"column":9}},"6":{"start":{"line":47,"column":10},"end":{"line":47,"column":36}},"7":{"start":{"line":49,"column":10},"end":{"line":49,"column":43}},"8":{"start":{"line":50,"column":10},"end":{"line":50,"column":39}},"9":{"start":{"line":53,"column":8},"end":{"line":53,"column":25}},"10":{"start":{"line":54,"column":8},"end":{"line":54,"column":37}},"11":{"start":{"line":58,"column":4},"end":{"line":58,"column":37}},"12":{"start":{"line":59,"column":4},"end":{"line":59,"column":60}}},"fnMap":{"0":{"name":"handler","decl":{"start":{"line":7,"column":15},"end":{"line":7,"column":22}},"loc":{"start":{"line":7,"column":33},"end":{"line":61,"column":1}},"line":7}},"branchMap":{"0":{"loc":{"start":{"line":8,"column":2},"end":{"line":60,"column":3}},"type":"if","locations":[{"start":{"line":8,"column":2},"end":{"line":60,"column":3}},{"start":{"line":8,"column":2},"end":{"line":60,"column":3}}],"line":8},"1":{"loc":{"start":{"line":10,"column":4},"end":{"line":56,"column":5}},"type":"if","locations":[{"start":{"line":10,"column":4},"end":{"line":56,"column":5}},{"start":{"line":10,"column":4},"end":{"line":56,"column":5}}],"line":10},"2":{"loc":{"start":{"line":11,"column":6},"end":{"line":12,"column":43}},"type":"binary-expr","locations":[{"start":{"line":11,"column":6},"end":{"line":11,"column":39}},{"start":{"line":12,"column":6},"end":{"line":12,"column":43}}],"line":11},"3":{"loc":{"start":{"line":20,"column":23},"end":{"line":20,"column":55}},"type":"binary-expr","locations":[{"start":{"line":20,"column":23},"end":{"line":20,"column":42}},{"start":{"line":20,"column":46},"end":{"line":20,"column":55}}],"line":20},"4":{"loc":{"start":{"line":46,"column":8},"end":{"line":51,"column":9}},"type":"if","locations":[{"start":{"line":46,"column":8},"end":{"line":51,"column":9}},{"start":{"line":46,"column":8},"end":{"line":51,"column":9}}],"line":46}},"s":{"0":5,"1":5,"2":2,"3":3,"4":3,"5":2,"6":1,"7":1,"8":1,"9":1,"10":1,"11":0,"12":0},"f":{"0":5},"b":{"0":[5,0],"1":[2,3],"2":[5,4],"3":[3,0],"4":[1,1]},"_coverageSchema":"1a1c01bbd47fc00a2c39e90264f33305004495a9","hash":"6dff72e0cffc7ea159c8c3f5b5ba833d690902c0"}
,"/home/runner/work/Alpha-Site/Alpha-Site/pages/api/sign-up.js": {"path":"/home/runner/work/Alpha-Site/Alpha-Site/pages/api/sign-up.js","statementMap":{"0":{"start":{"line":9,"column":2},"end":{"line":11,"column":3}},"1":{"start":{"line":10,"column":4},"end":{"line":10,"column":46}},"2":{"start":{"line":14,"column":2},"end":{"line":92,"column":3}},"3":{"start":{"line":15,"column":15},"end":{"line":15,"column":23}},"4":{"start":{"line":16,"column":17},"end":{"line":19,"column":5}},"5":{"start":{"line":28,"column":4},"end":{"line":45,"column":5}},"6":{"start":{"line":29,"column":22},"end":{"line":29,"column":33}},"7":{"start":{"line":30,"column":6},"end":{"line":30,"column":34}},"8":{"start":{"line":31,"column":6},"end":{"line":31,"column":29}},"9":{"start":{"line":32,"column":6},"end":{"line":32,"column":73}},"10":{"start":{"line":33,"column":6},"end":{"line":33,"column":45}},"11":{"start":{"line":35,"column":6},"end":{"line":40,"column":7}},"12":{"start":{"line":36,"column":8},"end":{"line":39,"column":11}},"13":{"start":{"line":41,"column":6},"end":{"line":44,"column":9}},"14":{"start":{"line":48,"column":4},"end":{"line":86,"column":5}},"15":{"start":{"line":50,"column":8},"end":{"line":50,"column":69}},"16":{"start":{"line":51,"column":23},"end":{"line":51,"column":65}},"17":{"start":{"line":52,"column":29},"end":{"line":64,"column":7}},"18":{"start":{"line":67,"column":6},"end":{"line":77,"column":7}},"19":{"start":{"line":68,"column":8},"end":{"line":70,"column":11}},"20":{"start":{"line":71,"column":8},"end":{"line":76,"column":11}},"21":{"start":{"line":79,"column":6},"end":{"line":81,"column":9}},"22":{"start":{"line":82,"column":6},"end":{"line":85,"column":9}},"23":{"start":{"line":88,"column":4},"end":{"line":88,"column":40}},"24":{"start":{"line":90,"column":4},"end":{"line":90,"column":37}},"25":{"start":{"line":91,"column":4},"end":{"line":91,"column":60}},"26":{"start":{"line":95,"column":15},"end":{"line":98,"column":2}}},"fnMap":{"0":{"name":"handler","decl":{"start":{"line":7,"column":15},"end":{"line":7,"column":22}},"loc":{"start":{"line":7,"column":33},"end":{"line":93,"column":1}},"line":7}},"branchMap":{"0":{"loc":{"start":{"line":9,"column":2},"end":{"line":11,"column":3}},"type":"if","locations":[{"start":{"line":9,"column":2},"end":{"line":11,"column":3}},{"start":{"line":9,"column":2},"end":{"line":11,"column":3}}],"line":9},"1":{"loc":{"start":{"line":14,"column":2},"end":{"line":92,"column":3}},"type":"if","locations":[{"start":{"line":14,"column":2},"end":{"line":92,"column":3}},{"start":{"line":14,"column":2},"end":{"line":92,"column":3}}],"line":14},"2":{"loc":{"start":{"line":35,"column":6},"end":{"line":40,"column":7}},"type":"if","locations":[{"start":{"line":35,"column":6},"end":{"line":40,"column":7}},{"start":{"line":35,"column":6},"end":{"line":40,"column":7}}],"line":35},"3":{"loc":{"start":{"line":58,"column":8},"end":{"line":60,"column":55}},"type":"cond-expr","locations":[{"start":{"line":59,"column":12},"end":{"line":59,"column":54}},{"start":{"line":60,"column":12},"end":{"line":60,"column":55}}],"line":58},"4":{"loc":{"start":{"line":67,"column":6},"end":{"line":77,"column":7}},"type":"if","locations":[{"start":{"line":67,"column":6},"end":{"line":77,"column":7}},{"start":{"line":67,"column":6},"end":{"line":77,"column":7}}],"line":67}},"s":{"0":6,"1":1,"2":5,"3":5,"4":5,"5":5,"6":5,"7":5,"8":5,"9":5,"10":4,"11":1,"12":1,"13":0,"14":4,"15":4,"16":4,"17":4,"18":2,"19":0,"20":0,"21":2,"22":2,"23":2,"24":0,"25":0,"26":1},"f":{"0":6},"b":{"0":[1,5],"1":[5,0],"2":[1,0],"3":[1,3],"4":[0,2]},"_coverageSchema":"1a1c01bbd47fc00a2c39e90264f33305004495a9","hash":"eab4e644c09dc9ca4f22994e285cc4d9349d273f"}
,"/home/runner/work/Alpha-Site/Alpha-Site/pages/api/unsubscribe.js": {"path":"/home/runner/work/Alpha-Site/Alpha-Site/pages/api/unsubscribe.js","statementMap":{"0":{"start":{"line":7,"column":2},"end":{"line":90,"column":3}},"1":{"start":{"line":8,"column":15},"end":{"line":8,"column":23}},"2":{"start":{"line":10,"column":19},"end":{"line":10,"column":37}},"3":{"start":{"line":11,"column":4},"end":{"line":61,"column":5}},"4":{"start":{"line":12,"column":6},"end":{"line":21,"column":7}},"5":{"start":{"line":13,"column":21},"end":{"line":16,"column":9}},"6":{"start":{"line":17,"column":8},"end":{"line":17,"column":60}},"7":{"start":{"line":19,"column":8},"end":{"line":19,"column":49}},"8":{"start":{"line":20,"column":8},"end":{"line":20,"column":38}},"9":{"start":{"line":23,"column":6},"end":{"line":60,"column":7}},"10":{"start":{"line":25,"column":8},"end":{"line":58,"column":9}},"11":{"start":{"line":27,"column":12},"end":{"line":28,"column":74}},"12":{"start":{"line":29,"column":33},"end":{"line":40,"column":11}},"13":{"start":{"line":43,"column":10},"end":{"line":51,"column":11}},"14":{"start":{"line":44,"column":12},"end":{"line":44,"column":80}},"15":{"start":{"line":45,"column":12},"end":{"line":50,"column":15}},"16":{"start":{"line":53,"column":10},"end":{"line":53,"column":52}},"17":{"start":{"line":54,"column":10},"end":{"line":57,"column":13}},"18":{"start":{"line":59,"column":8},"end":{"line":59,"column":66}},"19":{"start":{"line":62,"column":4},"end":{"line":62,"column":48}},"20":{"start":{"line":63,"column":9},"end":{"line":90,"column":3}},"21":{"start":{"line":64,"column":15},"end":{"line":64,"column":33}},"22":{"start":{"line":65,"column":17},"end":{"line":65,"column":37}},"23":{"start":{"line":68,"column":4},"end":{"line":89,"column":5}},"24":{"start":{"line":69,"column":6},"end":{"line":88,"column":7}},"25":{"start":{"line":70,"column":21},"end":{"line":73,"column":9}},"26":{"start":{"line":74,"column":8},"end":{"line":74,"column":58}},"27":{"start":{"line":77,"column":8},"end":{"line":84,"column":9}},"28":{"start":{"line":78,"column":10},"end":{"line":80,"column":12}},"29":{"start":{"line":83,"column":10},"end":{"line":83,"column":40}},"30":{"start":{"line":86,"column":8},"end":{"line":86,"column":49}},"31":{"start":{"line":87,"column":8},"end":{"line":87,"column":38}},"32":{"start":{"line":92,"column":2},"end":{"line":92,"column":42}},"33":{"start":{"line":93,"column":2},"end":{"line":93,"column":58}}},"fnMap":{"0":{"name":"handler","decl":{"start":{"line":6,"column":30},"end":{"line":6,"column":37}},"loc":{"start":{"line":6,"column":48},"end":{"line":94,"column":1}},"line":6}},"branchMap":{"0":{"loc":{"start":{"line":7,"column":2},"end":{"line":90,"column":3}},"type":"if","locations":[{"start":{"line":7,"column":2},"end":{"line":90,"column":3}},{"start":{"line":7,"column":2},"end":{"line":90,"column":3}}],"line":7},"1":{"loc":{"start":{"line":11,"column":4},"end":{"line":61,"column":5}},"type":"if","locations":[{"start":{"line":11,"column":4},"end":{"line":61,"column":5}},{"start":{"line":11,"column":4},"end":{"line":61,"column":5}}],"line":11},"2":{"loc":{"start":{"line":23,"column":6},"end":{"line":60,"column":7}},"type":"if","locations":[{"start":{"line":23,"column":6},"end":{"line":60,"column":7}},{"start":{"line":23,"column":6},"end":{"line":60,"column":7}}],"line":23},"3":{"loc":{"start":{"line":34,"column":12},"end":{"line":36,"column":64}},"type":"cond-expr","locations":[{"start":{"line":35,"column":16},"end":{"line":35,"column":63}},{"start":{"line":36,"column":16},"end":{"line":36,"column":64}}],"line":34},"4":{"loc":{"start":{"line":43,"column":10},"end":{"line":51,"column":11}},"type":"if","locations":[{"start":{"line":43,"column":10},"end":{"line":51,"column":11}},{"start":{"line":43,"column":10},"end":{"line":51,"column":11}}],"line":43},"5":{"loc":{"start":{"line":63,"column":9},"end":{"line":90,"column":3}},"type":"if","locations":[{"start":{"line":63,"column":9},"end":{"line":90,"column":3}},{"start":{"line":63,"column":9},"end":{"line":90,"column":3}}],"line":63},"6":{"loc":{"start":{"line":64,"column":15},"end":{"line":64,"column":33}},"type":"binary-expr","locations":[{"start":{"line":64,"column":15},"end":{"line":64,"column":27}},{"start":{"line":64,"column":31},"end":{"line":64,"column":33}}],"line":64},"7":{"loc":{"start":{"line":65,"column":17},"end":{"line":65,"column":37}},"type":"binary-expr","locations":[{"start":{"line":65,"column":17},"end":{"line":65,"column":31}},{"start":{"line":65,"column":35},"end":{"line":65,"column":37}}],"line":65},"8":{"loc":{"start":{"line":68,"column":4},"end":{"line":89,"column":5}},"type":"if","locations":[{"start":{"line":68,"column":4},"end":{"line":89,"column":5}},{"start":{"line":68,"column":4},"end":{"line":89,"column":5}}],"line":68},"9":{"loc":{"start":{"line":77,"column":8},"end":{"line":84,"column":9}},"type":"if","locations":[{"start":{"line":77,"column":8},"end":{"line":84,"column":9}},{"start":{"line":77,"column":8},"end":{"line":84,"column":9}}],"line":77},"10":{"loc":{"start":{"line":79,"column":15},"end":{"line":79,"column":41}},"type":"cond-expr","locations":[{"start":{"line":79,"column":31},"end":{"line":79,"column":36}},{"start":{"line":79,"column":39},"end":{"line":79,"column":41}}],"line":79}},"s":{"0":2,"1":1,"2":1,"3":1,"4":1,"5":1,"6":1,"7":0,"8":0,"9":1,"10":1,"11":1,"12":1,"13":1,"14":0,"15":0,"16":0,"17":0,"18":1,"19":0,"20":1,"21":1,"22":1,"23":1,"24":1,"25":1,"26":1,"27":1,"28":1,"29":0,"30":0,"31":0,"32":0,"33":0},"f":{"0":2},"b":{"0":[1,1],"1":[1,0],"2":[1,0],"3":[0,1],"4":[0,1],"5":[1,0],"6":[1,0],"7":[1,1],"8":[1,0],"9":[1,0],"10":[0,1]},"_coverageSchema":"1a1c01bbd47fc00a2c39e90264f33305004495a9","hash":"a429d5e3d6ece592589705ed7d7395724825ec13"}
,"/home/runner/work/Alpha-Site/Alpha-Site/pages/api/validate.js": {"path":"/home/runner/work/Alpha-Site/Alpha-Site/pages/api/validate.js","statementMap":{"0":{"start":{"line":11,"column":13},"end":{"line":11,"column":31}},"1":{"start":{"line":12,"column":15},"end":{"line":12,"column":35}},"2":{"start":{"line":15,"column":21},"end":{"line":15,"column":61}},"3":{"start":{"line":16,"column":23},"end":{"line":16,"column":68}},"4":{"start":{"line":20,"column":2},"end":{"line":57,"column":3}},"5":{"start":{"line":22,"column":4},"end":{"line":28,"column":5}},"6":{"start":{"line":23,"column":6},"end":{"line":23,"column":33}},"7":{"start":{"line":24,"column":6},"end":{"line":24,"column":37}},"8":{"start":{"line":25,"column":6},"end":{"line":27,"column":8}},"9":{"start":{"line":29,"column":17},"end":{"line":32,"column":5}},"10":{"start":{"line":33,"column":4},"end":{"line":56,"column":5}},"11":{"start":{"line":34,"column":6},"end":{"line":34,"column":52}},"12":{"start":{"line":37,"column":6},"end":{"line":43,"column":7}},"13":{"start":{"line":38,"column":8},"end":{"line":38,"column":37}},"14":{"start":{"line":39,"column":8},"end":{"line":39,"column":39}},"15":{"start":{"line":40,"column":8},"end":{"line":42,"column":10}},"16":{"start":{"line":46,"column":25},"end":{"line":46,"column":51}},"17":{"start":{"line":47,"column":6},"end":{"line":52,"column":7}},"18":{"start":{"line":48,"column":8},"end":{"line":50,"column":9}},"19":{"start":{"line":49,"column":10},"end":{"line":49,"column":55}},"20":{"start":{"line":51,"column":8},"end":{"line":51,"column":42}},"21":{"start":{"line":54,"column":6},"end":{"line":54,"column":21}},"22":{"start":{"line":55,"column":6},"end":{"line":55,"column":34}},"23":{"start":{"line":59,"column":2},"end":{"line":59,"column":30}}},"fnMap":{"0":{"name":"handler","decl":{"start":{"line":4,"column":30},"end":{"line":4,"column":37}},"loc":{"start":{"line":4,"column":48},"end":{"line":60,"column":1}},"line":4}},"branchMap":{"0":{"loc":{"start":{"line":11,"column":13},"end":{"line":11,"column":31}},"type":"binary-expr","locations":[{"start":{"line":11,"column":13},"end":{"line":11,"column":25}},{"start":{"line":11,"column":29},"end":{"line":11,"column":31}}],"line":11},"1":{"loc":{"start":{"line":12,"column":15},"end":{"line":12,"column":35}},"type":"binary-expr","locations":[{"start":{"line":12,"column":15},"end":{"line":12,"column":29}},{"start":{"line":12,"column":33},"end":{"line":12,"column":35}}],"line":12},"2":{"loc":{"start":{"line":20,"column":2},"end":{"line":57,"column":3}},"type":"if","locations":[{"start":{"line":20,"column":2},"end":{"line":57,"column":3}},{"start":{"line":20,"column":2},"end":{"line":57,"column":3}}],"line":20},"3":{"loc":{"start":{"line":22,"column":4},"end":{"line":28,"column":5}},"type":"if","locations":[{"start":{"line":22,"column":4},"end":{"line":28,"column":5}},{"start":{"line":22,"column":4},"end":{"line":28,"column":5}}],"line":22},"4":{"loc":{"start":{"line":37,"column":6},"end":{"line":43,"column":7}},"type":"if","locations":[{"start":{"line":37,"column":6},"end":{"line":43,"column":7}},{"start":{"line":37,"column":6},"end":{"line":43,"column":7}}],"line":37},"5":{"loc":{"start":{"line":47,"column":6},"end":{"line":52,"column":7}},"type":"if","locations":[{"start":{"line":47,"column":6},"end":{"line":52,"column":7}},{"start":{"line":47,"column":6},"end":{"line":52,"column":7}}],"line":47},"6":{"loc":{"start":{"line":48,"column":8},"end":{"line":50,"column":9}},"type":"if","locations":[{"start":{"line":48,"column":8},"end":{"line":50,"column":9}},{"start":{"line":48,"column":8},"end":{"line":50,"column":9}}],"line":48}},"s":{"0":5,"1":5,"2":5,"3":5,"4":5,"5":4,"6":2,"7":2,"8":2,"9":2,"10":2,"11":2,"12":2,"13":1,"14":1,"15":1,"16":1,"17":1,"18":1,"19":0,"20":1,"21":0,"22":0,"23":1},"f":{"0":5},"b":{"0":[5,1],"1":[5,5],"2":[4,1],"3":[2,2],"4":[1,1],"5":[1,0],"6":[0,1]},"_coverageSchema":"1a1c01bbd47fc00a2c39e90264f33305004495a9","hash":"2f1096baeed22e7810481e29d3b1920e3bbead81"}
}
