TN:
SF:components/index.js
FNF:0
FNH:0
LF:0
LH:0
BRF:0
BRH:0
end_of_record
TN:
SF:components/atoms/ActionButton.js
FN:8,ActionButton
FN:22,(anonymous_1)
FN:25,(anonymous_2)
FNF:3
FNH:3
FNDA:103,ActionButton
FNDA:101,(anonymous_1)
FNDA:1,(anonymous_2)
DA:11,103
DA:13,103
DA:15,103
DA:17,103
DA:19,103
DA:22,103
DA:23,101
DA:24,101
DA:25,99
DA:26,1
DA:27,1
DA:28,1
DA:34,101
DA:117,25
LF:14
LH:14
BRDA:24,0,0,99
BRDA:24,0,1,2
BRDA:26,1,0,1
BRDA:26,1,1,0
BRDA:26,2,0,1
BRDA:26,2,1,0
BRDA:34,3,0,28
BRDA:34,3,1,73
BRDA:37,4,0,6
BRDA:37,4,1,22
BRDA:40,5,0,9
BRDA:40,5,1,19
BRDA:40,6,0,28
BRDA:40,6,1,27
BRDA:40,6,2,27
BRDA:40,6,3,27
BRDA:47,7,0,1
BRDA:47,7,1,27
BRDA:47,8,0,28
BRDA:47,8,1,1
BRDA:48,9,0,0
BRDA:48,9,1,28
BRDA:48,10,0,28
BRDA:48,10,1,0
BRDA:49,11,0,18
BRDA:49,11,1,10
BRDA:49,12,0,28
BRDA:49,12,1,18
BRDA:50,13,0,0
BRDA:50,13,1,28
BRDA:54,14,0,28
BRDA:54,14,1,14
BRDA:61,15,0,0
BRDA:61,15,1,28
BRDA:61,16,0,28
BRDA:61,16,1,3
BRDA:66,17,0,3
BRDA:66,17,1,25
BRDA:66,18,0,28
BRDA:66,18,1,3
BRDA:73,19,0,1
BRDA:73,19,1,72
BRDA:74,20,0,12
BRDA:74,20,1,61
BRDA:77,21,0,43
BRDA:77,21,1,30
BRDA:77,22,0,73
BRDA:77,22,1,70
BRDA:77,22,2,69
BRDA:77,22,3,68
BRDA:81,23,0,2
BRDA:81,23,1,71
BRDA:81,24,0,73
BRDA:81,24,1,3
BRDA:82,25,0,1
BRDA:82,25,1,72
BRDA:82,26,0,73
BRDA:82,26,1,1
BRDA:83,27,0,25
BRDA:83,27,1,48
BRDA:83,28,0,73
BRDA:83,28,1,25
BRDA:84,29,0,2
BRDA:84,29,1,71
BRDA:89,30,0,73
BRDA:89,30,1,20
BRDA:92,31,0,38
BRDA:92,31,1,35
BRDA:94,32,0,0
BRDA:94,32,1,73
BRDA:94,33,0,73
BRDA:94,33,1,0
BRDA:97,34,0,6
BRDA:97,34,1,67
BRDA:97,35,0,73
BRDA:97,35,1,6
BRDA:110,36,0,0
BRDA:110,36,1,73
BRDA:110,37,0,73
BRDA:110,37,1,0
BRF:80
BRH:70
end_of_record
TN:
SF:components/atoms/ActionButton.stories.js
FN:8,(anonymous_0)
FNF:1
FNH:1
FNDA:7,(anonymous_0)
DA:8,7
DA:10,1
DA:11,1
DA:12,1
DA:13,1
DA:14,1
DA:16,1
DA:23,1
DA:31,1
DA:39,1
DA:46,1
LF:11
LH:11
BRF:0
BRH:0
end_of_record
TN:
SF:components/atoms/Banner.js
FN:8,(anonymous_0)
FNF:1
FNH:1
FNDA:4,(anonymous_0)
DA:8,13
DA:9,4
DA:28,13
LF:3
LH:3
BRF:0
BRH:0
end_of_record
TN:
SF:components/atoms/Banner.stories.js
FN:9,(anonymous_0)
FNF:1
FNH:1
FNDA:2,(anonymous_0)
DA:9,2
DA:11,1
DA:13,1
LF:3
LH:3
BRF:0
BRH:0
end_of_record
TN:
SF:components/atoms/Breadcrumb.js
FN:7,Breadcrumb
FN:20,(anonymous_1)
FNF:2
FNH:2
FNDA:20,Breadcrumb
FNDA:19,(anonymous_1)
DA:8,20
DA:21,19
DA:41,13
LF:3
LH:3
BRDA:19,0,0,12
BRDA:19,0,1,8
BRF:2
BRH:2
end_of_record
TN:
SF:components/atoms/Breadcrumb.stories.js
FN:8,(anonymous_0)
FNF:1
FNH:1
FNDA:3,(anonymous_0)
DA:8,3
DA:10,1
DA:11,1
DA:13,1
LF:4
LH:4
BRF:0
BRH:0
end_of_record
TN:
SF:components/atoms/CheckBox.js
FN:6,CheckBox
FN:24,(anonymous_1)
FNF:2
FNH:2
FNDA:216,CheckBox
FNDA:6,(anonymous_1)
DA:7,216
DA:12,216
DA:25,6
DA:54,18
DA:60,18
LF:5
LH:5
BRDA:7,0,0,13
BRDA:7,0,1,203
BRDA:15,1,0,198
BRDA:15,1,1,18
BRDA:26,2,0,4
BRDA:26,2,1,2
BRDA:32,3,0,0
BRDA:32,3,1,216
BRDA:39,4,0,0
BRDA:39,4,1,216
BRDA:43,5,0,1
BRDA:43,5,1,215
BRF:12
BRH:10
end_of_record
TN:
SF:components/atoms/CheckBox.stories.js
FN:8,(anonymous_0)
FN:18,(anonymous_1)
FNF:2
FNH:1
FNDA:0,(anonymous_0)
FNDA:4,(anonymous_1)
DA:9,0
DA:18,4
DA:20,1
DA:21,1
DA:29,1
DA:30,1
DA:39,1
DA:40,1
DA:49,1
DA:50,1
LF:10
LH:9
BRF:0
BRH:0
end_of_record
TN:
SF:components/atoms/DateModified.js
FN:4,DateModified
FNF:1
FNH:1
FNDA:20,DateModified
DA:5,20
DA:7,20
DA:8,20
DA:9,2
DA:10,2
DA:11,0
DA:14,20
DA:28,13
DA:32,13
LF:9
LH:8
BRDA:8,0,0,2
BRDA:8,0,1,18
BRDA:9,1,0,2
BRDA:9,1,1,0
BRDA:18,2,0,18
BRDA:18,2,1,2
BRF:6
BRH:5
end_of_record
TN:
SF:components/atoms/DateModified.stories.js
FN:8,(anonymous_0)
FNF:1
FNH:1
FNDA:3,(anonymous_0)
DA:8,3
DA:10,1
DA:12,1
LF:3
LH:3
BRF:0
BRH:0
end_of_record
TN:
SF:components/atoms/ErrorLabel.js
FN:6,ErrorLabel
FNF:1
FNH:1
FNDA:5,ErrorLabel
DA:7,5
DA:16,22
LF:2
LH:2
BRF:0
BRH:0
end_of_record
TN:
SF:components/atoms/ErrorLabel.stories.js
FN:9,(anonymous_0)
FNF:1
FNH:1
FNDA:2,(anonymous_0)
DA:9,2
DA:11,1
DA:12,1
LF:3
LH:3
BRF:0
BRH:0
end_of_record
TN:
SF:components/atoms/HTMList.js
FN:3,HTMList
FN:4,(anonymous_1)
FN:7,(anonymous_2)
FN:8,(anonymous_3)
FNF:4
FNH:4
FNDA:24,HTMList
FNDA:24,(anonymous_1)
FNDA:35,(anonymous_2)
FNDA:30,(anonymous_3)
DA:4,24
DA:5,24
DA:7,35
DA:9,30
DA:14,24
DA:21,5
LF:6
LH:6
BRDA:3,0,0,11
BRDA:14,1,0,12
BRDA:14,1,1,12
BRF:3
BRH:3
end_of_record
TN:
SF:components/atoms/MultiTextField.js
FN:8,MultiTextField
FN:41,(anonymous_1)
FNF:2
FNH:2
FNDA:4,MultiTextField
FNDA:1,(anonymous_1)
DA:9,4
DA:11,4
DA:41,1
DA:57,17
DA:62,17
LF:5
LH:5
BRDA:14,0,0,0
BRDA:14,0,1,4
BRDA:19,1,0,1
BRDA:19,1,1,3
BRDA:23,2,0,0
BRDA:23,2,1,4
BRDA:33,3,0,0
BRDA:33,3,1,4
BRDA:36,4,0,0
BRDA:36,4,1,4
BRF:10
BRH:6
end_of_record
TN:
SF:components/atoms/MultiTextField.stories.js
FN:8,(anonymous_0)
FN:18,(anonymous_1)
FNF:2
FNH:1
FNDA:0,(anonymous_0)
FNDA:2,(anonymous_1)
DA:9,0
DA:18,2
DA:20,1
DA:21,1
DA:29,1
DA:30,1
DA:39,1
DA:40,1
LF:8
LH:7
BRF:0
BRH:0
end_of_record
TN:
SF:components/atoms/RadioButton.js
FN:6,RadioButton
FN:22,(anonymous_1)
FN:25,(anonymous_2)
FNF:3
FNH:3
FNDA:16,RadioButton
FNDA:3,(anonymous_1)
FNDA:1,(anonymous_2)
DA:7,16
DA:14,16
DA:23,3
DA:26,1
DA:27,1
DA:28,1
DA:29,0
DA:31,1
DA:51,2
DA:55,2
LF:10
LH:9
BRDA:7,0,0,15
BRDA:7,0,1,1
BRDA:12,1,0,1
BRDA:12,1,1,1
BRDA:26,2,0,1
BRDA:26,2,1,0
BRDA:28,3,0,0
BRDA:28,3,1,1
BRDA:41,4,0,4
BRDA:41,4,1,12
BRDA:42,5,0,4
BRDA:42,5,1,12
BRF:12
BRH:10
end_of_record
TN:
SF:components/atoms/RadioButton.stories.js
FN:9,(anonymous_0)
FNF:1
FNH:1
FNDA:7,(anonymous_0)
DA:9,7
DA:11,1
DA:12,1
DA:20,1
DA:21,1
DA:30,1
DA:31,1
DA:40,1
DA:41,1
DA:50,1
DA:51,1
LF:11
LH:11
BRF:0
BRH:0
end_of_record
TN:
SF:components/atoms/RadioField.js
FN:6,RadioField
FN:24,(anonymous_1)
FN:42,(anonymous_2)
FNF:3
FNH:2
FNDA:34,RadioField
FNDA:1,(anonymous_1)
FNDA:0,(anonymous_2)
DA:7,34
DA:12,34
DA:25,1
DA:42,0
DA:50,18
DA:55,18
LF:6
LH:5
BRDA:7,0,0,34
BRDA:7,0,1,0
BRDA:15,1,0,0
BRDA:15,1,1,34
BRDA:26,2,0,0
BRDA:26,2,1,1
BRDA:32,3,0,0
BRDA:32,3,1,34
BRDA:39,4,0,0
BRDA:39,4,1,34
BRF:10
BRH:5
end_of_record
TN:
SF:components/atoms/RadioField.stories.js
FN:8,(anonymous_0)
FN:18,(anonymous_1)
FNF:2
FNH:1
FNDA:0,(anonymous_0)
FNDA:4,(anonymous_1)
DA:9,0
DA:18,4
DA:20,1
DA:21,1
DA:29,1
DA:30,1
DA:39,1
DA:40,1
LF:8
LH:7
BRF:0
BRH:0
end_of_record
TN:
SF:components/atoms/SearchBar.js
FN:6,SearchBar
FNF:1
FNH:1
FNDA:2,SearchBar
DA:7,2
DA:33,1
LF:2
LH:2
BRF:0
BRH:0
end_of_record
TN:
SF:components/atoms/SearchBar.stories.js
FN:8,(anonymous_0)
FNF:1
FNH:1
FNDA:2,(anonymous_0)
DA:8,2
DA:10,1
DA:12,1
LF:3
LH:3
BRF:0
BRH:0
end_of_record
TN:
SF:components/atoms/SelectField.js
FN:5,SelectField
FN:15,(anonymous_1)
FN:49,(anonymous_2)
FN:60,(anonymous_3)
FNF:4
FNH:3
FNDA:4,SelectField
FNDA:41,(anonymous_1)
FNDA:0,(anonymous_2)
FNDA:40,(anonymous_3)
DA:6,4
DA:8,4
DA:14,4
DA:15,3
DA:16,41
DA:17,41
DA:21,4
DA:49,0
DA:61,40
DA:84,2
DA:88,2
LF:11
LH:10
BRDA:8,0,0,2
BRDA:8,0,1,2
BRDA:14,1,0,3
BRDA:14,1,1,1
BRDA:24,2,0,2
BRDA:24,2,1,2
BRDA:29,3,0,2
BRDA:29,3,1,2
BRDA:33,4,0,1
BRDA:33,4,1,3
BRDA:40,5,0,0
BRDA:40,5,1,4
BRDA:43,6,0,0
BRDA:43,6,1,4
BRDA:48,7,0,0
BRDA:48,7,1,4
BRDA:67,8,0,1
BRDA:67,8,1,3
BRF:18
BRH:15
end_of_record
TN:
SF:components/atoms/SelectField.stories.js
FN:8,(anonymous_0)
FN:18,(anonymous_1)
FNF:2
FNH:1
FNDA:0,(anonymous_0)
FNDA:2,(anonymous_1)
DA:9,0
DA:18,2
DA:20,1
DA:21,1
LF:4
LH:3
BRF:0
BRH:0
end_of_record
TN:
SF:components/atoms/TextField.js
FN:8,TextField
FN:61,(anonymous_1)
FNF:2
FNH:2
FNDA:9,TextField
FNDA:2,(anonymous_1)
DA:9,9
DA:11,9
DA:16,9
DA:61,2
DA:71,17
DA:76,17
LF:6
LH:6
BRDA:11,0,0,6
BRDA:11,0,1,3
BRDA:19,1,0,3
BRDA:19,1,1,6
BRDA:24,2,0,4
BRDA:24,2,1,5
BRDA:28,3,0,3
BRDA:28,3,1,6
BRDA:35,4,0,2
BRDA:35,4,1,7
BRDA:46,5,0,0
BRDA:46,5,1,9
BRDA:49,6,0,0
BRDA:49,6,1,9
BRDA:50,7,0,1
BRDA:50,7,1,8
BRDA:60,8,0,0
BRDA:60,8,1,9
BRF:18
BRH:15
end_of_record
TN:
SF:components/atoms/TextField.stories.js
FN:8,(anonymous_0)
FN:18,(anonymous_1)
FNF:2
FNH:1
FNDA:0,(anonymous_0)
FNDA:4,(anonymous_1)
DA:9,0
DA:18,4
DA:20,1
DA:21,1
DA:29,1
DA:30,1
DA:39,1
DA:40,1
LF:8
LH:7
BRF:0
BRH:0
end_of_record
TN:
SF:components/molecules/CallToAction.js
FN:9,CallToAction
FNF:1
FNH:1
FNDA:7,CallToAction
DA:10,7
DA:11,7
DA:67,5
LF:3
LH:3
BRDA:15,0,0,1
BRDA:15,0,1,6
BRDA:21,1,0,2
BRDA:21,1,1,5
BRDA:34,2,0,1
BRDA:34,2,1,6
BRDA:42,3,0,1
BRDA:42,3,1,6
BRDA:46,4,0,1
BRDA:46,4,1,6
BRDA:51,5,0,1
BRDA:51,5,1,6
BRF:12
BRH:12
end_of_record
TN:
SF:components/molecules/CallToAction.stories.js
FN:9,(anonymous_0)
FNF:1
FNH:1
FNDA:3,(anonymous_0)
DA:9,3
DA:11,1
DA:12,1
DA:13,1
DA:20,1
LF:5
LH:5
BRF:0
BRH:0
end_of_record
TN:
SF:components/molecules/Card.js
FN:12,(anonymous_0)
FNF:1
FNH:1
FNDA:8,(anonymous_0)
DA:12,2
DA:13,8
DA:14,5
DA:20,5
DA:103,2
LF:5
LH:5
BRDA:23,0,0,1
BRDA:23,0,1,4
BRDA:25,1,0,5
BRDA:25,1,1,5
BRDA:37,2,0,1
BRDA:37,2,1,4
BRDA:50,3,0,1
BRDA:50,3,1,4
BRDA:57,4,0,0
BRDA:57,4,1,1
BRDA:70,5,0,1
BRDA:70,5,1,4
BRDA:73,6,0,1
BRDA:73,6,1,1
BRDA:75,7,0,1
BRDA:75,7,1,1
BRDA:83,8,0,1
BRDA:83,8,1,4
BRDA:88,9,0,4
BRDA:88,9,1,1
BRF:20
BRH:19
end_of_record
TN:
SF:components/molecules/Card.stories.js
FN:9,(anonymous_0)
FNF:1
FNH:1
FNDA:4,(anonymous_0)
DA:9,4
DA:11,1
DA:12,1
DA:14,1
DA:21,1
LF:5
LH:5
BRF:0
BRH:0
end_of_record
TN:
SF:components/molecules/CopyToClipboard.js
FN:5,CopyToClipboard
FN:20,(anonymous_1)
FNF:2
FNH:2
FNDA:4,CopyToClipboard
FNDA:1,(anonymous_1)
DA:6,4
DA:11,4
DA:20,1
DA:39,2
DA:44,2
LF:5
LH:5
BRDA:6,0,0,4
BRDA:6,0,1,0
BRF:2
BRH:1
end_of_record
TN:
SF:components/molecules/CopyToClipboard.stories.js
FN:9,(anonymous_0)
FNF:1
FNH:1
FNDA:2,(anonymous_0)
DA:9,2
DA:11,1
DA:13,1
LF:3
LH:3
BRF:0
BRH:0
end_of_record
TN:
SF:components/molecules/Details.js
FN:6,Details
FNF:1
FNH:1
FNDA:32,Details
DA:7,32
DA:19,16
LF:2
LH:2
BRF:0
BRH:0
end_of_record
TN:
SF:components/molecules/Details.stories.js
FN:9,(anonymous_0)
FNF:1
FNH:1
FNDA:2,(anonymous_0)
DA:9,2
DA:11,1
DA:12,1
LF:3
LH:3
BRF:0
BRH:0
end_of_record
TN:
SF:components/molecules/ErrorBox.js
FN:7,ErrorBox
FN:23,(anonymous_1)
FN:29,(anonymous_2)
FNF:3
FNH:3
FNDA:3,ErrorBox
FNDA:9,(anonymous_1)
FNDA:1,(anonymous_2)
DA:8,3
DA:24,9
DA:29,1
DA:43,2
DA:47,2
LF:5
LH:5
BRF:0
BRH:0
end_of_record
TN:
SF:components/molecules/ErrorBox.stories.js
FN:8,(anonymous_0)
FN:21,(anonymous_1)
FNF:2
FNH:1
FNDA:0,(anonymous_0)
FNDA:3,(anonymous_1)
DA:9,0
DA:21,3
DA:23,1
DA:25,1
LF:4
LH:3
BRF:0
BRH:0
end_of_record
TN:
SF:components/molecules/FeedbackWidget.js
FN:15,(anonymous_0)
FN:31,(anonymous_1)
FN:42,(anonymous_2)
FN:43,(anonymous_3)
FN:57,setFocusAfterSubmit
FN:71,(anonymous_5)
FN:176,(anonymous_6)
FN:201,(anonymous_7)
FN:272,(anonymous_8)
FN:273,(anonymous_9)
FNF:10
FNH:5
FNDA:26,(anonymous_0)
FNDA:24,(anonymous_1)
FNDA:1,(anonymous_2)
FNDA:1,(anonymous_3)
FNDA:0,setFocusAfterSubmit
FNDA:1,(anonymous_5)
FNDA:0,(anonymous_6)
FNDA:0,(anonymous_7)
FNDA:0,(anonymous_8)
FNDA:0,(anonymous_9)
DA:15,14
DA:21,26
DA:22,26
DA:23,26
DA:24,26
DA:25,26
DA:26,26
DA:27,26
DA:29,26
DA:31,26
DA:32,24
DA:33,19
DA:34,19
DA:39,26
DA:43,1
DA:44,1
DA:46,0
DA:47,0
DA:49,1
DA:50,1
DA:53,1
DA:58,0
DA:61,26
DA:62,26
DA:63,26
DA:71,26
DA:73,1
DA:75,1
DA:77,1
DA:79,1
DA:81,1
DA:88,1
DA:92,1
DA:94,1
DA:96,0
DA:105,0
DA:106,0
DA:107,0
DA:108,0
DA:110,0
DA:113,0
DA:114,0
DA:115,0
DA:117,1
DA:121,26
DA:176,0
DA:202,0
DA:203,0
DA:272,0
DA:274,0
DA:300,14
LF:51
LH:34
BRDA:32,0,0,19
BRDA:32,0,1,5
BRDA:44,1,0,0
BRDA:44,1,1,1
BRDA:94,2,0,0
BRDA:94,2,1,1
BRDA:105,3,0,0
BRDA:105,3,1,0
BRDA:105,4,0,0
BRDA:105,4,1,0
BRDA:123,5,0,6
BRDA:123,5,1,20
BRDA:138,6,0,0
BRDA:138,6,1,6
BRDA:140,7,0,0
BRDA:140,7,1,0
BRDA:143,8,0,0
BRDA:143,8,1,0
BRDA:151,9,0,0
BRDA:151,9,1,0
BRDA:256,10,0,1
BRDA:256,10,1,5
BRF:22
BRH:9
end_of_record
TN:
SF:components/molecules/FeedbackWidget.stories.js
FN:9,(anonymous_0)
FNF:1
FNH:1
FNDA:5,(anonymous_0)
DA:9,5
DA:11,1
DA:13,1
LF:3
LH:3
BRF:0
BRH:0
end_of_record
TN:
SF:components/molecules/Filter.js
FN:7,Filter
FN:19,(anonymous_1)
FNF:2
FNH:2
FNDA:3,Filter
FNDA:9,(anonymous_1)
DA:8,3
DA:20,9
DA:40,1
LF:3
LH:3
BRF:0
BRH:0
end_of_record
TN:
SF:components/molecules/Filter.stories.js
FN:9,(anonymous_0)
FNF:1
FNH:1
FNDA:3,(anonymous_0)
DA:9,3
DA:11,1
DA:13,1
LF:3
LH:3
BRF:0
BRH:0
end_of_record
TN:
SF:components/molecules/List.js
FN:6,List
FN:10,(anonymous_1)
FNF:2
FNH:2
FNDA:3,List
FNDA:12,(anonymous_1)
DA:7,3
DA:8,3
DA:12,12
DA:15,12
DA:16,12
DA:31,2
LF:6
LH:6
BRDA:15,0,0,9
BRDA:15,0,1,3
BRF:2
BRH:2
end_of_record
TN:
SF:components/molecules/List.stories.js
FN:9,(anonymous_0)
FNF:1
FNH:1
FNDA:2,(anonymous_0)
DA:9,2
DA:11,1
DA:13,1
LF:3
LH:3
BRF:0
BRH:0
end_of_record
TN:
SF:components/molecules/Menu.js
FN:9,Menu
FN:29,(anonymous_1)
FN:44,(anonymous_2)
FN:63,(anonymous_3)
FNF:4
FNH:3
FNDA:4,Menu
FNDA:1,(anonymous_1)
FNDA:0,(anonymous_2)
FNDA:12,(anonymous_3)
DA:11,4
DA:12,4
DA:13,4
DA:15,4
DA:29,1
DA:44,0
DA:64,12
DA:65,12
DA:67,12
DA:95,13
LF:10
LH:9
BRDA:46,0,0,1
BRDA:46,0,1,3
BRDA:59,1,0,1
BRDA:59,1,1,3
BRDA:72,2,0,0
BRDA:72,2,1,12
BRDA:77,3,0,0
BRDA:77,3,1,12
BRDA:78,4,0,0
BRDA:78,4,1,0
BRF:10
BRH:6
end_of_record
TN:
SF:components/molecules/Menu.stories.js
FN:9,(anonymous_0)
FNF:1
FNH:1
FNDA:3,(anonymous_0)
DA:9,3
DA:11,1
DA:13,1
LF:3
LH:3
BRF:0
BRH:0
end_of_record
TN:
SF:components/molecules/OptionalListField.js
FN:9,OptionalListField
FN:11,(anonymous_1)
FN:22,(anonymous_2)
FNF:3
FNH:3
FNDA:6,OptionalListField
FNDA:1,(anonymous_1)
FNDA:31,(anonymous_2)
DA:10,6
DA:11,6
DA:12,1
DA:13,0
DA:15,1
DA:18,1
DA:19,0
DA:22,6
DA:23,31
DA:24,15
DA:26,16
DA:27,13
DA:29,3
DA:31,6
DA:79,2
DA:83,2
LF:16
LH:14
BRDA:10,0,0,6
BRDA:10,0,1,3
BRDA:12,1,0,0
BRDA:12,1,1,1
BRDA:18,2,0,0
BRDA:18,2,1,1
BRDA:23,3,0,15
BRDA:23,3,1,16
BRDA:26,4,0,13
BRDA:26,4,1,3
BRDA:33,5,0,4
BRDA:33,5,1,2
BRDA:60,6,0,4
BRDA:60,6,1,2
BRDA:60,7,0,6
BRDA:60,7,1,2
BRDA:60,7,2,5
BRDA:63,8,0,0
BRDA:63,8,1,4
BRF:19
BRH:16
end_of_record
TN:
SF:components/molecules/OptionalListField.stories.js
FN:10,(anonymous_0)
FN:20,(anonymous_1)
FNF:2
FNH:1
FNDA:0,(anonymous_0)
FNDA:4,(anonymous_1)
DA:11,0
DA:20,4
DA:22,1
DA:23,1
DA:48,1
DA:49,1
DA:76,1
DA:77,1
DA:104,1
DA:105,1
DA:133,1
DA:134,1
LF:12
LH:11
BRF:0
BRH:0
end_of_record
TN:
SF:components/molecules/OptionalTextField.js
FN:12,OptionalTextField
FN:16,(anonymous_1)
FN:76,(anonymous_2)
FN:94,(anonymous_3)
FNF:4
FNH:2
FNDA:204,OptionalTextField
FNDA:3,(anonymous_1)
FNDA:0,(anonymous_2)
FNDA:0,(anonymous_3)
DA:13,204
DA:14,204
DA:15,204
DA:16,204
DA:17,3
DA:18,0
DA:19,0
DA:21,3
DA:22,3
DA:25,3
DA:26,0
DA:29,204
DA:106,16
DA:110,16
LF:14
LH:11
BRDA:13,0,0,204
BRDA:13,0,1,203
BRDA:17,1,0,0
BRDA:17,1,1,3
BRDA:25,2,0,0
BRDA:25,2,1,3
BRDA:31,3,0,204
BRDA:31,3,1,201
BRDA:47,4,0,204
BRDA:47,4,1,3
BRDA:61,5,0,4
BRDA:61,5,1,200
BRDA:61,6,0,204
BRDA:61,6,1,201
BRDA:61,6,2,201
BRDA:62,7,0,2
BRDA:62,7,1,2
BRDA:76,8,0,0
BRDA:76,8,1,2
BRDA:94,9,0,0
BRDA:94,9,1,2
BRF:21
BRH:17
end_of_record
TN:
SF:components/molecules/OptionalTextField.stories.js
FN:8,(anonymous_0)
FN:18,(anonymous_1)
FNF:2
FNH:1
FNDA:0,(anonymous_0)
FNDA:3,(anonymous_1)
DA:9,0
DA:18,3
DA:20,1
DA:21,1
DA:32,1
DA:33,1
DA:45,1
DA:46,1
DA:59,1
DA:60,1
DA:72,1
DA:73,1
LF:12
LH:11
BRF:0
BRH:0
end_of_record
TN:
SF:components/molecules/Quote.js
FN:6,Quote
FNF:1
FNH:1
FNDA:2,Quote
DA:7,2
DA:21,1
LF:2
LH:2
BRF:0
BRH:0
end_of_record
TN:
SF:components/molecules/Quote.stories.js
FN:9,(anonymous_0)
FNF:1
FNH:1
FNDA:2,(anonymous_0)
DA:9,2
DA:11,1
DA:13,1
LF:3
LH:3
BRF:0
BRH:0
end_of_record
TN:
SF:components/molecules/TextButtonField.js
FN:7,TextButtonField
FNF:1
FNH:1
FNDA:7,TextButtonField
DA:10,7
DA:11,6
DA:15,7
DA:44,2
LF:4
LH:4
BRDA:10,0,0,6
BRDA:10,0,1,1
BRDA:11,1,0,3
BRDA:11,1,1,3
BRDA:17,2,0,1
BRDA:17,2,1,6
BRDA:26,3,0,7
BRDA:26,3,1,0
BRF:8
BRH:7
end_of_record
TN:
SF:components/molecules/TextButtonField.stories.js
FN:9,(anonymous_0)
FNF:1
FNH:1
FNDA:6,(anonymous_0)
DA:9,6
DA:11,1
DA:12,1
DA:13,1
DA:14,1
DA:16,1
DA:24,1
DA:31,1
DA:39,1
LF:9
LH:9
BRF:0
BRH:0
end_of_record
TN:
SF:components/organisms/Footer.js
FN:7,Footer
FN:21,(anonymous_1)
FN:47,(anonymous_2)
FNF:3
FNH:3
FNDA:18,Footer
FNDA:161,(anonymous_1)
FNDA:76,(anonymous_2)
DA:8,18
DA:22,161
DA:48,76
DA:82,13
LF:4
LH:4
BRDA:52,0,0,18
BRDA:52,0,1,58
BRF:2
BRH:2
end_of_record
TN:
SF:components/organisms/Footer.stories.js
FN:9,(anonymous_0)
FNF:1
FNH:1
FNDA:1,(anonymous_0)
DA:9,1
DA:11,1
DA:12,1
LF:3
LH:3
BRF:0
BRH:0
end_of_record
TN:
SF:components/organisms/Layout.js
FN:13,(anonymous_0)
FN:22,(anonymous_1)
FN:89,(anonymous_2)
FN:107,(anonymous_3)
FNF:4
FNH:3
FNDA:1,(anonymous_0)
FNDA:17,(anonymous_1)
FNDA:0,(anonymous_2)
FNDA:1,(anonymous_3)
DA:13,12
DA:14,1
DA:22,12
DA:34,17
DA:35,17
DA:36,17
DA:41,17
DA:89,0
DA:107,1
DA:205,12
LF:10
LH:9
BRDA:14,0,0,0
BRDA:14,0,1,1
BRDA:35,1,0,0
BRDA:35,1,1,17
BRDA:37,2,0,17
BRDA:37,2,1,0
BRDA:37,3,0,17
BRDA:37,3,1,17
BRDA:76,4,0,17
BRDA:76,4,1,0
BRDA:91,5,0,17
BRDA:91,5,1,0
BRDA:109,6,0,17
BRDA:109,6,1,0
BRDA:123,7,0,2
BRDA:123,7,1,15
BRDA:123,8,0,17
BRDA:123,8,1,2
BRF:18
BRH:12
end_of_record
TN:
SF:components/organisms/Layout.stories.js
FN:9,(anonymous_0)
FN:23,(anonymous_1)
FNF:2
FNH:2
FNDA:5,(anonymous_0)
FNDA:5,(anonymous_1)
DA:9,1
DA:10,5
DA:23,5
DA:25,1
DA:26,1
DA:28,1
DA:33,1
LF:7
LH:7
BRF:0
BRH:0
end_of_record
TN:
SF:components/organisms/PhaseBanner.js
FN:12,(anonymous_0)
FN:24,(anonymous_1)
FNF:2
FNH:2
FNDA:20,(anonymous_0)
FNDA:1,(anonymous_1)
DA:12,13
DA:20,20
DA:21,20
DA:22,20
DA:24,20
DA:25,1
DA:26,0
DA:28,1
DA:31,1
DA:34,20
DA:112,13
LF:11
LH:10
BRDA:25,0,0,0
BRDA:25,0,1,1
BRDA:40,1,0,3
BRDA:40,1,1,17
BRDA:49,2,0,3
BRDA:49,2,1,17
BRDA:68,3,0,3
BRDA:68,3,1,17
BRF:8
BRH:7
end_of_record
TN:
SF:components/organisms/PhaseBanner.stories.js
FN:9,(anonymous_0)
FNF:1
FNH:1
FNDA:2,(anonymous_0)
DA:9,2
DA:11,1
DA:12,1
DA:14,1
DA:19,1
LF:5
LH:5
BRF:0
BRH:0
end_of_record
TN:
SF:components/organisms/ReportAProblem.js
FN:14,ReportAProblem
FN:20,(anonymous_1)
FN:84,(anonymous_2)
FNF:3
FNH:2
FNDA:30,ReportAProblem
FNDA:3,(anonymous_1)
FNDA:0,(anonymous_2)
DA:15,30
DA:16,29
DA:18,29
DA:20,29
DA:22,3
DA:25,3
DA:26,3
DA:27,24
DA:28,21
DA:29,1
DA:35,3
DA:37,3
DA:40,3
DA:41,5
DA:42,5
DA:46,3
DA:47,3
DA:51,3
DA:52,0
DA:62,3
DA:73,3
DA:74,21
DA:78,3
DA:88,0
DA:91,3
DA:92,1
DA:95,3
DA:98,29
DA:370,15
LF:29
LH:27
BRDA:27,0,0,21
BRDA:27,0,1,3
BRDA:28,1,0,1
BRDA:28,1,1,20
BRDA:51,2,0,0
BRDA:51,2,1,3
BRDA:91,3,0,1
BRDA:91,3,1,2
BRDA:105,4,0,1
BRDA:105,4,1,28
BRDA:124,5,0,1
BRDA:124,5,1,28
BRDA:347,6,0,2
BRDA:347,6,1,26
BRF:14
BRH:13
end_of_record
TN:
SF:components/organisms/ReportAProblem.stories.js
FN:9,(anonymous_0)
FNF:1
FNH:1
FNDA:6,(anonymous_0)
DA:9,6
DA:11,1
LF:2
LH:2
BRF:0
BRH:0
end_of_record
TN:
SF:components/organisms/VirtualConcierge.js
FN:8,(anonymous_0)
FNF:1
FNH:1
FNDA:2,(anonymous_0)
DA:8,1
DA:9,2
DA:41,1
LF:3
LH:3
BRDA:24,0,0,0
BRDA:24,0,1,2
BRF:2
BRH:1
end_of_record
TN:
SF:components/organisms/VirtualConcierge.stories.js
FN:9,(anonymous_0)
FNF:1
FNH:1
FNDA:2,(anonymous_0)
DA:9,2
DA:11,1
DA:12,1
LF:3
LH:3
BRF:0
BRH:0
end_of_record
TN:
SF:lib/index.js
FNF:0
FNH:0
LF:0
LH:0
BRF:0
BRH:0
end_of_record
TN:
SF:lib/mongodb/connect.js
FN:20,connectToDatabase
FN:33,(anonymous_1)
FN:62,closeConnection
FNF:3
FNH:3
FNDA:19,connectToDatabase
FNDA:9,(anonymous_1)
FNDA:8,closeConnection
DA:8,10
DA:10,10
DA:11,10
DA:22,19
DA:23,10
DA:27,9
DA:28,9
DA:33,9
DA:35,9
DA:37,9
DA:47,9
DA:48,9
DA:59,9
DA:63,8
DA:64,8
DA:65,0
DA:66,0
DA:67,0
LF:18
LH:15
BRDA:10,0,0,10
BRDA:10,0,1,0
BRDA:22,1,0,10
BRDA:22,1,1,9
BRDA:27,2,0,9
BRDA:27,2,1,0
BRDA:56,3,0,9
BRDA:56,3,1,0
BRDA:63,4,0,8
BRDA:63,4,1,0
BRF:10
BRH:6
end_of_record
TN:
SF:lib/notify/submitEmail.js
FN:3,(anonymous_0)
FN:32,(anonymous_1)
FNF:2
FNH:1
FNDA:1,(anonymous_0)
FNDA:0,(anonymous_1)
DA:3,6
DA:11,1
DA:29,1
DA:32,6
DA:42,0
DA:64,0
LF:6
LH:4
BRF:0
BRH:0
end_of_record
TN:
SF:lib/users/createUser.js
FN:11,createUser
FNF:1
FNH:1
FNDA:9,createUser
DA:12,9
LF:1
LH:1
BRDA:11,0,0,0
BRF:1
BRH:0
end_of_record
TN:
SF:lib/users/getUser.js
FN:9,getUserByCUID
FN:21,getUserByEmail
FN:31,getVerifiedUsers
FNF:3
FNH:3
FNDA:2,getUserByCUID
FNDA:2,getUserByEmail
FNDA:2,getVerifiedUsers
DA:11,2
DA:12,2
DA:22,2
DA:23,2
DA:32,2
DA:33,2
LF:6
LH:6
BRF:0
BRH:0
end_of_record
TN:
SF:lib/users/unsubscribeUser.js
FN:9,unsubscribeUser
FNF:1
FNH:1
FNDA:2,unsubscribeUser
DA:10,2
LF:1
LH:1
BRF:0
BRH:0
end_of_record
TN:
SF:lib/users/verifyUser.js
FN:9,verifyUser
FNF:1
FNH:1
FNDA:5,verifyUser
DA:10,5
LF:1
LH:1
BRF:0
BRH:0
end_of_record
TN:
SF:lib/utils/maskEmail.js
FN:2,maskEmail
FNF:1
FNH:1
FNDA:1,maskEmail
DA:3,1
DA:4,1
DA:6,1
DA:7,14
DA:8,1
DA:9,13
DA:10,10
DA:11,10
DA:13,3
DA:14,3
DA:18,1
LF:11
LH:11
BRDA:7,0,0,1
BRDA:7,0,1,13
BRDA:9,1,0,10
BRDA:9,1,1,3
BRDA:9,2,0,13
BRDA:9,2,1,12
BRDA:9,2,2,11
BRF:7
BRH:7
end_of_record
TN:
SF:lib/utils/stripFeedback.js
FN:1,stripFeedback
FNF:1
FNH:1
FNDA:7,stripFeedback
DA:3,7
DA:9,7
DA:15,7
DA:21,7
DA:25,7
DA:30,7
LF:6
LH:6
BRF:0
BRH:0
end_of_record
TN:
SF:middlewares/initMiddleware.js
FN:3,initMiddleware
FN:4,(anonymous_1)
FN:5,(anonymous_2)
FN:6,(anonymous_3)
FNF:4
FNH:4
FNDA:1,initMiddleware
FNDA:5,(anonymous_1)
FNDA:5,(anonymous_2)
FNDA:5,(anonymous_3)
DA:4,1
DA:5,5
DA:6,5
DA:7,5
DA:8,0
DA:10,5
LF:6
LH:5
BRDA:7,0,0,0
BRDA:7,0,1,5
BRF:2
BRH:1
end_of_record
TN:
SF:middlewares/joi.js
FN:11,validate
FN:12,(anonymous_1)
FN:19,(anonymous_2)
FNF:3
FNH:3
FNDA:7,validate
FNDA:13,(anonymous_1)
FNDA:8,(anonymous_2)
DA:12,7
DA:13,13
DA:14,13
DA:15,13
DA:16,9
DA:18,4
DA:19,4
DA:20,8
DA:22,4
LF:9
LH:9
BRDA:11,0,0,0
BRDA:15,1,0,9
BRDA:15,1,1,4
BRF:3
BRH:2
end_of_record
TN:
SF:pages/404.js
FN:12,error404
FN:18,(anonymous_1)
FN:232,(anonymous_2)
FN:234,(anonymous_3)
FNF:4
FNH:2
FNDA:2,error404
FNDA:1,(anonymous_1)
FNDA:0,(anonymous_2)
FNDA:0,(anonymous_3)
DA:13,2
DA:14,2
DA:15,2
DA:16,2
DA:18,2
DA:19,1
DA:20,0
DA:21,0
DA:25,1
DA:26,0
DA:28,1
DA:33,2
DA:34,1
DA:37,1
DA:232,1
DA:234,0
DA:235,0
DA:238,0
DA:240,0
LF:19
LH:12
BRDA:19,0,0,0
BRDA:19,0,1,1
BRDA:20,1,0,0
BRDA:20,1,1,0
BRDA:25,2,0,0
BRDA:25,2,1,1
BRDA:33,3,0,1
BRDA:33,3,1,1
BRDA:41,4,0,0
BRDA:41,4,1,1
BRDA:64,5,0,0
BRDA:64,5,1,1
BRDA:223,6,0,0
BRDA:223,6,1,1
BRDA:240,7,0,0
BRDA:240,7,1,0
BRF:16
BRH:7
end_of_record
TN:
SF:pages/500.js
FN:12,error500
FN:18,(anonymous_1)
FN:265,(anonymous_2)
FN:267,(anonymous_3)
FNF:4
FNH:2
FNDA:2,error500
FNDA:1,(anonymous_1)
FNDA:0,(anonymous_2)
FNDA:0,(anonymous_3)
DA:13,2
DA:14,2
DA:15,2
DA:16,2
DA:18,2
DA:19,1
DA:20,0
DA:21,0
DA:25,1
DA:26,0
DA:28,1
DA:33,2
DA:34,1
DA:37,1
DA:265,1
DA:267,0
DA:268,0
DA:271,0
DA:273,0
LF:19
LH:12
BRDA:19,0,0,0
BRDA:19,0,1,1
BRDA:20,1,0,0
BRDA:20,1,1,0
BRDA:25,2,0,0
BRDA:25,2,1,1
BRDA:33,3,0,1
BRDA:33,3,1,1
BRDA:41,4,0,0
BRDA:41,4,1,1
BRDA:75,5,0,0
BRDA:75,5,1,1
BRDA:256,6,0,0
BRDA:256,6,1,1
BRDA:273,7,0,0
BRDA:273,7,1,0
BRF:16
BRH:7
end_of_record
TN:
SF:pages/_app.js
FN:12,MyApp
FNF:1
FNH:0
FNDA:0,MyApp
DA:8,0
DA:9,0
DA:13,0
LF:3
LH:0
BRDA:8,0,0,0
BRDA:8,0,1,0
BRF:2
BRH:0
end_of_record
TN:
SF:pages/about.js
FN:9,About
FN:12,(anonymous_1)
FN:173,(anonymous_2)
FNF:3
FNH:2
FNDA:1,About
FNDA:1,(anonymous_1)
FNDA:0,(anonymous_2)
DA:10,1
DA:12,1
DA:13,1
DA:14,0
DA:15,0
DA:19,1
DA:173,1
DA:174,0
LF:8
LH:5
BRDA:13,0,0,0
BRDA:13,0,1,1
BRDA:14,1,0,0
BRDA:14,1,1,0
BRDA:29,2,0,0
BRDA:29,2,1,1
BRDA:50,3,0,0
BRDA:50,3,1,1
BRDA:164,4,0,0
BRDA:164,4,1,1
BRF:10
BRH:4
end_of_record
TN:
SF:pages/blog.js
FN:12,Blog
FN:16,(anonymous_1)
FN:119,(anonymous_2)
FN:141,(anonymous_3)
FNF:4
FNH:0
FNDA:0,Blog
FNDA:0,(anonymous_1)
FNDA:0,(anonymous_2)
FNDA:0,(anonymous_3)
DA:13,0
DA:14,0
DA:16,0
DA:17,0
DA:18,0
DA:19,0
DA:23,0
DA:120,0
DA:141,0
DA:142,0
DA:143,0
DA:144,0
LF:12
LH:0
BRDA:17,0,0,0
BRDA:17,0,1,0
BRDA:18,1,0,0
BRDA:18,1,1,0
BRDA:32,2,0,0
BRDA:32,2,1,0
BRDA:53,3,0,0
BRDA:53,3,1,0
BRDA:132,4,0,0
BRDA:132,4,1,0
BRF:10
BRH:0
end_of_record
TN:
SF:pages/confirmation.js
FN:9,Confirmation
FN:14,(anonymous_1)
FN:207,(anonymous_2)
FNF:3
FNH:2
FNDA:1,Confirmation
FNDA:1,(anonymous_1)
FNDA:0,(anonymous_2)
DA:10,1
DA:11,1
DA:12,1
DA:14,1
DA:15,1
DA:16,0
DA:17,0
DA:21,1
DA:207,1
DA:208,0
LF:10
LH:7
BRDA:12,0,0,1
BRDA:12,0,1,1
BRDA:15,1,0,0
BRDA:15,1,1,1
BRDA:16,2,0,0
BRDA:16,2,1,0
BRDA:31,3,0,0
BRDA:31,3,1,1
BRDA:38,4,0,0
BRDA:38,4,1,1
BRDA:45,5,0,0
BRDA:45,5,1,1
BRDA:58,6,0,0
BRDA:58,6,1,1
BRDA:65,7,0,0
BRDA:65,7,1,1
BRDA:71,8,0,0
BRDA:71,8,1,1
BRDA:105,9,0,0
BRDA:105,9,1,1
BRDA:113,10,0,0
BRDA:113,10,1,1
BRDA:134,11,0,0
BRDA:134,11,1,1
BRDA:143,12,0,0
BRDA:143,12,1,1
BRDA:157,13,0,0
BRDA:157,13,1,1
BRDA:169,14,0,0
BRDA:169,14,1,1
BRDA:198,15,0,0
BRDA:198,15,1,1
BRF:32
BRH:16
end_of_record
TN:
SF:pages/error.js
FN:12,ErrorPage
FN:27,(anonymous_1)
FN:435,(anonymous_2)
FN:437,(anonymous_3)
FNF:4
FNH:0
FNDA:0,ErrorPage
FNDA:0,(anonymous_1)
FNDA:0,(anonymous_2)
FNDA:0,(anonymous_3)
DA:13,0
DA:14,0
DA:15,0
DA:17,0
DA:19,0
DA:21,0
DA:23,0
DA:25,0
DA:27,0
DA:28,0
DA:29,0
DA:30,0
DA:34,0
DA:435,0
DA:437,0
DA:438,0
DA:441,0
DA:443,0
LF:18
LH:0
BRDA:17,0,0,0
BRDA:17,0,1,0
BRDA:19,1,0,0
BRDA:19,1,1,0
BRDA:21,2,0,0
BRDA:21,2,1,0
BRDA:23,3,0,0
BRDA:23,3,1,0
BRDA:25,4,0,0
BRDA:25,4,1,0
BRDA:28,5,0,0
BRDA:28,5,1,0
BRDA:29,6,0,0
BRDA:29,6,1,0
BRDA:38,7,0,0
BRDA:38,7,1,0
BRDA:54,8,0,0
BRDA:54,8,1,0
BRDA:76,9,0,0
BRDA:76,9,1,0
BRDA:137,10,0,0
BRDA:137,10,1,0
BRDA:161,11,0,0
BRDA:161,11,1,0
BRDA:186,12,0,0
BRDA:186,12,1,0
BRDA:203,13,0,0
BRDA:203,13,1,0
BRDA:237,14,0,0
BRDA:237,14,1,0
BRDA:305,15,0,0
BRDA:305,15,1,0
BRDA:322,16,0,0
BRDA:322,16,1,0
BRDA:356,17,0,0
BRDA:356,17,1,0
BRDA:426,18,0,0
BRDA:426,18,1,0
BRDA:443,19,0,0
BRDA:443,19,1,0
BRF:40
BRH:0
end_of_record
TN:
SF:pages/home.js
FN:12,Home
FN:16,(anonymous_1)
FN:261,(anonymous_2)
FN:263,(anonymous_3)
FNF:4
FNH:2
FNDA:2,Home
FNDA:1,(anonymous_1)
FNDA:0,(anonymous_2)
FNDA:0,(anonymous_3)
DA:13,2
DA:14,1
DA:16,1
DA:17,1
DA:18,0
DA:19,0
DA:23,1
DA:261,1
DA:263,0
DA:264,0
DA:267,0
DA:268,0
LF:12
LH:6
BRDA:17,0,0,0
BRDA:17,0,1,1
BRDA:18,1,0,0
BRDA:18,1,1,0
BRDA:31,2,0,0
BRDA:31,2,1,1
BRDA:52,3,0,0
BRDA:52,3,1,1
BRDA:121,4,0,0
BRDA:121,4,1,1
BRDA:126,5,0,0
BRDA:126,5,1,1
BRDA:131,6,0,0
BRDA:131,6,1,1
BRDA:138,7,0,0
BRDA:138,7,1,1
BRDA:147,8,0,0
BRDA:147,8,1,1
BRDA:152,9,0,0
BRDA:152,9,1,1
BRDA:167,10,0,0
BRDA:167,10,1,1
BRDA:172,11,0,0
BRDA:172,11,1,1
BRDA:185,12,0,0
BRDA:185,12,1,1
BRDA:190,13,0,0
BRDA:190,13,1,1
BRDA:195,14,0,0
BRDA:195,14,1,1
BRDA:200,15,0,0
BRDA:200,15,1,1
BRDA:205,16,0,0
BRDA:205,16,1,1
BRDA:210,17,0,0
BRDA:210,17,1,1
BRDA:218,18,0,0
BRDA:218,18,1,1
BRDA:223,19,0,0
BRDA:223,19,1,1
BRDA:228,20,0,0
BRDA:228,20,1,1
BRDA:233,21,0,0
BRDA:233,21,1,1
BRDA:238,22,0,0
BRDA:238,22,1,1
BRDA:243,23,0,0
BRDA:243,23,1,1
BRDA:252,24,0,0
BRDA:252,24,1,1
BRF:50
BRH:24
end_of_record
TN:
SF:pages/index.js
FN:9,Index
FN:12,(anonymous_1)
FN:18,(anonymous_2)
FN:199,(anonymous_3)
FNF:4
FNH:2
FNDA:1,Index
FNDA:0,(anonymous_1)
FNDA:1,(anonymous_2)
FNDA:0,(anonymous_3)
DA:10,1
DA:12,1
DA:13,0
DA:18,1
DA:19,1
DA:20,0
DA:21,0
DA:25,1
DA:199,1
LF:9
LH:6
BRDA:13,0,0,0
BRDA:13,0,1,0
BRDA:19,1,0,0
BRDA:19,1,1,1
BRDA:20,2,0,0
BRDA:20,2,1,0
BRDA:29,3,0,0
BRDA:29,3,1,1
BRDA:60,4,0,0
BRDA:60,4,1,1
BRDA:190,5,0,0
BRDA:190,5,1,1
BRF:12
BRH:4
end_of_record
TN:
SF:pages/notsupported.js
FN:11,notSupported
FN:17,(anonymous_1)
FN:24,onClickEn
FN:29,onClickFr
FN:421,(anonymous_4)
FN:423,(anonymous_5)
FNF:6
FNH:2
FNDA:1,notSupported
FNDA:1,(anonymous_1)
FNDA:0,onClickEn
FNDA:0,onClickFr
FNDA:0,(anonymous_4)
FNDA:0,(anonymous_5)
DA:12,1
DA:13,1
DA:14,1
DA:15,1
DA:17,1
DA:18,1
DA:19,0
DA:20,0
DA:25,0
DA:26,0
DA:30,0
DA:31,0
DA:33,1
DA:421,1
DA:423,0
DA:424,0
DA:427,0
DA:429,0
LF:18
LH:8
BRDA:18,0,0,0
BRDA:18,0,1,1
BRDA:19,1,0,0
BRDA:19,1,1,0
BRDA:37,2,0,0
BRDA:37,2,1,1
BRDA:80,3,0,0
BRDA:80,3,1,1
BRDA:247,4,0,0
BRDA:247,4,1,1
BRDA:248,5,0,0
BRDA:248,5,1,1
BRDA:323,6,0,0
BRDA:323,6,1,1
BRDA:325,7,0,0
BRDA:325,7,1,1
BRDA:412,8,0,0
BRDA:412,8,1,1
BRDA:429,9,0,0
BRDA:429,9,1,0
BRF:20
BRH:8
end_of_record
TN:
SF:pages/projects.js
FN:13,Projects
FN:25,(anonymous_1)
FN:33,(anonymous_2)
FN:40,(anonymous_3)
FN:45,(anonymous_4)
FN:210,(anonymous_5)
FN:240,(anonymous_6)
FN:242,(anonymous_7)
FN:245,(anonymous_8)
FN:254,(anonymous_9)
FNF:10
FNH:0
FNDA:0,Projects
FNDA:0,(anonymous_1)
FNDA:0,(anonymous_2)
FNDA:0,(anonymous_3)
FNDA:0,(anonymous_4)
FNDA:0,(anonymous_5)
FNDA:0,(anonymous_6)
FNDA:0,(anonymous_7)
FNDA:0,(anonymous_8)
FNDA:0,(anonymous_9)
DA:14,0
DA:15,0
DA:16,0
DA:17,0
DA:18,0
DA:22,0
DA:25,0
DA:26,0
DA:33,0
DA:34,0
DA:35,0
DA:36,0
DA:38,0
DA:39,0
DA:40,0
DA:45,0
DA:46,0
DA:47,0
DA:48,0
DA:52,0
DA:212,0
DA:240,0
DA:242,0
DA:243,0
DA:245,0
DA:246,0
DA:249,0
DA:250,0
DA:252,0
DA:255,0
DA:256,0
DA:262,0
DA:274,0
LF:33
LH:0
BRDA:34,0,0,0
BRDA:34,0,1,0
BRDA:46,1,0,0
BRDA:46,1,1,0
BRDA:47,2,0,0
BRDA:47,2,1,0
BRDA:57,3,0,0
BRDA:57,3,1,0
BRDA:64,4,0,0
BRDA:64,4,1,0
BRDA:89,5,0,0
BRDA:89,5,1,0
BRDA:157,6,0,0
BRDA:157,6,1,0
BRDA:162,7,0,0
BRDA:162,7,1,0
BRDA:168,8,0,0
BRDA:168,8,1,0
BRDA:181,9,0,0
BRDA:181,9,1,0
BRDA:191,10,0,0
BRDA:191,10,1,0
BRDA:196,11,0,0
BRDA:196,11,1,0
BRDA:231,12,0,0
BRDA:231,12,1,0
BRDA:255,13,0,0
BRDA:255,13,1,0
BRDA:274,14,0,0
BRDA:274,14,1,0
BRF:30
BRH:0
end_of_record
TN:
SF:pages/signup-info.js
FN:10,SignupInfo
FN:13,(anonymous_1)
FN:199,(anonymous_2)
FNF:3
FNH:2
FNDA:1,SignupInfo
FNDA:1,(anonymous_1)
FNDA:0,(anonymous_2)
DA:11,1
DA:13,1
DA:14,1
DA:15,0
DA:16,0
DA:20,1
DA:199,1
DA:200,0
LF:8
LH:5
BRDA:14,0,0,0
BRDA:14,0,1,1
BRDA:15,1,0,0
BRDA:15,1,1,0
BRDA:30,2,0,0
BRDA:30,2,1,1
BRDA:60,3,0,0
BRDA:60,3,1,1
BRF:8
BRH:3
end_of_record
TN:
SF:pages/thankyou.js
FN:11,Confirmation
FN:19,(anonymous_1)
FN:28,(anonymous_2)
FN:254,(anonymous_3)
FNF:4
FNH:2
FNDA:2,Confirmation
FNDA:1,(anonymous_1)
FNDA:0,(anonymous_2)
FNDA:0,(anonymous_3)
DA:12,2
DA:13,2
DA:14,2
DA:15,2
DA:16,2
DA:17,2
DA:19,2
DA:20,1
DA:21,0
DA:22,0
DA:24,1
DA:28,2
DA:30,0
DA:31,0
DA:39,0
DA:47,0
DA:48,0
DA:52,2
DA:254,1
DA:255,0
LF:20
LH:12
BRDA:15,0,0,2
BRDA:15,0,1,2
BRDA:20,1,0,0
BRDA:20,1,1,1
BRDA:21,2,0,0
BRDA:21,2,1,0
BRDA:30,3,0,0
BRDA:30,3,1,0
BRDA:47,4,0,0
BRDA:47,4,1,0
BRDA:47,5,0,0
BRDA:47,5,1,0
BRDA:62,6,0,0
BRDA:62,6,1,2
BRDA:73,7,0,0
BRDA:73,7,1,2
BRDA:89,8,0,0
BRDA:89,8,1,2
BRDA:95,9,0,0
BRDA:95,9,1,2
BRDA:133,10,0,0
BRDA:133,10,1,2
BRDA:159,11,0,0
BRDA:159,11,1,2
BRDA:191,12,0,0
BRDA:191,12,1,2
BRDA:196,13,0,0
BRDA:196,13,1,2
BRDA:200,14,0,0
BRDA:200,14,1,2
BRDA:213,15,0,0
BRDA:213,15,1,2
BRDA:220,16,0,2
BRDA:220,16,1,0
BRDA:222,17,0,0
BRDA:222,17,1,2
BRDA:224,18,0,0
BRDA:224,18,1,2
BRDA:245,19,0,0
BRDA:245,19,1,2
BRF:40
BRH:17
end_of_record
TN:
SF:pages/api/StrapiService.js
FN:2,(anonymous_0)
FN:13,(anonymous_1)
FNF:2
FNH:1
FNDA:5,(anonymous_0)
FNDA:0,(anonymous_1)
DA:3,5
DA:4,3
DA:7,3
DA:10,3
DA:14,0
DA:17,0
DA:18,0
DA:22,0
DA:25,0
DA:26,0
DA:29,0
DA:30,0
DA:33,0
LF:13
LH:4
BRDA:3,0,0,2
BRDA:3,0,1,3
BRDA:4,1,0,1
BRDA:4,1,1,2
BRDA:14,2,0,0
BRDA:14,2,1,0
BRDA:17,3,0,0
BRDA:17,3,1,0
BRDA:25,4,0,0
BRDA:25,4,1,0
BRDA:26,5,0,0
BRDA:26,5,1,0
BRDA:29,6,0,0
BRDA:29,6,1,0
BRF:14
BRH:4
end_of_record
TN:
SF:pages/api/StrapiServiceInstance.js
FNF:0
FNH:0
DA:3,0
LF:1
LH:0
BRF:0
BRH:0
end_of_record
TN:
SF:pages/api/feedback.js
FN:15,handler
FN:64,enableMiddleware
FNF:2
FNH:2
FNDA:3,handler
FNDA:5,enableMiddleware
DA:8,1
DA:17,3
DA:18,2
DA:21,2
DA:22,2
DA:36,2
DA:37,1
DA:45,0
DA:51,1
DA:53,1
DA:54,1
DA:58,1
DA:65,5
DA:66,5
LF:14
LH:13
BRDA:17,0,0,2
BRDA:17,0,1,1
BRDA:36,1,0,1
BRDA:36,1,1,1
BRF:4
BRH:4
end_of_record
TN:
SF:pages/api/generate-csv.js
FN:6,handler
FN:51,(anonymous_1)
FNF:2
FNH:1
FNDA:2,handler
FNDA:0,(anonymous_1)
DA:7,2
DA:8,2
DA:10,1
DA:11,1
DA:15,1
DA:17,0
DA:18,0
DA:20,1
DA:21,1
DA:22,0
DA:23,0
DA:24,0
DA:36,0
DA:37,0
DA:38,0
DA:44,1
DA:46,1
DA:48,1
DA:51,1
DA:52,0
DA:53,0
LF:21
LH:11
BRDA:8,0,0,1
BRDA:8,0,1,1
BRDA:8,1,0,2
BRDA:8,1,1,1
BRDA:36,2,0,0
BRDA:36,2,1,0
BRF:6
BRH:4
end_of_record
TN:
SF:pages/api/report-a-problem.js
FN:7,handler
FNF:1
FNH:1
FNDA:5,handler
DA:8,5
DA:10,5
DA:14,2
DA:16,3
DA:17,3
DA:46,2
DA:47,1
DA:49,1
DA:50,1
DA:53,1
DA:54,1
DA:58,0
DA:59,0
LF:13
LH:11
BRDA:8,0,0,5
BRDA:8,0,1,0
BRDA:10,1,0,2
BRDA:10,1,1,3
BRDA:11,2,0,5
BRDA:11,2,1,4
BRDA:20,3,0,3
BRDA:20,3,1,0
BRDA:46,4,0,1
BRDA:46,4,1,1
BRF:10
BRH:8
end_of_record
TN:
SF:pages/api/revalidate.js
FN:3,handler
FN:11,(anonymous_1)
FNF:2
FNH:0
FNDA:0,handler
FNDA:0,(anonymous_1)
DA:1,0
DA:5,0
DA:6,0
DA:9,0
DA:10,0
DA:11,0
DA:13,0
DA:17,0
LF:8
LH:0
BRDA:5,0,0,0
BRDA:5,0,1,0
BRF:2
BRH:0
end_of_record
TN:
SF:pages/api/robots.js
FN:7,handler
FNF:1
FNH:1
FNDA:2,handler
DA:8,2
DA:9,1
DA:10,1
DA:11,1
DA:12,1
DA:13,1
DA:14,1
DA:16,1
DA:17,1
DA:19,2
LF:10
LH:10
BRDA:8,0,0,1
BRDA:8,0,1,1
BRF:2
BRH:2
end_of_record
TN:
SF:pages/api/sign-up.js
FN:7,handler
FN:108,convertYearOfBirth
FNF:2
FNH:2
FNDA:6,handler
FNDA:5,convertYearOfBirth
DA:9,6
DA:10,1
DA:14,5
DA:15,5
DA:16,5
DA:17,5
DA:29,5
DA:30,5
DA:31,5
DA:32,5
DA:33,5
DA:35,5
DA:36,4
DA:38,1
DA:39,1
DA:44,0
DA:51,4
DA:53,4
DA:54,4
DA:55,4
DA:70,2
DA:71,0
DA:74,0
DA:82,2
DA:85,2
DA:91,2
DA:93,0
DA:94,0
DA:98,1
DA:109,5
DA:110,5
DA:111,5
DA:112,20
DA:114,5
LF:34
LH:29
BRDA:9,0,0,1
BRDA:9,0,1,5
BRDA:14,1,0,5
BRDA:14,1,1,0
BRDA:38,2,0,1
BRDA:38,2,1,0
BRDA:61,3,0,1
BRDA:61,3,1,3
BRDA:70,4,0,0
BRDA:70,4,1,2
BRF:10
BRH:7
end_of_record
TN:
SF:pages/api/thank-you.js
FN:5,handler
FNF:1
FNH:0
FNDA:0,handler
DA:7,0
DA:8,0
DA:9,0
DA:19,0
DA:20,0
DA:21,0
DA:22,0
DA:23,0
DA:25,0
DA:26,0
DA:31,0
DA:38,0
DA:40,0
DA:41,0
DA:42,0
DA:57,0
DA:58,0
DA:61,0
DA:69,0
DA:72,0
DA:78,0
DA:80,0
DA:81,0
LF:23
LH:0
BRDA:7,0,0,0
BRDA:7,0,1,0
BRDA:25,1,0,0
BRDA:25,1,1,0
BRDA:48,2,0,0
BRDA:48,2,1,0
BRDA:57,3,0,0
BRDA:57,3,1,0
BRF:8
BRH:0
end_of_record
TN:
SF:pages/api/unsubscribe.js
FN:6,handler
FNF:1
FNH:1
FNDA:2,handler
DA:7,2
DA:8,1
DA:10,1
DA:11,1
DA:12,1
DA:13,1
DA:17,1
DA:19,0
DA:20,0
DA:23,1
DA:25,1
DA:27,1
DA:30,1
DA:31,1
DA:46,1
DA:47,0
DA:48,0
DA:56,0
DA:57,0
DA:62,1
DA:65,0
DA:66,1
DA:67,1
DA:68,1
DA:71,1
DA:72,1
DA:73,1
DA:77,1
DA:80,1
DA:81,1
DA:86,0
DA:89,0
DA:90,0
DA:95,0
DA:96,0
LF:35
LH:23
BRDA:7,0,0,1
BRDA:7,0,1,1
BRDA:11,1,0,1
BRDA:11,1,1,0
BRDA:23,2,0,1
BRDA:23,2,1,0
BRDA:30,3,0,0
BRDA:30,3,1,1
BRDA:37,4,0,0
BRDA:37,4,1,1
BRDA:46,5,0,0
BRDA:46,5,1,1
BRDA:66,6,0,1
BRDA:66,6,1,0
BRDA:67,7,0,1
BRDA:67,7,1,0
BRDA:68,8,0,1
BRDA:68,8,1,1
BRDA:71,9,0,1
BRDA:71,9,1,0
BRDA:80,10,0,1
BRDA:80,10,1,0
BRDA:82,11,0,0
BRDA:82,11,1,1
BRF:24
BRH:14
end_of_record
TN:
SF:pages/api/validate.js
FN:4,handler
FNF:1
FNH:1
FNDA:5,handler
DA:11,5
DA:12,5
DA:15,5
DA:16,5
DA:20,5
DA:22,4
DA:23,2
DA:24,2
DA:25,2
DA:29,2
DA:33,2
DA:34,2
DA:37,2
DA:38,1
DA:39,1
DA:40,1
DA:46,1
DA:47,1
DA:48,1
DA:49,0
DA:51,1
DA:54,0
DA:55,0
DA:59,1
LF:24
LH:21
BRDA:11,0,0,5
BRDA:11,0,1,1
BRDA:12,1,0,5
BRDA:12,1,1,5
BRDA:20,2,0,4
BRDA:20,2,1,1
BRDA:22,3,0,2
BRDA:22,3,1,2
BRDA:37,4,0,1
BRDA:37,4,1,1
BRDA:47,5,0,1
BRDA:47,5,1,0
BRDA:48,6,0,0
BRDA:48,6,1,1
BRF:14
BRH:12
end_of_record
TN:
SF:pages/projects/digital-centre.js
FN:11,ThumbnailWithCaption
FN:34,DigitalCenter
FN:42,(anonymous_2)
FN:46,(anonymous_3)
FN:361,(anonymous_4)
FN:374,(anonymous_5)
FNF:6
FNH:3
FNDA:8,ThumbnailWithCaption
FNDA:1,DigitalCenter
FNDA:0,(anonymous_2)
FNDA:1,(anonymous_3)
FNDA:0,(anonymous_4)
FNDA:0,(anonymous_5)
DA:17,8
DA:28,1
DA:35,1
DA:36,1
DA:38,1
DA:42,1
DA:43,0
DA:46,1
DA:47,1
DA:48,0
DA:49,0
DA:53,1
DA:361,0
DA:374,1
LF:14
LH:10
BRDA:12,0,0,0
BRDA:13,1,0,0
BRDA:14,2,0,0
BRDA:38,3,0,1
BRDA:38,3,1,0
BRDA:38,4,0,1
BRDA:38,4,1,1
BRDA:47,5,0,0
BRDA:47,5,1,1
BRDA:48,6,0,0
BRDA:48,6,1,0
BRDA:72,7,0,0
BRDA:72,7,1,1
BRDA:94,8,0,0
BRDA:94,8,1,1
BRDA:365,9,0,0
BRDA:365,9,1,1
BRF:17
BRH:7
end_of_record
TN:
SF:pages/projects/life-journeys.js
FN:10,LifeJourneys
FN:14,(anonymous_1)
FN:188,(anonymous_2)
FNF:3
FNH:2
FNDA:1,LifeJourneys
FNDA:1,(anonymous_1)
FNDA:0,(anonymous_2)
DA:11,1
DA:12,1
DA:14,1
DA:15,1
DA:16,0
DA:17,0
DA:21,1
DA:188,1
DA:189,0
LF:9
LH:6
BRDA:15,0,0,0
BRDA:15,0,1,1
BRDA:16,1,0,0
BRDA:16,1,1,0
BRDA:32,2,0,0
BRDA:32,2,1,1
BRDA:56,3,0,0
BRDA:56,3,1,1
BRDA:179,4,0,0
BRDA:179,4,1,1
BRF:10
BRH:4
end_of_record
TN:
SF:pages/projects/virtual-assistant/index.js
FN:12,Home
FN:16,(anonymous_1)
FN:179,(anonymous_2)
FNF:3
FNH:2
FNDA:1,Home
FNDA:1,(anonymous_1)
FNDA:0,(anonymous_2)
DA:13,1
DA:14,1
DA:16,1
DA:17,1
DA:18,0
DA:19,0
DA:23,1
DA:179,1
LF:8
LH:6
BRDA:14,0,0,0
BRDA:14,0,1,1
BRDA:17,1,0,0
BRDA:17,1,1,1
BRDA:18,2,0,0
BRDA:18,2,1,0
BRDA:34,3,0,0
BRDA:34,3,1,1
BRDA:58,4,0,0
BRDA:58,4,1,1
BRDA:128,5,0,1
BRDA:128,5,1,0
BRDA:170,6,0,0
BRDA:170,6,1,1
BRF:14
BRH:6
end_of_record
TN:
SF:pages/signup/privacy.js
FN:9,Privacy
FN:12,(anonymous_1)
FN:231,(anonymous_2)
FNF:3
FNH:2
FNDA:1,Privacy
FNDA:1,(anonymous_1)
FNDA:0,(anonymous_2)
DA:10,1
DA:12,1
DA:13,1
DA:14,0
DA:15,0
DA:19,1
DA:231,1
DA:232,0
LF:8
LH:5
BRDA:13,0,0,0
BRDA:13,0,1,1
BRDA:14,1,0,0
BRDA:14,1,1,0
BRDA:30,2,0,0
BRDA:30,2,1,1
BRDA:51,3,0,0
BRDA:51,3,1,1
BRDA:222,4,0,0
BRDA:222,4,1,1
BRF:10
BRH:4
end_of_record
